::1 - - [19/Jul/2019:00:35:41 +0000] "GET /api/vehicle/list?t=1563496541283&page=1&pageSize=10 HTTP/1.1" 200 1460 "http://localhost:8080/console/vehicle" "Mozilla/5.0 (Macintosh; Intel Mac OS X 10_14_5) AppleWebKit/537.36 (KHTML, like Gecko) Chrome/75.0.3770.100 Safari/537.36"
::1 - - [19/Jul/2019:00:35:44 +0000] "GET /api/vehicle/info/14?t=1563496544282 HTTP/1.1" 200 173 "http://localhost:8080/console/vehicle" "Mozilla/5.0 (Macintosh; Intel Mac OS X 10_14_5) AppleWebKit/537.36 (KHTML, like Gecko) Chrome/75.0.3770.100 Safari/537.36"
::1 - - [19/Jul/2019:01:27:35 +0000] "GET /api/city/list?t=1563499655429&page=1&pageSize=10 HTTP/1.1" 200 718 "http://localhost:8080/console/city/list" "Mozilla/5.0 (Macintosh; Intel Mac OS X 10_14_5) AppleWebKit/537.36 (KHTML, like Gecko) Chrome/75.0.3770.100 Safari/537.36"
::1 - - [19/Jul/2019:01:27:38 +0000] "GET /api/city/distance?t=1563499658634 HTTP/1.1" 200 39805 "http://localhost:8080/console/city/distance" "Mozilla/5.0 (Macintosh; Intel Mac OS X 10_14_5) AppleWebKit/537.36 (KHTML, like Gecko) Chrome/75.0.3770.100 Safari/537.36"
::1 - - [19/Jul/2019:01:54:42 +0000] "GET /api/city/distance?t=1563501282432 HTTP/1.1" 200 39805 "http://localhost:8080/console/city/distance" "Mozilla/5.0 (Macintosh; Intel Mac OS X 10_14_5) AppleWebKit/537.36 (KHTML, like Gecko) Chrome/75.0.3770.100 Safari/537.36"
::1 - - [19/Jul/2019:01:54:54 +0000] "GET /api/city/distance?t=1563501294957 HTTP/1.1" 200 39805 "http://localhost:8080/console/city/distance" "Mozilla/5.0 (Macintosh; Intel Mac OS X 10_14_5) AppleWebKit/537.36 (KHTML, like Gecko) Chrome/75.0.3770.100 Safari/537.36"
::1 - - [19/Jul/2019:01:55:04 +0000] "GET /api/city/distance?t=1563501304354 HTTP/1.1" 200 39805 "http://localhost:8080/console/city/distance" "Mozilla/5.0 (Macintosh; Intel Mac OS X 10_14_5) AppleWebKit/537.36 (KHTML, like Gecko) Chrome/75.0.3770.100 Safari/537.36"
::1 - - [19/Jul/2019:01:55:16 +0000] "GET /api/city/distance?t=1563501316136 HTTP/1.1" 200 39805 "http://localhost:8080/console/city/distance" "Mozilla/5.0 (Macintosh; Intel Mac OS X 10_14_5) AppleWebKit/537.36 (KHTML, like Gecko) Chrome/75.0.3770.100 Safari/537.36"
::1 - - [19/Jul/2019:06:31:16 +0000] "GET /api/schedule/test HTTP/1.1" 404 156 "-" "PostmanRuntime/7.15.0"
::1 - - [19/Jul/2019:06:31:48 +0000] "GET /api/schedule/test HTTP/1.1" 404 156 "-" "PostmanRuntime/7.15.0"
::1 - - [19/Jul/2019:06:32:58 +0000] "GET /api/schedule/test HTTP/1.1" 200 2005 "-" "PostmanRuntime/7.15.0"
::1 - - [19/Jul/2019:06:33:46 +0000] "GET /api/schedule/test HTTP/1.1" 200 39805 "-" "PostmanRuntime/7.15.0"
::1 - - [19/Jul/2019:06:34:37 +0000] "GET /api/schedule/test HTTP/1.1" 200 39006 "-" "PostmanRuntime/7.15.0"
::1 - - [19/Jul/2019:06:41:07 +0000] "GET /api/schedule/test HTTP/1.1" 200 34 "-" "PostmanRuntime/7.15.0"
::1 - - [19/Jul/2019:06:41:26 +0000] "GET /api/schedule/test HTTP/1.1" 200 34 "-" "PostmanRuntime/7.15.0"
::1 - - [19/Jul/2019:06:41:37 +0000] "GET /api/schedule/test HTTP/1.1" 200 34 "-" "PostmanRuntime/7.15.0"
::1 - - [19/Jul/2019:06:41:49 +0000] "GET /api/schedule/test HTTP/1.1" 200 34 "-" "PostmanRuntime/7.15.0"
::1 - - [19/Jul/2019:06:41:59 +0000] "GET /api/schedule/test HTTP/1.1" 200 39006 "-" "PostmanRuntime/7.15.0"
::1 - - [19/Jul/2019:06:49:29 +0000] "GET /api/schedule/test HTTP/1.1" 200 7106 "-" "PostmanRuntime/7.15.0"
::1 - - [19/Jul/2019:06:53:00 +0000] "GET /api/city/distance HTTP/1.1" 200 39805 "-" "PostmanRuntime/7.15.0"
::1 - - [19/Jul/2019:07:13:16 +0000] "GET /api/city/distance?t=1563520396245 HTTP/1.1" 200 39805 "http://localhost:8080/console/city/distance" "Mozilla/5.0 (Macintosh; Intel Mac OS X 10_14_5) AppleWebKit/537.36 (KHTML, like Gecko) Chrome/75.0.3770.100 Safari/537.36"
::1 - - [19/Jul/2019:07:16:15 +0000] "GET /api/city/distance?t=1563520575052 HTTP/1.1" 200 39805 "http://localhost:8080/console/city/distance" "Mozilla/5.0 (Macintosh; Intel Mac OS X 10_14_5) AppleWebKit/537.36 (KHTML, like Gecko) Chrome/75.0.3770.100 Safari/537.36"
::1 - - [19/Jul/2019:07:16:31 +0000] "GET /api/city/distance?t=1563520591515 HTTP/1.1" 200 39805 "http://localhost:8080/console/city/distance" "Mozilla/5.0 (Macintosh; Intel Mac OS X 10_14_5) AppleWebKit/537.36 (KHTML, like Gecko) Chrome/75.0.3770.100 Safari/537.36"
::1 - - [19/Jul/2019:07:16:40 +0000] "GET /api/city/distance?t=1563520600886 HTTP/1.1" 200 39805 "http://localhost:8080/console/city/distance" "Mozilla/5.0 (Macintosh; Intel Mac OS X 10_14_5) AppleWebKit/537.36 (KHTML, like Gecko) Chrome/75.0.3770.100 Safari/537.36"
::1 - - [19/Jul/2019:07:16:57 +0000] "GET /api/city/distance?t=1563520617339 HTTP/1.1" 200 39805 "http://localhost:8080/console/city/distance" "Mozilla/5.0 (Macintosh; Intel Mac OS X 10_14_5) AppleWebKit/537.36 (KHTML, like Gecko) Chrome/75.0.3770.100 Safari/537.36"
::1 - - [19/Jul/2019:07:17:05 +0000] "GET /api/city/distance?t=1563520625576 HTTP/1.1" 200 39805 "http://localhost:8080/console/city/distance" "Mozilla/5.0 (Macintosh; Intel Mac OS X 10_14_5) AppleWebKit/537.36 (KHTML, like Gecko) Chrome/75.0.3770.100 Safari/537.36"
::1 - - [19/Jul/2019:07:17:12 +0000] "GET /api/city/distance?t=1563520632410 HTTP/1.1" 200 39805 "http://localhost:8080/console/city/distance" "Mozilla/5.0 (Macintosh; Intel Mac OS X 10_14_5) AppleWebKit/537.36 (KHTML, like Gecko) Chrome/75.0.3770.100 Safari/537.36"
::1 - - [19/Jul/2019:07:17:18 +0000] "GET /api/city/distance?t=1563520638949 HTTP/1.1" 200 39805 "http://localhost:8080/console/city/distance" "Mozilla/5.0 (Macintosh; Intel Mac OS X 10_14_5) AppleWebKit/537.36 (KHTML, like Gecko) Chrome/75.0.3770.100 Safari/537.36"
::1 - - [19/Jul/2019:07:17:22 +0000] "GET /api/city/distance?t=1563520642560 HTTP/1.1" 200 39805 "http://localhost:8080/console/city/distance" "Mozilla/5.0 (Macintosh; Intel Mac OS X 10_14_5) AppleWebKit/537.36 (KHTML, like Gecko) Chrome/75.0.3770.100 Safari/537.36"
::1 - - [19/Jul/2019:07:17:50 +0000] "GET /api/city/distance?t=1563520670495 HTTP/1.1" 200 39805 "http://localhost:8080/console/city/distance" "Mozilla/5.0 (Macintosh; Intel Mac OS X 10_14_5) AppleWebKit/537.36 (KHTML, like Gecko) Chrome/75.0.3770.100 Safari/537.36"
::1 - - [19/Jul/2019:07:17:54 +0000] "GET /api/city/distance?t=1563520674572 HTTP/1.1" 200 39805 "http://localhost:8080/console/city/distance" "Mozilla/5.0 (Macintosh; Intel Mac OS X 10_14_5) AppleWebKit/537.36 (KHTML, like Gecko) Chrome/75.0.3770.100 Safari/537.36"
::1 - - [19/Jul/2019:07:18:08 +0000] "GET /api/city/distance?t=1563520688271 HTTP/1.1" 200 39805 "http://localhost:8080/console/city/distance" "Mozilla/5.0 (Macintosh; Intel Mac OS X 10_14_5) AppleWebKit/537.36 (KHTML, like Gecko) Chrome/75.0.3770.100 Safari/537.36"
::1 - - [19/Jul/2019:07:18:09 +0000] "GET /api/city/distance?t=1563520689317 HTTP/1.1" 200 39805 "http://localhost:8080/console/city/distance" "Mozilla/5.0 (Macintosh; Intel Mac OS X 10_14_5) AppleWebKit/537.36 (KHTML, like Gecko) Chrome/75.0.3770.100 Safari/537.36"
::1 - - [19/Jul/2019:07:18:18 +0000] "GET /api/city/distance?t=1563520698568 HTTP/1.1" 200 39805 "http://localhost:8080/console/city/distance" "Mozilla/5.0 (Macintosh; Intel Mac OS X 10_14_5) AppleWebKit/537.36 (KHTML, like Gecko) Chrome/75.0.3770.100 Safari/537.36"
::1 - - [19/Jul/2019:08:03:28 +0000] "GET /api/schedule/test HTTP/1.1" 200 34 "-" "PostmanRuntime/7.15.0"
::1 - - [19/Jul/2019:10:48:41 +0000] "GET /api/schedule/test HTTP/1.1" 200 34 "-" "PostmanRuntime/7.15.0"
::1 - - [19/Jul/2019:10:49:02 +0000] "GET /api/schedule/test HTTP/1.1" 200 34 "-" "PostmanRuntime/7.15.0"
::1 - - [19/Jul/2019:10:49:26 +0000] "GET /api/schedule/test HTTP/1.1" 200 34 "-" "PostmanRuntime/7.15.0"
::1 - - [19/Jul/2019:10:53:07 +0000] "GET /api/schedule/test HTTP/1.1" 200 34 "-" "PostmanRuntime/7.15.0"
::1 - - [19/Jul/2019:10:53:53 +0000] "GET /api/schedule/test HTTP/1.1" 200 34 "-" "PostmanRuntime/7.15.0"
::1 - - [19/Jul/2019:10:54:16 +0000] "GET /api/schedule/test HTTP/1.1" 200 34 "-" "PostmanRuntime/7.15.0"
::1 - - [19/Jul/2019:10:54:34 +0000] "GET /api/schedule/test HTTP/1.1" 200 34 "-" "PostmanRuntime/7.15.0"
::1 - - [19/Jul/2019:10:54:54 +0000] "GET /api/schedule/test HTTP/1.1" 200 79605 "-" "PostmanRuntime/7.15.0"
