::1 - - [14/Jul/2019:07:26:14 +0000] "GET /api/city/list?page=1&pageSize=10 HTTP/1.1" 200 146 "-" "PostmanRuntime/7.15.0"
::1 - - [14/Jul/2019:07:26:40 +0000] "GET /api/city/info/1 HTTP/1.1" 200 119 "-" "PostmanRuntime/7.15.0"
::1 - - [14/Jul/2019:07:33:15 +0000] "PUT /api/city/info HTTP/1.1" 200 43 "-" "PostmanRuntime/7.15.0"
::1 - - [14/Jul/2019:07:33:22 +0000] "POST /api/city/info HTTP/1.1" 200 43 "-" "PostmanRuntime/7.15.0"
::1 - - [14/Jul/2019:07:33:52 +0000] "PUT /api/city/info HTTP/1.1" 200 43 "-" "PostmanRuntime/7.15.0"
::1 - - [14/Jul/2019:07:36:09 +0000] "DELETE /api/city/info/3 HTTP/1.1" 400 886 "-" "PostmanRuntime/7.15.0"
::1 - - [14/Jul/2019:07:36:20 +0000] "DELETE /api/city/info/2 HTTP/1.1" 400 886 "-" "PostmanRuntime/7.15.0"
::1 - - [14/Jul/2019:07:46:56 +0000] "DELETE /api/city/info/2 HTTP/1.1" 400 886 "-" "PostmanRuntime/7.15.0"
::1 - - [14/Jul/2019:07:47:07 +0000] "DELETE /api/city/delete/2 HTTP/1.1" 400 886 "-" "PostmanRuntime/7.15.0"
::1 - - [14/Jul/2019:07:47:17 +0000] "DELETE /api/city/delete/2 HTTP/1.1" 400 886 "-" "PostmanRuntime/7.15.0"
::1 - - [14/Jul/2019:07:50:26 +0000] "GET /api/city/list?page=1&pageSize=10 HTTP/1.1" 200 236 "-" "PostmanRuntime/7.15.0"
::1 - - [14/Jul/2019:07:51:24 +0000] "DELETE /api/city/delete/2 HTTP/1.1" 200 43 "-" "PostmanRuntime/7.15.0"
::1 - - [14/Jul/2019:08:29:57 +0000] "GET /api/city/list?t=1563092997005&page=1&pageSize=10 HTTP/1.1" 200 146 "http://localhost:8080/console/city" "Mozilla/5.0 (Macintosh; Intel Mac OS X 10_14_5) AppleWebKit/537.36 (KHTML, like Gecko) Chrome/75.0.3770.100 Safari/537.36"
::1 - - [14/Jul/2019:08:30:15 +0000] "GET /api/city/list?t=1563093015601&page=1&pageSize=10 HTTP/1.1" 200 146 "http://localhost:8080/console/city" "Mozilla/5.0 (Macintosh; Intel Mac OS X 10_14_5) AppleWebKit/537.36 (KHTML, like Gecko) Chrome/75.0.3770.100 Safari/537.36"
::1 - - [14/Jul/2019:08:30:20 +0000] "GET /api/city/list?t=1563093020784&page=1&pageSize=10 HTTP/1.1" 200 146 "http://localhost:8080/console/city" "Mozilla/5.0 (Macintosh; Intel Mac OS X 10_14_5) AppleWebKit/537.36 (KHTML, like Gecko) Chrome/75.0.3770.100 Safari/537.36"
::1 - - [14/Jul/2019:08:31:09 +0000] "GET /api/city/list?t=1563093069515&page=1&pageSize=10 HTTP/1.1" 200 145 "http://localhost:8080/console/city" "Mozilla/5.0 (Macintosh; Intel Mac OS X 10_14_5) AppleWebKit/537.36 (KHTML, like Gecko) Chrome/75.0.3770.100 Safari/537.36"
::1 - - [14/Jul/2019:08:32:52 +0000] "GET /api/city/list?t=1563093172632&page=1&pageSize=10 HTTP/1.1" 200 145 "http://localhost:8080/console/city" "Mozilla/5.0 (Macintosh; Intel Mac OS X 10_14_5) AppleWebKit/537.36 (KHTML, like Gecko) Chrome/75.0.3770.100 Safari/537.36"
::1 - - [14/Jul/2019:08:34:00 +0000] "GET /api/city/list?t=1563093240574&page=1&pageSize=10&filterData%5BcityName%5D=qweq HTTP/1.1" 200 61 "http://localhost:8080/console/city" "Mozilla/5.0 (Macintosh; Intel Mac OS X 10_14_5) AppleWebKit/537.36 (KHTML, like Gecko) Chrome/75.0.3770.100 Safari/537.36"
::1 - - [14/Jul/2019:08:34:01 +0000] "GET /api/city/list?t=1563093241696&page=1&pageSize=10&filterData= HTTP/1.1" 200 145 "http://localhost:8080/console/city" "Mozilla/5.0 (Macintosh; Intel Mac OS X 10_14_5) AppleWebKit/537.36 (KHTML, like Gecko) Chrome/75.0.3770.100 Safari/537.36"
::1 - - [14/Jul/2019:08:34:04 +0000] "GET /api/city/list?t=1563093244845&page=1&pageSize=10&filterData%5Bprovince%5D=jiangsu HTTP/1.1" 200 145 "http://localhost:8080/console/city" "Mozilla/5.0 (Macintosh; Intel Mac OS X 10_14_5) AppleWebKit/537.36 (KHTML, like Gecko) Chrome/75.0.3770.100 Safari/537.36"
::1 - - [14/Jul/2019:08:34:05 +0000] "GET /api/city/list?t=1563093245525&page=1&pageSize=10&filterData= HTTP/1.1" 200 145 "http://localhost:8080/console/city" "Mozilla/5.0 (Macintosh; Intel Mac OS X 10_14_5) AppleWebKit/537.36 (KHTML, like Gecko) Chrome/75.0.3770.100 Safari/537.36"
::1 - - [14/Jul/2019:08:34:19 +0000] "GET /api/city/list?t=1563093259566&page=1&pageSize=10 HTTP/1.1" 200 145 "http://localhost:8080/console/city" "Mozilla/5.0 (Macintosh; Intel Mac OS X 10_14_5) AppleWebKit/537.36 (KHTML, like Gecko) Chrome/75.0.3770.100 Safari/537.36"
::1 - - [14/Jul/2019:08:34:23 +0000] "GET /api/city/list?t=1563093263799&page=1&pageSize=10 HTTP/1.1" 200 145 "http://localhost:8080/console/city" "Mozilla/5.0 (Macintosh; Intel Mac OS X 10_14_5) AppleWebKit/537.36 (KHTML, like Gecko) Chrome/75.0.3770.100 Safari/537.36"
::1 - - [15/Jul/2019:01:01:59 +0000] "GET /api/city/list?t=1563152519541&page=1&pageSize=10 HTTP/1.1" 200 145 "http://localhost:8080/console/city" "Mozilla/5.0 (Macintosh; Intel Mac OS X 10_14_5) AppleWebKit/537.36 (KHTML, like Gecko) Chrome/75.0.3770.100 Safari/537.36"
::1 - - [15/Jul/2019:01:02:27 +0000] "GET /api/city/list?t=1563152547018&page=1&pageSize=10 HTTP/1.1" 200 145 "http://localhost:8080/console/city" "Mozilla/5.0 (Macintosh; Intel Mac OS X 10_14_5) AppleWebKit/537.36 (KHTML, like Gecko) Chrome/75.0.3770.100 Safari/537.36"
::1 - - [15/Jul/2019:01:02:43 +0000] "GET /api/city/list?t=1563152563592&page=1&pageSize=10 HTTP/1.1" 200 145 "http://localhost:8080/console/city" "Mozilla/5.0 (Macintosh; Intel Mac OS X 10_14_5) AppleWebKit/537.36 (KHTML, like Gecko) Chrome/75.0.3770.100 Safari/537.36"
::1 - - [15/Jul/2019:01:03:04 +0000] "GET /api/driver/list?t=1563152584572&page=1&pageSize=10 HTTP/1.1" 200 805 "http://localhost:8080/console/driver" "Mozilla/5.0 (Macintosh; Intel Mac OS X 10_14_5) AppleWebKit/537.36 (KHTML, like Gecko) Chrome/75.0.3770.100 Safari/537.36"
::1 - - [15/Jul/2019:01:03:39 +0000] "GET /api/driver/list?t=1563152619942&page=1&pageSize=10 HTTP/1.1" 200 805 "http://localhost:8080/console/driver" "Mozilla/5.0 (Macintosh; Intel Mac OS X 10_14_5) AppleWebKit/537.36 (KHTML, like Gecko) Chrome/75.0.3770.100 Safari/537.36"
::1 - - [15/Jul/2019:01:03:48 +0000] "GET /api/driver/list?t=1563152628979&page=1&pageSize=10 HTTP/1.1" 200 805 "http://localhost:8080/console/driver" "Mozilla/5.0 (Macintosh; Intel Mac OS X 10_14_5) AppleWebKit/537.36 (KHTML, like Gecko) Chrome/75.0.3770.100 Safari/537.36"
::1 - - [15/Jul/2019:01:03:55 +0000] "GET /api/driver/list?t=1563152635087&page=1&pageSize=10 HTTP/1.1" 200 805 "http://localhost:8080/console/driver" "Mozilla/5.0 (Macintosh; Intel Mac OS X 10_14_5) AppleWebKit/537.36 (KHTML, like Gecko) Chrome/75.0.3770.100 Safari/537.36"
::1 - - [15/Jul/2019:01:03:57 +0000] "GET /api/driver/list?t=1563152637620&page=1&pageSize=10 HTTP/1.1" 200 805 "http://localhost:8080/console/driver" "Mozilla/5.0 (Macintosh; Intel Mac OS X 10_14_5) AppleWebKit/537.36 (KHTML, like Gecko) Chrome/75.0.3770.100 Safari/537.36"
::1 - - [15/Jul/2019:01:04:00 +0000] "GET /api/city/list?t=1563152640917&page=1&pageSize=10 HTTP/1.1" 200 145 "http://localhost:8080/console/city" "Mozilla/5.0 (Macintosh; Intel Mac OS X 10_14_5) AppleWebKit/537.36 (KHTML, like Gecko) Chrome/75.0.3770.100 Safari/537.36"
::1 - - [15/Jul/2019:01:04:48 +0000] "GET /api/city/list?t=1563152688030&page=1&pageSize=10 HTTP/1.1" 200 145 "http://localhost:8080/console/city" "Mozilla/5.0 (Macintosh; Intel Mac OS X 10_14_5) AppleWebKit/537.36 (KHTML, like Gecko) Chrome/75.0.3770.100 Safari/537.36"
::1 - - [15/Jul/2019:01:07:06 +0000] "GET /api/city/list?t=1563152826558&page=1&pageSize=10 HTTP/1.1" 200 145 "http://localhost:8080/console/city" "Mozilla/5.0 (Macintosh; Intel Mac OS X 10_14_5) AppleWebKit/537.36 (KHTML, like Gecko) Chrome/75.0.3770.100 Safari/537.36"
::1 - - [15/Jul/2019:01:07:09 +0000] "GET /api/city/list?t=1563152829819&page=1&pageSize=10 HTTP/1.1" 200 145 "http://localhost:8080/console/city" "Mozilla/5.0 (Macintosh; Intel Mac OS X 10_14_5) AppleWebKit/537.36 (KHTML, like Gecko) Chrome/75.0.3770.100 Safari/537.36"
::1 - - [15/Jul/2019:01:07:21 +0000] "GET /api/city/list?t=1563152841439&page=1&pageSize=10 HTTP/1.1" 200 145 "http://localhost:8080/console/city" "Mozilla/5.0 (Macintosh; Intel Mac OS X 10_14_5) AppleWebKit/537.36 (KHTML, like Gecko) Chrome/75.0.3770.100 Safari/537.36"
::1 - - [15/Jul/2019:01:09:07 +0000] "GET /api/city/list?t=1563152947391&page=1&pageSize=10 HTTP/1.1" 200 145 "http://localhost:8080/console/city" "Mozilla/5.0 (Macintosh; Intel Mac OS X 10_14_5) AppleWebKit/537.36 (KHTML, like Gecko) Chrome/75.0.3770.100 Safari/537.36"
::1 - - [15/Jul/2019:01:09:18 +0000] "GET /api/city/list?t=1563152958666&page=1&pageSize=10 HTTP/1.1" 200 145 "http://localhost:8080/console/city" "Mozilla/5.0 (Macintosh; Intel Mac OS X 10_14_5) AppleWebKit/537.36 (KHTML, like Gecko) Chrome/75.0.3770.100 Safari/537.36"
::1 - - [15/Jul/2019:01:09:25 +0000] "GET /api/city/list?t=1563152965641&page=1&pageSize=10 HTTP/1.1" 200 145 "http://localhost:8080/console/city" "Mozilla/5.0 (Macintosh; Intel Mac OS X 10_14_5) AppleWebKit/537.36 (KHTML, like Gecko) Chrome/75.0.3770.100 Safari/537.36"
::1 - - [15/Jul/2019:01:09:44 +0000] "GET /api/city/list?t=1563152984271&page=1&pageSize=10 HTTP/1.1" 200 145 "http://localhost:8080/console/city" "Mozilla/5.0 (Macintosh; Intel Mac OS X 10_14_5) AppleWebKit/537.36 (KHTML, like Gecko) Chrome/75.0.3770.100 Safari/537.36"
