::1 - - [15/Jul/2019:01:27:05 +0000] "GET /api/city/list?t=1563154024988&page=1&pageSize=10 HTTP/1.1" 200 125 "http://localhost:8080/console/city" "Mozilla/5.0 (Macintosh; Intel Mac OS X 10_14_5) AppleWebKit/537.36 (KHTML, like Gecko) Chrome/75.0.3770.100 Safari/537.36"
::1 - - [15/Jul/2019:01:27:17 +0000] "POST /api/city/info?t=1563154037338 HTTP/1.1" 200 58 "http://localhost:8080/console/city" "Mozilla/5.0 (Macintosh; Intel Mac OS X 10_14_5) AppleWebKit/537.36 (KHTML, like Gecko) Chrome/75.0.3770.100 Safari/537.36"
::1 - - [15/Jul/2019:01:27:48 +0000] "GET /api/city/list?t=1563154067987&page=1&pageSize=10 HTTP/1.1" 200 125 "http://localhost:8080/console/city" "Mozilla/5.0 (Macintosh; Intel Mac OS X 10_14_5) AppleWebKit/537.36 (KHTML, like Gecko) Chrome/75.0.3770.100 Safari/537.36"
::1 - - [15/Jul/2019:01:28:02 +0000] "POST /api/city/info?t=1563154082160 HTTP/1.1" 200 43 "http://localhost:8080/console/city" "Mozilla/5.0 (Macintosh; Intel Mac OS X 10_14_5) AppleWebKit/537.36 (KHTML, like Gecko) Chrome/75.0.3770.100 Safari/537.36"
::1 - - [15/Jul/2019:01:28:02 +0000] "GET /api/city/list?t=1563154082202&page=1&pageSize=10 HTTP/1.1" 200 196 "http://localhost:8080/console/city" "Mozilla/5.0 (Macintosh; Intel Mac OS X 10_14_5) AppleWebKit/537.36 (KHTML, like Gecko) Chrome/75.0.3770.100 Safari/537.36"
::1 - - [15/Jul/2019:01:29:12 +0000] "GET /api/city/list?t=1563154152450&page=1&pageSize=10&filterData%5Blongitude%5D=123.12432 HTTP/1.1" 200 131 "http://localhost:8080/console/city" "Mozilla/5.0 (Macintosh; Intel Mac OS X 10_14_5) AppleWebKit/537.36 (KHTML, like Gecko) Chrome/75.0.3770.100 Safari/537.36"
::1 - - [15/Jul/2019:01:29:13 +0000] "GET /api/city/list?t=1563154153810&page=1&pageSize=10&filterData= HTTP/1.1" 200 196 "http://localhost:8080/console/city" "Mozilla/5.0 (Macintosh; Intel Mac OS X 10_14_5) AppleWebKit/537.36 (KHTML, like Gecko) Chrome/75.0.3770.100 Safari/537.36"
::1 - - [15/Jul/2019:01:29:28 +0000] "GET /api/city/list?t=1563154168423&page=1&pageSize=10 HTTP/1.1" 200 196 "http://localhost:8080/console/city" "Mozilla/5.0 (Macintosh; Intel Mac OS X 10_14_5) AppleWebKit/537.36 (KHTML, like Gecko) Chrome/75.0.3770.100 Safari/537.36"
::1 - - [15/Jul/2019:01:29:33 +0000] "GET /api/city/info/1?t=1563154173067 HTTP/1.1" 200 98 "http://localhost:8080/console/city" "Mozilla/5.0 (Macintosh; Intel Mac OS X 10_14_5) AppleWebKit/537.36 (KHTML, like Gecko) Chrome/75.0.3770.100 Safari/537.36"
::1 - - [15/Jul/2019:01:29:37 +0000] "OPTIONS /api/city/info?t=1563154177194 HTTP/1.1" 200 8 "http://localhost:8080/console/city" "Mozilla/5.0 (Macintosh; Intel Mac OS X 10_14_5) AppleWebKit/537.36 (KHTML, like Gecko) Chrome/75.0.3770.100 Safari/537.36"
::1 - - [15/Jul/2019:01:29:37 +0000] "PUT /api/city/info?t=1563154177194 HTTP/1.1" 200 43 "http://localhost:8080/console/city" "Mozilla/5.0 (Macintosh; Intel Mac OS X 10_14_5) AppleWebKit/537.36 (KHTML, like Gecko) Chrome/75.0.3770.100 Safari/537.36"
::1 - - [15/Jul/2019:01:29:37 +0000] "GET /api/city/list?t=1563154177228&page=1&pageSize=10 HTTP/1.1" 200 198 "http://localhost:8080/console/city" "Mozilla/5.0 (Macintosh; Intel Mac OS X 10_14_5) AppleWebKit/537.36 (KHTML, like Gecko) Chrome/75.0.3770.100 Safari/537.36"
::1 - - [15/Jul/2019:01:29:46 +0000] "OPTIONS /api/city/delete/1?t=1563154186003 HTTP/1.1" 200 6 "http://localhost:8080/console/city" "Mozilla/5.0 (Macintosh; Intel Mac OS X 10_14_5) AppleWebKit/537.36 (KHTML, like Gecko) Chrome/75.0.3770.100 Safari/537.36"
::1 - - [15/Jul/2019:01:29:46 +0000] "DELETE /api/city/delete/1?t=1563154186003 HTTP/1.1" 200 43 "http://localhost:8080/console/city" "Mozilla/5.0 (Macintosh; Intel Mac OS X 10_14_5) AppleWebKit/537.36 (KHTML, like Gecko) Chrome/75.0.3770.100 Safari/537.36"
::1 - - [15/Jul/2019:01:29:46 +0000] "GET /api/city/list?t=1563154186024&page=1&pageSize=10 HTTP/1.1" 200 131 "http://localhost:8080/console/city" "Mozilla/5.0 (Macintosh; Intel Mac OS X 10_14_5) AppleWebKit/537.36 (KHTML, like Gecko) Chrome/75.0.3770.100 Safari/537.36"
::1 - - [15/Jul/2019:01:29:59 +0000] "GET /api/city/list?t=1563154199126&page=1&pageSize=10 HTTP/1.1" 200 198 "http://localhost:8080/console/city" "Mozilla/5.0 (Macintosh; Intel Mac OS X 10_14_5) AppleWebKit/537.36 (KHTML, like Gecko) Chrome/75.0.3770.100 Safari/537.36"
::1 - - [15/Jul/2019:01:31:34 +0000] "GET /api/city/list?t=1563154294544&page=1&pageSize=10 HTTP/1.1" 200 198 "http://localhost:8080/console/city" "Mozilla/5.0 (Macintosh; Intel Mac OS X 10_14_5) AppleWebKit/537.36 (KHTML, like Gecko) Chrome/75.0.3770.100 Safari/537.36"
::1 - - [15/Jul/2019:01:32:02 +0000] "GET /api/city/list?t=1563154322815&page=1&pageSize=10 HTTP/1.1" 200 198 "http://localhost:8080/console/city" "Mozilla/5.0 (Macintosh; Intel Mac OS X 10_14_5) AppleWebKit/537.36 (KHTML, like Gecko) Chrome/75.0.3770.100 Safari/537.36"
::1 - - [15/Jul/2019:01:32:06 +0000] "GET /api/city/list?t=1563154326130&page=1&pageSize=10 HTTP/1.1" 200 198 "http://localhost:8080/console/city" "Mozilla/5.0 (Macintosh; Intel Mac OS X 10_14_5) AppleWebKit/537.36 (KHTML, like Gecko) Chrome/75.0.3770.100 Safari/537.36"
::1 - - [15/Jul/2019:01:32:27 +0000] "GET /api/city/list?t=1563154347469&page=1&pageSize=10 HTTP/1.1" 200 198 "http://localhost:8080/console/city" "Mozilla/5.0 (Macintosh; Intel Mac OS X 10_14_5) AppleWebKit/537.36 (KHTML, like Gecko) Chrome/75.0.3770.100 Safari/537.36"
::1 - - [15/Jul/2019:01:32:30 +0000] "GET /api/city/list?t=1563154350340&page=1&pageSize=10 HTTP/1.1" 200 198 "http://localhost:8080/console/city" "Mozilla/5.0 (Macintosh; Intel Mac OS X 10_14_5) AppleWebKit/537.36 (KHTML, like Gecko) Chrome/75.0.3770.100 Safari/537.36"
::1 - - [15/Jul/2019:01:32:31 +0000] "GET /api/city/list?t=1563154351639&page=1&pageSize=10 HTTP/1.1" 200 198 "http://localhost:8080/console/city" "Mozilla/5.0 (Macintosh; Intel Mac OS X 10_14_5) AppleWebKit/537.36 (KHTML, like Gecko) Chrome/75.0.3770.100 Safari/537.36"
::1 - - [15/Jul/2019:01:33:17 +0000] "GET /api/city/list?t=1563154397977&page=1&pageSize=10 HTTP/1.1" 200 198 "http://localhost:8080/console/city" "Mozilla/5.0 (Macintosh; Intel Mac OS X 10_14_5) AppleWebKit/537.36 (KHTML, like Gecko) Chrome/75.0.3770.100 Safari/537.36"
::1 - - [15/Jul/2019:01:33:31 +0000] "GET /api/city/list?t=1563154411029&page=1&pageSize=10 HTTP/1.1" 200 198 "http://localhost:8080/console/city" "Mozilla/5.0 (Macintosh; Intel Mac OS X 10_14_5) AppleWebKit/537.36 (KHTML, like Gecko) Chrome/75.0.3770.100 Safari/537.36"
::1 - - [15/Jul/2019:01:33:34 +0000] "GET /api/city/list?t=1563154414733&page=1&pageSize=10 HTTP/1.1" 200 198 "http://localhost:8080/console/city" "Mozilla/5.0 (Macintosh; Intel Mac OS X 10_14_5) AppleWebKit/537.36 (KHTML, like Gecko) Chrome/75.0.3770.100 Safari/537.36"
::1 - - [15/Jul/2019:01:33:40 +0000] "GET /api/city/list?t=1563154420711&page=1&pageSize=10 HTTP/1.1" 200 198 "http://localhost:8080/console/city" "Mozilla/5.0 (Macintosh; Intel Mac OS X 10_14_5) AppleWebKit/537.36 (KHTML, like Gecko) Chrome/75.0.3770.100 Safari/537.36"
::1 - - [15/Jul/2019:01:34:25 +0000] "GET /api/city/list?t=1563154465983&page=1&pageSize=10 HTTP/1.1" 200 198 "http://localhost:8080/console/city" "Mozilla/5.0 (Macintosh; Intel Mac OS X 10_14_5) AppleWebKit/537.36 (KHTML, like Gecko) Chrome/75.0.3770.100 Safari/537.36"
::1 - - [15/Jul/2019:01:35:18 +0000] "GET /api/city/list?t=1563154518543&page=1&pageSize=10 HTTP/1.1" 200 198 "http://localhost:8080/console/city" "Mozilla/5.0 (Macintosh; Intel Mac OS X 10_14_5) AppleWebKit/537.36 (KHTML, like Gecko) Chrome/75.0.3770.100 Safari/537.36"
::1 - - [15/Jul/2019:02:32:44 +0000] "GET /api/city/distance HTTP/1.1" 200 217 "-" "PostmanRuntime/7.15.0"
::1 - - [15/Jul/2019:05:00:11 +0000] "GET /api/city/distance HTTP/1.1" 200 279 "-" "PostmanRuntime/7.15.0"
::1 - - [15/Jul/2019:05:19:36 +0000] "GET /api/city/list?t=1563167976665&page=1&pageSize=10 HTTP/1.1" 200 198 "http://localhost:8080/console/city" "Mozilla/5.0 (Macintosh; Intel Mac OS X 10_14_5) AppleWebKit/537.36 (KHTML, like Gecko) Chrome/75.0.3770.100 Safari/537.36"
::1 - - [15/Jul/2019:13:49:24 +0000] "GET /api/city/distance HTTP/1.1" 200 238 "-" "PostmanRuntime/7.15.0"
::1 - - [15/Jul/2019:14:30:17 +0000] "GET /api/city/distance HTTP/1.1" 200 325 "-" "PostmanRuntime/7.15.0"
::1 - - [15/Jul/2019:14:30:56 +0000] "GET /api/city/distance HTTP/1.1" 200 400 "-" "PostmanRuntime/7.15.0"
::1 - - [15/Jul/2019:14:33:12 +0000] "GET /api/city/distance HTTP/1.1" 200 430 "-" "PostmanRuntime/7.15.0"
::1 - - [15/Jul/2019:14:33:45 +0000] "GET /api/city/distance HTTP/1.1" 200 202 "-" "PostmanRuntime/7.15.0"
::1 - - [16/Jul/2019:01:12:44 +0000] "GET /api/vehicle/list?t=1563239564637&page=1&pageSize=10 HTTP/1.1" 200 1310 "http://localhost:8080/console/vehicle" "Mozilla/5.0 (Macintosh; Intel Mac OS X 10_14_5) AppleWebKit/537.36 (KHTML, like Gecko) Chrome/75.0.3770.100 Safari/537.36"
::1 - - [16/Jul/2019:05:59:32 +0000] "GET /api/city/list?t=1563256772443&page=1&pageSize=10 HTTP/1.1" 200 198 "http://localhost:8080/console/city" "Mozilla/5.0 (Macintosh; Intel Mac OS X 10_14_5) AppleWebKit/537.36 (KHTML, like Gecko) Chrome/75.0.3770.100 Safari/537.36"
::1 - - [16/Jul/2019:06:00:14 +0000] "GET /api/city/list?t=1563256814165&page=1&pageSize=10 HTTP/1.1" 200 198 "http://localhost:8080/console/city" "Mozilla/5.0 (Macintosh; Intel Mac OS X 10_14_5) AppleWebKit/537.36 (KHTML, like Gecko) Chrome/75.0.3770.100 Safari/537.36"
::1 - - [16/Jul/2019:06:00:22 +0000] "GET /api/city/list?t=1563256822236&page=1&pageSize=10 HTTP/1.1" 200 198 "http://localhost:8080/console/city" "Mozilla/5.0 (Macintosh; Intel Mac OS X 10_14_5) AppleWebKit/537.36 (KHTML, like Gecko) Chrome/75.0.3770.100 Safari/537.36"
::1 - - [16/Jul/2019:06:01:02 +0000] "GET /api/city/list?t=1563256862259&page=1&pageSize=10 HTTP/1.1" 200 198 "http://localhost:8080/console/city" "Mozilla/5.0 (Macintosh; Intel Mac OS X 10_14_5) AppleWebKit/537.36 (KHTML, like Gecko) Chrome/75.0.3770.100 Safari/537.36"
::1 - - [16/Jul/2019:06:01:04 +0000] "GET /api/city/list?t=1563256864125&page=1&pageSize=10 HTTP/1.1" 200 198 "http://localhost:8080/console/city" "Mozilla/5.0 (Macintosh; Intel Mac OS X 10_14_5) AppleWebKit/537.36 (KHTML, like Gecko) Chrome/75.0.3770.100 Safari/537.36"
::1 - - [16/Jul/2019:06:02:18 +0000] "GET /api/city/list?t=1563256938710&page=1&pageSize=10 HTTP/1.1" 200 198 "http://localhost:8080/console/city/list" "Mozilla/5.0 (Macintosh; Intel Mac OS X 10_14_5) AppleWebKit/537.36 (KHTML, like Gecko) Chrome/75.0.3770.100 Safari/537.36"
::1 - - [16/Jul/2019:06:02:26 +0000] "GET /api/city/list?t=1563256946174&page=1&pageSize=10 HTTP/1.1" 200 198 "http://localhost:8080/console/city/list/list" "Mozilla/5.0 (Macintosh; Intel Mac OS X 10_14_5) AppleWebKit/537.36 (KHTML, like Gecko) Chrome/75.0.3770.100 Safari/537.36"
::1 - - [16/Jul/2019:06:02:28 +0000] "GET /api/city/list?t=1563256948358&page=1&pageSize=10 HTTP/1.1" 200 198 "http://localhost:8080/console/city/list" "Mozilla/5.0 (Macintosh; Intel Mac OS X 10_14_5) AppleWebKit/537.36 (KHTML, like Gecko) Chrome/75.0.3770.100 Safari/537.36"
::1 - - [16/Jul/2019:06:02:29 +0000] "GET /api/city/list?t=1563256949099&page=1&pageSize=10 HTTP/1.1" 200 198 "http://localhost:8080/console/city" "Mozilla/5.0 (Macintosh; Intel Mac OS X 10_14_5) AppleWebKit/537.36 (KHTML, like Gecko) Chrome/75.0.3770.100 Safari/537.36"
::1 - - [16/Jul/2019:06:02:50 +0000] "GET /api/city/list?t=1563256970149&page=1&pageSize=10 HTTP/1.1" 200 198 "http://localhost:8080/console/city" "Mozilla/5.0 (Macintosh; Intel Mac OS X 10_14_5) AppleWebKit/537.36 (KHTML, like Gecko) Chrome/75.0.3770.100 Safari/537.36"
::1 - - [16/Jul/2019:06:08:52 +0000] "GET /api/city/list?t=1563257332979&page=1&pageSize=10 HTTP/1.1" 200 198 "http://localhost:8080/console/city" "Mozilla/5.0 (Macintosh; Intel Mac OS X 10_14_5) AppleWebKit/537.36 (KHTML, like Gecko) Chrome/75.0.3770.100 Safari/537.36"
::1 - - [16/Jul/2019:06:08:56 +0000] "GET /api/city/list?t=1563257336005&page=1&pageSize=10 HTTP/1.1" 200 198 "http://localhost:8080/console/city" "Mozilla/5.0 (Macintosh; Intel Mac OS X 10_14_5) AppleWebKit/537.36 (KHTML, like Gecko) Chrome/75.0.3770.100 Safari/537.36"
::1 - - [16/Jul/2019:06:09:00 +0000] "GET /api/city/list?t=1563257340339&page=1&pageSize=10 HTTP/1.1" 200 198 "http://localhost:8080/console/city/list" "Mozilla/5.0 (Macintosh; Intel Mac OS X 10_14_5) AppleWebKit/537.36 (KHTML, like Gecko) Chrome/75.0.3770.100 Safari/537.36"
::1 - - [16/Jul/2019:06:09:07 +0000] "GET /api/city/list?t=1563257347534&page=1&pageSize=10 HTTP/1.1" 200 198 "http://localhost:8080/console/city" "Mozilla/5.0 (Macintosh; Intel Mac OS X 10_14_5) AppleWebKit/537.36 (KHTML, like Gecko) Chrome/75.0.3770.100 Safari/537.36"
::1 - - [16/Jul/2019:06:09:14 +0000] "GET /api/city/list?t=1563257354328&page=1&pageSize=10 HTTP/1.1" 200 198 "http://localhost:8080/console/city" "Mozilla/5.0 (Macintosh; Intel Mac OS X 10_14_5) AppleWebKit/537.36 (KHTML, like Gecko) Chrome/75.0.3770.100 Safari/537.36"
::1 - - [16/Jul/2019:06:09:16 +0000] "GET /api/city/list?t=1563257356331&page=1&pageSize=10 HTTP/1.1" 200 198 "http://localhost:8080/console/city" "Mozilla/5.0 (Macintosh; Intel Mac OS X 10_14_5) AppleWebKit/537.36 (KHTML, like Gecko) Chrome/75.0.3770.100 Safari/537.36"
::1 - - [16/Jul/2019:06:09:19 +0000] "GET /api/city/list?t=1563257359166&page=1&pageSize=10 HTTP/1.1" 200 198 "http://localhost:8080/console/city" "Mozilla/5.0 (Macintosh; Intel Mac OS X 10_14_5) AppleWebKit/537.36 (KHTML, like Gecko) Chrome/75.0.3770.100 Safari/537.36"
::1 - - [16/Jul/2019:06:09:25 +0000] "GET /api/city/list?t=1563257365253&page=1&pageSize=10 HTTP/1.1" 200 198 "http://localhost:8080/console/city" "Mozilla/5.0 (Macintosh; Intel Mac OS X 10_14_5) AppleWebKit/537.36 (KHTML, like Gecko) Chrome/75.0.3770.100 Safari/537.36"
::1 - - [16/Jul/2019:06:09:31 +0000] "GET /api/city/list?t=1563257371824&page=1&pageSize=10 HTTP/1.1" 200 198 "http://localhost:8080/console/city" "Mozilla/5.0 (Macintosh; Intel Mac OS X 10_14_5) AppleWebKit/537.36 (KHTML, like Gecko) Chrome/75.0.3770.100 Safari/537.36"
::1 - - [16/Jul/2019:06:09:33 +0000] "GET /api/driver/list?t=1563257373149&page=1&pageSize=10 HTTP/1.1" 200 805 "http://localhost:8080/console/driver" "Mozilla/5.0 (Macintosh; Intel Mac OS X 10_14_5) AppleWebKit/537.36 (KHTML, like Gecko) Chrome/75.0.3770.100 Safari/537.36"
::1 - - [16/Jul/2019:06:09:38 +0000] "GET /api/city/list?t=1563257378990&page=1&pageSize=10 HTTP/1.1" 200 198 "http://localhost:8080/console/city" "Mozilla/5.0 (Macintosh; Intel Mac OS X 10_14_5) AppleWebKit/537.36 (KHTML, like Gecko) Chrome/75.0.3770.100 Safari/537.36"
::1 - - [16/Jul/2019:06:09:40 +0000] "GET /api/driver/list?t=1563257380602&page=1&pageSize=10 HTTP/1.1" 200 805 "http://localhost:8080/console/driver" "Mozilla/5.0 (Macintosh; Intel Mac OS X 10_14_5) AppleWebKit/537.36 (KHTML, like Gecko) Chrome/75.0.3770.100 Safari/537.36"
::1 - - [16/Jul/2019:06:09:41 +0000] "GET /api/city/list?t=1563257381332&page=1&pageSize=10 HTTP/1.1" 200 198 "http://localhost:8080/console/city" "Mozilla/5.0 (Macintosh; Intel Mac OS X 10_14_5) AppleWebKit/537.36 (KHTML, like Gecko) Chrome/75.0.3770.100 Safari/537.36"
::1 - - [16/Jul/2019:06:09:42 +0000] "GET /api/city/list?t=1563257382693&page=1&pageSize=10 HTTP/1.1" 200 198 "http://localhost:8080/console/city" "Mozilla/5.0 (Macintosh; Intel Mac OS X 10_14_5) AppleWebKit/537.36 (KHTML, like Gecko) Chrome/75.0.3770.100 Safari/537.36"
::1 - - [16/Jul/2019:06:09:50 +0000] "GET /api/city/list?t=1563257390458&page=1&pageSize=10 HTTP/1.1" 200 198 "http://localhost:8080/console/city" "Mozilla/5.0 (Macintosh; Intel Mac OS X 10_14_5) AppleWebKit/537.36 (KHTML, like Gecko) Chrome/75.0.3770.100 Safari/537.36"
::1 - - [16/Jul/2019:06:09:52 +0000] "GET /api/city/list?t=1563257392449&page=1&pageSize=10 HTTP/1.1" 200 198 "http://localhost:8080/console/city" "Mozilla/5.0 (Macintosh; Intel Mac OS X 10_14_5) AppleWebKit/537.36 (KHTML, like Gecko) Chrome/75.0.3770.100 Safari/537.36"
