::1 - - [17/Jul/2019:00:51:20 +0000] "GET /api/vehicle/list?t=1563324680060&page=1&pageSize=10 HTTP/1.1" 200 1310 "http://localhost:8080/console/vehicle" "Mozilla/5.0 (Macintosh; Intel Mac OS X 10_14_5) AppleWebKit/537.36 (KHTML, like Gecko) Chrome/75.0.3770.100 Safari/537.36"
::1 - - [17/Jul/2019:00:51:21 +0000] "GET /api/city/list?t=1563324681862&page=1&pageSize=10 HTTP/1.1" 200 198 "http://localhost:8080/console/city" "Mozilla/5.0 (Macintosh; Intel Mac OS X 10_14_5) AppleWebKit/537.36 (KHTML, like Gecko) Chrome/75.0.3770.100 Safari/537.36"
::1 - - [17/Jul/2019:00:53:46 +0000] "GET /api/city/list?t=1563324826482&page=1&pageSize=10 HTTP/1.1" 200 198 "http://localhost:8080/console/city" "Mozilla/5.0 (Macintosh; Intel Mac OS X 10_14_5) AppleWebKit/537.36 (KHTML, like Gecko) Chrome/75.0.3770.100 Safari/537.36"
::1 - - [17/Jul/2019:00:53:50 +0000] "GET /api/city/list?t=1563324830909&page=1&pageSize=10 HTTP/1.1" 200 198 "http://localhost:8080/console/city" "Mozilla/5.0 (Macintosh; Intel Mac OS X 10_14_5) AppleWebKit/537.36 (KHTML, like Gecko) Chrome/75.0.3770.100 Safari/537.36"
::1 - - [17/Jul/2019:00:53:58 +0000] "GET /api/city/list?t=1563324838155&page=1&pageSize=10 HTTP/1.1" 200 198 "http://localhost:8080/console/city" "Mozilla/5.0 (Macintosh; Intel Mac OS X 10_14_5) AppleWebKit/537.36 (KHTML, like Gecko) Chrome/75.0.3770.100 Safari/537.36"
::1 - - [17/Jul/2019:00:54:02 +0000] "GET /api/city/list?t=1563324842167&page=1&pageSize=10 HTTP/1.1" 200 198 "http://localhost:8080/console/city" "Mozilla/5.0 (Macintosh; Intel Mac OS X 10_14_5) AppleWebKit/537.36 (KHTML, like Gecko) Chrome/75.0.3770.100 Safari/537.36"
::1 - - [17/Jul/2019:00:54:05 +0000] "GET /api/city/list?t=1563324845483&page=1&pageSize=10 HTTP/1.1" 200 198 "http://localhost:8080/console/city" "Mozilla/5.0 (Macintosh; Intel Mac OS X 10_14_5) AppleWebKit/537.36 (KHTML, like Gecko) Chrome/75.0.3770.100 Safari/537.36"
::1 - - [17/Jul/2019:00:54:07 +0000] "GET /api/city/list?t=1563324847672&page=1&pageSize=10 HTTP/1.1" 200 198 "http://localhost:8080/console/city" "Mozilla/5.0 (Macintosh; Intel Mac OS X 10_14_5) AppleWebKit/537.36 (KHTML, like Gecko) Chrome/75.0.3770.100 Safari/537.36"
::1 - - [17/Jul/2019:00:54:12 +0000] "GET /api/order/list?t=1563324852019&page=1&pageSize=10 HTTP/1.1" 200 818 "http://localhost:8080/console/order" "Mozilla/5.0 (Macintosh; Intel Mac OS X 10_14_5) AppleWebKit/537.36 (KHTML, like Gecko) Chrome/75.0.3770.100 Safari/537.36"
::1 - - [17/Jul/2019:00:57:29 +0000] "GET /api/city/list?t=1563325049990&page=1&pageSize=10 HTTP/1.1" 200 198 "http://localhost:8080/console/city/list" "Mozilla/5.0 (Macintosh; Intel Mac OS X 10_14_5) AppleWebKit/537.36 (KHTML, like Gecko) Chrome/75.0.3770.100 Safari/537.36"
::1 - - [17/Jul/2019:00:57:33 +0000] "GET /api/city/list?t=1563325053240&page=1&pageSize=10 HTTP/1.1" 200 198 "http://localhost:8080/console/city/list" "Mozilla/5.0 (Macintosh; Intel Mac OS X 10_14_5) AppleWebKit/537.36 (KHTML, like Gecko) Chrome/75.0.3770.100 Safari/537.36"
::1 - - [17/Jul/2019:00:57:43 +0000] "GET /api/city/list?t=1563325063153&page=1&pageSize=10 HTTP/1.1" 200 198 "http://localhost:8080/console/city/list" "Mozilla/5.0 (Macintosh; Intel Mac OS X 10_14_5) AppleWebKit/537.36 (KHTML, like Gecko) Chrome/75.0.3770.100 Safari/537.36"
::1 - - [17/Jul/2019:00:57:55 +0000] "GET /api/city/list?t=1563325075333&page=1&pageSize=10 HTTP/1.1" 200 198 "http://localhost:8080/console/city/list" "Mozilla/5.0 (Macintosh; Intel Mac OS X 10_14_5) AppleWebKit/537.36 (KHTML, like Gecko) Chrome/75.0.3770.100 Safari/537.36"
::1 - - [17/Jul/2019:00:58:30 +0000] "GET /api/city/list?t=1563325110443&page=1&pageSize=10 HTTP/1.1" 200 198 "http://localhost:8080/console/city/list" "Mozilla/5.0 (Macintosh; Intel Mac OS X 10_14_5) AppleWebKit/537.36 (KHTML, like Gecko) Chrome/75.0.3770.100 Safari/537.36"
::1 - - [17/Jul/2019:00:58:54 +0000] "GET /api/city/list?t=1563325134581&page=1&pageSize=10 HTTP/1.1" 200 198 "http://localhost:8080/console/city/list" "Mozilla/5.0 (Macintosh; Intel Mac OS X 10_14_5) AppleWebKit/537.36 (KHTML, like Gecko) Chrome/75.0.3770.100 Safari/537.36"
::1 - - [17/Jul/2019:00:59:55 +0000] "GET /api/city/list?t=1563325195974&page=1&pageSize=10 HTTP/1.1" 200 198 "http://localhost:8080/console/city/list" "Mozilla/5.0 (Macintosh; Intel Mac OS X 10_14_5) AppleWebKit/537.36 (KHTML, like Gecko) Chrome/75.0.3770.100 Safari/537.36"
::1 - - [17/Jul/2019:01:00:14 +0000] "GET /api/city/list?t=1563325214357&page=1&pageSize=10 HTTP/1.1" 200 198 "http://localhost:8080/console/city/list" "Mozilla/5.0 (Macintosh; Intel Mac OS X 10_14_5) AppleWebKit/537.36 (KHTML, like Gecko) Chrome/75.0.3770.100 Safari/537.36"
::1 - - [17/Jul/2019:01:00:19 +0000] "GET /api/city/list?t=1563325219768&page=1&pageSize=10 HTTP/1.1" 200 198 "http://localhost:8080/console/city/list" "Mozilla/5.0 (Macintosh; Intel Mac OS X 10_14_5) AppleWebKit/537.36 (KHTML, like Gecko) Chrome/75.0.3770.100 Safari/537.36"
::1 - - [17/Jul/2019:01:01:00 +0000] "GET /api/city/list?t=1563325260350&page=1&pageSize=10 HTTP/1.1" 200 198 "http://localhost:8080/console/city/list" "Mozilla/5.0 (Macintosh; Intel Mac OS X 10_14_5) AppleWebKit/537.36 (KHTML, like Gecko) Chrome/75.0.3770.100 Safari/537.36"
::1 - - [17/Jul/2019:01:02:02 +0000] "GET /api/city/list?t=1563325322166&page=1&pageSize=10 HTTP/1.1" 200 198 "http://localhost:8080/console/city/list" "Mozilla/5.0 (Macintosh; Intel Mac OS X 10_14_5) AppleWebKit/537.36 (KHTML, like Gecko) Chrome/75.0.3770.100 Safari/537.36"
::1 - - [17/Jul/2019:01:02:06 +0000] "GET /api/city/list?t=1563325326505&page=1&pageSize=10 HTTP/1.1" 200 198 "http://localhost:8080/console/city/list" "Mozilla/5.0 (Macintosh; Intel Mac OS X 10_14_5) AppleWebKit/537.36 (KHTML, like Gecko) Chrome/75.0.3770.100 Safari/537.36"
::1 - - [17/Jul/2019:01:02:09 +0000] "GET /api/city/list?t=1563325329640&page=1&pageSize=10 HTTP/1.1" 200 198 "http://localhost:8080/console/city/list" "Mozilla/5.0 (Macintosh; Intel Mac OS X 10_14_5) AppleWebKit/537.36 (KHTML, like Gecko) Chrome/75.0.3770.100 Safari/537.36"
::1 - - [17/Jul/2019:01:02:23 +0000] "GET /api/city/list?t=1563325343397&page=1&pageSize=10 HTTP/1.1" 200 198 "http://localhost:8080/console/city/list" "Mozilla/5.0 (Macintosh; Intel Mac OS X 10_14_5) AppleWebKit/537.36 (KHTML, like Gecko) Chrome/75.0.3770.100 Safari/537.36"
::1 - - [17/Jul/2019:01:02:30 +0000] "GET /api/city/list?t=1563325350792&page=1&pageSize=10 HTTP/1.1" 200 198 "http://localhost:8080/console/city/list" "Mozilla/5.0 (Macintosh; Intel Mac OS X 10_14_5) AppleWebKit/537.36 (KHTML, like Gecko) Chrome/75.0.3770.100 Safari/537.36"
::1 - - [17/Jul/2019:01:02:39 +0000] "GET /api/city/list?t=1563325359090&page=1&pageSize=10 HTTP/1.1" 200 198 "http://localhost:8080/console/city/list" "Mozilla/5.0 (Macintosh; Intel Mac OS X 10_14_5) AppleWebKit/537.36 (KHTML, like Gecko) Chrome/75.0.3770.100 Safari/537.36"
::1 - - [17/Jul/2019:01:03:09 +0000] "GET /api/city/list?t=1563325389751&page=1&pageSize=10 HTTP/1.1" 200 198 "http://localhost:8080/console/city/list" "Mozilla/5.0 (Macintosh; Intel Mac OS X 10_14_5) AppleWebKit/537.36 (KHTML, like Gecko) Chrome/75.0.3770.100 Safari/537.36"
::1 - - [17/Jul/2019:01:03:18 +0000] "GET /api/city/list?t=1563325398704&page=1&pageSize=10 HTTP/1.1" 200 198 "http://localhost:8080/console/city/list" "Mozilla/5.0 (Macintosh; Intel Mac OS X 10_14_5) AppleWebKit/537.36 (KHTML, like Gecko) Chrome/75.0.3770.100 Safari/537.36"
::1 - - [17/Jul/2019:01:03:36 +0000] "GET /api/city/list?t=1563325416865&page=1&pageSize=10 HTTP/1.1" 200 198 "http://localhost:8080/console/city/list" "Mozilla/5.0 (Macintosh; Intel Mac OS X 10_14_5) AppleWebKit/537.36 (KHTML, like Gecko) Chrome/75.0.3770.100 Safari/537.36"
::1 - - [17/Jul/2019:01:03:40 +0000] "GET /api/city/list?t=1563325420248&page=1&pageSize=10 HTTP/1.1" 200 198 "http://localhost:8080/console/city/list" "Mozilla/5.0 (Macintosh; Intel Mac OS X 10_14_5) AppleWebKit/537.36 (KHTML, like Gecko) Chrome/75.0.3770.100 Safari/537.36"
::1 - - [17/Jul/2019:01:03:46 +0000] "GET /api/city/list?t=1563325426502&page=1&pageSize=10 HTTP/1.1" 200 198 "http://localhost:8080/console/city/list" "Mozilla/5.0 (Macintosh; Intel Mac OS X 10_14_5) AppleWebKit/537.36 (KHTML, like Gecko) Chrome/75.0.3770.100 Safari/537.36"
::1 - - [17/Jul/2019:01:07:43 +0000] "GET /api/city/list?t=1563325663519&page=1&pageSize=10 HTTP/1.1" 200 198 "http://localhost:8080/console/city/list" "Mozilla/5.0 (Macintosh; Intel Mac OS X 10_14_5) AppleWebKit/537.36 (KHTML, like Gecko) Chrome/75.0.3770.100 Safari/537.36"
::1 - - [17/Jul/2019:01:28:16 +0000] "GET /api/city/list?t=1563326896149&page=1&pageSize=10 HTTP/1.1" 200 198 "http://localhost:8080/console/city/list" "Mozilla/5.0 (Macintosh; Intel Mac OS X 10_14_5) AppleWebKit/537.36 (KHTML, like Gecko) Chrome/75.0.3770.100 Safari/537.36"
::1 - - [17/Jul/2019:01:28:25 +0000] "GET /api/city/list?t=1563326905904&page=1&pageSize=10 HTTP/1.1" 200 198 "http://localhost:8080/console/city/list" "Mozilla/5.0 (Macintosh; Intel Mac OS X 10_14_5) AppleWebKit/537.36 (KHTML, like Gecko) Chrome/75.0.3770.100 Safari/537.36"
::1 - - [17/Jul/2019:01:28:30 +0000] "GET /api/city/list?t=1563326910050&page=1&pageSize=10 HTTP/1.1" 200 198 "http://localhost:8080/console/city/list" "Mozilla/5.0 (Macintosh; Intel Mac OS X 10_14_5) AppleWebKit/537.36 (KHTML, like Gecko) Chrome/75.0.3770.100 Safari/537.36"
::1 - - [17/Jul/2019:01:28:51 +0000] "GET /api/city/list?t=1563326931995&page=1&pageSize=10 HTTP/1.1" 200 198 "http://localhost:8080/console/city/list" "Mozilla/5.0 (Macintosh; Intel Mac OS X 10_14_5) AppleWebKit/537.36 (KHTML, like Gecko) Chrome/75.0.3770.100 Safari/537.36"
::1 - - [17/Jul/2019:01:29:09 +0000] "GET /api/city/list?t=1563326949551&page=1&pageSize=10 HTTP/1.1" 200 198 "http://localhost:8080/console/city/list" "Mozilla/5.0 (Macintosh; Intel Mac OS X 10_14_5) AppleWebKit/537.36 (KHTML, like Gecko) Chrome/75.0.3770.100 Safari/537.36"
::1 - - [17/Jul/2019:01:29:32 +0000] "GET /api/city/list?t=1563326972889&page=1&pageSize=10 HTTP/1.1" 200 198 "http://localhost:8080/console/city/list" "Mozilla/5.0 (Macintosh; Intel Mac OS X 10_14_5) AppleWebKit/537.36 (KHTML, like Gecko) Chrome/75.0.3770.100 Safari/537.36"
::1 - - [17/Jul/2019:01:29:41 +0000] "GET /api/city/list?t=1563326981961&page=1&pageSize=10 HTTP/1.1" 200 198 "http://localhost:8080/console/city/list" "Mozilla/5.0 (Macintosh; Intel Mac OS X 10_14_5) AppleWebKit/537.36 (KHTML, like Gecko) Chrome/75.0.3770.100 Safari/537.36"
::1 - - [17/Jul/2019:01:29:49 +0000] "GET /api/city/list?t=1563326989391&page=1&pageSize=10 HTTP/1.1" 200 198 "http://localhost:8080/console/city/list" "Mozilla/5.0 (Macintosh; Intel Mac OS X 10_14_5) AppleWebKit/537.36 (KHTML, like Gecko) Chrome/75.0.3770.100 Safari/537.36"
::1 - - [17/Jul/2019:01:30:07 +0000] "GET /api/city/list?t=1563327007623&page=1&pageSize=10 HTTP/1.1" 200 198 "http://localhost:8080/console/city/list" "Mozilla/5.0 (Macintosh; Intel Mac OS X 10_14_5) AppleWebKit/537.36 (KHTML, like Gecko) Chrome/75.0.3770.100 Safari/537.36"
::1 - - [17/Jul/2019:01:30:12 +0000] "GET /api/city/list?t=1563327012444&page=1&pageSize=10 HTTP/1.1" 200 198 "http://localhost:8080/console/city/list" "Mozilla/5.0 (Macintosh; Intel Mac OS X 10_14_5) AppleWebKit/537.36 (KHTML, like Gecko) Chrome/75.0.3770.100 Safari/537.36"
::1 - - [17/Jul/2019:01:30:18 +0000] "GET /api/city/list?t=1563327018375&page=1&pageSize=10 HTTP/1.1" 200 198 "http://localhost:8080/console" "Mozilla/5.0 (Macintosh; Intel Mac OS X 10_14_5) AppleWebKit/537.36 (KHTML, like Gecko) Chrome/75.0.3770.100 Safari/537.36"
::1 - - [17/Jul/2019:01:31:27 +0000] "GET /api/city/list?t=1563327087982&page=1&pageSize=10 HTTP/1.1" 200 198 "http://localhost:8080/console/city/list" "Mozilla/5.0 (Macintosh; Intel Mac OS X 10_14_5) AppleWebKit/537.36 (KHTML, like Gecko) Chrome/75.0.3770.100 Safari/537.36"
::1 - - [17/Jul/2019:01:31:33 +0000] "GET /api/city/list?t=1563327093366&page=1&pageSize=10 HTTP/1.1" 200 198 "http://localhost:8080/console/city/list" "Mozilla/5.0 (Macintosh; Intel Mac OS X 10_14_5) AppleWebKit/537.36 (KHTML, like Gecko) Chrome/75.0.3770.100 Safari/537.36"
::1 - - [17/Jul/2019:01:31:35 +0000] "GET /api/city/list?t=1563327095407&page=1&pageSize=10 HTTP/1.1" 200 198 "http://localhost:8080/console/city/list" "Mozilla/5.0 (Macintosh; Intel Mac OS X 10_14_5) AppleWebKit/537.36 (KHTML, like Gecko) Chrome/75.0.3770.100 Safari/537.36"
::1 - - [17/Jul/2019:01:31:37 +0000] "GET /api/city/list?t=1563327097438&page=1&pageSize=10 HTTP/1.1" 200 198 "http://localhost:8080/console/city/list" "Mozilla/5.0 (Macintosh; Intel Mac OS X 10_14_5) AppleWebKit/537.36 (KHTML, like Gecko) Chrome/75.0.3770.100 Safari/537.36"
::1 - - [17/Jul/2019:01:31:38 +0000] "GET /api/city/list?t=1563327098896&page=1&pageSize=10 HTTP/1.1" 200 198 "http://localhost:8080/console/city/list" "Mozilla/5.0 (Macintosh; Intel Mac OS X 10_14_5) AppleWebKit/537.36 (KHTML, like Gecko) Chrome/75.0.3770.100 Safari/537.36"
::1 - - [17/Jul/2019:01:31:39 +0000] "GET /api/city/list?t=1563327099981&page=1&pageSize=10 HTTP/1.1" 200 198 "http://localhost:8080/console/city/list" "Mozilla/5.0 (Macintosh; Intel Mac OS X 10_14_5) AppleWebKit/537.36 (KHTML, like Gecko) Chrome/75.0.3770.100 Safari/537.36"
::1 - - [17/Jul/2019:01:31:41 +0000] "GET /api/city/list?t=1563327101948&page=1&pageSize=10 HTTP/1.1" 200 198 "http://localhost:8080/console/city/list" "Mozilla/5.0 (Macintosh; Intel Mac OS X 10_14_5) AppleWebKit/537.36 (KHTML, like Gecko) Chrome/75.0.3770.100 Safari/537.36"
::1 - - [17/Jul/2019:02:40:23 +0000] "GET /api/city/distance HTTP/1.1" 200 202 "-" "PostmanRuntime/7.15.0"
::1 - - [17/Jul/2019:03:19:30 +0000] "GET /api/city/distance?t=1563333570861 HTTP/1.1" 200 202 "http://localhost:8080/console/city/distance" "Mozilla/5.0 (Macintosh; Intel Mac OS X 10_14_5) AppleWebKit/537.36 (KHTML, like Gecko) Chrome/75.0.3770.100 Safari/537.36"
::1 - - [17/Jul/2019:03:19:57 +0000] "GET /api/city/distance?t=1563333597799 HTTP/1.1" 200 202 "http://localhost:8080/console/city/distance" "Mozilla/5.0 (Macintosh; Intel Mac OS X 10_14_5) AppleWebKit/537.36 (KHTML, like Gecko) Chrome/75.0.3770.100 Safari/537.36"
::1 - - [17/Jul/2019:03:20:01 +0000] "GET /api/city/distance?t=1563333601345 HTTP/1.1" 200 202 "http://localhost:8080/console/city/distance" "Mozilla/5.0 (Macintosh; Intel Mac OS X 10_14_5) AppleWebKit/537.36 (KHTML, like Gecko) Chrome/75.0.3770.100 Safari/537.36"
::1 - - [17/Jul/2019:03:20:15 +0000] "GET /api/city/distance?t=1563333615606 HTTP/1.1" 200 202 "http://localhost:8080/console/city/distance" "Mozilla/5.0 (Macintosh; Intel Mac OS X 10_14_5) AppleWebKit/537.36 (KHTML, like Gecko) Chrome/75.0.3770.100 Safari/537.36"
::1 - - [17/Jul/2019:05:57:35 +0000] "GET /api/city/distance?t=1563343055363 HTTP/1.1" 200 202 "http://localhost:8080/console/city/distance" "Mozilla/5.0 (Macintosh; Intel Mac OS X 10_14_5) AppleWebKit/537.36 (KHTML, like Gecko) Chrome/75.0.3770.100 Safari/537.36"
::1 - - [17/Jul/2019:05:57:39 +0000] "GET /api/city/distance?t=1563343059571 HTTP/1.1" 200 202 "http://localhost:8080/console/city/distance" "Mozilla/5.0 (Macintosh; Intel Mac OS X 10_14_5) AppleWebKit/537.36 (KHTML, like Gecko) Chrome/75.0.3770.100 Safari/537.36"
::1 - - [17/Jul/2019:05:59:12 +0000] "GET /api/city/list?t=1563343152760&page=1&pageSize=10 HTTP/1.1" 200 198 "http://localhost:8080/console/city/list" "Mozilla/5.0 (Macintosh; Intel Mac OS X 10_14_5) AppleWebKit/537.36 (KHTML, like Gecko) Chrome/75.0.3770.100 Safari/537.36"
::1 - - [17/Jul/2019:05:59:14 +0000] "GET /api/city/distance?t=1563343153997 HTTP/1.1" 200 202 "http://localhost:8080/console/city/distance" "Mozilla/5.0 (Macintosh; Intel Mac OS X 10_14_5) AppleWebKit/537.36 (KHTML, like Gecko) Chrome/75.0.3770.100 Safari/537.36"
::1 - - [17/Jul/2019:05:59:14 +0000] "GET /api/city/list?t=1563343154636&page=1&pageSize=10 HTTP/1.1" 200 198 "http://localhost:8080/console/city/list" "Mozilla/5.0 (Macintosh; Intel Mac OS X 10_14_5) AppleWebKit/537.36 (KHTML, like Gecko) Chrome/75.0.3770.100 Safari/537.36"
::1 - - [17/Jul/2019:05:59:15 +0000] "GET /api/city/distance?t=1563343155373 HTTP/1.1" 200 202 "http://localhost:8080/console/city/distance" "Mozilla/5.0 (Macintosh; Intel Mac OS X 10_14_5) AppleWebKit/537.36 (KHTML, like Gecko) Chrome/75.0.3770.100 Safari/537.36"
::1 - - [17/Jul/2019:05:59:16 +0000] "GET /api/city/list?t=1563343156450&page=1&pageSize=10 HTTP/1.1" 200 198 "http://localhost:8080/console/city/list" "Mozilla/5.0 (Macintosh; Intel Mac OS X 10_14_5) AppleWebKit/537.36 (KHTML, like Gecko) Chrome/75.0.3770.100 Safari/537.36"
::1 - - [17/Jul/2019:05:59:17 +0000] "GET /api/city/distance?t=1563343157456 HTTP/1.1" 200 202 "http://localhost:8080/console/city/distance" "Mozilla/5.0 (Macintosh; Intel Mac OS X 10_14_5) AppleWebKit/537.36 (KHTML, like Gecko) Chrome/75.0.3770.100 Safari/537.36"
::1 - - [17/Jul/2019:05:59:18 +0000] "GET /api/city/list?t=1563343158411&page=1&pageSize=10 HTTP/1.1" 200 198 "http://localhost:8080/console/city/list" "Mozilla/5.0 (Macintosh; Intel Mac OS X 10_14_5) AppleWebKit/537.36 (KHTML, like Gecko) Chrome/75.0.3770.100 Safari/537.36"
::1 - - [17/Jul/2019:06:03:15 +0000] "GET /api/vehicle/list?t=1563343395243&page=1&pageSize=10 HTTP/1.1" 200 1310 "http://localhost:8080/console/vehicle" "Mozilla/5.0 (Macintosh; Intel Mac OS X 10_14_5) AppleWebKit/537.36 (KHTML, like Gecko) Chrome/75.0.3770.100 Safari/537.36"
::1 - - [17/Jul/2019:06:52:34 +0000] "GET /api/vehicle/list?t=1563346354864&page=1&pageSize=10 HTTP/1.1" 200 1310 "http://localhost:8080/console/vehicle" "Mozilla/5.0 (Macintosh; Intel Mac OS X 10_14_5) AppleWebKit/537.36 (KHTML, like Gecko) Chrome/75.0.3770.100 Safari/537.36"
::1 - - [17/Jul/2019:06:52:37 +0000] "GET /api/vehicle/list?t=1563346357425&page=1&pageSize=10 HTTP/1.1" 200 1310 "http://localhost:8080/console/vehicle" "Mozilla/5.0 (Macintosh; Intel Mac OS X 10_14_5) AppleWebKit/537.36 (KHTML, like Gecko) Chrome/75.0.3770.100 Safari/537.36"
::1 - - [17/Jul/2019:06:54:55 +0000] "GET /api/vehicle/list?t=1563346495426&page=1&pageSize=10 HTTP/1.1" 200 1310 "http://localhost:8080/console/vehicle" "Mozilla/5.0 (Macintosh; Intel Mac OS X 10_14_5) AppleWebKit/537.36 (KHTML, like Gecko) Chrome/75.0.3770.100 Safari/537.36"
::1 - - [17/Jul/2019:06:59:49 +0000] "GET /api/vehicle/list?t=1563346789658&page=1&pageSize=10 HTTP/1.1" 200 1310 "http://localhost:8080/console/vehicle" "Mozilla/5.0 (Macintosh; Intel Mac OS X 10_14_5) AppleWebKit/537.36 (KHTML, like Gecko) Chrome/75.0.3770.100 Safari/537.36"
::1 - - [17/Jul/2019:06:59:57 +0000] "GET /api/vehicle/list?t=1563346797107&page=1&pageSize=10 HTTP/1.1" 200 1310 "http://localhost:8080/console/vehicle" "Mozilla/5.0 (Macintosh; Intel Mac OS X 10_14_5) AppleWebKit/537.36 (KHTML, like Gecko) Chrome/75.0.3770.100 Safari/537.36"
::1 - - [17/Jul/2019:07:00:01 +0000] "GET /api/vehicle/list?t=1563346801237&page=1&pageSize=10 HTTP/1.1" 200 1310 "http://localhost:8080/console/vehicle" "Mozilla/5.0 (Macintosh; Intel Mac OS X 10_14_5) AppleWebKit/537.36 (KHTML, like Gecko) Chrome/75.0.3770.100 Safari/537.36"
::1 - - [17/Jul/2019:07:00:15 +0000] "GET /api/vehicle/list?t=1563346815196&page=1&pageSize=10 HTTP/1.1" 200 1310 "http://localhost:8080/console/vehicle" "Mozilla/5.0 (Macintosh; Intel Mac OS X 10_14_5) AppleWebKit/537.36 (KHTML, like Gecko) Chrome/75.0.3770.100 Safari/537.36"
::1 - - [17/Jul/2019:07:00:32 +0000] "GET /api/vehicle/list?t=1563346832057&page=1&pageSize=10 HTTP/1.1" 200 1310 "http://localhost:8080/console/vehicle" "Mozilla/5.0 (Macintosh; Intel Mac OS X 10_14_5) AppleWebKit/537.36 (KHTML, like Gecko) Chrome/75.0.3770.100 Safari/537.36"
::1 - - [17/Jul/2019:07:00:52 +0000] "GET /api/vehicle/list?t=1563346852710&page=1&pageSize=10 HTTP/1.1" 200 1310 "http://localhost:8080/console/vehicle" "Mozilla/5.0 (Macintosh; Intel Mac OS X 10_14_5) AppleWebKit/537.36 (KHTML, like Gecko) Chrome/75.0.3770.100 Safari/537.36"
::1 - - [17/Jul/2019:07:01:04 +0000] "GET /api/vehicle/list?t=1563346864155&page=1&pageSize=10 HTTP/1.1" 200 1310 "http://localhost:8080/console/vehicle" "Mozilla/5.0 (Macintosh; Intel Mac OS X 10_14_5) AppleWebKit/537.36 (KHTML, like Gecko) Chrome/75.0.3770.100 Safari/537.36"
::1 - - [17/Jul/2019:07:13:33 +0000] "GET /api/vehicle/list?t=1563347613568&page=1&pageSize=10 HTTP/1.1" 200 1310 "http://localhost:8080/console/vehicle" "Mozilla/5.0 (Macintosh; Intel Mac OS X 10_14_5) AppleWebKit/537.36 (KHTML, like Gecko) Chrome/75.0.3770.100 Safari/537.36"
::1 - - [17/Jul/2019:07:13:42 +0000] "GET /api/vehicle/list?t=1563347622174&page=1&pageSize=10 HTTP/1.1" 200 1310 "http://localhost:8080/console/vehicle" "Mozilla/5.0 (Macintosh; Intel Mac OS X 10_14_5) AppleWebKit/537.36 (KHTML, like Gecko) Chrome/75.0.3770.100 Safari/537.36"
::1 - - [17/Jul/2019:07:13:47 +0000] "GET /api/vehicle/list?t=1563347627308&page=1&pageSize=10 HTTP/1.1" 200 1310 "http://localhost:8080/console/vehicle" "Mozilla/5.0 (Macintosh; Intel Mac OS X 10_14_5) AppleWebKit/537.36 (KHTML, like Gecko) Chrome/75.0.3770.100 Safari/537.36"
::1 - - [17/Jul/2019:07:13:55 +0000] "GET /api/vehicle/list?t=1563347635047&page=1&pageSize=10 HTTP/1.1" 200 1310 "http://localhost:8080/console/vehicle" "Mozilla/5.0 (Macintosh; Intel Mac OS X 10_14_5) AppleWebKit/537.36 (KHTML, like Gecko) Chrome/75.0.3770.100 Safari/537.36"
::1 - - [17/Jul/2019:07:14:00 +0000] "GET /api/vehicle/list?t=1563347640349&page=1&pageSize=10 HTTP/1.1" 200 1310 "http://localhost:8080/console/vehicle" "Mozilla/5.0 (Macintosh; Intel Mac OS X 10_14_5) AppleWebKit/537.36 (KHTML, like Gecko) Chrome/75.0.3770.100 Safari/537.36"
::1 - - [17/Jul/2019:07:14:03 +0000] "GET /api/vehicle/list?t=1563347643094&page=1&pageSize=10 HTTP/1.1" 200 1310 "http://localhost:8080/console/vehicle" "Mozilla/5.0 (Macintosh; Intel Mac OS X 10_14_5) AppleWebKit/537.36 (KHTML, like Gecko) Chrome/75.0.3770.100 Safari/537.36"
::1 - - [17/Jul/2019:07:14:19 +0000] "GET /api/vehicle/list?t=1563347659491&page=1&pageSize=10 HTTP/1.1" 200 1310 "http://localhost:8080/console/vehicle" "Mozilla/5.0 (Macintosh; Intel Mac OS X 10_14_5) AppleWebKit/537.36 (KHTML, like Gecko) Chrome/75.0.3770.100 Safari/537.36"
::1 - - [17/Jul/2019:07:14:38 +0000] "GET /api/vehicle/list?t=1563347678874&page=1&pageSize=10 HTTP/1.1" 200 1310 "http://localhost:8080/console/vehicle" "Mozilla/5.0 (Macintosh; Intel Mac OS X 10_14_5) AppleWebKit/537.36 (KHTML, like Gecko) Chrome/75.0.3770.100 Safari/537.36"
::1 - - [17/Jul/2019:07:14:42 +0000] "GET /api/vehicle/list?t=1563347682101&page=1&pageSize=10 HTTP/1.1" 200 1310 "http://localhost:8080/console/vehicle" "Mozilla/5.0 (Macintosh; Intel Mac OS X 10_14_5) AppleWebKit/537.36 (KHTML, like Gecko) Chrome/75.0.3770.100 Safari/537.36"
::1 - - [17/Jul/2019:07:16:36 +0000] "GET /api/vehicle/list?t=1563347796003&page=1&pageSize=10 HTTP/1.1" 200 1310 "http://localhost:8080/console/vehicle" "Mozilla/5.0 (Macintosh; Intel Mac OS X 10_14_5) AppleWebKit/537.36 (KHTML, like Gecko) Chrome/75.0.3770.100 Safari/537.36"
::1 - - [17/Jul/2019:07:18:29 +0000] "GET /api/vehicle/list?t=1563347909594&page=1&pageSize=10 HTTP/1.1" 200 1310 "http://localhost:8080/console/vehicle" "Mozilla/5.0 (Macintosh; Intel Mac OS X 10_14_5) AppleWebKit/537.36 (KHTML, like Gecko) Chrome/75.0.3770.100 Safari/537.36"
::1 - - [17/Jul/2019:07:22:43 +0000] "GET /api/vehicle/list?t=1563348163793&page=1&pageSize=10 HTTP/1.1" 200 1310 "http://localhost:8080/console/vehicle" "Mozilla/5.0 (Macintosh; Intel Mac OS X 10_14_5) AppleWebKit/537.36 (KHTML, like Gecko) Chrome/75.0.3770.100 Safari/537.36"
::1 - - [17/Jul/2019:07:22:51 +0000] "GET /api/vehicle/list?t=1563348171631&page=1&pageSize=10 HTTP/1.1" 200 1310 "http://localhost:8080/console/vehicle" "Mozilla/5.0 (Macintosh; Intel Mac OS X 10_14_5) AppleWebKit/537.36 (KHTML, like Gecko) Chrome/75.0.3770.100 Safari/537.36"
::1 - - [17/Jul/2019:07:23:01 +0000] "GET /api/vehicle/list?t=1563348181659&page=1&pageSize=10 HTTP/1.1" 200 1310 "http://localhost:8080/console/vehicle" "Mozilla/5.0 (Macintosh; Intel Mac OS X 10_14_5) AppleWebKit/537.36 (KHTML, like Gecko) Chrome/75.0.3770.100 Safari/537.36"
::1 - - [17/Jul/2019:07:23:08 +0000] "GET /api/vehicle/list?t=1563348188976&page=1&pageSize=10 HTTP/1.1" 200 1310 "http://localhost:8080/console/vehicle" "Mozilla/5.0 (Macintosh; Intel Mac OS X 10_14_5) AppleWebKit/537.36 (KHTML, like Gecko) Chrome/75.0.3770.100 Safari/537.36"
::1 - - [17/Jul/2019:07:23:25 +0000] "GET /api/vehicle/list?t=1563348205118&page=1&pageSize=10 HTTP/1.1" 200 1310 "http://localhost:8080/console/vehicle" "Mozilla/5.0 (Macintosh; Intel Mac OS X 10_14_5) AppleWebKit/537.36 (KHTML, like Gecko) Chrome/75.0.3770.100 Safari/537.36"
::1 - - [17/Jul/2019:07:23:32 +0000] "GET /api/vehicle/list?t=1563348212639&page=1&pageSize=10 HTTP/1.1" 200 1310 "http://localhost:8080/console/vehicle" "Mozilla/5.0 (Macintosh; Intel Mac OS X 10_14_5) AppleWebKit/537.36 (KHTML, like Gecko) Chrome/75.0.3770.100 Safari/537.36"
::1 - - [17/Jul/2019:07:23:42 +0000] "GET /api/vehicle/list?t=1563348222681&page=1&pageSize=10 HTTP/1.1" 200 1310 "http://localhost:8080/console/vehicle" "Mozilla/5.0 (Macintosh; Intel Mac OS X 10_14_5) AppleWebKit/537.36 (KHTML, like Gecko) Chrome/75.0.3770.100 Safari/537.36"
::1 - - [17/Jul/2019:07:23:47 +0000] "GET /api/vehicle/list?t=1563348227834&page=1&pageSize=10 HTTP/1.1" 200 1310 "http://localhost:8080/console/vehicle" "Mozilla/5.0 (Macintosh; Intel Mac OS X 10_14_5) AppleWebKit/537.36 (KHTML, like Gecko) Chrome/75.0.3770.100 Safari/537.36"
::1 - - [17/Jul/2019:07:23:51 +0000] "GET /api/vehicle/list?t=1563348231349&page=1&pageSize=10 HTTP/1.1" 200 1310 "http://localhost:8080/console/vehicle" "Mozilla/5.0 (Macintosh; Intel Mac OS X 10_14_5) AppleWebKit/537.36 (KHTML, like Gecko) Chrome/75.0.3770.100 Safari/537.36"
::1 - - [17/Jul/2019:07:23:56 +0000] "GET /api/city/list?t=1563348236333&page=1&pageSize=10 HTTP/1.1" 200 198 "http://localhost:8080/console/city/list" "Mozilla/5.0 (Macintosh; Intel Mac OS X 10_14_5) AppleWebKit/537.36 (KHTML, like Gecko) Chrome/75.0.3770.100 Safari/537.36"
::1 - - [17/Jul/2019:07:24:00 +0000] "GET /api/vehicle/list?t=1563348240810&page=1&pageSize=10 HTTP/1.1" 200 1310 "http://localhost:8080/console/vehicle" "Mozilla/5.0 (Macintosh; Intel Mac OS X 10_14_5) AppleWebKit/537.36 (KHTML, like Gecko) Chrome/75.0.3770.100 Safari/537.36"
::1 - - [17/Jul/2019:07:24:10 +0000] "GET /api/vehicle/list?t=1563348250430&page=1&pageSize=10 HTTP/1.1" 200 1310 "http://localhost:8080/console/vehicle" "Mozilla/5.0 (Macintosh; Intel Mac OS X 10_14_5) AppleWebKit/537.36 (KHTML, like Gecko) Chrome/75.0.3770.100 Safari/537.36"
::1 - - [17/Jul/2019:07:24:12 +0000] "GET /api/vehicle/list?t=1563348252404&page=1&pageSize=10 HTTP/1.1" 200 1310 "http://localhost:8080/console/vehicle" "Mozilla/5.0 (Macintosh; Intel Mac OS X 10_14_5) AppleWebKit/537.36 (KHTML, like Gecko) Chrome/75.0.3770.100 Safari/537.36"
::1 - - [17/Jul/2019:12:05:03 +0000] "GET /api/city/list?t=1563365103929&page=1&pageSize=10 HTTP/1.1" 200 198 "http://localhost:8080/console/city/list" "Mozilla/5.0 (Macintosh; Intel Mac OS X 10_14_5) AppleWebKit/537.36 (KHTML, like Gecko) Chrome/75.0.3770.100 Safari/537.36"
::1 - - [17/Jul/2019:12:05:29 +0000] "GET /api/city/list?t=1563365129643&page=1&pageSize=10 HTTP/1.1" 200 198 "http://localhost:8080/console/city/list" "Mozilla/5.0 (Macintosh; Intel Mac OS X 10_14_5) AppleWebKit/537.36 (KHTML, like Gecko) Chrome/75.0.3770.100 Safari/537.36"
::1 - - [17/Jul/2019:12:05:33 +0000] "GET /api/city/list?t=1563365133353&page=1&pageSize=10 HTTP/1.1" 200 198 "http://localhost:8080/console/city/list" "Mozilla/5.0 (Macintosh; Intel Mac OS X 10_14_5) AppleWebKit/537.36 (KHTML, like Gecko) Chrome/75.0.3770.100 Safari/537.36"
::1 - - [17/Jul/2019:12:07:07 +0000] "GET /api/city/list?t=1563365227895&page=1&pageSize=10 HTTP/1.1" 200 198 "http://localhost:8080/console/city/list" "Mozilla/5.0 (Macintosh; Intel Mac OS X 10_14_5) AppleWebKit/537.36 (KHTML, like Gecko) Chrome/75.0.3770.100 Safari/537.36"
::1 - - [17/Jul/2019:12:07:39 +0000] "GET /api/city/list?t=1563365259888&page=1&pageSize=10 HTTP/1.1" 200 198 "http://localhost:8080/console/city/list" "Mozilla/5.0 (Macintosh; Intel Mac OS X 10_14_5) AppleWebKit/537.36 (KHTML, like Gecko) Chrome/75.0.3770.100 Safari/537.36"
::1 - - [17/Jul/2019:12:11:09 +0000] "GET /api/city/list?t=1563365469835&page=1&pageSize=10 HTTP/1.1" 200 198 "http://localhost:8080/console/city/list" "Mozilla/5.0 (Macintosh; Intel Mac OS X 10_14_5) AppleWebKit/537.36 (KHTML, like Gecko) Chrome/75.0.3770.100 Safari/537.36"
::1 - - [17/Jul/2019:12:11:14 +0000] "GET /api/city/list?t=1563365474867&page=1&pageSize=10 HTTP/1.1" 200 198 "http://localhost:8080/console/city/list" "Mozilla/5.0 (Macintosh; Intel Mac OS X 10_14_5) AppleWebKit/537.36 (KHTML, like Gecko) Chrome/75.0.3770.100 Safari/537.36"
::1 - - [17/Jul/2019:12:11:26 +0000] "GET /api/city/list?t=1563365486565&page=1&pageSize=10 HTTP/1.1" 200 198 "http://localhost:8080/console/city/list" "Mozilla/5.0 (Macintosh; Intel Mac OS X 10_14_5) AppleWebKit/537.36 (KHTML, like Gecko) Chrome/75.0.3770.100 Safari/537.36"
::1 - - [17/Jul/2019:12:13:28 +0000] "GET /api/city/list?t=1563365608378&page=1&pageSize=10 HTTP/1.1" 200 198 "http://localhost:8080/console/city/list" "Mozilla/5.0 (Macintosh; Intel Mac OS X 10_14_5) AppleWebKit/537.36 (KHTML, like Gecko) Chrome/75.0.3770.100 Safari/537.36"
::1 - - [17/Jul/2019:12:13:35 +0000] "GET /api/city/list?t=1563365615495&page=1&pageSize=10 HTTP/1.1" 200 198 "http://localhost:8080/console/city/list" "Mozilla/5.0 (Macintosh; Intel Mac OS X 10_14_5) AppleWebKit/537.36 (KHTML, like Gecko) Chrome/75.0.3770.100 Safari/537.36"
::1 - - [17/Jul/2019:12:13:44 +0000] "GET /api/city/list?t=1563365624499&page=1&pageSize=10 HTTP/1.1" 200 198 "http://localhost:8080/console/city/list" "Mozilla/5.0 (Macintosh; Intel Mac OS X 10_14_5) AppleWebKit/537.36 (KHTML, like Gecko) Chrome/75.0.3770.100 Safari/537.36"
::1 - - [17/Jul/2019:12:13:55 +0000] "GET /api/city/list?t=1563365635532&page=1&pageSize=10 HTTP/1.1" 200 198 "http://localhost:8080/console/city/list" "Mozilla/5.0 (Macintosh; Intel Mac OS X 10_14_5) AppleWebKit/537.36 (KHTML, like Gecko) Chrome/75.0.3770.100 Safari/537.36"
::1 - - [17/Jul/2019:12:13:58 +0000] "GET /api/city/list?t=1563365638713&page=1&pageSize=10 HTTP/1.1" 200 198 "http://localhost:8080/console/city/list" "Mozilla/5.0 (Macintosh; Intel Mac OS X 10_14_5) AppleWebKit/537.36 (KHTML, like Gecko) Chrome/75.0.3770.100 Safari/537.36"
::1 - - [17/Jul/2019:12:14:15 +0000] "GET /api/city/list?t=1563365655284&page=1&pageSize=10 HTTP/1.1" 200 198 "http://localhost:8080/console/city/list" "Mozilla/5.0 (Macintosh; Intel Mac OS X 10_14_5) AppleWebKit/537.36 (KHTML, like Gecko) Chrome/75.0.3770.100 Safari/537.36"
::1 - - [17/Jul/2019:12:14:35 +0000] "GET /api/city/list?t=1563365675187&page=1&pageSize=10 HTTP/1.1" 200 198 "http://localhost:8080/console/city/list" "Mozilla/5.0 (Macintosh; Intel Mac OS X 10_14_5) AppleWebKit/537.36 (KHTML, like Gecko) Chrome/75.0.3770.100 Safari/537.36"
::1 - - [17/Jul/2019:12:14:37 +0000] "GET /api/city/list?t=1563365677910&page=1&pageSize=10 HTTP/1.1" 200 198 "http://localhost:8080/console/city/list" "Mozilla/5.0 (Macintosh; Intel Mac OS X 10_14_5) AppleWebKit/537.36 (KHTML, like Gecko) Chrome/75.0.3770.100 Safari/537.36"
::1 - - [17/Jul/2019:12:14:42 +0000] "GET /api/city/list?t=1563365682651&page=1&pageSize=10 HTTP/1.1" 200 198 "http://localhost:8080/console/city/list" "Mozilla/5.0 (Macintosh; Intel Mac OS X 10_14_5) AppleWebKit/537.36 (KHTML, like Gecko) Chrome/75.0.3770.100 Safari/537.36"
::1 - - [17/Jul/2019:12:14:51 +0000] "GET /api/city/list?t=1563365691234&page=1&pageSize=10 HTTP/1.1" 200 198 "http://localhost:8080/console/city/list" "Mozilla/5.0 (Macintosh; Intel Mac OS X 10_14_5) AppleWebKit/537.36 (KHTML, like Gecko) Chrome/75.0.3770.100 Safari/537.36"
::1 - - [17/Jul/2019:12:15:11 +0000] "GET /api/city/list?t=1563365711175&page=1&pageSize=10 HTTP/1.1" 200 198 "http://localhost:8080/console/city/list" "Mozilla/5.0 (Macintosh; Intel Mac OS X 10_14_5) AppleWebKit/537.36 (KHTML, like Gecko) Chrome/75.0.3770.100 Safari/537.36"
::1 - - [17/Jul/2019:12:15:13 +0000] "GET /api/city/list?t=1563365713034&page=1&pageSize=10 HTTP/1.1" 200 198 "http://localhost:8080/console/city/list" "Mozilla/5.0 (Macintosh; Intel Mac OS X 10_14_5) AppleWebKit/537.36 (KHTML, like Gecko) Chrome/75.0.3770.100 Safari/537.36"
::1 - - [17/Jul/2019:12:16:27 +0000] "GET /api/city/list?t=1563365787686&page=1&pageSize=10 HTTP/1.1" 200 198 "http://localhost:8080/console/city/list" "Mozilla/5.0 (Macintosh; Intel Mac OS X 10_14_5) AppleWebKit/537.36 (KHTML, like Gecko) Chrome/75.0.3770.100 Safari/537.36"
::1 - - [17/Jul/2019:12:16:35 +0000] "GET /api/city/list?t=1563365795243&page=1&pageSize=10 HTTP/1.1" 200 198 "http://localhost:8080/console/city/list" "Mozilla/5.0 (Macintosh; Intel Mac OS X 10_14_5) AppleWebKit/537.36 (KHTML, like Gecko) Chrome/75.0.3770.100 Safari/537.36"
::1 - - [17/Jul/2019:12:16:39 +0000] "GET /api/city/list?t=1563365799913&page=1&pageSize=10 HTTP/1.1" 200 198 "http://localhost:8080/console/city/list" "Mozilla/5.0 (Macintosh; Intel Mac OS X 10_14_5) AppleWebKit/537.36 (KHTML, like Gecko) Chrome/75.0.3770.100 Safari/537.36"
::1 - - [17/Jul/2019:12:16:41 +0000] "GET /api/city/list?t=1563365801884&page=1&pageSize=10 HTTP/1.1" 200 198 "http://localhost:8080/console/city/list" "Mozilla/5.0 (Macintosh; Intel Mac OS X 10_14_5) AppleWebKit/537.36 (KHTML, like Gecko) Chrome/75.0.3770.100 Safari/537.36"
::1 - - [17/Jul/2019:12:16:46 +0000] "GET /api/city/list?t=1563365806494&page=1&pageSize=10 HTTP/1.1" 200 198 "http://localhost:8080/console/city/list" "Mozilla/5.0 (Macintosh; Intel Mac OS X 10_14_5) AppleWebKit/537.36 (KHTML, like Gecko) Chrome/75.0.3770.100 Safari/537.36"
::1 - - [17/Jul/2019:12:17:02 +0000] "GET /api/city/list?t=1563365822753&page=1&pageSize=10 HTTP/1.1" 200 198 "http://localhost:8080/console/city/list" "Mozilla/5.0 (Macintosh; Intel Mac OS X 10_14_5) AppleWebKit/537.36 (KHTML, like Gecko) Chrome/75.0.3770.100 Safari/537.36"
::1 - - [17/Jul/2019:12:17:06 +0000] "GET /api/city/list?t=1563365826416&page=1&pageSize=10 HTTP/1.1" 200 198 "http://localhost:8080/console/city/list" "Mozilla/5.0 (Macintosh; Intel Mac OS X 10_14_5) AppleWebKit/537.36 (KHTML, like Gecko) Chrome/75.0.3770.100 Safari/537.36"
::1 - - [17/Jul/2019:12:17:15 +0000] "GET /api/city/list?t=1563365835471&page=1&pageSize=10 HTTP/1.1" 200 198 "http://localhost:8080/console/city/list" "Mozilla/5.0 (Macintosh; Intel Mac OS X 10_14_5) AppleWebKit/537.36 (KHTML, like Gecko) Chrome/75.0.3770.100 Safari/537.36"
::1 - - [17/Jul/2019:12:17:21 +0000] "GET /api/city/list?t=1563365841525&page=1&pageSize=10 HTTP/1.1" 200 198 "http://localhost:8080/console/city/list" "Mozilla/5.0 (Macintosh; Intel Mac OS X 10_14_5) AppleWebKit/537.36 (KHTML, like Gecko) Chrome/75.0.3770.100 Safari/537.36"
::1 - - [17/Jul/2019:12:19:10 +0000] "GET /api/city/list?t=1563365950601&page=1&pageSize=10 HTTP/1.1" 200 198 "http://localhost:8080/console/city/list" "Mozilla/5.0 (Macintosh; Intel Mac OS X 10_14_5) AppleWebKit/537.36 (KHTML, like Gecko) Chrome/75.0.3770.100 Safari/537.36"
::1 - - [17/Jul/2019:12:19:15 +0000] "GET /api/city/list?t=1563365955231&page=1&pageSize=10 HTTP/1.1" 200 198 "http://localhost:8080/console/city/list" "Mozilla/5.0 (Macintosh; Intel Mac OS X 10_14_5) AppleWebKit/537.36 (KHTML, like Gecko) Chrome/75.0.3770.100 Safari/537.36"
::1 - - [17/Jul/2019:12:19:46 +0000] "GET /api/city/list?t=1563365986954&page=1&pageSize=10 HTTP/1.1" 200 198 "http://localhost:8080/console/city/list" "Mozilla/5.0 (Macintosh; Intel Mac OS X 10_14_5) AppleWebKit/537.36 (KHTML, like Gecko) Chrome/75.0.3770.100 Safari/537.36"
::1 - - [17/Jul/2019:12:19:54 +0000] "GET /api/city/list?t=1563365994370&page=1&pageSize=10 HTTP/1.1" 200 198 "http://localhost:8080/console/city/list" "Mozilla/5.0 (Macintosh; Intel Mac OS X 10_14_5) AppleWebKit/537.36 (KHTML, like Gecko) Chrome/75.0.3770.100 Safari/537.36"
::1 - - [17/Jul/2019:12:19:58 +0000] "GET /api/city/list?t=1563365998504&page=1&pageSize=10 HTTP/1.1" 200 198 "http://localhost:8080/console/city/list" "Mozilla/5.0 (Macintosh; Intel Mac OS X 10_14_5) AppleWebKit/537.36 (KHTML, like Gecko) Chrome/75.0.3770.100 Safari/537.36"
::1 - - [17/Jul/2019:12:20:09 +0000] "GET /api/city/list?t=1563366009038&page=1&pageSize=10 HTTP/1.1" 200 198 "http://localhost:8080/console/city/list" "Mozilla/5.0 (Macintosh; Intel Mac OS X 10_14_5) AppleWebKit/537.36 (KHTML, like Gecko) Chrome/75.0.3770.100 Safari/537.36"
::1 - - [17/Jul/2019:12:20:11 +0000] "GET /api/city/list?t=1563366011843&page=1&pageSize=10 HTTP/1.1" 200 198 "http://localhost:8080/console/city/list" "Mozilla/5.0 (Macintosh; Intel Mac OS X 10_14_5) AppleWebKit/537.36 (KHTML, like Gecko) Chrome/75.0.3770.100 Safari/537.36"
::1 - - [17/Jul/2019:12:20:16 +0000] "GET /api/city/list?t=1563366016751&page=1&pageSize=10 HTTP/1.1" 200 198 "http://localhost:8080/console/city/list" "Mozilla/5.0 (Macintosh; Intel Mac OS X 10_14_5) AppleWebKit/537.36 (KHTML, like Gecko) Chrome/75.0.3770.100 Safari/537.36"
::1 - - [17/Jul/2019:12:20:36 +0000] "GET /api/city/list?t=1563366036833&page=1&pageSize=10 HTTP/1.1" 200 198 "http://localhost:8080/console/city/list" "Mozilla/5.0 (Macintosh; Intel Mac OS X 10_14_5) AppleWebKit/537.36 (KHTML, like Gecko) Chrome/75.0.3770.100 Safari/537.36"
::1 - - [17/Jul/2019:12:20:43 +0000] "GET /api/city/list?t=1563366043020&page=1&pageSize=10 HTTP/1.1" 200 198 "http://localhost:8080/console/city/list" "Mozilla/5.0 (Macintosh; Intel Mac OS X 10_14_5) AppleWebKit/537.36 (KHTML, like Gecko) Chrome/75.0.3770.100 Safari/537.36"
::1 - - [17/Jul/2019:12:20:53 +0000] "GET /api/city/list?t=1563366053108&page=1&pageSize=10 HTTP/1.1" 200 198 "http://localhost:8080/console/city/list" "Mozilla/5.0 (Macintosh; Intel Mac OS X 10_14_5) AppleWebKit/537.36 (KHTML, like Gecko) Chrome/75.0.3770.100 Safari/537.36"
::1 - - [17/Jul/2019:12:21:10 +0000] "GET /api/city/list?t=1563366070540&page=1&pageSize=10 HTTP/1.1" 200 198 "http://localhost:8080/console/city/list" "Mozilla/5.0 (Macintosh; Intel Mac OS X 10_14_5) AppleWebKit/537.36 (KHTML, like Gecko) Chrome/75.0.3770.100 Safari/537.36"
::1 - - [17/Jul/2019:12:21:13 +0000] "GET /api/city/list?t=1563366073714&page=1&pageSize=10 HTTP/1.1" 200 198 "http://localhost:8080/console/city/list" "Mozilla/5.0 (Macintosh; Intel Mac OS X 10_14_5) AppleWebKit/537.36 (KHTML, like Gecko) Chrome/75.0.3770.100 Safari/537.36"
::1 - - [17/Jul/2019:12:21:15 +0000] "GET /api/city/list?t=1563366075957&page=1&pageSize=10 HTTP/1.1" 200 198 "http://localhost:8080/console/city/list" "Mozilla/5.0 (Macintosh; Intel Mac OS X 10_14_5) AppleWebKit/537.36 (KHTML, like Gecko) Chrome/75.0.3770.100 Safari/537.36"
::1 - - [17/Jul/2019:12:21:20 +0000] "GET /api/city/list?t=1563366080467&page=1&pageSize=10 HTTP/1.1" 200 198 "http://localhost:8080/console/city/list" "Mozilla/5.0 (Macintosh; Intel Mac OS X 10_14_5) AppleWebKit/537.36 (KHTML, like Gecko) Chrome/75.0.3770.100 Safari/537.36"
::1 - - [17/Jul/2019:12:21:34 +0000] "GET /api/city/list?t=1563366094720&page=1&pageSize=10 HTTP/1.1" 200 198 "http://localhost:8080/console/city/list" "Mozilla/5.0 (Macintosh; Intel Mac OS X 10_14_5) AppleWebKit/537.36 (KHTML, like Gecko) Chrome/75.0.3770.100 Safari/537.36"
::1 - - [17/Jul/2019:12:21:37 +0000] "GET /api/city/list?t=1563366097593&page=1&pageSize=10 HTTP/1.1" 200 198 "http://localhost:8080/console/city/list" "Mozilla/5.0 (Macintosh; Intel Mac OS X 10_14_5) AppleWebKit/537.36 (KHTML, like Gecko) Chrome/75.0.3770.100 Safari/537.36"
::1 - - [17/Jul/2019:12:21:43 +0000] "GET /api/city/list?t=1563366103436&page=1&pageSize=10 HTTP/1.1" 200 198 "http://localhost:8080/console/city/list" "Mozilla/5.0 (Macintosh; Intel Mac OS X 10_14_5) AppleWebKit/537.36 (KHTML, like Gecko) Chrome/75.0.3770.100 Safari/537.36"
::1 - - [17/Jul/2019:12:21:48 +0000] "GET /api/city/list?t=1563366108738&page=1&pageSize=10 HTTP/1.1" 200 198 "http://localhost:8080/console/city/list" "Mozilla/5.0 (Macintosh; Intel Mac OS X 10_14_5) AppleWebKit/537.36 (KHTML, like Gecko) Chrome/75.0.3770.100 Safari/537.36"
::1 - - [17/Jul/2019:12:21:55 +0000] "GET /api/city/list?t=1563366115048&page=1&pageSize=10 HTTP/1.1" 200 198 "http://localhost:8080/console/city/list" "Mozilla/5.0 (Macintosh; Intel Mac OS X 10_14_5) AppleWebKit/537.36 (KHTML, like Gecko) Chrome/75.0.3770.100 Safari/537.36"
::1 - - [17/Jul/2019:12:23:43 +0000] "GET /api/city/list?t=1563366223476&page=1&pageSize=10 HTTP/1.1" 200 198 "http://localhost:8080/console/city/list" "Mozilla/5.0 (Macintosh; Intel Mac OS X 10_14_5) AppleWebKit/537.36 (KHTML, like Gecko) Chrome/75.0.3770.100 Safari/537.36"
::1 - - [17/Jul/2019:12:23:57 +0000] "GET /api/city/list?t=1563366237358&page=1&pageSize=10 HTTP/1.1" 200 198 "http://localhost:8080/console/city/list" "Mozilla/5.0 (Macintosh; Intel Mac OS X 10_14_5) AppleWebKit/537.36 (KHTML, like Gecko) Chrome/75.0.3770.100 Safari/537.36"
::1 - - [17/Jul/2019:12:24:03 +0000] "GET /api/city/list?t=1563366243631&page=1&pageSize=10 HTTP/1.1" 200 198 "http://localhost:8080/console/city/list" "Mozilla/5.0 (Macintosh; Intel Mac OS X 10_14_5) AppleWebKit/537.36 (KHTML, like Gecko) Chrome/75.0.3770.100 Safari/537.36"
::1 - - [17/Jul/2019:12:24:08 +0000] "GET /api/city/list?t=1563366248477&page=1&pageSize=10 HTTP/1.1" 200 198 "http://localhost:8080/console/city/list" "Mozilla/5.0 (Macintosh; Intel Mac OS X 10_14_5) AppleWebKit/537.36 (KHTML, like Gecko) Chrome/75.0.3770.100 Safari/537.36"
::1 - - [17/Jul/2019:12:24:12 +0000] "GET /api/city/list?t=1563366252576&page=1&pageSize=10 HTTP/1.1" 200 198 "http://localhost:8080/console/city/list" "Mozilla/5.0 (Macintosh; Intel Mac OS X 10_14_5) AppleWebKit/537.36 (KHTML, like Gecko) Chrome/75.0.3770.100 Safari/537.36"
::1 - - [17/Jul/2019:12:24:26 +0000] "GET /api/city/list?t=1563366266389&page=1&pageSize=10 HTTP/1.1" 200 198 "http://localhost:8080/console/city/list" "Mozilla/5.0 (Macintosh; Intel Mac OS X 10_14_5) AppleWebKit/537.36 (KHTML, like Gecko) Chrome/75.0.3770.100 Safari/537.36"
::1 - - [17/Jul/2019:12:24:28 +0000] "GET /api/city/list?t=1563366268620&page=1&pageSize=10 HTTP/1.1" 200 198 "http://localhost:8080/console/city/list" "Mozilla/5.0 (Macintosh; Intel Mac OS X 10_14_5) AppleWebKit/537.36 (KHTML, like Gecko) Chrome/75.0.3770.100 Safari/537.36"
::1 - - [17/Jul/2019:12:24:34 +0000] "GET /api/city/list?t=1563366274334&page=1&pageSize=10 HTTP/1.1" 200 198 "http://localhost:8080/console/city/list" "Mozilla/5.0 (Macintosh; Intel Mac OS X 10_14_5) AppleWebKit/537.36 (KHTML, like Gecko) Chrome/75.0.3770.100 Safari/537.36"
::1 - - [17/Jul/2019:12:24:38 +0000] "GET /api/city/list?t=1563366278001&page=1&pageSize=10 HTTP/1.1" 200 198 "http://localhost:8080/console/city/list" "Mozilla/5.0 (Macintosh; Intel Mac OS X 10_14_5) AppleWebKit/537.36 (KHTML, like Gecko) Chrome/75.0.3770.100 Safari/537.36"
::1 - - [17/Jul/2019:12:24:45 +0000] "GET /api/city/list?t=1563366285425&page=1&pageSize=10 HTTP/1.1" 200 198 "http://localhost:8080/console/city/list" "Mozilla/5.0 (Macintosh; Intel Mac OS X 10_14_5) AppleWebKit/537.36 (KHTML, like Gecko) Chrome/75.0.3770.100 Safari/537.36"
::1 - - [17/Jul/2019:12:31:49 +0000] "GET /api/city/list?t=1563366709132&page=1&pageSize=10 HTTP/1.1" 200 198 "http://localhost:8080/console/city/list" "Mozilla/5.0 (Macintosh; Intel Mac OS X 10_14_5) AppleWebKit/537.36 (KHTML, like Gecko) Chrome/75.0.3770.100 Safari/537.36"
::1 - - [17/Jul/2019:12:31:53 +0000] "GET /api/city/list?t=1563366713254&page=1&pageSize=10 HTTP/1.1" 200 198 "http://localhost:8080/console/city/list" "Mozilla/5.0 (Macintosh; Intel Mac OS X 10_14_5) AppleWebKit/537.36 (KHTML, like Gecko) Chrome/75.0.3770.100 Safari/537.36"
::1 - - [17/Jul/2019:12:32:00 +0000] "GET /api/city/list?t=1563366720137&page=1&pageSize=10 HTTP/1.1" 200 198 "http://localhost:8080/console/city/list" "Mozilla/5.0 (Macintosh; Intel Mac OS X 10_14_5) AppleWebKit/537.36 (KHTML, like Gecko) Chrome/75.0.3770.100 Safari/537.36"
::1 - - [17/Jul/2019:12:35:06 +0000] "GET /api/city/list?t=1563366906876&page=1&pageSize=10 HTTP/1.1" 200 198 "http://localhost:8080/console/city/list" "Mozilla/5.0 (Macintosh; Intel Mac OS X 10_14_5) AppleWebKit/537.36 (KHTML, like Gecko) Chrome/75.0.3770.100 Safari/537.36"
::1 - - [17/Jul/2019:12:35:38 +0000] "GET /api/city/list?t=1563366938537&page=1&pageSize=10 HTTP/1.1" 200 198 "http://localhost:8080/console/city/list" "Mozilla/5.0 (Macintosh; Intel Mac OS X 10_14_5) AppleWebKit/537.36 (KHTML, like Gecko) Chrome/75.0.3770.100 Safari/537.36"
::1 - - [17/Jul/2019:12:35:46 +0000] "GET /api/city/list?t=1563366946771&page=1&pageSize=10 HTTP/1.1" 200 198 "http://localhost:8080/console/city/list" "Mozilla/5.0 (Macintosh; Intel Mac OS X 10_14_5) AppleWebKit/537.36 (KHTML, like Gecko) Chrome/75.0.3770.100 Safari/537.36"
::1 - - [17/Jul/2019:12:35:50 +0000] "GET /api/city/list?t=1563366950433&page=1&pageSize=10 HTTP/1.1" 200 198 "http://localhost:8080/console/city/list" "Mozilla/5.0 (Macintosh; Intel Mac OS X 10_14_5) AppleWebKit/537.36 (KHTML, like Gecko) Chrome/75.0.3770.100 Safari/537.36"
::1 - - [17/Jul/2019:12:35:56 +0000] "GET /api/vehicle/list?t=1563366956051&page=1&pageSize=10 HTTP/1.1" 200 1310 "http://localhost:8080/console/vehicle" "Mozilla/5.0 (Macintosh; Intel Mac OS X 10_14_5) AppleWebKit/537.36 (KHTML, like Gecko) Chrome/75.0.3770.100 Safari/537.36"
