::1 - - [10/Aug/2019:01:24:20 +0000] "GET /api/schedule/detail HTTP/1.1" 200 65 "-" "PostmanRuntime/7.15.2"
::1 - - [10/Aug/2019:01:24:38 +0000] "GET /api/schedule/detail HTTP/1.1" 200 65 "-" "PostmanRuntime/7.15.2"
::1 - - [10/Aug/2019:01:40:50 +0000] "GET /api/schedule/detail HTTP/1.1" 200 765 "-" "PostmanRuntime/7.15.2"
::1 - - [10/Aug/2019:01:41:25 +0000] "GET /api/schedule/detail HTTP/1.1" 200 104 "-" "PostmanRuntime/7.15.2"
::1 - - [10/Aug/2019:01:42:35 +0000] "GET /api/schedule/detail HTTP/1.1" 200 104 "-" "PostmanRuntime/7.15.2"
::1 - - [10/Aug/2019:02:12:47 +0000] "GET /api/schedule/detail HTTP/1.1" 200 109 "-" "PostmanRuntime/7.15.2"
::1 - - [10/Aug/2019:02:16:31 +0000] "GET /api/schedule/detail HTTP/1.1" 200 125 "-" "PostmanRuntime/7.15.2"
::1 - - [10/Aug/2019:02:16:52 +0000] "GET /api/schedule/detail HTTP/1.1" 200 121 "-" "PostmanRuntime/7.15.2"
::1 - - [10/Aug/2019:02:27:34 +0000] "GET /api/schedule/detail HTTP/1.1" 200 34 "-" "PostmanRuntime/7.15.2"
::1 - - [10/Aug/2019:02:27:48 +0000] "GET /api/schedule/detail HTTP/1.1" 200 34 "-" "PostmanRuntime/7.15.2"
::1 - - [10/Aug/2019:02:29:55 +0000] "GET /api/schedule/detail HTTP/1.1" 200 161 "-" "PostmanRuntime/7.15.2"
::1 - - [10/Aug/2019:02:30:42 +0000] "GET /api/schedule/detail HTTP/1.1" 200 161 "-" "PostmanRuntime/7.15.2"
::1 - - [10/Aug/2019:02:31:48 +0000] "GET /api/schedule/detail HTTP/1.1" 200 162 "-" "PostmanRuntime/7.15.2"
::1 - - [10/Aug/2019:02:31:58 +0000] "GET /api/schedule/detail HTTP/1.1" 200 161 "-" "PostmanRuntime/7.15.2"
::1 - - [10/Aug/2019:02:58:12 +0000] "GET /api/vehicle/list?t=1565405892003&page=1&pageSize=10 HTTP/1.1" 200 871 "http://localhost:8080/console/schedule/manual" "Mozilla/5.0 (Macintosh; Intel Mac OS X 10_14_5) AppleWebKit/537.36 (KHTML, like Gecko) Chrome/76.0.3809.100 Safari/537.36"
::1 - - [10/Aug/2019:02:58:15 +0000] "GET /api/vehicle/list?t=1565405895544&page=1&pageSize=10 HTTP/1.1" 200 871 "http://localhost:8080/console/schedule/manual" "Mozilla/5.0 (Macintosh; Intel Mac OS X 10_14_5) AppleWebKit/537.36 (KHTML, like Gecko) Chrome/76.0.3809.100 Safari/537.36"
::1 - - [10/Aug/2019:02:58:18 +0000] "GET /api/city/list?t=1565405898204&page=1&pageSize=10 HTTP/1.1" 200 662 "http://localhost:8080/console/city/list" "Mozilla/5.0 (Macintosh; Intel Mac OS X 10_14_5) AppleWebKit/537.36 (KHTML, like Gecko) Chrome/76.0.3809.100 Safari/537.36"
::1 - - [10/Aug/2019:02:58:20 +0000] "GET /api/vehicle/list?t=1565405900993&page=1&pageSize=10 HTTP/1.1" 200 871 "http://localhost:8080/console/schedule/manual" "Mozilla/5.0 (Macintosh; Intel Mac OS X 10_14_5) AppleWebKit/537.36 (KHTML, like Gecko) Chrome/76.0.3809.100 Safari/537.36"
::1 - - [10/Aug/2019:06:05:59 +0000] "GET /api/schedule/autoSchedule HTTP/1.1" 200 29 "-" "PostmanRuntime/7.15.2"
::1 - - [10/Aug/2019:06:06:43 +0000] "GET /api/schedule/autoSchedule HTTP/1.1" 200 29 "-" "PostmanRuntime/7.15.2"
::1 - - [10/Aug/2019:06:07:14 +0000] "GET /api/vehicle/list?t=1565417234766&page=1&pageSize=10 HTTP/1.1" 200 871 "http://localhost:8080/console/vehicle" "Mozilla/5.0 (Macintosh; Intel Mac OS X 10_14_5) AppleWebKit/537.36 (KHTML, like Gecko) Chrome/76.0.3809.100 Safari/537.36"
::1 - - [10/Aug/2019:06:09:45 +0000] "GET /api/vehicle/list?t=1565417385538&page=1&pageSize=10 HTTP/1.1" 200 61 "http://localhost:8080/console/vehicle" "Mozilla/5.0 (Macintosh; Intel Mac OS X 10_14_5) AppleWebKit/537.36 (KHTML, like Gecko) Chrome/76.0.3809.100 Safari/537.36"
::1 - - [10/Aug/2019:06:09:47 +0000] "GET /api/vehicle/list?t=1565417387064&page=1&pageSize=10 HTTP/1.1" 200 61 "http://localhost:8080/console/vehicle" "Mozilla/5.0 (Macintosh; Intel Mac OS X 10_14_5) AppleWebKit/537.36 (KHTML, like Gecko) Chrome/76.0.3809.100 Safari/537.36"
::1 - - [10/Aug/2019:06:09:47 +0000] "GET /api/vehicle/list?t=1565417387728&page=1&pageSize=10 HTTP/1.1" 200 61 "http://localhost:8080/console/vehicle" "Mozilla/5.0 (Macintosh; Intel Mac OS X 10_14_5) AppleWebKit/537.36 (KHTML, like Gecko) Chrome/76.0.3809.100 Safari/537.36"
::1 - - [10/Aug/2019:06:09:48 +0000] "GET /api/vehicle/list?t=1565417388505&page=1&pageSize=10 HTTP/1.1" 200 61 "http://localhost:8080/console/vehicle" "Mozilla/5.0 (Macintosh; Intel Mac OS X 10_14_5) AppleWebKit/537.36 (KHTML, like Gecko) Chrome/76.0.3809.100 Safari/537.36"
::1 - - [10/Aug/2019:06:09:56 +0000] "GET /api/vehicle/list?t=1565417396224&page=1&pageSize=10 HTTP/1.1" 200 61 "http://localhost:8080/console/vehicle" "Mozilla/5.0 (Macintosh; Intel Mac OS X 10_14_5) AppleWebKit/537.36 (KHTML, like Gecko) Chrome/76.0.3809.100 Safari/537.36"
::1 - - [10/Aug/2019:06:09:56 +0000] "GET /api/vehicle/list?t=1565417396905&page=1&pageSize=10 HTTP/1.1" 200 61 "http://localhost:8080/console/vehicle" "Mozilla/5.0 (Macintosh; Intel Mac OS X 10_14_5) AppleWebKit/537.36 (KHTML, like Gecko) Chrome/76.0.3809.100 Safari/537.36"
::1 - - [10/Aug/2019:06:09:57 +0000] "GET /api/vehicle/list?t=1565417397544&page=1&pageSize=10 HTTP/1.1" 200 61 "http://localhost:8080/console/vehicle" "Mozilla/5.0 (Macintosh; Intel Mac OS X 10_14_5) AppleWebKit/537.36 (KHTML, like Gecko) Chrome/76.0.3809.100 Safari/537.36"
::1 - - [10/Aug/2019:06:11:47 +0000] "POST /api/vehicle/info?t=1565417507884 HTTP/1.1" 200 43 "http://localhost:8080/console/vehicle" "Mozilla/5.0 (Macintosh; Intel Mac OS X 10_14_5) AppleWebKit/537.36 (KHTML, like Gecko) Chrome/76.0.3809.100 Safari/537.36"
::1 - - [10/Aug/2019:06:11:47 +0000] "GET /api/vehicle/list?t=1565417507920&page=1&pageSize=10 HTTP/1.1" 200 271 "http://localhost:8080/console/vehicle" "Mozilla/5.0 (Macintosh; Intel Mac OS X 10_14_5) AppleWebKit/537.36 (KHTML, like Gecko) Chrome/76.0.3809.100 Safari/537.36"
::1 - - [10/Aug/2019:06:21:11 +0000] "GET /api/vehicle/list?t=1565418071345&page=1&pageSize=10 HTTP/1.1" 200 274 "http://localhost:8080/console/vehicle" "Mozilla/5.0 (Macintosh; Intel Mac OS X 10_14_5) AppleWebKit/537.36 (KHTML, like Gecko) Chrome/76.0.3809.100 Safari/537.36"
::1 - - [10/Aug/2019:06:21:52 +0000] "GET /api/vehicle/list?t=1565418112173&page=1&pageSize=10 HTTP/1.1" 200 274 "http://localhost:8080/console/vehicle" "Mozilla/5.0 (Macintosh; Intel Mac OS X 10_14_5) AppleWebKit/537.36 (KHTML, like Gecko) Chrome/76.0.3809.100 Safari/537.36"
::1 - - [10/Aug/2019:06:22:26 +0000] "GET /api/vehicle/list?t=1565418146661&page=1&pageSize=10 HTTP/1.1" 200 274 "http://localhost:8080/console/vehicle" "Mozilla/5.0 (Macintosh; Intel Mac OS X 10_14_5) AppleWebKit/537.36 (KHTML, like Gecko) Chrome/76.0.3809.100 Safari/537.36"
::1 - - [10/Aug/2019:06:36:54 +0000] "GET /api/city/insert/all HTTP/1.1" 200 555 "-" "PostmanRuntime/7.15.2"
::1 - - [10/Aug/2019:06:37:48 +0000] "GET /api/city/insert/all HTTP/1.1" 200 202 "-" "PostmanRuntime/7.15.2"
::1 - - [10/Aug/2019:06:38:58 +0000] "GET /api/vehicle/list?t=1565419138138&page=1&pageSize=10 HTTP/1.1" 200 274 "http://localhost:8080/console/vehicle" "Mozilla/5.0 (Macintosh; Intel Mac OS X 10_14_5) AppleWebKit/537.36 (KHTML, like Gecko) Chrome/76.0.3809.100 Safari/537.36"
::1 - - [10/Aug/2019:06:39:03 +0000] "GET /api/vehicle/list?t=1565419143039&page=1&pageSize=10 HTTP/1.1" 200 274 "http://localhost:8080/console/vehicle" "Mozilla/5.0 (Macintosh; Intel Mac OS X 10_14_5) AppleWebKit/537.36 (KHTML, like Gecko) Chrome/76.0.3809.100 Safari/537.36"
::1 - - [10/Aug/2019:06:39:03 +0000] "GET /api/vehicle/list?t=1565419143911&page=1&pageSize=10 HTTP/1.1" 200 274 "http://localhost:8080/console/vehicle" "Mozilla/5.0 (Macintosh; Intel Mac OS X 10_14_5) AppleWebKit/537.36 (KHTML, like Gecko) Chrome/76.0.3809.100 Safari/537.36"
::1 - - [10/Aug/2019:06:39:04 +0000] "GET /api/vehicle/list?t=1565419144732&page=1&pageSize=10 HTTP/1.1" 200 274 "http://localhost:8080/console/vehicle" "Mozilla/5.0 (Macintosh; Intel Mac OS X 10_14_5) AppleWebKit/537.36 (KHTML, like Gecko) Chrome/76.0.3809.100 Safari/537.36"
::1 - - [10/Aug/2019:06:40:15 +0000] "POST /api/vehicle/info?t=1565419215827 HTTP/1.1" 200 43 "http://localhost:8080/console/vehicle" "Mozilla/5.0 (Macintosh; Intel Mac OS X 10_14_5) AppleWebKit/537.36 (KHTML, like Gecko) Chrome/76.0.3809.100 Safari/537.36"
::1 - - [10/Aug/2019:06:40:15 +0000] "GET /api/vehicle/list?t=1565419215864&page=1&pageSize=10 HTTP/1.1" 200 483 "http://localhost:8080/console/vehicle" "Mozilla/5.0 (Macintosh; Intel Mac OS X 10_14_5) AppleWebKit/537.36 (KHTML, like Gecko) Chrome/76.0.3809.100 Safari/537.36"
::1 - - [10/Aug/2019:06:40:38 +0000] "POST /api/vehicle/info?t=1565419238881 HTTP/1.1" 200 43 "http://localhost:8080/console/vehicle" "Mozilla/5.0 (Macintosh; Intel Mac OS X 10_14_5) AppleWebKit/537.36 (KHTML, like Gecko) Chrome/76.0.3809.100 Safari/537.36"
::1 - - [10/Aug/2019:06:40:38 +0000] "GET /api/vehicle/list?t=1565419238921&page=1&pageSize=10 HTTP/1.1" 200 697 "http://localhost:8080/console/vehicle" "Mozilla/5.0 (Macintosh; Intel Mac OS X 10_14_5) AppleWebKit/537.36 (KHTML, like Gecko) Chrome/76.0.3809.100 Safari/537.36"
::1 - - [10/Aug/2019:06:40:51 +0000] "GET /api/city/all?t=1565419251734 HTTP/1.1" 200 6279 "http://localhost:8080/console/vehicle" "Mozilla/5.0 (Macintosh; Intel Mac OS X 10_14_5) AppleWebKit/537.36 (KHTML, like Gecko) Chrome/76.0.3809.100 Safari/537.36"
::1 - - [10/Aug/2019:06:40:51 +0000] "GET /api/vehicle/info/1?t=1565419251734 HTTP/1.1" 200 186 "http://localhost:8080/console/vehicle" "Mozilla/5.0 (Macintosh; Intel Mac OS X 10_14_5) AppleWebKit/537.36 (KHTML, like Gecko) Chrome/76.0.3809.100 Safari/537.36"
::1 - - [10/Aug/2019:06:40:56 +0000] "OPTIONS /api/vehicle/info?t=1565419256557 HTTP/1.1" 200 8 "http://localhost:8080/console/vehicle" "Mozilla/5.0 (Macintosh; Intel Mac OS X 10_14_5) AppleWebKit/537.36 (KHTML, like Gecko) Chrome/76.0.3809.100 Safari/537.36"
::1 - - [10/Aug/2019:06:40:56 +0000] "PUT /api/vehicle/info?t=1565419256557 HTTP/1.1" 200 43 "http://localhost:8080/console/vehicle" "Mozilla/5.0 (Macintosh; Intel Mac OS X 10_14_5) AppleWebKit/537.36 (KHTML, like Gecko) Chrome/76.0.3809.100 Safari/537.36"
::1 - - [10/Aug/2019:06:40:56 +0000] "GET /api/vehicle/list?t=1565419256605&page=1&pageSize=10 HTTP/1.1" 200 697 "http://localhost:8080/console/vehicle" "Mozilla/5.0 (Macintosh; Intel Mac OS X 10_14_5) AppleWebKit/537.36 (KHTML, like Gecko) Chrome/76.0.3809.100 Safari/537.36"
::1 - - [10/Aug/2019:06:41:06 +0000] "GET /api/vehicle/info/1?t=1565419266168 HTTP/1.1" 200 186 "http://localhost:8080/console/vehicle" "Mozilla/5.0 (Macintosh; Intel Mac OS X 10_14_5) AppleWebKit/537.36 (KHTML, like Gecko) Chrome/76.0.3809.100 Safari/537.36"
::1 - - [10/Aug/2019:06:41:06 +0000] "GET /api/city/all?t=1565419266168 HTTP/1.1" 200 6279 "http://localhost:8080/console/vehicle" "Mozilla/5.0 (Macintosh; Intel Mac OS X 10_14_5) AppleWebKit/537.36 (KHTML, like Gecko) Chrome/76.0.3809.100 Safari/537.36"
::1 - - [10/Aug/2019:06:41:11 +0000] "OPTIONS /api/vehicle/info?t=1565419271045 HTTP/1.1" 200 8 "http://localhost:8080/console/vehicle" "Mozilla/5.0 (Macintosh; Intel Mac OS X 10_14_5) AppleWebKit/537.36 (KHTML, like Gecko) Chrome/76.0.3809.100 Safari/537.36"
::1 - - [10/Aug/2019:06:41:11 +0000] "PUT /api/vehicle/info?t=1565419271045 HTTP/1.1" 200 43 "http://localhost:8080/console/vehicle" "Mozilla/5.0 (Macintosh; Intel Mac OS X 10_14_5) AppleWebKit/537.36 (KHTML, like Gecko) Chrome/76.0.3809.100 Safari/537.36"
::1 - - [10/Aug/2019:06:41:11 +0000] "GET /api/vehicle/list?t=1565419271076&page=1&pageSize=10 HTTP/1.1" 200 697 "http://localhost:8080/console/vehicle" "Mozilla/5.0 (Macintosh; Intel Mac OS X 10_14_5) AppleWebKit/537.36 (KHTML, like Gecko) Chrome/76.0.3809.100 Safari/537.36"
::1 - - [10/Aug/2019:06:41:38 +0000] "POST /api/vehicle/info?t=1565419298982 HTTP/1.1" 200 43 "http://localhost:8080/console/vehicle" "Mozilla/5.0 (Macintosh; Intel Mac OS X 10_14_5) AppleWebKit/537.36 (KHTML, like Gecko) Chrome/76.0.3809.100 Safari/537.36"
::1 - - [10/Aug/2019:06:41:39 +0000] "GET /api/vehicle/list?t=1565419299011&page=1&pageSize=10 HTTP/1.1" 200 906 "http://localhost:8080/console/vehicle" "Mozilla/5.0 (Macintosh; Intel Mac OS X 10_14_5) AppleWebKit/537.36 (KHTML, like Gecko) Chrome/76.0.3809.100 Safari/537.36"
::1 - - [10/Aug/2019:06:42:08 +0000] "POST /api/vehicle/info?t=1565419328151 HTTP/1.1" 200 43 "http://localhost:8080/console/vehicle" "Mozilla/5.0 (Macintosh; Intel Mac OS X 10_14_5) AppleWebKit/537.36 (KHTML, like Gecko) Chrome/76.0.3809.100 Safari/537.36"
::1 - - [10/Aug/2019:06:42:08 +0000] "GET /api/vehicle/list?t=1565419328179&page=1&pageSize=10 HTTP/1.1" 200 1120 "http://localhost:8080/console/vehicle" "Mozilla/5.0 (Macintosh; Intel Mac OS X 10_14_5) AppleWebKit/537.36 (KHTML, like Gecko) Chrome/76.0.3809.100 Safari/537.36"
::1 - - [10/Aug/2019:06:42:22 +0000] "POST /api/vehicle/info?t=1565419342224 HTTP/1.1" 200 43 "http://localhost:8080/console/vehicle" "Mozilla/5.0 (Macintosh; Intel Mac OS X 10_14_5) AppleWebKit/537.36 (KHTML, like Gecko) Chrome/76.0.3809.100 Safari/537.36"
::1 - - [10/Aug/2019:06:42:22 +0000] "GET /api/vehicle/list?t=1565419342256&page=1&pageSize=10 HTTP/1.1" 200 1329 "http://localhost:8080/console/vehicle" "Mozilla/5.0 (Macintosh; Intel Mac OS X 10_14_5) AppleWebKit/537.36 (KHTML, like Gecko) Chrome/76.0.3809.100 Safari/537.36"
::1 - - [10/Aug/2019:06:42:35 +0000] "POST /api/vehicle/info?t=1565419355101 HTTP/1.1" 200 43 "http://localhost:8080/console/vehicle" "Mozilla/5.0 (Macintosh; Intel Mac OS X 10_14_5) AppleWebKit/537.36 (KHTML, like Gecko) Chrome/76.0.3809.100 Safari/537.36"
::1 - - [10/Aug/2019:06:42:35 +0000] "GET /api/vehicle/list?t=1565419355133&page=1&pageSize=10 HTTP/1.1" 200 1543 "http://localhost:8080/console/vehicle" "Mozilla/5.0 (Macintosh; Intel Mac OS X 10_14_5) AppleWebKit/537.36 (KHTML, like Gecko) Chrome/76.0.3809.100 Safari/537.36"
::1 - - [10/Aug/2019:06:42:48 +0000] "POST /api/vehicle/info?t=1565419368581 HTTP/1.1" 200 43 "http://localhost:8080/console/vehicle" "Mozilla/5.0 (Macintosh; Intel Mac OS X 10_14_5) AppleWebKit/537.36 (KHTML, like Gecko) Chrome/76.0.3809.100 Safari/537.36"
::1 - - [10/Aug/2019:06:42:48 +0000] "GET /api/vehicle/list?t=1565419368614&page=1&pageSize=10 HTTP/1.1" 200 1757 "http://localhost:8080/console/vehicle" "Mozilla/5.0 (Macintosh; Intel Mac OS X 10_14_5) AppleWebKit/537.36 (KHTML, like Gecko) Chrome/76.0.3809.100 Safari/537.36"
::1 - - [10/Aug/2019:06:43:00 +0000] "POST /api/vehicle/info?t=1565419380231 HTTP/1.1" 200 43 "http://localhost:8080/console/vehicle" "Mozilla/5.0 (Macintosh; Intel Mac OS X 10_14_5) AppleWebKit/537.36 (KHTML, like Gecko) Chrome/76.0.3809.100 Safari/537.36"
::1 - - [10/Aug/2019:06:43:00 +0000] "GET /api/vehicle/list?t=1565419380262&page=1&pageSize=10 HTTP/1.1" 200 1971 "http://localhost:8080/console/vehicle" "Mozilla/5.0 (Macintosh; Intel Mac OS X 10_14_5) AppleWebKit/537.36 (KHTML, like Gecko) Chrome/76.0.3809.100 Safari/537.36"
::1 - - [10/Aug/2019:06:43:13 +0000] "GET /api/order/list?t=1565419393719&page=1&pageSize=10 HTTP/1.1" 200 61 "http://localhost:8080/console/order" "Mozilla/5.0 (Macintosh; Intel Mac OS X 10_14_5) AppleWebKit/537.36 (KHTML, like Gecko) Chrome/76.0.3809.100 Safari/537.36"
::1 - - [10/Aug/2019:06:43:13 +0000] "GET /api/city/all?t=1565419393719 HTTP/1.1" 200 6279 "http://localhost:8080/console/order" "Mozilla/5.0 (Macintosh; Intel Mac OS X 10_14_5) AppleWebKit/537.36 (KHTML, like Gecko) Chrome/76.0.3809.100 Safari/537.36"
::1 - - [10/Aug/2019:06:43:14 +0000] "GET /api/city/list?t=1565419394887&page=1&pageSize=10 HTTP/1.1" 200 741 "http://localhost:8080/console/city/list" "Mozilla/5.0 (Macintosh; Intel Mac OS X 10_14_5) AppleWebKit/537.36 (KHTML, like Gecko) Chrome/76.0.3809.100 Safari/537.36"
::1 - - [10/Aug/2019:06:43:17 +0000] "GET /api/city/list?t=1565419397730&page=2&pageSize=10 HTTP/1.1" 200 726 "http://localhost:8080/console/city/list" "Mozilla/5.0 (Macintosh; Intel Mac OS X 10_14_5) AppleWebKit/537.36 (KHTML, like Gecko) Chrome/76.0.3809.100 Safari/537.36"
::1 - - [10/Aug/2019:06:43:19 +0000] "GET /api/city/list?t=1565419399169&page=3&pageSize=10 HTTP/1.1" 200 736 "http://localhost:8080/console/city/list" "Mozilla/5.0 (Macintosh; Intel Mac OS X 10_14_5) AppleWebKit/537.36 (KHTML, like Gecko) Chrome/76.0.3809.100 Safari/537.36"
::1 - - [10/Aug/2019:06:43:20 +0000] "GET /api/city/distance?t=1565419400520 HTTP/1.1" 200 391656 "http://localhost:8080/console/city/distance" "Mozilla/5.0 (Macintosh; Intel Mac OS X 10_14_5) AppleWebKit/537.36 (KHTML, like Gecko) Chrome/76.0.3809.100 Safari/537.36"
::1 - - [10/Aug/2019:06:43:57 +0000] "GET /api/city/distance?t=1565419437066&startCityName=%E5%8D%97%E4%BA%AC&targetCityName=%E7%9B%90%E5%9F%8E HTTP/1.1" 200 193 "http://localhost:8080/console/city/distance" "Mozilla/5.0 (Macintosh; Intel Mac OS X 10_14_5) AppleWebKit/537.36 (KHTML, like Gecko) Chrome/76.0.3809.100 Safari/537.36"
::1 - - [10/Aug/2019:06:44:07 +0000] "GET /api/city/distance?t=1565419447014 HTTP/1.1" 200 391656 "http://localhost:8080/console/city/distance" "Mozilla/5.0 (Macintosh; Intel Mac OS X 10_14_5) AppleWebKit/537.36 (KHTML, like Gecko) Chrome/76.0.3809.100 Safari/537.36"
::1 - - [10/Aug/2019:06:44:55 +0000] "GET /api/city/distance?t=1565419495647 HTTP/1.1" 200 391656 "http://localhost:8080/console/city/distance" "Mozilla/5.0 (Macintosh; Intel Mac OS X 10_14_5) AppleWebKit/537.36 (KHTML, like Gecko) Chrome/76.0.3809.100 Safari/537.36"
::1 - - [10/Aug/2019:06:45:09 +0000] "GET /api/city/distance?t=1565419509315 HTTP/1.1" 200 391656 "http://localhost:8080/console/city/distance" "Mozilla/5.0 (Macintosh; Intel Mac OS X 10_14_5) AppleWebKit/537.36 (KHTML, like Gecko) Chrome/76.0.3809.100 Safari/537.36"
::1 - - [10/Aug/2019:06:45:32 +0000] "GET /api/order/list?t=1565419532279&page=1&pageSize=10 HTTP/1.1" 200 61 "http://localhost:8080/console/order" "Mozilla/5.0 (Macintosh; Intel Mac OS X 10_14_5) AppleWebKit/537.36 (KHTML, like Gecko) Chrome/76.0.3809.100 Safari/537.36"
::1 - - [10/Aug/2019:06:45:32 +0000] "GET /api/city/all?t=1565419532279 HTTP/1.1" 200 6279 "http://localhost:8080/console/order" "Mozilla/5.0 (Macintosh; Intel Mac OS X 10_14_5) AppleWebKit/537.36 (KHTML, like Gecko) Chrome/76.0.3809.100 Safari/537.36"
::1 - - [10/Aug/2019:06:45:32 +0000] "GET /api/city/list?t=1565419532937&page=1&pageSize=10 HTTP/1.1" 200 741 "http://localhost:8080/console/city/list" "Mozilla/5.0 (Macintosh; Intel Mac OS X 10_14_5) AppleWebKit/537.36 (KHTML, like Gecko) Chrome/76.0.3809.100 Safari/537.36"
::1 - - [10/Aug/2019:06:45:38 +0000] "GET /api/city/distance?t=1565419538219 HTTP/1.1" 200 391656 "http://localhost:8080/console/city/distance" "Mozilla/5.0 (Macintosh; Intel Mac OS X 10_14_5) AppleWebKit/537.36 (KHTML, like Gecko) Chrome/76.0.3809.100 Safari/537.36"
::1 - - [10/Aug/2019:06:45:40 +0000] "GET /api/city/list?t=1565419540699&page=1&pageSize=10 HTTP/1.1" 200 741 "http://localhost:8080/console/city/list" "Mozilla/5.0 (Macintosh; Intel Mac OS X 10_14_5) AppleWebKit/537.36 (KHTML, like Gecko) Chrome/76.0.3809.100 Safari/537.36"
::1 - - [10/Aug/2019:06:45:48 +0000] "GET /api/order/list?t=1565419548050&page=1&pageSize=10 HTTP/1.1" 200 61 "http://localhost:8080/console/order" "Mozilla/5.0 (Macintosh; Intel Mac OS X 10_14_5) AppleWebKit/537.36 (KHTML, like Gecko) Chrome/76.0.3809.100 Safari/537.36"
::1 - - [10/Aug/2019:06:45:48 +0000] "GET /api/city/all?t=1565419548050 HTTP/1.1" 200 6279 "http://localhost:8080/console/order" "Mozilla/5.0 (Macintosh; Intel Mac OS X 10_14_5) AppleWebKit/537.36 (KHTML, like Gecko) Chrome/76.0.3809.100 Safari/537.36"
::1 - - [10/Aug/2019:07:41:32 +0000] "POST /api/order/info?t=1565422892390 HTTP/1.1" 200 43 "http://localhost:8080/console/order" "Mozilla/5.0 (Macintosh; Intel Mac OS X 10_14_5) AppleWebKit/537.36 (KHTML, like Gecko) Chrome/76.0.3809.100 Safari/537.36"
::1 - - [10/Aug/2019:07:41:32 +0000] "GET /api/order/list?t=1565422892419&page=1&pageSize=10 HTTP/1.1" 200 427 "http://localhost:8080/console/order" "Mozilla/5.0 (Macintosh; Intel Mac OS X 10_14_5) AppleWebKit/537.36 (KHTML, like Gecko) Chrome/76.0.3809.100 Safari/537.36"
::1 - - [10/Aug/2019:07:42:16 +0000] "POST /api/order/info?t=1565422936234 HTTP/1.1" 200 43 "http://localhost:8080/console/order" "Mozilla/5.0 (Macintosh; Intel Mac OS X 10_14_5) AppleWebKit/537.36 (KHTML, like Gecko) Chrome/76.0.3809.100 Safari/537.36"
::1 - - [10/Aug/2019:07:42:16 +0000] "GET /api/order/list?t=1565422936261&page=1&pageSize=10 HTTP/1.1" 200 799 "http://localhost:8080/console/order" "Mozilla/5.0 (Macintosh; Intel Mac OS X 10_14_5) AppleWebKit/537.36 (KHTML, like Gecko) Chrome/76.0.3809.100 Safari/537.36"
::1 - - [10/Aug/2019:07:42:53 +0000] "POST /api/order/info?t=1565422973085 HTTP/1.1" 200 43 "http://localhost:8080/console/order" "Mozilla/5.0 (Macintosh; Intel Mac OS X 10_14_5) AppleWebKit/537.36 (KHTML, like Gecko) Chrome/76.0.3809.100 Safari/537.36"
::1 - - [10/Aug/2019:07:42:53 +0000] "GET /api/order/list?t=1565422973114&page=1&pageSize=10 HTTP/1.1" 200 1165 "http://localhost:8080/console/order" "Mozilla/5.0 (Macintosh; Intel Mac OS X 10_14_5) AppleWebKit/537.36 (KHTML, like Gecko) Chrome/76.0.3809.100 Safari/537.36"
::1 - - [10/Aug/2019:07:43:21 +0000] "POST /api/order/info?t=1565423001116 HTTP/1.1" 200 43 "http://localhost:8080/console/order" "Mozilla/5.0 (Macintosh; Intel Mac OS X 10_14_5) AppleWebKit/537.36 (KHTML, like Gecko) Chrome/76.0.3809.100 Safari/537.36"
::1 - - [10/Aug/2019:07:43:21 +0000] "GET /api/order/list?t=1565423001144&page=1&pageSize=10 HTTP/1.1" 200 1532 "http://localhost:8080/console/order" "Mozilla/5.0 (Macintosh; Intel Mac OS X 10_14_5) AppleWebKit/537.36 (KHTML, like Gecko) Chrome/76.0.3809.100 Safari/537.36"
::1 - - [10/Aug/2019:07:43:47 +0000] "POST /api/order/info?t=1565423027954 HTTP/1.1" 200 43 "http://localhost:8080/console/order" "Mozilla/5.0 (Macintosh; Intel Mac OS X 10_14_5) AppleWebKit/537.36 (KHTML, like Gecko) Chrome/76.0.3809.100 Safari/537.36"
::1 - - [10/Aug/2019:07:43:47 +0000] "GET /api/order/list?t=1565423027981&page=1&pageSize=10 HTTP/1.1" 200 1899 "http://localhost:8080/console/order" "Mozilla/5.0 (Macintosh; Intel Mac OS X 10_14_5) AppleWebKit/537.36 (KHTML, like Gecko) Chrome/76.0.3809.100 Safari/537.36"
::1 - - [10/Aug/2019:07:44:15 +0000] "POST /api/order/info?t=1565423055505 HTTP/1.1" 200 43 "http://localhost:8080/console/order" "Mozilla/5.0 (Macintosh; Intel Mac OS X 10_14_5) AppleWebKit/537.36 (KHTML, like Gecko) Chrome/76.0.3809.100 Safari/537.36"
::1 - - [10/Aug/2019:07:44:15 +0000] "GET /api/order/list?t=1565423055532&page=1&pageSize=10 HTTP/1.1" 200 2266 "http://localhost:8080/console/order" "Mozilla/5.0 (Macintosh; Intel Mac OS X 10_14_5) AppleWebKit/537.36 (KHTML, like Gecko) Chrome/76.0.3809.100 Safari/537.36"
::1 - - [10/Aug/2019:07:44:40 +0000] "GET /api/schedule/autoSchedule HTTP/1.1" 200 481 "-" "PostmanRuntime/7.15.2"
::1 - - [10/Aug/2019:07:48:11 +0000] "GET /api/schedule/autoSchedule HTTP/1.1" 200 41 "-" "PostmanRuntime/7.15.2"
::1 - - [10/Aug/2019:07:48:24 +0000] "GET /api/schedule/autoSchedule HTTP/1.1" 200 41 "-" "PostmanRuntime/7.15.2"
::1 - - [10/Aug/2019:10:44:33 +0000] "GET /api/schedule/autoSchedule HTTP/1.1" 200 516 "-" "PostmanRuntime/7.15.2"
::1 - - [10/Aug/2019:10:44:50 +0000] "GET /api/schedule/autoSchedule HTTP/1.1" 200 516 "-" "PostmanRuntime/7.15.2"
::1 - - [10/Aug/2019:10:46:58 +0000] "GET /api/schedule/autoSchedule HTTP/1.1" 200 516 "-" "PostmanRuntime/7.15.2"
::1 - - [10/Aug/2019:10:47:37 +0000] "GET /api/schedule/autoSchedule HTTP/1.1" 200 516 "-" "PostmanRuntime/7.15.2"
::1 - - [10/Aug/2019:11:02:18 +0000] "GET /api/schedule/autoSchedule HTTP/1.1" 200 8902 "-" "PostmanRuntime/7.15.2"
::1 - - [10/Aug/2019:11:02:20 +0000] "GET /api/schedule/autoSchedule HTTP/1.1" 200 8902 "-" "PostmanRuntime/7.15.2"
::1 - - [10/Aug/2019:11:03:30 +0000] "GET /api/order/list?t=1565435010751&page=1&pageSize=10 HTTP/1.1" 200 2266 "http://localhost:8080/console/order" "Mozilla/5.0 (Macintosh; Intel Mac OS X 10_14_5) AppleWebKit/537.36 (KHTML, like Gecko) Chrome/76.0.3809.100 Safari/537.36"
::1 - - [10/Aug/2019:11:03:30 +0000] "GET /api/city/all?t=1565435010751 HTTP/1.1" 200 6279 "http://localhost:8080/console/order" "Mozilla/5.0 (Macintosh; Intel Mac OS X 10_14_5) AppleWebKit/537.36 (KHTML, like Gecko) Chrome/76.0.3809.100 Safari/537.36"
::1 - - [10/Aug/2019:11:03:42 +0000] "GET /api/order/list?t=1565435022223&page=1&pageSize=10 HTTP/1.1" 200 2266 "http://localhost:8080/console/order" "Mozilla/5.0 (Macintosh; Intel Mac OS X 10_14_5) AppleWebKit/537.36 (KHTML, like Gecko) Chrome/76.0.3809.100 Safari/537.36"
::1 - - [10/Aug/2019:11:03:42 +0000] "GET /api/city/all?t=1565435022223 HTTP/1.1" 200 6279 "http://localhost:8080/console/order" "Mozilla/5.0 (Macintosh; Intel Mac OS X 10_14_5) AppleWebKit/537.36 (KHTML, like Gecko) Chrome/76.0.3809.100 Safari/537.36"
::1 - - [10/Aug/2019:11:03:49 +0000] "GET /api/order/list?t=1565435029111&page=1&pageSize=10 HTTP/1.1" 200 2266 "http://localhost:8080/console/order" "Mozilla/5.0 (Macintosh; Intel Mac OS X 10_14_5) AppleWebKit/537.36 (KHTML, like Gecko) Chrome/76.0.3809.100 Safari/537.36"
::1 - - [10/Aug/2019:11:03:49 +0000] "GET /api/city/all?t=1565435029111 HTTP/1.1" 200 6279 "http://localhost:8080/console/order" "Mozilla/5.0 (Macintosh; Intel Mac OS X 10_14_5) AppleWebKit/537.36 (KHTML, like Gecko) Chrome/76.0.3809.100 Safari/537.36"
::1 - - [10/Aug/2019:11:03:52 +0000] "GET /api/order/list?t=1565435032231&page=1&pageSize=10 HTTP/1.1" 200 2266 "http://localhost:8080/console/order" "Mozilla/5.0 (Macintosh; Intel Mac OS X 10_14_5) AppleWebKit/537.36 (KHTML, like Gecko) Chrome/76.0.3809.100 Safari/537.36"
::1 - - [10/Aug/2019:11:03:52 +0000] "GET /api/city/all?t=1565435032231 HTTP/1.1" 200 6279 "http://localhost:8080/console/order" "Mozilla/5.0 (Macintosh; Intel Mac OS X 10_14_5) AppleWebKit/537.36 (KHTML, like Gecko) Chrome/76.0.3809.100 Safari/537.36"
::1 - - [10/Aug/2019:11:03:57 +0000] "GET /api/order/list?t=1565435037868&page=1&pageSize=10 HTTP/1.1" 200 2266 "http://localhost:8080/console/order" "Mozilla/5.0 (Macintosh; Intel Mac OS X 10_14_5) AppleWebKit/537.36 (KHTML, like Gecko) Chrome/76.0.3809.100 Safari/537.36"
::1 - - [10/Aug/2019:11:03:57 +0000] "GET /api/city/all?t=1565435037868 HTTP/1.1" 200 6279 "http://localhost:8080/console/order" "Mozilla/5.0 (Macintosh; Intel Mac OS X 10_14_5) AppleWebKit/537.36 (KHTML, like Gecko) Chrome/76.0.3809.100 Safari/537.36"
::1 - - [10/Aug/2019:11:04:00 +0000] "GET /api/order/list?t=1565435040190&page=1&pageSize=10 HTTP/1.1" 200 2266 "http://localhost:8080/console/order" "Mozilla/5.0 (Macintosh; Intel Mac OS X 10_14_5) AppleWebKit/537.36 (KHTML, like Gecko) Chrome/76.0.3809.100 Safari/537.36"
::1 - - [10/Aug/2019:11:04:00 +0000] "GET /api/city/all?t=1565435040190 HTTP/1.1" 200 6279 "http://localhost:8080/console/order" "Mozilla/5.0 (Macintosh; Intel Mac OS X 10_14_5) AppleWebKit/537.36 (KHTML, like Gecko) Chrome/76.0.3809.100 Safari/537.36"
::1 - - [10/Aug/2019:11:05:53 +0000] "GET /api/order/list?t=1565435153278&page=1&pageSize=10 HTTP/1.1" 200 2266 "http://localhost:8080/console/order" "Mozilla/5.0 (Macintosh; Intel Mac OS X 10_14_5) AppleWebKit/537.36 (KHTML, like Gecko) Chrome/76.0.3809.100 Safari/537.36"
::1 - - [10/Aug/2019:11:05:53 +0000] "GET /api/city/all?t=1565435153278 HTTP/1.1" 200 6279 "http://localhost:8080/console/order" "Mozilla/5.0 (Macintosh; Intel Mac OS X 10_14_5) AppleWebKit/537.36 (KHTML, like Gecko) Chrome/76.0.3809.100 Safari/537.36"
::1 - - [10/Aug/2019:11:07:00 +0000] "GET /api/order/list?t=1565435220952&page=1&pageSize=10 HTTP/1.1" 200 2266 "http://localhost:8080/console/order" "Mozilla/5.0 (Macintosh; Intel Mac OS X 10_14_5) AppleWebKit/537.36 (KHTML, like Gecko) Chrome/76.0.3809.100 Safari/537.36"
::1 - - [10/Aug/2019:11:07:00 +0000] "GET /api/city/all?t=1565435220952 HTTP/1.1" 200 6279 "http://localhost:8080/console/order" "Mozilla/5.0 (Macintosh; Intel Mac OS X 10_14_5) AppleWebKit/537.36 (KHTML, like Gecko) Chrome/76.0.3809.100 Safari/537.36"
::1 - - [10/Aug/2019:11:07:08 +0000] "GET /api/order/list?t=1565435228111&page=1&pageSize=10 HTTP/1.1" 200 2266 "http://localhost:8080/console/order" "Mozilla/5.0 (Macintosh; Intel Mac OS X 10_14_5) AppleWebKit/537.36 (KHTML, like Gecko) Chrome/76.0.3809.100 Safari/537.36"
::1 - - [10/Aug/2019:11:07:08 +0000] "GET /api/city/all?t=1565435228111 HTTP/1.1" 200 6279 "http://localhost:8080/console/order" "Mozilla/5.0 (Macintosh; Intel Mac OS X 10_14_5) AppleWebKit/537.36 (KHTML, like Gecko) Chrome/76.0.3809.100 Safari/537.36"
::1 - - [10/Aug/2019:11:07:12 +0000] "GET /api/order/list?t=1565435232015&page=1&pageSize=10 HTTP/1.1" 200 2266 "http://localhost:8080/console/order" "Mozilla/5.0 (Macintosh; Intel Mac OS X 10_14_5) AppleWebKit/537.36 (KHTML, like Gecko) Chrome/76.0.3809.100 Safari/537.36"
::1 - - [10/Aug/2019:11:07:12 +0000] "GET /api/city/all?t=1565435232015 HTTP/1.1" 200 6279 "http://localhost:8080/console/order" "Mozilla/5.0 (Macintosh; Intel Mac OS X 10_14_5) AppleWebKit/537.36 (KHTML, like Gecko) Chrome/76.0.3809.100 Safari/537.36"
::1 - - [10/Aug/2019:11:07:27 +0000] "GET /api/order/list?t=1565435247949&page=1&pageSize=10 HTTP/1.1" 200 2266 "http://localhost:8080/console/order" "Mozilla/5.0 (Macintosh; Intel Mac OS X 10_14_5) AppleWebKit/537.36 (KHTML, like Gecko) Chrome/76.0.3809.100 Safari/537.36"
::1 - - [10/Aug/2019:11:07:27 +0000] "GET /api/city/all?t=1565435247949 HTTP/1.1" 200 6279 "http://localhost:8080/console/order" "Mozilla/5.0 (Macintosh; Intel Mac OS X 10_14_5) AppleWebKit/537.36 (KHTML, like Gecko) Chrome/76.0.3809.100 Safari/537.36"
::1 - - [10/Aug/2019:11:07:30 +0000] "GET /api/order/list?t=1565435250348&page=1&pageSize=10 HTTP/1.1" 200 2266 "http://localhost:8080/console/order" "Mozilla/5.0 (Macintosh; Intel Mac OS X 10_14_5) AppleWebKit/537.36 (KHTML, like Gecko) Chrome/76.0.3809.100 Safari/537.36"
::1 - - [10/Aug/2019:11:07:30 +0000] "GET /api/city/all?t=1565435250348 HTTP/1.1" 200 6279 "http://localhost:8080/console/order" "Mozilla/5.0 (Macintosh; Intel Mac OS X 10_14_5) AppleWebKit/537.36 (KHTML, like Gecko) Chrome/76.0.3809.100 Safari/537.36"
::1 - - [10/Aug/2019:11:07:34 +0000] "GET /api/order/list?t=1565435254007&page=1&pageSize=10 HTTP/1.1" 200 2266 "http://localhost:8080/console/order" "Mozilla/5.0 (Macintosh; Intel Mac OS X 10_14_5) AppleWebKit/537.36 (KHTML, like Gecko) Chrome/76.0.3809.100 Safari/537.36"
::1 - - [10/Aug/2019:11:07:34 +0000] "GET /api/city/all?t=1565435254007 HTTP/1.1" 200 6279 "http://localhost:8080/console/order" "Mozilla/5.0 (Macintosh; Intel Mac OS X 10_14_5) AppleWebKit/537.36 (KHTML, like Gecko) Chrome/76.0.3809.100 Safari/537.36"
::1 - - [10/Aug/2019:11:08:06 +0000] "GET /api/order/list?t=1565435286137&page=1&pageSize=10 HTTP/1.1" 200 2266 "http://localhost:8080/console/order" "Mozilla/5.0 (Macintosh; Intel Mac OS X 10_14_5) AppleWebKit/537.36 (KHTML, like Gecko) Chrome/76.0.3809.100 Safari/537.36"
::1 - - [10/Aug/2019:11:08:06 +0000] "GET /api/city/all?t=1565435286137 HTTP/1.1" 200 6279 "http://localhost:8080/console/order" "Mozilla/5.0 (Macintosh; Intel Mac OS X 10_14_5) AppleWebKit/537.36 (KHTML, like Gecko) Chrome/76.0.3809.100 Safari/537.36"
::1 - - [10/Aug/2019:11:09:16 +0000] "GET /api/order/list?t=1565435356564&page=1&pageSize=10 HTTP/1.1" 200 2266 "http://localhost:8080/console/order" "Mozilla/5.0 (Macintosh; Intel Mac OS X 10_14_5) AppleWebKit/537.36 (KHTML, like Gecko) Chrome/76.0.3809.100 Safari/537.36"
::1 - - [10/Aug/2019:11:09:16 +0000] "GET /api/city/all?t=1565435356564 HTTP/1.1" 200 6279 "http://localhost:8080/console/order" "Mozilla/5.0 (Macintosh; Intel Mac OS X 10_14_5) AppleWebKit/537.36 (KHTML, like Gecko) Chrome/76.0.3809.100 Safari/537.36"
::1 - - [10/Aug/2019:11:09:22 +0000] "GET /api/order/list?t=1565435362783&page=1&pageSize=10 HTTP/1.1" 200 2266 "http://localhost:8080/console/order" "Mozilla/5.0 (Macintosh; Intel Mac OS X 10_14_5) AppleWebKit/537.36 (KHTML, like Gecko) Chrome/76.0.3809.100 Safari/537.36"
::1 - - [10/Aug/2019:11:09:22 +0000] "GET /api/city/all?t=1565435362783 HTTP/1.1" 200 6279 "http://localhost:8080/console/order" "Mozilla/5.0 (Macintosh; Intel Mac OS X 10_14_5) AppleWebKit/537.36 (KHTML, like Gecko) Chrome/76.0.3809.100 Safari/537.36"
::1 - - [10/Aug/2019:11:09:25 +0000] "GET /api/order/list?t=1565435365452&page=1&pageSize=10 HTTP/1.1" 200 2266 "http://localhost:8080/console/order" "Mozilla/5.0 (Macintosh; Intel Mac OS X 10_14_5) AppleWebKit/537.36 (KHTML, like Gecko) Chrome/76.0.3809.100 Safari/537.36"
::1 - - [10/Aug/2019:11:09:25 +0000] "GET /api/city/all?t=1565435365452 HTTP/1.1" 200 6279 "http://localhost:8080/console/order" "Mozilla/5.0 (Macintosh; Intel Mac OS X 10_14_5) AppleWebKit/537.36 (KHTML, like Gecko) Chrome/76.0.3809.100 Safari/537.36"
::1 - - [10/Aug/2019:11:09:32 +0000] "GET /api/city/all?t=1565435372229 HTTP/1.1" 200 6279 "http://localhost:8080/console/order" "Mozilla/5.0 (Macintosh; Intel Mac OS X 10_14_5) AppleWebKit/537.36 (KHTML, like Gecko) Chrome/76.0.3809.100 Safari/537.36"
::1 - - [10/Aug/2019:11:09:32 +0000] "GET /api/order/list?t=1565435372229&page=1&pageSize=10 HTTP/1.1" 200 2266 "http://localhost:8080/console/order" "Mozilla/5.0 (Macintosh; Intel Mac OS X 10_14_5) AppleWebKit/537.36 (KHTML, like Gecko) Chrome/76.0.3809.100 Safari/537.36"
::1 - - [10/Aug/2019:11:09:35 +0000] "GET /api/order/list?t=1565435375005&page=1&pageSize=10 HTTP/1.1" 200 2266 "http://localhost:8080/console/order" "Mozilla/5.0 (Macintosh; Intel Mac OS X 10_14_5) AppleWebKit/537.36 (KHTML, like Gecko) Chrome/76.0.3809.100 Safari/537.36"
::1 - - [10/Aug/2019:11:09:35 +0000] "GET /api/city/all?t=1565435375005 HTTP/1.1" 200 6279 "http://localhost:8080/console/order" "Mozilla/5.0 (Macintosh; Intel Mac OS X 10_14_5) AppleWebKit/537.36 (KHTML, like Gecko) Chrome/76.0.3809.100 Safari/537.36"
::1 - - [10/Aug/2019:11:09:46 +0000] "GET /api/order/list?t=1565435385997&page=1&pageSize=10 HTTP/1.1" 200 2266 "http://localhost:8080/console/order" "Mozilla/5.0 (Macintosh; Intel Mac OS X 10_14_5) AppleWebKit/537.36 (KHTML, like Gecko) Chrome/76.0.3809.100 Safari/537.36"
::1 - - [10/Aug/2019:11:09:46 +0000] "GET /api/city/all?t=1565435385997 HTTP/1.1" 200 6279 "http://localhost:8080/console/order" "Mozilla/5.0 (Macintosh; Intel Mac OS X 10_14_5) AppleWebKit/537.36 (KHTML, like Gecko) Chrome/76.0.3809.100 Safari/537.36"
::1 - - [10/Aug/2019:11:09:50 +0000] "GET /api/order/list?t=1565435390413&page=1&pageSize=10 HTTP/1.1" 200 2266 "http://localhost:8080/console/order" "Mozilla/5.0 (Macintosh; Intel Mac OS X 10_14_5) AppleWebKit/537.36 (KHTML, like Gecko) Chrome/76.0.3809.100 Safari/537.36"
::1 - - [10/Aug/2019:11:09:50 +0000] "GET /api/city/all?t=1565435390413 HTTP/1.1" 200 6279 "http://localhost:8080/console/order" "Mozilla/5.0 (Macintosh; Intel Mac OS X 10_14_5) AppleWebKit/537.36 (KHTML, like Gecko) Chrome/76.0.3809.100 Safari/537.36"
::1 - - [10/Aug/2019:11:10:04 +0000] "GET /api/order/list?t=1565435404762&page=1&pageSize=10 HTTP/1.1" 200 2266 "http://localhost:8080/console/order" "Mozilla/5.0 (Macintosh; Intel Mac OS X 10_14_5) AppleWebKit/537.36 (KHTML, like Gecko) Chrome/76.0.3809.100 Safari/537.36"
::1 - - [10/Aug/2019:11:10:04 +0000] "GET /api/city/all?t=1565435404762 HTTP/1.1" 200 6279 "http://localhost:8080/console/order" "Mozilla/5.0 (Macintosh; Intel Mac OS X 10_14_5) AppleWebKit/537.36 (KHTML, like Gecko) Chrome/76.0.3809.100 Safari/537.36"
::1 - - [10/Aug/2019:11:10:13 +0000] "GET /api/order/list?t=1565435413759&page=1&pageSize=10 HTTP/1.1" 200 2266 "http://localhost:8080/console/order" "Mozilla/5.0 (Macintosh; Intel Mac OS X 10_14_5) AppleWebKit/537.36 (KHTML, like Gecko) Chrome/76.0.3809.100 Safari/537.36"
::1 - - [10/Aug/2019:11:10:13 +0000] "GET /api/city/all?t=1565435413759 HTTP/1.1" 200 6279 "http://localhost:8080/console/order" "Mozilla/5.0 (Macintosh; Intel Mac OS X 10_14_5) AppleWebKit/537.36 (KHTML, like Gecko) Chrome/76.0.3809.100 Safari/537.36"
::1 - - [10/Aug/2019:11:10:48 +0000] "GET /api/order/list?t=1565435448321&page=1&pageSize=10 HTTP/1.1" 200 2266 "http://localhost:8080/console/order" "Mozilla/5.0 (Macintosh; Intel Mac OS X 10_14_5) AppleWebKit/537.36 (KHTML, like Gecko) Chrome/76.0.3809.100 Safari/537.36"
::1 - - [10/Aug/2019:11:10:48 +0000] "GET /api/city/all?t=1565435448321 HTTP/1.1" 200 6279 "http://localhost:8080/console/order" "Mozilla/5.0 (Macintosh; Intel Mac OS X 10_14_5) AppleWebKit/537.36 (KHTML, like Gecko) Chrome/76.0.3809.100 Safari/537.36"
::1 - - [10/Aug/2019:11:11:00 +0000] "GET /api/order/list?t=1565435460095&page=1&pageSize=10 HTTP/1.1" 200 2266 "http://localhost:8080/console/order" "Mozilla/5.0 (Macintosh; Intel Mac OS X 10_14_5) AppleWebKit/537.36 (KHTML, like Gecko) Chrome/76.0.3809.100 Safari/537.36"
::1 - - [10/Aug/2019:11:11:00 +0000] "GET /api/city/all?t=1565435460095 HTTP/1.1" 200 6279 "http://localhost:8080/console/order" "Mozilla/5.0 (Macintosh; Intel Mac OS X 10_14_5) AppleWebKit/537.36 (KHTML, like Gecko) Chrome/76.0.3809.100 Safari/537.36"
::1 - - [10/Aug/2019:11:11:16 +0000] "GET /api/order/list?t=1565435476435&page=1&pageSize=10 HTTP/1.1" 200 2266 "http://localhost:8080/console/order" "Mozilla/5.0 (Macintosh; Intel Mac OS X 10_14_5) AppleWebKit/537.36 (KHTML, like Gecko) Chrome/76.0.3809.100 Safari/537.36"
::1 - - [10/Aug/2019:11:11:16 +0000] "GET /api/city/all?t=1565435476435 HTTP/1.1" 200 6279 "http://localhost:8080/console/order" "Mozilla/5.0 (Macintosh; Intel Mac OS X 10_14_5) AppleWebKit/537.36 (KHTML, like Gecko) Chrome/76.0.3809.100 Safari/537.36"
::1 - - [10/Aug/2019:11:11:32 +0000] "GET /api/order/list?t=1565435492926&page=1&pageSize=10 HTTP/1.1" 200 2266 "http://localhost:8080/console/order" "Mozilla/5.0 (Macintosh; Intel Mac OS X 10_14_5) AppleWebKit/537.36 (KHTML, like Gecko) Chrome/76.0.3809.100 Safari/537.36"
::1 - - [10/Aug/2019:11:11:32 +0000] "GET /api/city/all?t=1565435492926 HTTP/1.1" 200 6279 "http://localhost:8080/console/order" "Mozilla/5.0 (Macintosh; Intel Mac OS X 10_14_5) AppleWebKit/537.36 (KHTML, like Gecko) Chrome/76.0.3809.100 Safari/537.36"
::1 - - [10/Aug/2019:11:12:13 +0000] "GET /api/order/list?t=1565435533403&page=1&pageSize=10 HTTP/1.1" 200 2266 "http://localhost:8080/console/order" "Mozilla/5.0 (Macintosh; Intel Mac OS X 10_14_5) AppleWebKit/537.36 (KHTML, like Gecko) Chrome/76.0.3809.100 Safari/537.36"
::1 - - [10/Aug/2019:11:12:13 +0000] "GET /api/city/all?t=1565435533403 HTTP/1.1" 200 6279 "http://localhost:8080/console/order" "Mozilla/5.0 (Macintosh; Intel Mac OS X 10_14_5) AppleWebKit/537.36 (KHTML, like Gecko) Chrome/76.0.3809.100 Safari/537.36"
::1 - - [10/Aug/2019:11:13:12 +0000] "GET /api/order/list?t=1565435592092&page=1&pageSize=10 HTTP/1.1" 200 2266 "http://localhost:8080/console/order" "Mozilla/5.0 (Macintosh; Intel Mac OS X 10_14_5) AppleWebKit/537.36 (KHTML, like Gecko) Chrome/76.0.3809.100 Safari/537.36"
::1 - - [10/Aug/2019:11:13:12 +0000] "GET /api/city/all?t=1565435592092 HTTP/1.1" 200 6279 "http://localhost:8080/console/order" "Mozilla/5.0 (Macintosh; Intel Mac OS X 10_14_5) AppleWebKit/537.36 (KHTML, like Gecko) Chrome/76.0.3809.100 Safari/537.36"
::1 - - [10/Aug/2019:11:13:33 +0000] "GET /api/order/list?t=1565435613953&page=1&pageSize=10 HTTP/1.1" 200 2266 "http://localhost:8080/console/order" "Mozilla/5.0 (Macintosh; Intel Mac OS X 10_14_5) AppleWebKit/537.36 (KHTML, like Gecko) Chrome/76.0.3809.100 Safari/537.36"
::1 - - [10/Aug/2019:11:13:33 +0000] "GET /api/city/all?t=1565435613954 HTTP/1.1" 200 6279 "http://localhost:8080/console/order" "Mozilla/5.0 (Macintosh; Intel Mac OS X 10_14_5) AppleWebKit/537.36 (KHTML, like Gecko) Chrome/76.0.3809.100 Safari/537.36"
::1 - - [10/Aug/2019:11:13:45 +0000] "GET /api/order/list?t=1565435625523&page=1&pageSize=10 HTTP/1.1" 200 2266 "http://localhost:8080/console/order" "Mozilla/5.0 (Macintosh; Intel Mac OS X 10_14_5) AppleWebKit/537.36 (KHTML, like Gecko) Chrome/76.0.3809.100 Safari/537.36"
::1 - - [10/Aug/2019:11:13:45 +0000] "GET /api/city/all?t=1565435625523 HTTP/1.1" 200 6279 "http://localhost:8080/console/order" "Mozilla/5.0 (Macintosh; Intel Mac OS X 10_14_5) AppleWebKit/537.36 (KHTML, like Gecko) Chrome/76.0.3809.100 Safari/537.36"
::1 - - [10/Aug/2019:11:13:52 +0000] "GET /api/order/list?t=1565435632877&page=1&pageSize=10 HTTP/1.1" 200 2266 "http://localhost:8080/console/order" "Mozilla/5.0 (Macintosh; Intel Mac OS X 10_14_5) AppleWebKit/537.36 (KHTML, like Gecko) Chrome/76.0.3809.100 Safari/537.36"
::1 - - [10/Aug/2019:11:13:52 +0000] "GET /api/city/all?t=1565435632877 HTTP/1.1" 200 6279 "http://localhost:8080/console/order" "Mozilla/5.0 (Macintosh; Intel Mac OS X 10_14_5) AppleWebKit/537.36 (KHTML, like Gecko) Chrome/76.0.3809.100 Safari/537.36"
::1 - - [10/Aug/2019:11:14:14 +0000] "GET /api/order/list?t=1565435654861&page=1&pageSize=10 HTTP/1.1" 200 2266 "http://localhost:8080/console/order" "Mozilla/5.0 (Macintosh; Intel Mac OS X 10_14_5) AppleWebKit/537.36 (KHTML, like Gecko) Chrome/76.0.3809.100 Safari/537.36"
::1 - - [10/Aug/2019:11:14:14 +0000] "GET /api/city/all?t=1565435654861 HTTP/1.1" 200 6279 "http://localhost:8080/console/order" "Mozilla/5.0 (Macintosh; Intel Mac OS X 10_14_5) AppleWebKit/537.36 (KHTML, like Gecko) Chrome/76.0.3809.100 Safari/537.36"
::1 - - [10/Aug/2019:11:14:31 +0000] "GET /api/order/list?t=1565435671059&page=1&pageSize=10 HTTP/1.1" 200 2266 "http://localhost:8080/console/order" "Mozilla/5.0 (Macintosh; Intel Mac OS X 10_14_5) AppleWebKit/537.36 (KHTML, like Gecko) Chrome/76.0.3809.100 Safari/537.36"
::1 - - [10/Aug/2019:11:14:31 +0000] "GET /api/city/all?t=1565435671059 HTTP/1.1" 200 6279 "http://localhost:8080/console/order" "Mozilla/5.0 (Macintosh; Intel Mac OS X 10_14_5) AppleWebKit/537.36 (KHTML, like Gecko) Chrome/76.0.3809.100 Safari/537.36"
::1 - - [10/Aug/2019:11:14:40 +0000] "GET /api/order/list?t=1565435680204&page=1&pageSize=10 HTTP/1.1" 200 2266 "http://localhost:8080/console/order" "Mozilla/5.0 (Macintosh; Intel Mac OS X 10_14_5) AppleWebKit/537.36 (KHTML, like Gecko) Chrome/76.0.3809.100 Safari/537.36"
::1 - - [10/Aug/2019:11:14:40 +0000] "GET /api/city/all?t=1565435680204 HTTP/1.1" 200 6279 "http://localhost:8080/console/order" "Mozilla/5.0 (Macintosh; Intel Mac OS X 10_14_5) AppleWebKit/537.36 (KHTML, like Gecko) Chrome/76.0.3809.100 Safari/537.36"
::1 - - [10/Aug/2019:11:14:45 +0000] "GET /api/order/list?t=1565435685291&page=1&pageSize=10 HTTP/1.1" 200 2266 "http://localhost:8080/console/order" "Mozilla/5.0 (Macintosh; Intel Mac OS X 10_14_5) AppleWebKit/537.36 (KHTML, like Gecko) Chrome/76.0.3809.100 Safari/537.36"
::1 - - [10/Aug/2019:11:14:45 +0000] "GET /api/city/all?t=1565435685291 HTTP/1.1" 200 6279 "http://localhost:8080/console/order" "Mozilla/5.0 (Macintosh; Intel Mac OS X 10_14_5) AppleWebKit/537.36 (KHTML, like Gecko) Chrome/76.0.3809.100 Safari/537.36"
::1 - - [10/Aug/2019:11:14:52 +0000] "GET /api/order/list?t=1565435692932&page=1&pageSize=10 HTTP/1.1" 200 2266 "http://localhost:8080/console/order" "Mozilla/5.0 (Macintosh; Intel Mac OS X 10_14_5) AppleWebKit/537.36 (KHTML, like Gecko) Chrome/76.0.3809.100 Safari/537.36"
::1 - - [10/Aug/2019:11:14:52 +0000] "GET /api/city/all?t=1565435692932 HTTP/1.1" 200 6279 "http://localhost:8080/console/order" "Mozilla/5.0 (Macintosh; Intel Mac OS X 10_14_5) AppleWebKit/537.36 (KHTML, like Gecko) Chrome/76.0.3809.100 Safari/537.36"
::1 - - [10/Aug/2019:11:15:02 +0000] "GET /api/order/list?t=1565435702911&page=1&pageSize=10 HTTP/1.1" 200 2266 "http://localhost:8080/console/order" "Mozilla/5.0 (Macintosh; Intel Mac OS X 10_14_5) AppleWebKit/537.36 (KHTML, like Gecko) Chrome/76.0.3809.100 Safari/537.36"
::1 - - [10/Aug/2019:11:15:02 +0000] "GET /api/city/all?t=1565435702911 HTTP/1.1" 200 6279 "http://localhost:8080/console/order" "Mozilla/5.0 (Macintosh; Intel Mac OS X 10_14_5) AppleWebKit/537.36 (KHTML, like Gecko) Chrome/76.0.3809.100 Safari/537.36"
::1 - - [10/Aug/2019:11:15:06 +0000] "GET /api/order/list?t=1565435706644&page=1&pageSize=10 HTTP/1.1" 200 2266 "http://localhost:8080/console/order" "Mozilla/5.0 (Macintosh; Intel Mac OS X 10_14_5) AppleWebKit/537.36 (KHTML, like Gecko) Chrome/76.0.3809.100 Safari/537.36"
::1 - - [10/Aug/2019:11:15:06 +0000] "GET /api/city/all?t=1565435706644 HTTP/1.1" 200 6279 "http://localhost:8080/console/order" "Mozilla/5.0 (Macintosh; Intel Mac OS X 10_14_5) AppleWebKit/537.36 (KHTML, like Gecko) Chrome/76.0.3809.100 Safari/537.36"
::1 - - [10/Aug/2019:11:15:10 +0000] "GET /api/order/list?t=1565435710894&page=1&pageSize=10 HTTP/1.1" 200 2266 "http://localhost:8080/console/order" "Mozilla/5.0 (Macintosh; Intel Mac OS X 10_14_5) AppleWebKit/537.36 (KHTML, like Gecko) Chrome/76.0.3809.100 Safari/537.36"
::1 - - [10/Aug/2019:11:15:10 +0000] "GET /api/city/all?t=1565435710894 HTTP/1.1" 200 6279 "http://localhost:8080/console/order" "Mozilla/5.0 (Macintosh; Intel Mac OS X 10_14_5) AppleWebKit/537.36 (KHTML, like Gecko) Chrome/76.0.3809.100 Safari/537.36"
::1 - - [10/Aug/2019:11:15:16 +0000] "GET /api/city/all?t=1565435716982 HTTP/1.1" 200 6279 "http://localhost:8080/console/order" "Mozilla/5.0 (Macintosh; Intel Mac OS X 10_14_5) AppleWebKit/537.36 (KHTML, like Gecko) Chrome/76.0.3809.100 Safari/537.36"
::1 - - [10/Aug/2019:11:15:16 +0000] "GET /api/order/list?t=1565435716982&page=1&pageSize=10 HTTP/1.1" 200 2266 "http://localhost:8080/console/order" "Mozilla/5.0 (Macintosh; Intel Mac OS X 10_14_5) AppleWebKit/537.36 (KHTML, like Gecko) Chrome/76.0.3809.100 Safari/537.36"
::1 - - [10/Aug/2019:12:18:04 +0000] "GET /api/order/list?t=1565439484985&page=1&pageSize=10 HTTP/1.1" 200 2266 "http://localhost:8080/console/order" "Mozilla/5.0 (Macintosh; Intel Mac OS X 10_14_5) AppleWebKit/537.36 (KHTML, like Gecko) Chrome/76.0.3809.100 Safari/537.36"
::1 - - [10/Aug/2019:12:18:04 +0000] "GET /api/city/all?t=1565439484985 HTTP/1.1" 200 6279 "http://localhost:8080/console/order" "Mozilla/5.0 (Macintosh; Intel Mac OS X 10_14_5) AppleWebKit/537.36 (KHTML, like Gecko) Chrome/76.0.3809.100 Safari/537.36"
::1 - - [10/Aug/2019:12:27:41 +0000] "GET /api/order/list?t=1565440061908&page=1&pageSize=10 HTTP/1.1" 200 2266 "http://localhost:8080/console/order" "Mozilla/5.0 (Macintosh; Intel Mac OS X 10_14_5) AppleWebKit/537.36 (KHTML, like Gecko) Chrome/76.0.3809.100 Safari/537.36"
::1 - - [10/Aug/2019:12:27:41 +0000] "GET /api/city/all?t=1565440061908 HTTP/1.1" 200 6279 "http://localhost:8080/console/order" "Mozilla/5.0 (Macintosh; Intel Mac OS X 10_14_5) AppleWebKit/537.36 (KHTML, like Gecko) Chrome/76.0.3809.100 Safari/537.36"
::1 - - [10/Aug/2019:12:27:43 +0000] "GET /api/order/list?t=1565440063598&page=1&pageSize=10 HTTP/1.1" 200 2266 "http://localhost:8080/console/order" "Mozilla/5.0 (Macintosh; Intel Mac OS X 10_14_5) AppleWebKit/537.36 (KHTML, like Gecko) Chrome/76.0.3809.100 Safari/537.36"
::1 - - [10/Aug/2019:12:27:43 +0000] "GET /api/city/all?t=1565440063598 HTTP/1.1" 200 6279 "http://localhost:8080/console/order" "Mozilla/5.0 (Macintosh; Intel Mac OS X 10_14_5) AppleWebKit/537.36 (KHTML, like Gecko) Chrome/76.0.3809.100 Safari/537.36"
::1 - - [10/Aug/2019:12:27:47 +0000] "GET /api/vehicle/list?t=1565440067666&page=1&pageSize=10 HTTP/1.1" 200 1971 "http://localhost:8080/console/schedule/manual" "Mozilla/5.0 (Macintosh; Intel Mac OS X 10_14_5) AppleWebKit/537.36 (KHTML, like Gecko) Chrome/76.0.3809.100 Safari/537.36"
::1 - - [10/Aug/2019:12:27:50 +0000] "GET /api/schedule/autoSchedule?t=1565440070687 HTTP/1.1" 200 8902 "http://localhost:8080/console/schedule/center" "Mozilla/5.0 (Macintosh; Intel Mac OS X 10_14_5) AppleWebKit/537.36 (KHTML, like Gecko) Chrome/76.0.3809.100 Safari/537.36"
::1 - - [10/Aug/2019:12:28:37 +0000] "GET /api/vehicle/list?t=1565440117993&page=1&pageSize=10 HTTP/1.1" 200 1971 "http://localhost:8080/console/schedule/manual" "Mozilla/5.0 (Macintosh; Intel Mac OS X 10_14_5) AppleWebKit/537.36 (KHTML, like Gecko) Chrome/76.0.3809.100 Safari/537.36"
::1 - - [10/Aug/2019:12:28:50 +0000] "GET /api/schedule/autoSchedule?t=1565440130898 HTTP/1.1" 200 8902 "http://localhost:8080/console/schedule/center" "Mozilla/5.0 (Macintosh; Intel Mac OS X 10_14_5) AppleWebKit/537.36 (KHTML, like Gecko) Chrome/76.0.3809.100 Safari/537.36"
::1 - - [10/Aug/2019:12:32:39 +0000] "GET /api/schedule/autoSchedule?t=1565440359318 HTTP/1.1" 200 8902 "http://localhost:8080/console/schedule/center" "Mozilla/5.0 (Macintosh; Intel Mac OS X 10_14_5) AppleWebKit/537.36 (KHTML, like Gecko) Chrome/76.0.3809.100 Safari/537.36"
::1 - - [10/Aug/2019:12:33:22 +0000] "GET /api/schedule/autoSchedule?t=1565440402057 HTTP/1.1" 200 8902 "http://localhost:8080/console/schedule/center" "Mozilla/5.0 (Macintosh; Intel Mac OS X 10_14_5) AppleWebKit/537.36 (KHTML, like Gecko) Chrome/76.0.3809.100 Safari/537.36"
::1 - - [10/Aug/2019:12:33:42 +0000] "GET /api/schedule/autoSchedule?t=1565440422577 HTTP/1.1" 200 8902 "http://localhost:8080/console/schedule/center" "Mozilla/5.0 (Macintosh; Intel Mac OS X 10_14_5) AppleWebKit/537.36 (KHTML, like Gecko) Chrome/76.0.3809.100 Safari/537.36"
::1 - - [10/Aug/2019:13:00:22 +0000] "GET /api/schedule/initScheduleResource?t=1565442022405 HTTP/1.1" 404 172 "http://localhost:8080/console/schedule/center" "Mozilla/5.0 (Macintosh; Intel Mac OS X 10_14_5) AppleWebKit/537.36 (KHTML, like Gecko) Chrome/76.0.3809.100 Safari/537.36"
::1 - - [10/Aug/2019:13:00:52 +0000] "POST /api/schedule/initScheduleResource?t=1565442052927 HTTP/1.1" 200 8902 "http://localhost:8080/console/schedule/center" "Mozilla/5.0 (Macintosh; Intel Mac OS X 10_14_5) AppleWebKit/537.36 (KHTML, like Gecko) Chrome/76.0.3809.100 Safari/537.36"
::1 - - [10/Aug/2019:13:01:39 +0000] "POST /api/schedule/initScheduleResource?t=1565442099785 HTTP/1.1" 200 8902 "http://localhost:8080/console/schedule/center" "Mozilla/5.0 (Macintosh; Intel Mac OS X 10_14_5) AppleWebKit/537.36 (KHTML, like Gecko) Chrome/76.0.3809.100 Safari/537.36"
::1 - - [10/Aug/2019:13:18:18 +0000] "POST /api/schedule/initScheduleResource?t=1565443098064 HTTP/1.1" 200 8902 "http://localhost:8080/console/schedule/center" "Mozilla/5.0 (Macintosh; Intel Mac OS X 10_14_5) AppleWebKit/537.36 (KHTML, like Gecko) Chrome/76.0.3809.100 Safari/537.36"
::1 - - [10/Aug/2019:13:18:18 +0000] "POST /api/schedule/combineVehicleOrder?t=1565443098231 HTTP/1.1" 200 58 "http://localhost:8080/console/schedule/center" "Mozilla/5.0 (Macintosh; Intel Mac OS X 10_14_5) AppleWebKit/537.36 (KHTML, like Gecko) Chrome/76.0.3809.100 Safari/537.36"
::1 - - [10/Aug/2019:13:19:09 +0000] "POST /api/schedule/initScheduleResource?t=1565443149732 HTTP/1.1" 200 8902 "http://localhost:8080/console/schedule/center" "Mozilla/5.0 (Macintosh; Intel Mac OS X 10_14_5) AppleWebKit/537.36 (KHTML, like Gecko) Chrome/76.0.3809.100 Safari/537.36"
::1 - - [10/Aug/2019:13:19:09 +0000] "POST /api/schedule/combineVehicleOrder?t=1565443149900 HTTP/1.1" 200 58 "http://localhost:8080/console/schedule/center" "Mozilla/5.0 (Macintosh; Intel Mac OS X 10_14_5) AppleWebKit/537.36 (KHTML, like Gecko) Chrome/76.0.3809.100 Safari/537.36"
::1 - - [10/Aug/2019:13:19:38 +0000] "POST /api/schedule/initScheduleResource?t=1565443178751 HTTP/1.1" 200 8902 "http://localhost:8080/console/schedule/center" "Mozilla/5.0 (Macintosh; Intel Mac OS X 10_14_5) AppleWebKit/537.36 (KHTML, like Gecko) Chrome/76.0.3809.100 Safari/537.36"
::1 - - [10/Aug/2019:13:19:38 +0000] "POST /api/schedule/combineVehicleOrder?t=1565443178929 HTTP/1.1" 200 58 "http://localhost:8080/console/schedule/center" "Mozilla/5.0 (Macintosh; Intel Mac OS X 10_14_5) AppleWebKit/537.36 (KHTML, like Gecko) Chrome/76.0.3809.100 Safari/537.36"
::1 - - [10/Aug/2019:13:21:08 +0000] "POST /api/schedule/initScheduleResource?t=1565443268244 HTTP/1.1" 200 8902 "http://localhost:8080/console/schedule/center" "Mozilla/5.0 (Macintosh; Intel Mac OS X 10_14_5) AppleWebKit/537.36 (KHTML, like Gecko) Chrome/76.0.3809.100 Safari/537.36"
::1 - - [10/Aug/2019:13:21:08 +0000] "POST /api/schedule/combineVehicleOrder?t=1565443268444 HTTP/1.1" 200 58 "http://localhost:8080/console/schedule/center" "Mozilla/5.0 (Macintosh; Intel Mac OS X 10_14_5) AppleWebKit/537.36 (KHTML, like Gecko) Chrome/76.0.3809.100 Safari/537.36"
::1 - - [10/Aug/2019:13:22:04 +0000] "POST /api/schedule/initScheduleResource?t=1565443324084 HTTP/1.1" 200 8902 "http://localhost:8080/console/schedule/center" "Mozilla/5.0 (Macintosh; Intel Mac OS X 10_14_5) AppleWebKit/537.36 (KHTML, like Gecko) Chrome/76.0.3809.100 Safari/537.36"
::1 - - [10/Aug/2019:13:22:04 +0000] "POST /api/schedule/combineVehicleOrder?t=1565443324302 HTTP/1.1" 200 58 "http://localhost:8080/console/schedule/center" "Mozilla/5.0 (Macintosh; Intel Mac OS X 10_14_5) AppleWebKit/537.36 (KHTML, like Gecko) Chrome/76.0.3809.100 Safari/537.36"
::1 - - [10/Aug/2019:13:23:07 +0000] "POST /api/schedule/initScheduleResource?t=1565443387284 HTTP/1.1" 200 8902 "http://localhost:8080/console/schedule/center" "Mozilla/5.0 (Macintosh; Intel Mac OS X 10_14_5) AppleWebKit/537.36 (KHTML, like Gecko) Chrome/76.0.3809.100 Safari/537.36"
::1 - - [10/Aug/2019:13:23:07 +0000] "POST /api/schedule/combineVehicleOrder?t=1565443387503 HTTP/1.1" 200 58 "http://localhost:8080/console/schedule/center" "Mozilla/5.0 (Macintosh; Intel Mac OS X 10_14_5) AppleWebKit/537.36 (KHTML, like Gecko) Chrome/76.0.3809.100 Safari/537.36"
::1 - - [10/Aug/2019:13:24:14 +0000] "POST /api/schedule/initScheduleResource?t=1565443454615 HTTP/1.1" 200 8902 "http://localhost:8080/console/schedule/center" "Mozilla/5.0 (Macintosh; Intel Mac OS X 10_14_5) AppleWebKit/537.36 (KHTML, like Gecko) Chrome/76.0.3809.100 Safari/537.36"
::1 - - [10/Aug/2019:13:24:14 +0000] "POST /api/schedule/combineVehicleOrder?t=1565443454814 HTTP/1.1" 200 58 "http://localhost:8080/console/schedule/center" "Mozilla/5.0 (Macintosh; Intel Mac OS X 10_14_5) AppleWebKit/537.36 (KHTML, like Gecko) Chrome/76.0.3809.100 Safari/537.36"
::1 - - [10/Aug/2019:13:24:36 +0000] "POST /api/schedule/initScheduleResource?t=1565443476283 HTTP/1.1" 200 8902 "http://localhost:8080/console/schedule/center" "Mozilla/5.0 (Macintosh; Intel Mac OS X 10_14_5) AppleWebKit/537.36 (KHTML, like Gecko) Chrome/76.0.3809.100 Safari/537.36"
::1 - - [10/Aug/2019:13:24:36 +0000] "POST /api/schedule/combineVehicleOrder?t=1565443476499 HTTP/1.1" 200 58 "http://localhost:8080/console/schedule/center" "Mozilla/5.0 (Macintosh; Intel Mac OS X 10_14_5) AppleWebKit/537.36 (KHTML, like Gecko) Chrome/76.0.3809.100 Safari/537.36"
::1 - - [10/Aug/2019:13:24:52 +0000] "POST /api/schedule/initScheduleResource?t=1565443492133 HTTP/1.1" 200 8902 "http://localhost:8080/console/schedule/center" "Mozilla/5.0 (Macintosh; Intel Mac OS X 10_14_5) AppleWebKit/537.36 (KHTML, like Gecko) Chrome/76.0.3809.100 Safari/537.36"
::1 - - [10/Aug/2019:13:24:52 +0000] "POST /api/schedule/combineVehicleOrder?t=1565443492346 HTTP/1.1" 200 58 "http://localhost:8080/console/schedule/center" "Mozilla/5.0 (Macintosh; Intel Mac OS X 10_14_5) AppleWebKit/537.36 (KHTML, like Gecko) Chrome/76.0.3809.100 Safari/537.36"
::1 - - [10/Aug/2019:13:26:01 +0000] "POST /api/schedule/initScheduleResource?t=1565443561266 HTTP/1.1" 200 8902 "http://localhost:8080/console/schedule/center" "Mozilla/5.0 (Macintosh; Intel Mac OS X 10_14_5) AppleWebKit/537.36 (KHTML, like Gecko) Chrome/76.0.3809.100 Safari/537.36"
::1 - - [10/Aug/2019:13:26:01 +0000] "POST /api/schedule/combineVehicleOrder?t=1565443561433 HTTP/1.1" 500 1685 "http://localhost:8080/console/schedule/center" "Mozilla/5.0 (Macintosh; Intel Mac OS X 10_14_5) AppleWebKit/537.36 (KHTML, like Gecko) Chrome/76.0.3809.100 Safari/537.36"
::1 - - [10/Aug/2019:13:26:42 +0000] "POST /api/schedule/initScheduleResource?t=1565443602565 HTTP/1.1" 200 8902 "http://localhost:8080/console/schedule/center" "Mozilla/5.0 (Macintosh; Intel Mac OS X 10_14_5) AppleWebKit/537.36 (KHTML, like Gecko) Chrome/76.0.3809.100 Safari/537.36"
::1 - - [10/Aug/2019:13:26:42 +0000] "POST /api/schedule/combineVehicleOrder?t=1565443602777 HTTP/1.1" 500 1685 "http://localhost:8080/console/schedule/center" "Mozilla/5.0 (Macintosh; Intel Mac OS X 10_14_5) AppleWebKit/537.36 (KHTML, like Gecko) Chrome/76.0.3809.100 Safari/537.36"
::1 - - [10/Aug/2019:13:27:24 +0000] "POST /api/schedule/initScheduleResource?t=1565443644645 HTTP/1.1" 200 8902 "http://localhost:8080/console/schedule/center" "Mozilla/5.0 (Macintosh; Intel Mac OS X 10_14_5) AppleWebKit/537.36 (KHTML, like Gecko) Chrome/76.0.3809.100 Safari/537.36"
::1 - - [10/Aug/2019:13:27:28 +0000] "POST /api/schedule/combineVehicleOrder?t=1565443644848 HTTP/1.1" 200 51365756 "http://localhost:8080/console/schedule/center" "Mozilla/5.0 (Macintosh; Intel Mac OS X 10_14_5) AppleWebKit/537.36 (KHTML, like Gecko) Chrome/76.0.3809.100 Safari/537.36"
::1 - - [10/Aug/2019:13:30:40 +0000] "GET /api/schedule/autoSchedule?t=1565443830295 HTTP/1.1" 200 516 "http://localhost:8080/console/schedule/center" "Mozilla/5.0 (Macintosh; Intel Mac OS X 10_14_5) AppleWebKit/537.36 (KHTML, like Gecko) Chrome/76.0.3809.100 Safari/537.36"
::1 - - [10/Aug/2019:13:32:00 +0000] "GET /api/schedule/autoSchedule HTTP/1.1" 200 516 "-" "PostmanRuntime/7.15.2"
::1 - - [10/Aug/2019:13:37:21 +0000] "POST /api/schedule/initScheduleResource?t=1565444241088 HTTP/1.1" 200 8902 "http://localhost:8080/console/schedule/center" "Mozilla/5.0 (Macintosh; Intel Mac OS X 10_14_5) AppleWebKit/537.36 (KHTML, like Gecko) Chrome/76.0.3809.100 Safari/537.36"
::1 - - [10/Aug/2019:13:37:24 +0000] "POST /api/schedule/combineVehicleOrder?t=1565444241293 HTTP/1.1" 200 51365756 "http://localhost:8080/console/schedule/center" "Mozilla/5.0 (Macintosh; Intel Mac OS X 10_14_5) AppleWebKit/537.36 (KHTML, like Gecko) Chrome/76.0.3809.100 Safari/537.36"
::1 - - [10/Aug/2019:13:37:35 +0000] "POST /api/schedule/fillOrginSchedule?t=1565444246049 HTTP/1.1" 413 1667 "http://localhost:8080/console/schedule/center" "Mozilla/5.0 (Macintosh; Intel Mac OS X 10_14_5) AppleWebKit/537.36 (KHTML, like Gecko) Chrome/76.0.3809.100 Safari/537.36"
::1 - - [10/Aug/2019:13:39:21 +0000] "GET /api/schedule/autoSchedule?t=1565444350453 HTTP/1.1" 200 516 "http://localhost:8080/console/schedule/center" "Mozilla/5.0 (Macintosh; Intel Mac OS X 10_14_5) AppleWebKit/537.36 (KHTML, like Gecko) Chrome/76.0.3809.100 Safari/537.36"
::1 - - [10/Aug/2019:13:42:24 +0000] "GET /api/schedule/detail HTTP/1.1" 200 159 "-" "PostmanRuntime/7.15.2"
::1 - - [10/Aug/2019:13:43:20 +0000] "GET /api/schedule/detail HTTP/1.1" 200 159 "-" "PostmanRuntime/7.15.2"
::1 - - [10/Aug/2019:13:44:29 +0000] "GET /api/schedule/detail HTTP/1.1" 200 155 "-" "PostmanRuntime/7.15.2"
::1 - - [10/Aug/2019:13:58:13 +0000] "GET /api/schedule/detail?t=1565445493611 HTTP/1.1" 200 155 "http://localhost:8080/console/schedule/center" "Mozilla/5.0 (Macintosh; Intel Mac OS X 10_14_5) AppleWebKit/537.36 (KHTML, like Gecko) Chrome/76.0.3809.100 Safari/537.36"
::1 - - [10/Aug/2019:13:58:31 +0000] "GET /api/schedule/detail?t=1565445511887 HTTP/1.1" 200 155 "http://localhost:8080/console/schedule/center" "Mozilla/5.0 (Macintosh; Intel Mac OS X 10_14_5) AppleWebKit/537.36 (KHTML, like Gecko) Chrome/76.0.3809.100 Safari/537.36"
::1 - - [10/Aug/2019:13:58:36 +0000] "GET /api/schedule/detail?t=1565445516264 HTTP/1.1" 200 155 "http://localhost:8080/console/schedule/center" "Mozilla/5.0 (Macintosh; Intel Mac OS X 10_14_5) AppleWebKit/537.36 (KHTML, like Gecko) Chrome/76.0.3809.100 Safari/537.36"
::1 - - [10/Aug/2019:13:58:41 +0000] "GET /api/schedule/detail?t=1565445521008 HTTP/1.1" 200 155 "http://localhost:8080/console/schedule/center" "Mozilla/5.0 (Macintosh; Intel Mac OS X 10_14_5) AppleWebKit/537.36 (KHTML, like Gecko) Chrome/76.0.3809.100 Safari/537.36"
::1 - - [10/Aug/2019:13:58:46 +0000] "GET /api/schedule/detail?t=1565445526330 HTTP/1.1" 200 155 "http://localhost:8080/console/schedule/center" "Mozilla/5.0 (Macintosh; Intel Mac OS X 10_14_5) AppleWebKit/537.36 (KHTML, like Gecko) Chrome/76.0.3809.100 Safari/537.36"
::1 - - [10/Aug/2019:13:58:57 +0000] "GET /api/schedule/detail?t=1565445537761 HTTP/1.1" 200 155 "http://localhost:8080/console/schedule/center" "Mozilla/5.0 (Macintosh; Intel Mac OS X 10_14_5) AppleWebKit/537.36 (KHTML, like Gecko) Chrome/76.0.3809.100 Safari/537.36"
::1 - - [10/Aug/2019:13:59:03 +0000] "GET /api/schedule/detail?t=1565445543921 HTTP/1.1" 200 155 "http://localhost:8080/console/schedule/center" "Mozilla/5.0 (Macintosh; Intel Mac OS X 10_14_5) AppleWebKit/537.36 (KHTML, like Gecko) Chrome/76.0.3809.100 Safari/537.36"
::1 - - [10/Aug/2019:13:59:07 +0000] "GET /api/schedule/detail?t=1565445547962 HTTP/1.1" 200 155 "http://localhost:8080/console/schedule/center" "Mozilla/5.0 (Macintosh; Intel Mac OS X 10_14_5) AppleWebKit/537.36 (KHTML, like Gecko) Chrome/76.0.3809.100 Safari/537.36"
::1 - - [10/Aug/2019:13:59:14 +0000] "GET /api/schedule/detail?t=1565445554283 HTTP/1.1" 200 155 "http://localhost:8080/console/schedule/center" "Mozilla/5.0 (Macintosh; Intel Mac OS X 10_14_5) AppleWebKit/537.36 (KHTML, like Gecko) Chrome/76.0.3809.100 Safari/537.36"
::1 - - [10/Aug/2019:13:59:26 +0000] "GET /api/schedule/detail?t=1565445566620 HTTP/1.1" 200 155 "http://localhost:8080/console/schedule/center" "Mozilla/5.0 (Macintosh; Intel Mac OS X 10_14_5) AppleWebKit/537.36 (KHTML, like Gecko) Chrome/76.0.3809.100 Safari/537.36"
::1 - - [10/Aug/2019:13:59:28 +0000] "GET /api/schedule/detail?t=1565445568940 HTTP/1.1" 200 155 "http://localhost:8080/console/schedule/center" "Mozilla/5.0 (Macintosh; Intel Mac OS X 10_14_5) AppleWebKit/537.36 (KHTML, like Gecko) Chrome/76.0.3809.100 Safari/537.36"
::1 - - [10/Aug/2019:14:00:13 +0000] "GET /api/schedule/detail?t=1565445613517 HTTP/1.1" 200 155 "http://localhost:8080/console/schedule/center" "Mozilla/5.0 (Macintosh; Intel Mac OS X 10_14_5) AppleWebKit/537.36 (KHTML, like Gecko) Chrome/76.0.3809.100 Safari/537.36"
::1 - - [10/Aug/2019:14:00:33 +0000] "GET /api/schedule/detail?t=1565445633347 HTTP/1.1" 200 155 "http://localhost:8080/console/schedule/center" "Mozilla/5.0 (Macintosh; Intel Mac OS X 10_14_5) AppleWebKit/537.36 (KHTML, like Gecko) Chrome/76.0.3809.100 Safari/537.36"
::1 - - [10/Aug/2019:14:01:00 +0000] "GET /api/schedule/detail?t=1565445660863 HTTP/1.1" 200 155 "http://localhost:8080/console/schedule/center" "Mozilla/5.0 (Macintosh; Intel Mac OS X 10_14_5) AppleWebKit/537.36 (KHTML, like Gecko) Chrome/76.0.3809.100 Safari/537.36"
::1 - - [10/Aug/2019:14:01:13 +0000] "GET /api/schedule/detail?t=1565445673550 HTTP/1.1" 200 155 "http://localhost:8080/console/schedule/center" "Mozilla/5.0 (Macintosh; Intel Mac OS X 10_14_5) AppleWebKit/537.36 (KHTML, like Gecko) Chrome/76.0.3809.100 Safari/537.36"
::1 - - [10/Aug/2019:14:01:16 +0000] "GET /api/schedule/detail?t=1565445676228 HTTP/1.1" 200 155 "http://localhost:8080/console/schedule/center" "Mozilla/5.0 (Macintosh; Intel Mac OS X 10_14_5) AppleWebKit/537.36 (KHTML, like Gecko) Chrome/76.0.3809.100 Safari/537.36"
::1 - - [10/Aug/2019:14:01:17 +0000] "GET /api/schedule/detail?t=1565445677287 HTTP/1.1" 200 155 "http://localhost:8080/console/schedule/center" "Mozilla/5.0 (Macintosh; Intel Mac OS X 10_14_5) AppleWebKit/537.36 (KHTML, like Gecko) Chrome/76.0.3809.100 Safari/537.36"
::1 - - [10/Aug/2019:14:01:18 +0000] "GET /api/schedule/detail?t=1565445678131 HTTP/1.1" 200 155 "http://localhost:8080/console/schedule/center" "Mozilla/5.0 (Macintosh; Intel Mac OS X 10_14_5) AppleWebKit/537.36 (KHTML, like Gecko) Chrome/76.0.3809.100 Safari/537.36"
::1 - - [10/Aug/2019:14:01:18 +0000] "GET /api/schedule/detail?t=1565445678745 HTTP/1.1" 200 155 "http://localhost:8080/console/schedule/center" "Mozilla/5.0 (Macintosh; Intel Mac OS X 10_14_5) AppleWebKit/537.36 (KHTML, like Gecko) Chrome/76.0.3809.100 Safari/537.36"
::1 - - [10/Aug/2019:14:01:45 +0000] "GET /api/schedule/detail?t=1565445705778 HTTP/1.1" 200 155 "http://localhost:8080/console/schedule/center" "Mozilla/5.0 (Macintosh; Intel Mac OS X 10_14_5) AppleWebKit/537.36 (KHTML, like Gecko) Chrome/76.0.3809.100 Safari/537.36"
::1 - - [10/Aug/2019:14:01:59 +0000] "GET /api/schedule/detail HTTP/1.1" 200 151 "-" "PostmanRuntime/7.15.2"
::1 - - [10/Aug/2019:14:02:16 +0000] "GET /api/schedule/detail HTTP/1.1" 200 151 "-" "PostmanRuntime/7.15.2"
::1 - - [10/Aug/2019:14:02:22 +0000] "GET /api/schedule/detail HTTP/1.1" 200 155 "-" "PostmanRuntime/7.15.2"
::1 - - [10/Aug/2019:14:02:55 +0000] "GET /api/schedule/detail HTTP/1.1" 200 151 "-" "PostmanRuntime/7.15.2"
::1 - - [10/Aug/2019:14:04:11 +0000] "GET /api/schedule/detail HTTP/1.1" 200 151 "-" "PostmanRuntime/7.15.2"
::1 - - [10/Aug/2019:14:04:15 +0000] "GET /api/schedule/detail?t=1565445855962 HTTP/1.1" 200 151 "http://localhost:8080/console/schedule/center" "Mozilla/5.0 (Macintosh; Intel Mac OS X 10_14_5) AppleWebKit/537.36 (KHTML, like Gecko) Chrome/76.0.3809.100 Safari/537.36"
::1 - - [10/Aug/2019:14:05:04 +0000] "GET /api/schedule/detail?t=1565445904828 HTTP/1.1" 200 151 "http://localhost:8080/console/schedule/center" "Mozilla/5.0 (Macintosh; Intel Mac OS X 10_14_5) AppleWebKit/537.36 (KHTML, like Gecko) Chrome/76.0.3809.100 Safari/537.36"
::1 - - [10/Aug/2019:14:05:09 +0000] "GET /api/schedule/detail?t=1565445908997 HTTP/1.1" 200 151 "http://localhost:8080/console/schedule/center" "Mozilla/5.0 (Macintosh; Intel Mac OS X 10_14_5) AppleWebKit/537.36 (KHTML, like Gecko) Chrome/76.0.3809.100 Safari/537.36"
::1 - - [10/Aug/2019:14:06:04 +0000] "GET /api/schedule/detail?t=1565445964172 HTTP/1.1" 200 151 "http://localhost:8080/console/schedule/center" "Mozilla/5.0 (Macintosh; Intel Mac OS X 10_14_5) AppleWebKit/537.36 (KHTML, like Gecko) Chrome/76.0.3809.100 Safari/537.36"
::1 - - [10/Aug/2019:14:06:27 +0000] "GET /api/schedule/detail?t=1565445987071 HTTP/1.1" 200 151 "http://localhost:8080/console/schedule/center" "Mozilla/5.0 (Macintosh; Intel Mac OS X 10_14_5) AppleWebKit/537.36 (KHTML, like Gecko) Chrome/76.0.3809.100 Safari/537.36"
::1 - - [10/Aug/2019:14:07:53 +0000] "GET /api/schedule/detail?t=1565446073836 HTTP/1.1" 200 151 "http://localhost:8080/console/schedule/center" "Mozilla/5.0 (Macintosh; Intel Mac OS X 10_14_5) AppleWebKit/537.36 (KHTML, like Gecko) Chrome/76.0.3809.100 Safari/537.36"
::1 - - [10/Aug/2019:14:07:59 +0000] "GET /api/schedule/detail?t=1565446079920 HTTP/1.1" 200 151 "http://localhost:8080/console/schedule/center" "Mozilla/5.0 (Macintosh; Intel Mac OS X 10_14_5) AppleWebKit/537.36 (KHTML, like Gecko) Chrome/76.0.3809.100 Safari/537.36"
::1 - - [10/Aug/2019:14:08:43 +0000] "GET /api/schedule/detail?t=1565446123653 HTTP/1.1" 200 151 "http://localhost:8080/console/schedule/center" "Mozilla/5.0 (Macintosh; Intel Mac OS X 10_14_5) AppleWebKit/537.36 (KHTML, like Gecko) Chrome/76.0.3809.100 Safari/537.36"
::1 - - [10/Aug/2019:14:08:47 +0000] "GET /api/schedule/detail?t=1565446127387 HTTP/1.1" 200 151 "http://localhost:8080/console/schedule/center" "Mozilla/5.0 (Macintosh; Intel Mac OS X 10_14_5) AppleWebKit/537.36 (KHTML, like Gecko) Chrome/76.0.3809.100 Safari/537.36"
::1 - - [10/Aug/2019:14:09:19 +0000] "GET /api/schedule/detail?t=1565446159430 HTTP/1.1" 200 151 "http://localhost:8080/console/schedule/center" "Mozilla/5.0 (Macintosh; Intel Mac OS X 10_14_5) AppleWebKit/537.36 (KHTML, like Gecko) Chrome/76.0.3809.100 Safari/537.36"
::1 - - [10/Aug/2019:14:09:30 +0000] "GET /api/schedule/detail?t=1565446170853 HTTP/1.1" 200 151 "http://localhost:8080/console/schedule/center" "Mozilla/5.0 (Macintosh; Intel Mac OS X 10_14_5) AppleWebKit/537.36 (KHTML, like Gecko) Chrome/76.0.3809.100 Safari/537.36"
::1 - - [10/Aug/2019:14:09:43 +0000] "GET /api/schedule/detail?t=1565446183222 HTTP/1.1" 200 151 "http://localhost:8080/console/schedule/center" "Mozilla/5.0 (Macintosh; Intel Mac OS X 10_14_5) AppleWebKit/537.36 (KHTML, like Gecko) Chrome/76.0.3809.100 Safari/537.36"
::1 - - [10/Aug/2019:14:10:06 +0000] "GET /api/schedule/detail?t=1565446206566 HTTP/1.1" 200 151 "http://localhost:8080/console/schedule/center" "Mozilla/5.0 (Macintosh; Intel Mac OS X 10_14_5) AppleWebKit/537.36 (KHTML, like Gecko) Chrome/76.0.3809.100 Safari/537.36"
::1 - - [10/Aug/2019:14:10:10 +0000] "GET /api/schedule/detail?t=1565446210851 HTTP/1.1" 200 151 "http://localhost:8080/console/schedule/center" "Mozilla/5.0 (Macintosh; Intel Mac OS X 10_14_5) AppleWebKit/537.36 (KHTML, like Gecko) Chrome/76.0.3809.100 Safari/537.36"
::1 - - [10/Aug/2019:14:10:16 +0000] "GET /api/schedule/detail?t=1565446216074 HTTP/1.1" 200 151 "http://localhost:8080/console/schedule/center" "Mozilla/5.0 (Macintosh; Intel Mac OS X 10_14_5) AppleWebKit/537.36 (KHTML, like Gecko) Chrome/76.0.3809.100 Safari/537.36"
::1 - - [10/Aug/2019:14:10:22 +0000] "GET /api/schedule/detail?t=1565446222504 HTTP/1.1" 200 151 "http://localhost:8080/console/schedule/center" "Mozilla/5.0 (Macintosh; Intel Mac OS X 10_14_5) AppleWebKit/537.36 (KHTML, like Gecko) Chrome/76.0.3809.100 Safari/537.36"
::1 - - [10/Aug/2019:14:10:39 +0000] "GET /api/schedule/detail?t=1565446239303 HTTP/1.1" 200 151 "http://localhost:8080/console/schedule/center" "Mozilla/5.0 (Macintosh; Intel Mac OS X 10_14_5) AppleWebKit/537.36 (KHTML, like Gecko) Chrome/76.0.3809.100 Safari/537.36"
::1 - - [10/Aug/2019:14:10:48 +0000] "GET /api/schedule/detail?t=1565446248565 HTTP/1.1" 200 151 "http://localhost:8080/console/schedule/center" "Mozilla/5.0 (Macintosh; Intel Mac OS X 10_14_5) AppleWebKit/537.36 (KHTML, like Gecko) Chrome/76.0.3809.100 Safari/537.36"
::1 - - [10/Aug/2019:14:11:17 +0000] "GET /api/schedule/detail?t=1565446277169 HTTP/1.1" 200 151 "http://localhost:8080/console/schedule/center" "Mozilla/5.0 (Macintosh; Intel Mac OS X 10_14_5) AppleWebKit/537.36 (KHTML, like Gecko) Chrome/76.0.3809.100 Safari/537.36"
::1 - - [10/Aug/2019:14:11:22 +0000] "GET /api/schedule/detail?t=1565446282957 HTTP/1.1" 200 151 "http://localhost:8080/console/schedule/center" "Mozilla/5.0 (Macintosh; Intel Mac OS X 10_14_5) AppleWebKit/537.36 (KHTML, like Gecko) Chrome/76.0.3809.100 Safari/537.36"
::1 - - [10/Aug/2019:14:11:51 +0000] "GET /api/schedule/detail?t=1565446311138 HTTP/1.1" 200 151 "http://localhost:8080/console/schedule/center" "Mozilla/5.0 (Macintosh; Intel Mac OS X 10_14_5) AppleWebKit/537.36 (KHTML, like Gecko) Chrome/76.0.3809.100 Safari/537.36"
::1 - - [10/Aug/2019:14:11:55 +0000] "GET /api/schedule/detail?t=1565446315676 HTTP/1.1" 200 151 "http://localhost:8080/console/schedule/center" "Mozilla/5.0 (Macintosh; Intel Mac OS X 10_14_5) AppleWebKit/537.36 (KHTML, like Gecko) Chrome/76.0.3809.100 Safari/537.36"
::1 - - [10/Aug/2019:14:12:02 +0000] "GET /api/schedule/detail?t=1565446322117 HTTP/1.1" 200 151 "http://localhost:8080/console/schedule/center" "Mozilla/5.0 (Macintosh; Intel Mac OS X 10_14_5) AppleWebKit/537.36 (KHTML, like Gecko) Chrome/76.0.3809.100 Safari/537.36"
::1 - - [10/Aug/2019:14:12:13 +0000] "GET /api/schedule/detail?t=1565446333866 HTTP/1.1" 200 151 "http://localhost:8080/console/schedule/center" "Mozilla/5.0 (Macintosh; Intel Mac OS X 10_14_5) AppleWebKit/537.36 (KHTML, like Gecko) Chrome/76.0.3809.100 Safari/537.36"
::1 - - [10/Aug/2019:14:12:36 +0000] "GET /api/schedule/detail?t=1565446356572 HTTP/1.1" 200 151 "http://localhost:8080/console/schedule/center" "Mozilla/5.0 (Macintosh; Intel Mac OS X 10_14_5) AppleWebKit/537.36 (KHTML, like Gecko) Chrome/76.0.3809.100 Safari/537.36"
::1 - - [10/Aug/2019:14:12:42 +0000] "GET /api/schedule/detail?t=1565446362571 HTTP/1.1" 200 151 "http://localhost:8080/console/schedule/center" "Mozilla/5.0 (Macintosh; Intel Mac OS X 10_14_5) AppleWebKit/537.36 (KHTML, like Gecko) Chrome/76.0.3809.100 Safari/537.36"
::1 - - [10/Aug/2019:14:12:49 +0000] "GET /api/schedule/detail?t=1565446369549 HTTP/1.1" 200 151 "http://localhost:8080/console/schedule/center" "Mozilla/5.0 (Macintosh; Intel Mac OS X 10_14_5) AppleWebKit/537.36 (KHTML, like Gecko) Chrome/76.0.3809.100 Safari/537.36"
::1 - - [10/Aug/2019:14:12:52 +0000] "GET /api/schedule/detail?t=1565446372476 HTTP/1.1" 200 151 "http://localhost:8080/console/schedule/center" "Mozilla/5.0 (Macintosh; Intel Mac OS X 10_14_5) AppleWebKit/537.36 (KHTML, like Gecko) Chrome/76.0.3809.100 Safari/537.36"
::1 - - [10/Aug/2019:14:13:08 +0000] "GET /api/schedule/detail?t=1565446388022 HTTP/1.1" 200 151 "http://localhost:8080/console/schedule/center" "Mozilla/5.0 (Macintosh; Intel Mac OS X 10_14_5) AppleWebKit/537.36 (KHTML, like Gecko) Chrome/76.0.3809.100 Safari/537.36"
::1 - - [10/Aug/2019:14:13:34 +0000] "GET /api/schedule/detail?t=1565446414839 HTTP/1.1" 200 151 "http://localhost:8080/console/schedule/center" "Mozilla/5.0 (Macintosh; Intel Mac OS X 10_14_5) AppleWebKit/537.36 (KHTML, like Gecko) Chrome/76.0.3809.100 Safari/537.36"
::1 - - [10/Aug/2019:14:13:55 +0000] "GET /api/schedule/detail?t=1565446435434 HTTP/1.1" 200 151 "http://localhost:8080/console/schedule/center" "Mozilla/5.0 (Macintosh; Intel Mac OS X 10_14_5) AppleWebKit/537.36 (KHTML, like Gecko) Chrome/76.0.3809.100 Safari/537.36"
::1 - - [10/Aug/2019:14:14:31 +0000] "GET /api/schedule/detail?t=1565446471854 HTTP/1.1" 200 151 "http://localhost:8080/console/schedule/center" "Mozilla/5.0 (Macintosh; Intel Mac OS X 10_14_5) AppleWebKit/537.36 (KHTML, like Gecko) Chrome/76.0.3809.100 Safari/537.36"
::1 - - [10/Aug/2019:14:14:36 +0000] "GET /api/schedule/detail?t=1565446476039 HTTP/1.1" 200 151 "http://localhost:8080/console/schedule/center" "Mozilla/5.0 (Macintosh; Intel Mac OS X 10_14_5) AppleWebKit/537.36 (KHTML, like Gecko) Chrome/76.0.3809.100 Safari/537.36"
::1 - - [10/Aug/2019:14:14:40 +0000] "GET /api/schedule/detail?t=1565446480127 HTTP/1.1" 200 151 "http://localhost:8080/console/schedule/center" "Mozilla/5.0 (Macintosh; Intel Mac OS X 10_14_5) AppleWebKit/537.36 (KHTML, like Gecko) Chrome/76.0.3809.100 Safari/537.36"
::1 - - [10/Aug/2019:14:14:42 +0000] "GET /api/schedule/detail?t=1565446482836 HTTP/1.1" 200 151 "http://localhost:8080/console/schedule/center" "Mozilla/5.0 (Macintosh; Intel Mac OS X 10_14_5) AppleWebKit/537.36 (KHTML, like Gecko) Chrome/76.0.3809.100 Safari/537.36"
::1 - - [10/Aug/2019:14:14:47 +0000] "GET /api/schedule/detail?t=1565446487005 HTTP/1.1" 200 151 "http://localhost:8080/console/schedule/center" "Mozilla/5.0 (Macintosh; Intel Mac OS X 10_14_5) AppleWebKit/537.36 (KHTML, like Gecko) Chrome/76.0.3809.100 Safari/537.36"
::1 - - [10/Aug/2019:14:14:49 +0000] "GET /api/schedule/detail?t=1565446489020 HTTP/1.1" 200 151 "http://localhost:8080/console/schedule/center" "Mozilla/5.0 (Macintosh; Intel Mac OS X 10_14_5) AppleWebKit/537.36 (KHTML, like Gecko) Chrome/76.0.3809.100 Safari/537.36"
::1 - - [10/Aug/2019:14:14:57 +0000] "GET /api/schedule/detail?t=1565446497474 HTTP/1.1" 200 151 "http://localhost:8080/console/schedule/center" "Mozilla/5.0 (Macintosh; Intel Mac OS X 10_14_5) AppleWebKit/537.36 (KHTML, like Gecko) Chrome/76.0.3809.100 Safari/537.36"
::1 - - [10/Aug/2019:14:15:00 +0000] "GET /api/schedule/detail?t=1565446500292 HTTP/1.1" 200 151 "http://localhost:8080/console/schedule/center" "Mozilla/5.0 (Macintosh; Intel Mac OS X 10_14_5) AppleWebKit/537.36 (KHTML, like Gecko) Chrome/76.0.3809.100 Safari/537.36"
::1 - - [10/Aug/2019:14:15:02 +0000] "GET /api/schedule/detail?t=1565446502896 HTTP/1.1" 200 151 "http://localhost:8080/console/schedule/center" "Mozilla/5.0 (Macintosh; Intel Mac OS X 10_14_5) AppleWebKit/537.36 (KHTML, like Gecko) Chrome/76.0.3809.100 Safari/537.36"
::1 - - [10/Aug/2019:14:15:10 +0000] "GET /api/schedule/detail?t=1565446510358 HTTP/1.1" 200 151 "http://localhost:8080/console/schedule/center" "Mozilla/5.0 (Macintosh; Intel Mac OS X 10_14_5) AppleWebKit/537.36 (KHTML, like Gecko) Chrome/76.0.3809.100 Safari/537.36"
::1 - - [10/Aug/2019:14:15:18 +0000] "GET /api/schedule/detail?t=1565446518208 HTTP/1.1" 200 151 "http://localhost:8080/console/schedule/center" "Mozilla/5.0 (Macintosh; Intel Mac OS X 10_14_5) AppleWebKit/537.36 (KHTML, like Gecko) Chrome/76.0.3809.100 Safari/537.36"
::1 - - [10/Aug/2019:14:15:22 +0000] "GET /api/schedule/detail?t=1565446522986 HTTP/1.1" 200 151 "http://localhost:8080/console/schedule/center" "Mozilla/5.0 (Macintosh; Intel Mac OS X 10_14_5) AppleWebKit/537.36 (KHTML, like Gecko) Chrome/76.0.3809.100 Safari/537.36"
::1 - - [10/Aug/2019:14:15:28 +0000] "GET /api/schedule/detail?t=1565446528779 HTTP/1.1" 200 151 "http://localhost:8080/console/schedule/center" "Mozilla/5.0 (Macintosh; Intel Mac OS X 10_14_5) AppleWebKit/537.36 (KHTML, like Gecko) Chrome/76.0.3809.100 Safari/537.36"
::1 - - [10/Aug/2019:14:15:33 +0000] "GET /api/schedule/detail?t=1565446533838 HTTP/1.1" 200 151 "http://localhost:8080/console/schedule/center" "Mozilla/5.0 (Macintosh; Intel Mac OS X 10_14_5) AppleWebKit/537.36 (KHTML, like Gecko) Chrome/76.0.3809.100 Safari/537.36"
::1 - - [10/Aug/2019:14:15:38 +0000] "GET /api/schedule/detail?t=1565446538068 HTTP/1.1" 200 151 "http://localhost:8080/console/schedule/center" "Mozilla/5.0 (Macintosh; Intel Mac OS X 10_14_5) AppleWebKit/537.36 (KHTML, like Gecko) Chrome/76.0.3809.100 Safari/537.36"
::1 - - [10/Aug/2019:14:15:42 +0000] "GET /api/schedule/detail?t=1565446542720 HTTP/1.1" 200 151 "http://localhost:8080/console/schedule/center" "Mozilla/5.0 (Macintosh; Intel Mac OS X 10_14_5) AppleWebKit/537.36 (KHTML, like Gecko) Chrome/76.0.3809.100 Safari/537.36"
::1 - - [10/Aug/2019:14:15:46 +0000] "GET /api/schedule/detail?t=1565446546904 HTTP/1.1" 200 151 "http://localhost:8080/console/schedule/center" "Mozilla/5.0 (Macintosh; Intel Mac OS X 10_14_5) AppleWebKit/537.36 (KHTML, like Gecko) Chrome/76.0.3809.100 Safari/537.36"
::1 - - [10/Aug/2019:14:15:52 +0000] "GET /api/schedule/detail?t=1565446552503 HTTP/1.1" 200 151 "http://localhost:8080/console/schedule/center" "Mozilla/5.0 (Macintosh; Intel Mac OS X 10_14_5) AppleWebKit/537.36 (KHTML, like Gecko) Chrome/76.0.3809.100 Safari/537.36"
::1 - - [10/Aug/2019:14:15:58 +0000] "GET /api/schedule/detail?t=1565446558986 HTTP/1.1" 200 151 "http://localhost:8080/console/schedule/center" "Mozilla/5.0 (Macintosh; Intel Mac OS X 10_14_5) AppleWebKit/537.36 (KHTML, like Gecko) Chrome/76.0.3809.100 Safari/537.36"
::1 - - [10/Aug/2019:14:16:02 +0000] "GET /api/schedule/detail?t=1565446562636 HTTP/1.1" 200 151 "http://localhost:8080/console/schedule/center" "Mozilla/5.0 (Macintosh; Intel Mac OS X 10_14_5) AppleWebKit/537.36 (KHTML, like Gecko) Chrome/76.0.3809.100 Safari/537.36"
::1 - - [10/Aug/2019:14:16:06 +0000] "GET /api/schedule/detail?t=1565446566892 HTTP/1.1" 200 151 "http://localhost:8080/console/schedule/center" "Mozilla/5.0 (Macintosh; Intel Mac OS X 10_14_5) AppleWebKit/537.36 (KHTML, like Gecko) Chrome/76.0.3809.100 Safari/537.36"
::1 - - [10/Aug/2019:14:16:08 +0000] "GET /api/schedule/detail?t=1565446568462 HTTP/1.1" 200 151 "http://localhost:8080/console/schedule/center" "Mozilla/5.0 (Macintosh; Intel Mac OS X 10_14_5) AppleWebKit/537.36 (KHTML, like Gecko) Chrome/76.0.3809.100 Safari/537.36"
::1 - - [10/Aug/2019:14:16:10 +0000] "GET /api/schedule/detail?t=1565446570280 HTTP/1.1" 200 151 "http://localhost:8080/console/schedule/center" "Mozilla/5.0 (Macintosh; Intel Mac OS X 10_14_5) AppleWebKit/537.36 (KHTML, like Gecko) Chrome/76.0.3809.100 Safari/537.36"
::1 - - [10/Aug/2019:14:16:25 +0000] "GET /api/schedule/autoSchedule?t=1565446575125 HTTP/1.1" 200 516 "http://localhost:8080/console/schedule/center" "Mozilla/5.0 (Macintosh; Intel Mac OS X 10_14_5) AppleWebKit/537.36 (KHTML, like Gecko) Chrome/76.0.3809.100 Safari/537.36"
