::1 - - [13/Jul/2019:00:54:06 +0000] "GET /api/vehicle/list?t=1562979246390&page=1&pageSize=10 HTTP/1.1" 200 1301 "http://localhost:8080/console/vehicle" "Mozilla/5.0 (Macintosh; Intel Mac OS X 10_14_5) AppleWebKit/537.36 (KHTML, like Gecko) Chrome/75.0.3770.100 Safari/537.36"
::1 - - [13/Jul/2019:03:01:19 +0000] "GET /api/driver/list?page=1&pageSize=10 HTTP/1.1" 404 154 "-" "PostmanRuntime/7.15.0"
::1 - - [13/Jul/2019:03:02:07 +0000] "GET /api/driver/list?page=1&pageSize=10 HTTP/1.1" 200 385 "-" "PostmanRuntime/7.15.0"
::1 - - [13/Jul/2019:03:05:55 +0000] "POST /api/driver/info HTTP/1.1" 200 90 "-" "PostmanRuntime/7.15.0"
::1 - - [13/Jul/2019:03:06:23 +0000] "POST /api/driver/info HTTP/1.1" 200 43 "-" "PostmanRuntime/7.15.0"
::1 - - [13/Jul/2019:03:07:17 +0000] "POST /api/driver/info HTTP/1.1" 200 43 "-" "PostmanRuntime/7.15.0"
::1 - - [13/Jul/2019:03:08:06 +0000] "POST /api/driver/info HTTP/1.1" 200 43 "-" "PostmanRuntime/7.15.0"
::1 - - [13/Jul/2019:03:09:29 +0000] "POST /api/driver/info HTTP/1.1" 200 43 "-" "PostmanRuntime/7.15.0"
::1 - - [13/Jul/2019:03:09:48 +0000] "POST /api/driver/info HTTP/1.1" 200 43 "-" "PostmanRuntime/7.15.0"
::1 - - [13/Jul/2019:03:11:03 +0000] "PUT /api/driver/info HTTP/1.1" 200 43 "-" "PostmanRuntime/7.15.0"
::1 - - [13/Jul/2019:03:11:29 +0000] "GET /api/driver/info/1 HTTP/1.1" 200 140 "-" "PostmanRuntime/7.15.0"
::1 - - [13/Jul/2019:03:11:41 +0000] "DELETE /api/driver/info/4 HTTP/1.1" 404 159 "-" "PostmanRuntime/7.15.0"
::1 - - [13/Jul/2019:03:12:16 +0000] "DELETE /api/driver/info/4 HTTP/1.1" 200 43 "-" "PostmanRuntime/7.15.0"
::1 - - [13/Jul/2019:03:12:26 +0000] "GET /api/driver/list?page=1&pageSize=10 HTTP/1.1" 200 805 "-" "PostmanRuntime/7.15.0"
::1 - - [13/Jul/2019:05:34:06 +0000] "GET /api/driver/list?t=1562996046190&page=1&pageSize=10 HTTP/1.1" 200 805 "http://localhost:8080/console/driver" "Mozilla/5.0 (Macintosh; Intel Mac OS X 10_14_5) AppleWebKit/537.36 (KHTML, like Gecko) Chrome/75.0.3770.100 Safari/537.36"
::1 - - [13/Jul/2019:05:34:17 +0000] "GET /api/vehicle/list?t=1562996057820&page=1&pageSize=10 HTTP/1.1" 200 1301 "http://localhost:8080/console/vehicle" "Mozilla/5.0 (Macintosh; Intel Mac OS X 10_14_5) AppleWebKit/537.36 (KHTML, like Gecko) Chrome/75.0.3770.100 Safari/537.36"
::1 - - [13/Jul/2019:05:34:29 +0000] "GET /api/vehicle/list?t=1562996069045&page=2&pageSize=10 HTTP/1.1" 200 187 "http://localhost:8080/console/vehicle" "Mozilla/5.0 (Macintosh; Intel Mac OS X 10_14_5) AppleWebKit/537.36 (KHTML, like Gecko) Chrome/75.0.3770.100 Safari/537.36"
::1 - - [13/Jul/2019:05:34:31 +0000] "GET /api/vehicle/list?t=1562996071263&page=1&pageSize=10 HTTP/1.1" 200 1301 "http://localhost:8080/console/vehicle" "Mozilla/5.0 (Macintosh; Intel Mac OS X 10_14_5) AppleWebKit/537.36 (KHTML, like Gecko) Chrome/75.0.3770.100 Safari/537.36"
::1 - - [13/Jul/2019:05:34:33 +0000] "GET /api/vehicle/info/13?t=1562996073832 HTTP/1.1" 200 149 "http://localhost:8080/console/vehicle" "Mozilla/5.0 (Macintosh; Intel Mac OS X 10_14_5) AppleWebKit/537.36 (KHTML, like Gecko) Chrome/75.0.3770.100 Safari/537.36"
::1 - - [13/Jul/2019:05:34:33 +0000] "GET /api/vehicle/list?t=1562996073854&page=1&pageSize=10 HTTP/1.1" 200 1301 "http://localhost:8080/console/vehicle" "Mozilla/5.0 (Macintosh; Intel Mac OS X 10_14_5) AppleWebKit/537.36 (KHTML, like Gecko) Chrome/75.0.3770.100 Safari/537.36"
::1 - - [13/Jul/2019:05:34:42 +0000] "GET /api/vehicle/info/13?t=1562996082083 HTTP/1.1" 200 149 "http://localhost:8080/console/vehicle" "Mozilla/5.0 (Macintosh; Intel Mac OS X 10_14_5) AppleWebKit/537.36 (KHTML, like Gecko) Chrome/75.0.3770.100 Safari/537.36"
::1 - - [13/Jul/2019:05:34:42 +0000] "GET /api/vehicle/list?t=1562996082105&page=1&pageSize=10 HTTP/1.1" 200 1301 "http://localhost:8080/console/vehicle" "Mozilla/5.0 (Macintosh; Intel Mac OS X 10_14_5) AppleWebKit/537.36 (KHTML, like Gecko) Chrome/75.0.3770.100 Safari/537.36"
::1 - - [13/Jul/2019:05:34:49 +0000] "GET /api/vehicle/list?t=1562996089968&page=2&pageSize=10 HTTP/1.1" 200 187 "http://localhost:8080/console/vehicle" "Mozilla/5.0 (Macintosh; Intel Mac OS X 10_14_5) AppleWebKit/537.36 (KHTML, like Gecko) Chrome/75.0.3770.100 Safari/537.36"
::1 - - [13/Jul/2019:05:34:51 +0000] "GET /api/vehicle/list?t=1562996091459&page=1&pageSize=10 HTTP/1.1" 200 1301 "http://localhost:8080/console/vehicle" "Mozilla/5.0 (Macintosh; Intel Mac OS X 10_14_5) AppleWebKit/537.36 (KHTML, like Gecko) Chrome/75.0.3770.100 Safari/537.36"
::1 - - [13/Jul/2019:05:34:59 +0000] "GET /api/vehicle/info/13?t=1562996099531 HTTP/1.1" 200 149 "http://localhost:8080/console/vehicle" "Mozilla/5.0 (Macintosh; Intel Mac OS X 10_14_5) AppleWebKit/537.36 (KHTML, like Gecko) Chrome/75.0.3770.100 Safari/537.36"
::1 - - [13/Jul/2019:05:34:59 +0000] "GET /api/vehicle/list?t=1562996099552&page=1&pageSize=10 HTTP/1.1" 200 1301 "http://localhost:8080/console/vehicle" "Mozilla/5.0 (Macintosh; Intel Mac OS X 10_14_5) AppleWebKit/537.36 (KHTML, like Gecko) Chrome/75.0.3770.100 Safari/537.36"
::1 - - [13/Jul/2019:05:36:45 +0000] "GET /api/vehicle/list?t=1562996205093&page=1&pageSize=10 HTTP/1.1" 200 1301 "http://localhost:8080/console/vehicle" "Mozilla/5.0 (Macintosh; Intel Mac OS X 10_14_5) AppleWebKit/537.36 (KHTML, like Gecko) Chrome/75.0.3770.100 Safari/537.36"
::1 - - [13/Jul/2019:05:37:02 +0000] "GET /api/vehicle/list?t=1562996222161&page=1&pageSize=10 HTTP/1.1" 200 1301 "http://localhost:8080/console/vehicle" "Mozilla/5.0 (Macintosh; Intel Mac OS X 10_14_5) AppleWebKit/537.36 (KHTML, like Gecko) Chrome/75.0.3770.100 Safari/537.36"
::1 - - [13/Jul/2019:05:37:04 +0000] "OPTIONS /api/vehicle/info/13?t=1562996224786 HTTP/1.1" 200 8 "http://localhost:8080/console/vehicle" "Mozilla/5.0 (Macintosh; Intel Mac OS X 10_14_5) AppleWebKit/537.36 (KHTML, like Gecko) Chrome/75.0.3770.100 Safari/537.36"
::1 - - [13/Jul/2019:05:37:04 +0000] "DELETE /api/vehicle/info/13?t=1562996224786 HTTP/1.1" 404 161 "http://localhost:8080/console/vehicle" "Mozilla/5.0 (Macintosh; Intel Mac OS X 10_14_5) AppleWebKit/537.36 (KHTML, like Gecko) Chrome/75.0.3770.100 Safari/537.36"
::1 - - [13/Jul/2019:05:37:11 +0000] "GET /api/vehicle/list?t=1562996231796&page=1&pageSize=10 HTTP/1.1" 200 1301 "http://localhost:8080/console/vehicle" "Mozilla/5.0 (Macintosh; Intel Mac OS X 10_14_5) AppleWebKit/537.36 (KHTML, like Gecko) Chrome/75.0.3770.100 Safari/537.36"
::1 - - [13/Jul/2019:05:37:22 +0000] "OPTIONS /api/vehicle/info/13?t=1562996242285 HTTP/1.1" 200 8 "http://localhost:8080/console/vehicle" "Mozilla/5.0 (Macintosh; Intel Mac OS X 10_14_5) AppleWebKit/537.36 (KHTML, like Gecko) Chrome/75.0.3770.100 Safari/537.36"
::1 - - [13/Jul/2019:05:37:22 +0000] "DELETE /api/vehicle/info/13?t=1562996242285 HTTP/1.1" 404 161 "http://localhost:8080/console/vehicle" "Mozilla/5.0 (Macintosh; Intel Mac OS X 10_14_5) AppleWebKit/537.36 (KHTML, like Gecko) Chrome/75.0.3770.100 Safari/537.36"
::1 - - [13/Jul/2019:05:38:26 +0000] "GET /api/vehicle/list?t=1562996306695&page=1&pageSize=10 HTTP/1.1" 200 1301 "http://localhost:8080/console/vehicle" "Mozilla/5.0 (Macintosh; Intel Mac OS X 10_14_5) AppleWebKit/537.36 (KHTML, like Gecko) Chrome/75.0.3770.100 Safari/537.36"
::1 - - [13/Jul/2019:05:38:33 +0000] "GET /api/vehicle/list?t=1562996313466&page=1&pageSize=10 HTTP/1.1" 200 1301 "http://localhost:8080/console/vehicle" "Mozilla/5.0 (Macintosh; Intel Mac OS X 10_14_5) AppleWebKit/537.36 (KHTML, like Gecko) Chrome/75.0.3770.100 Safari/537.36"
::1 - - [13/Jul/2019:05:38:35 +0000] "GET /api/vehicle/list?t=1562996315435&page=1&pageSize=10 HTTP/1.1" 200 1301 "http://localhost:8080/console/vehicle" "Mozilla/5.0 (Macintosh; Intel Mac OS X 10_14_5) AppleWebKit/537.36 (KHTML, like Gecko) Chrome/75.0.3770.100 Safari/537.36"
::1 - - [13/Jul/2019:05:38:37 +0000] "GET /api/vehicle/list?t=1562996317275&page=1&pageSize=10 HTTP/1.1" 200 1301 "http://localhost:8080/console/vehicle" "Mozilla/5.0 (Macintosh; Intel Mac OS X 10_14_5) AppleWebKit/537.36 (KHTML, like Gecko) Chrome/75.0.3770.100 Safari/537.36"
::1 - - [13/Jul/2019:05:38:38 +0000] "GET /api/vehicle/list?t=1562996318612&page=1&pageSize=10 HTTP/1.1" 200 1301 "http://localhost:8080/console/vehicle" "Mozilla/5.0 (Macintosh; Intel Mac OS X 10_14_5) AppleWebKit/537.36 (KHTML, like Gecko) Chrome/75.0.3770.100 Safari/537.36"
::1 - - [13/Jul/2019:05:38:41 +0000] "GET /api/vehicle/list?t=1562996321565&page=1&pageSize=10 HTTP/1.1" 200 1301 "http://localhost:8080/console/vehicle" "Mozilla/5.0 (Macintosh; Intel Mac OS X 10_14_5) AppleWebKit/537.36 (KHTML, like Gecko) Chrome/75.0.3770.100 Safari/537.36"
::1 - - [13/Jul/2019:05:40:42 +0000] "GET /api/vehicle/list?t=1562996442572&page=1&pageSize=10 HTTP/1.1" 200 1301 "http://localhost:8080/console/vehicle" "Mozilla/5.0 (Macintosh; Intel Mac OS X 10_14_5) AppleWebKit/537.36 (KHTML, like Gecko) Chrome/75.0.3770.100 Safari/537.36"
::1 - - [13/Jul/2019:05:40:45 +0000] "GET /api/vehicle/list?t=1562996445244&page=1&pageSize=10 HTTP/1.1" 200 1301 "http://localhost:8080/console/vehicle" "Mozilla/5.0 (Macintosh; Intel Mac OS X 10_14_5) AppleWebKit/537.36 (KHTML, like Gecko) Chrome/75.0.3770.100 Safari/537.36"
::1 - - [13/Jul/2019:05:40:47 +0000] "GET /api/vehicle/list?t=1562996447683&page=1&pageSize=10 HTTP/1.1" 200 1301 "http://localhost:8080/console/vehicle" "Mozilla/5.0 (Macintosh; Intel Mac OS X 10_14_5) AppleWebKit/537.36 (KHTML, like Gecko) Chrome/75.0.3770.100 Safari/537.36"
::1 - - [13/Jul/2019:05:40:50 +0000] "GET /api/vehicle/list?t=1562996450294&page=1&pageSize=10 HTTP/1.1" 200 1301 "http://localhost:8080/console/vehicle" "Mozilla/5.0 (Macintosh; Intel Mac OS X 10_14_5) AppleWebKit/537.36 (KHTML, like Gecko) Chrome/75.0.3770.100 Safari/537.36"
::1 - - [13/Jul/2019:05:41:00 +0000] "OPTIONS /api/vehicle/delete/13?t=1562996460138 HTTP/1.1" 200 6 "http://localhost:8080/console/vehicle" "Mozilla/5.0 (Macintosh; Intel Mac OS X 10_14_5) AppleWebKit/537.36 (KHTML, like Gecko) Chrome/75.0.3770.100 Safari/537.36"
::1 - - [13/Jul/2019:05:41:00 +0000] "DELETE /api/vehicle/delete/13?t=1562996460138 HTTP/1.1" 200 43 "http://localhost:8080/console/vehicle" "Mozilla/5.0 (Macintosh; Intel Mac OS X 10_14_5) AppleWebKit/537.36 (KHTML, like Gecko) Chrome/75.0.3770.100 Safari/537.36"
::1 - - [13/Jul/2019:05:41:00 +0000] "GET /api/vehicle/list?t=1562996460171&page=1&pageSize=10 HTTP/1.1" 200 1311 "http://localhost:8080/console/vehicle" "Mozilla/5.0 (Macintosh; Intel Mac OS X 10_14_5) AppleWebKit/537.36 (KHTML, like Gecko) Chrome/75.0.3770.100 Safari/537.36"
::1 - - [13/Jul/2019:05:41:48 +0000] "POST /api/vehicle/info?t=1562996508848 HTTP/1.1" 200 43 "http://localhost:8080/console/vehicle" "Mozilla/5.0 (Macintosh; Intel Mac OS X 10_14_5) AppleWebKit/537.36 (KHTML, like Gecko) Chrome/75.0.3770.100 Safari/537.36"
::1 - - [13/Jul/2019:05:41:48 +0000] "GET /api/vehicle/list?t=1562996508895&page=1&pageSize=10 HTTP/1.1" 200 1310 "http://localhost:8080/console/vehicle" "Mozilla/5.0 (Macintosh; Intel Mac OS X 10_14_5) AppleWebKit/537.36 (KHTML, like Gecko) Chrome/75.0.3770.100 Safari/537.36"
::1 - - [13/Jul/2019:05:42:32 +0000] "GET /api/vehicle/list?t=1562996552025&page=1&pageSize=10 HTTP/1.1" 200 1310 "http://localhost:8080/console/vehicle" "Mozilla/5.0 (Macintosh; Intel Mac OS X 10_14_5) AppleWebKit/537.36 (KHTML, like Gecko) Chrome/75.0.3770.100 Safari/537.36"
::1 - - [13/Jul/2019:05:48:28 +0000] "GET /api/vehicle/list?t=1562996908835&page=1&pageSize=10 HTTP/1.1" 200 1310 "http://localhost:8080/console/vehicle" "Mozilla/5.0 (Macintosh; Intel Mac OS X 10_14_5) AppleWebKit/537.36 (KHTML, like Gecko) Chrome/75.0.3770.100 Safari/537.36"
::1 - - [13/Jul/2019:05:48:30 +0000] "GET /api/order/list?t=1562996910020&page=1&pageSize=10 HTTP/1.1" 200 714 "http://localhost:8080/console/order" "Mozilla/5.0 (Macintosh; Intel Mac OS X 10_14_5) AppleWebKit/537.36 (KHTML, like Gecko) Chrome/75.0.3770.100 Safari/537.36"
::1 - - [13/Jul/2019:05:50:47 +0000] "GET /api/order/list?t=1562997047773&page=1&pageSize=10 HTTP/1.1" 200 714 "http://localhost:8080/console/order" "Mozilla/5.0 (Macintosh; Intel Mac OS X 10_14_5) AppleWebKit/537.36 (KHTML, like Gecko) Chrome/75.0.3770.100 Safari/537.36"
::1 - - [13/Jul/2019:05:51:57 +0000] "GET /api/order/list?t=1562997117791&page=1&pageSize=10 HTTP/1.1" 200 818 "http://localhost:8080/console/order" "Mozilla/5.0 (Macintosh; Intel Mac OS X 10_14_5) AppleWebKit/537.36 (KHTML, like Gecko) Chrome/75.0.3770.100 Safari/537.36"
::1 - - [13/Jul/2019:05:52:00 +0000] "GET /api/city/list?t=1562997120768&page=1&pageSize=10 HTTP/1.1" 404 152 "http://localhost:8080/console/city" "Mozilla/5.0 (Macintosh; Intel Mac OS X 10_14_5) AppleWebKit/537.36 (KHTML, like Gecko) Chrome/75.0.3770.100 Safari/537.36"
::1 - - [13/Jul/2019:05:52:06 +0000] "GET /api/driver/list?t=1562997126750&page=1&pageSize=10 HTTP/1.1" 200 805 "http://localhost:8080/console/driver" "Mozilla/5.0 (Macintosh; Intel Mac OS X 10_14_5) AppleWebKit/537.36 (KHTML, like Gecko) Chrome/75.0.3770.100 Safari/537.36"
::1 - - [13/Jul/2019:05:53:15 +0000] "GET /api/driver/list?t=1562997195470&page=1&pageSize=10 HTTP/1.1" 200 805 "http://localhost:8080/console/driver" "Mozilla/5.0 (Macintosh; Intel Mac OS X 10_14_5) AppleWebKit/537.36 (KHTML, like Gecko) Chrome/75.0.3770.100 Safari/537.36"
::1 - - [13/Jul/2019:05:53:16 +0000] "GET /api/driver/list?t=1562997196314&page=1&pageSize=10 HTTP/1.1" 200 805 "http://localhost:8080/console/driver" "Mozilla/5.0 (Macintosh; Intel Mac OS X 10_14_5) AppleWebKit/537.36 (KHTML, like Gecko) Chrome/75.0.3770.100 Safari/537.36"
::1 - - [13/Jul/2019:05:53:18 +0000] "GET /api/driver/list?t=1562997198853&page=1&pageSize=10 HTTP/1.1" 200 805 "http://localhost:8080/console/driver" "Mozilla/5.0 (Macintosh; Intel Mac OS X 10_14_5) AppleWebKit/537.36 (KHTML, like Gecko) Chrome/75.0.3770.100 Safari/537.36"
::1 - - [13/Jul/2019:05:53:57 +0000] "GET /api/driver/list?t=1562997237524&page=1&pageSize=10 HTTP/1.1" 200 805 "http://localhost:8080/console/driver" "Mozilla/5.0 (Macintosh; Intel Mac OS X 10_14_5) AppleWebKit/537.36 (KHTML, like Gecko) Chrome/75.0.3770.100 Safari/537.36"
::1 - - [13/Jul/2019:05:54:05 +0000] "GET /api/driver/list?t=1562997245329&page=1&pageSize=10 HTTP/1.1" 200 805 "http://localhost:8080/console/driver" "Mozilla/5.0 (Macintosh; Intel Mac OS X 10_14_5) AppleWebKit/537.36 (KHTML, like Gecko) Chrome/75.0.3770.100 Safari/537.36"
::1 - - [13/Jul/2019:05:54:16 +0000] "GET /api/driver/list?t=1562997256264&page=1&pageSize=10 HTTP/1.1" 200 805 "http://localhost:8080/console/driver" "Mozilla/5.0 (Macintosh; Intel Mac OS X 10_14_5) AppleWebKit/537.36 (KHTML, like Gecko) Chrome/75.0.3770.100 Safari/537.36"
::1 - - [13/Jul/2019:05:54:42 +0000] "GET /api/driver/list?t=1562997282548&page=1&pageSize=10 HTTP/1.1" 200 805 "http://localhost:8080/console/driver" "Mozilla/5.0 (Macintosh; Intel Mac OS X 10_14_5) AppleWebKit/537.36 (KHTML, like Gecko) Chrome/75.0.3770.100 Safari/537.36"
::1 - - [13/Jul/2019:05:54:45 +0000] "GET /api/driver/list?t=1562997285859&page=1&pageSize=10 HTTP/1.1" 200 805 "http://localhost:8080/console/driver" "Mozilla/5.0 (Macintosh; Intel Mac OS X 10_14_5) AppleWebKit/537.36 (KHTML, like Gecko) Chrome/75.0.3770.100 Safari/537.36"
::1 - - [13/Jul/2019:05:54:48 +0000] "GET /api/driver/list?t=1562997288782&page=1&pageSize=10 HTTP/1.1" 200 805 "http://localhost:8080/console/driver" "Mozilla/5.0 (Macintosh; Intel Mac OS X 10_14_5) AppleWebKit/537.36 (KHTML, like Gecko) Chrome/75.0.3770.100 Safari/537.36"
::1 - - [13/Jul/2019:05:54:51 +0000] "GET /api/driver/list?t=1562997291663&page=1&pageSize=10 HTTP/1.1" 200 805 "http://localhost:8080/console/driver" "Mozilla/5.0 (Macintosh; Intel Mac OS X 10_14_5) AppleWebKit/537.36 (KHTML, like Gecko) Chrome/75.0.3770.100 Safari/537.36"
::1 - - [13/Jul/2019:05:55:27 +0000] "GET /api/driver/list?t=1562997327634&page=1&pageSize=10 HTTP/1.1" 200 805 "http://localhost:8080/console/driver" "Mozilla/5.0 (Macintosh; Intel Mac OS X 10_14_5) AppleWebKit/537.36 (KHTML, like Gecko) Chrome/75.0.3770.100 Safari/537.36"
::1 - - [13/Jul/2019:05:55:29 +0000] "GET /api/driver/list?t=1562997329094&page=1&pageSize=10 HTTP/1.1" 200 805 "http://localhost:8080/console/driver" "Mozilla/5.0 (Macintosh; Intel Mac OS X 10_14_5) AppleWebKit/537.36 (KHTML, like Gecko) Chrome/75.0.3770.100 Safari/537.36"
::1 - - [13/Jul/2019:05:55:31 +0000] "GET /api/driver/list?t=1562997331981&page=1&pageSize=10 HTTP/1.1" 200 805 "http://localhost:8080/console/driver" "Mozilla/5.0 (Macintosh; Intel Mac OS X 10_14_5) AppleWebKit/537.36 (KHTML, like Gecko) Chrome/75.0.3770.100 Safari/537.36"
::1 - - [13/Jul/2019:05:55:48 +0000] "GET /api/driver/list?t=1562997348495&page=1&pageSize=10 HTTP/1.1" 200 805 "http://localhost:8080/console/driver" "Mozilla/5.0 (Macintosh; Intel Mac OS X 10_14_5) AppleWebKit/537.36 (KHTML, like Gecko) Chrome/75.0.3770.100 Safari/537.36"
::1 - - [13/Jul/2019:05:55:53 +0000] "GET /api/driver/list?t=1562997353036&page=1&pageSize=10 HTTP/1.1" 200 805 "http://localhost:8080/console/driver" "Mozilla/5.0 (Macintosh; Intel Mac OS X 10_14_5) AppleWebKit/537.36 (KHTML, like Gecko) Chrome/75.0.3770.100 Safari/537.36"
::1 - - [13/Jul/2019:05:55:56 +0000] "GET /api/driver/list?t=1562997356513&page=1&pageSize=10 HTTP/1.1" 200 805 "http://localhost:8080/console/driver" "Mozilla/5.0 (Macintosh; Intel Mac OS X 10_14_5) AppleWebKit/537.36 (KHTML, like Gecko) Chrome/75.0.3770.100 Safari/537.36"
::1 - - [13/Jul/2019:05:55:58 +0000] "GET /api/driver/list?t=1562997358240&page=1&pageSize=10 HTTP/1.1" 200 805 "http://localhost:8080/console/driver" "Mozilla/5.0 (Macintosh; Intel Mac OS X 10_14_5) AppleWebKit/537.36 (KHTML, like Gecko) Chrome/75.0.3770.100 Safari/537.36"
::1 - - [13/Jul/2019:05:55:59 +0000] "GET /api/driver/list?t=1562997359984&page=1&pageSize=10 HTTP/1.1" 200 805 "http://localhost:8080/console/driver" "Mozilla/5.0 (Macintosh; Intel Mac OS X 10_14_5) AppleWebKit/537.36 (KHTML, like Gecko) Chrome/75.0.3770.100 Safari/537.36"
::1 - - [13/Jul/2019:05:58:45 +0000] "GET /api/driver/list?t=1562997525501&page=1&pageSize=10 HTTP/1.1" 200 805 "http://localhost:8080/console/driver" "Mozilla/5.0 (Macintosh; Intel Mac OS X 10_14_5) AppleWebKit/537.36 (KHTML, like Gecko) Chrome/75.0.3770.100 Safari/537.36"
::1 - - [13/Jul/2019:06:35:16 +0000] "POST /api/driver/info?t=1562999716583 HTTP/1.1" 200 43 "http://localhost:8080/console/driver" "Mozilla/5.0 (Macintosh; Intel Mac OS X 10_14_5) AppleWebKit/537.36 (KHTML, like Gecko) Chrome/75.0.3770.100 Safari/537.36"
::1 - - [13/Jul/2019:06:35:16 +0000] "GET /api/driver/list?t=1562999716636&page=1&pageSize=10 HTTP/1.1" 200 914 "http://localhost:8080/console/driver" "Mozilla/5.0 (Macintosh; Intel Mac OS X 10_14_5) AppleWebKit/537.36 (KHTML, like Gecko) Chrome/75.0.3770.100 Safari/537.36"
::1 - - [13/Jul/2019:06:35:25 +0000] "GET /api/driver/list?t=1562999725880&page=1&pageSize=10&filterData%5Bage%5D=18 HTTP/1.1" 200 914 "http://localhost:8080/console/driver" "Mozilla/5.0 (Macintosh; Intel Mac OS X 10_14_5) AppleWebKit/537.36 (KHTML, like Gecko) Chrome/75.0.3770.100 Safari/537.36"
::1 - - [13/Jul/2019:06:35:31 +0000] "GET /api/driver/list?t=1562999731054&page=1&pageSize=10&filterData%5Bage%5D=18 HTTP/1.1" 200 914 "http://localhost:8080/console/driver" "Mozilla/5.0 (Macintosh; Intel Mac OS X 10_14_5) AppleWebKit/537.36 (KHTML, like Gecko) Chrome/75.0.3770.100 Safari/537.36"
::1 - - [13/Jul/2019:06:35:40 +0000] "GET /api/driver/list?t=1562999740648&page=1&pageSize=10&filterData%5Bage%5D=18&filterData%5Bsex%5D=male HTTP/1.1" 200 802 "http://localhost:8080/console/driver" "Mozilla/5.0 (Macintosh; Intel Mac OS X 10_14_5) AppleWebKit/537.36 (KHTML, like Gecko) Chrome/75.0.3770.100 Safari/537.36"
::1 - - [13/Jul/2019:06:36:08 +0000] "GET /api/driver/list?t=1562999768853&page=1&pageSize=10 HTTP/1.1" 200 914 "http://localhost:8080/console/driver" "Mozilla/5.0 (Macintosh; Intel Mac OS X 10_14_5) AppleWebKit/537.36 (KHTML, like Gecko) Chrome/75.0.3770.100 Safari/537.36"
::1 - - [13/Jul/2019:06:36:13 +0000] "GET /api/driver/list?t=1562999773740&page=1&pageSize=10&filterData%5Bname%5D=qweqw HTTP/1.1" 200 61 "http://localhost:8080/console/driver" "Mozilla/5.0 (Macintosh; Intel Mac OS X 10_14_5) AppleWebKit/537.36 (KHTML, like Gecko) Chrome/75.0.3770.100 Safari/537.36"
::1 - - [13/Jul/2019:06:36:15 +0000] "GET /api/driver/list?t=1562999775451&page=1&pageSize=10&filterData= HTTP/1.1" 200 914 "http://localhost:8080/console/driver" "Mozilla/5.0 (Macintosh; Intel Mac OS X 10_14_5) AppleWebKit/537.36 (KHTML, like Gecko) Chrome/75.0.3770.100 Safari/537.36"
::1 - - [13/Jul/2019:06:36:20 +0000] "GET /api/driver/list?t=1562999780464&page=1&pageSize=10&filterData%5Bage%5D=34 HTTP/1.1" 200 914 "http://localhost:8080/console/driver" "Mozilla/5.0 (Macintosh; Intel Mac OS X 10_14_5) AppleWebKit/537.36 (KHTML, like Gecko) Chrome/75.0.3770.100 Safari/537.36"
::1 - - [13/Jul/2019:06:37:04 +0000] "GET /api/driver/list?t=1562999824291&page=1&pageSize=10 HTTP/1.1" 200 914 "http://localhost:8080/console/driver" "Mozilla/5.0 (Macintosh; Intel Mac OS X 10_14_5) AppleWebKit/537.36 (KHTML, like Gecko) Chrome/75.0.3770.100 Safari/537.36"
::1 - - [13/Jul/2019:06:37:07 +0000] "GET /api/driver/list?t=1562999827866&page=1&pageSize=10&filterData%5Bage%5D=23 HTTP/1.1" 200 172 "http://localhost:8080/console/driver" "Mozilla/5.0 (Macintosh; Intel Mac OS X 10_14_5) AppleWebKit/537.36 (KHTML, like Gecko) Chrome/75.0.3770.100 Safari/537.36"
::1 - - [13/Jul/2019:06:37:09 +0000] "GET /api/driver/list?t=1562999829000&page=1&pageSize=10&filterData= HTTP/1.1" 200 914 "http://localhost:8080/console/driver" "Mozilla/5.0 (Macintosh; Intel Mac OS X 10_14_5) AppleWebKit/537.36 (KHTML, like Gecko) Chrome/75.0.3770.100 Safari/537.36"
::1 - - [13/Jul/2019:06:38:11 +0000] "GET /api/driver/list?t=1562999891478&page=1&pageSize=10 HTTP/1.1" 200 914 "http://localhost:8080/console/driver" "Mozilla/5.0 (Macintosh; Intel Mac OS X 10_14_5) AppleWebKit/537.36 (KHTML, like Gecko) Chrome/75.0.3770.100 Safari/537.36"
::1 - - [13/Jul/2019:06:38:24 +0000] "GET /api/driver/list?t=1562999904142&page=1&pageSize=10 HTTP/1.1" 200 914 "http://localhost:8080/console/driver" "Mozilla/5.0 (Macintosh; Intel Mac OS X 10_14_5) AppleWebKit/537.36 (KHTML, like Gecko) Chrome/75.0.3770.100 Safari/537.36"
::1 - - [13/Jul/2019:06:38:31 +0000] "GET /api/driver/list?t=1562999911905&page=1&pageSize=10 HTTP/1.1" 200 914 "http://localhost:8080/console/driver" "Mozilla/5.0 (Macintosh; Intel Mac OS X 10_14_5) AppleWebKit/537.36 (KHTML, like Gecko) Chrome/75.0.3770.100 Safari/537.36"
::1 - - [13/Jul/2019:06:38:36 +0000] "GET /api/driver/list?t=1562999916653&page=1&pageSize=10 HTTP/1.1" 200 914 "http://localhost:8080/console/driver" "Mozilla/5.0 (Macintosh; Intel Mac OS X 10_14_5) AppleWebKit/537.36 (KHTML, like Gecko) Chrome/75.0.3770.100 Safari/537.36"
::1 - - [13/Jul/2019:06:38:40 +0000] "GET /api/driver/list?t=1562999920364&page=1&pageSize=10&filterData%5Bage%5D=23 HTTP/1.1" 200 172 "http://localhost:8080/console/driver" "Mozilla/5.0 (Macintosh; Intel Mac OS X 10_14_5) AppleWebKit/537.36 (KHTML, like Gecko) Chrome/75.0.3770.100 Safari/537.36"
::1 - - [13/Jul/2019:06:38:41 +0000] "GET /api/driver/list?t=1562999921328&page=1&pageSize=10&filterData= HTTP/1.1" 200 914 "http://localhost:8080/console/driver" "Mozilla/5.0 (Macintosh; Intel Mac OS X 10_14_5) AppleWebKit/537.36 (KHTML, like Gecko) Chrome/75.0.3770.100 Safari/537.36"
::1 - - [13/Jul/2019:06:38:47 +0000] "OPTIONS /api/driver/delete/9?t=1562999927728 HTTP/1.1" 200 6 "http://localhost:8080/console/driver" "Mozilla/5.0 (Macintosh; Intel Mac OS X 10_14_5) AppleWebKit/537.36 (KHTML, like Gecko) Chrome/75.0.3770.100 Safari/537.36"
::1 - - [13/Jul/2019:06:38:47 +0000] "DELETE /api/driver/delete/9?t=1562999927728 HTTP/1.1" 200 43 "http://localhost:8080/console/driver" "Mozilla/5.0 (Macintosh; Intel Mac OS X 10_14_5) AppleWebKit/537.36 (KHTML, like Gecko) Chrome/75.0.3770.100 Safari/537.36"
::1 - - [13/Jul/2019:06:38:47 +0000] "GET /api/driver/list?t=1562999927757&page=1&pageSize=10&filterData= HTTP/1.1" 200 805 "http://localhost:8080/console/driver" "Mozilla/5.0 (Macintosh; Intel Mac OS X 10_14_5) AppleWebKit/537.36 (KHTML, like Gecko) Chrome/75.0.3770.100 Safari/537.36"
::1 - - [13/Jul/2019:06:38:58 +0000] "GET /api/city/list?t=1562999938587&page=1&pageSize=10&filterData= HTTP/1.1" 404 152 "http://localhost:8080/console/city" "Mozilla/5.0 (Macintosh; Intel Mac OS X 10_14_5) AppleWebKit/537.36 (KHTML, like Gecko) Chrome/75.0.3770.100 Safari/537.36"
::1 - - [13/Jul/2019:06:39:48 +0000] "GET /api/driver/list?t=1562999988806&page=1&pageSize=10&filterData= HTTP/1.1" 200 805 "http://localhost:8080/console/driver" "Mozilla/5.0 (Macintosh; Intel Mac OS X 10_14_5) AppleWebKit/537.36 (KHTML, like Gecko) Chrome/75.0.3770.100 Safari/537.36"
::1 - - [13/Jul/2019:06:39:52 +0000] "GET /api/city/list?t=1562999992800&page=1&pageSize=10&filterData= HTTP/1.1" 404 152 "http://localhost:8080/console/city" "Mozilla/5.0 (Macintosh; Intel Mac OS X 10_14_5) AppleWebKit/537.36 (KHTML, like Gecko) Chrome/75.0.3770.100 Safari/537.36"
