::1 - - [21/Jul/2019:07:00:45 +0000] "GET /api/city/distance HTTP/1.1" 200 39805 "-" "PostmanRuntime/7.15.0"
::1 - - [21/Jul/2019:07:03:09 +0000] "GET /api/schedule/test HTTP/1.1" 200 79605 "-" "PostmanRuntime/7.15.0"
::1 - - [21/Jul/2019:07:04:29 +0000] "GET /api/vehicle/list?t=1563692669154&page=1&pageSize=10 HTTP/1.1" 200 1460 "http://localhost:8080/console/vehicle" "Mozilla/5.0 (Macintosh; Intel Mac OS X 10_14_5) AppleWebKit/537.36 (KHTML, like Gecko) Chrome/75.0.3770.100 Safari/537.36"
::1 - - [21/Jul/2019:07:04:31 +0000] "GET /api/city/list?t=1563692671659&page=1&pageSize=10 HTTP/1.1" 200 718 "http://localhost:8080/console/city/list" "Mozilla/5.0 (Macintosh; Intel Mac OS X 10_14_5) AppleWebKit/537.36 (KHTML, like Gecko) Chrome/75.0.3770.100 Safari/537.36"
::1 - - [21/Jul/2019:07:04:39 +0000] "GET /api/city/distance?t=1563692679182 HTTP/1.1" 200 39805 "http://localhost:8080/console/city/distance" "Mozilla/5.0 (Macintosh; Intel Mac OS X 10_14_5) AppleWebKit/537.36 (KHTML, like Gecko) Chrome/75.0.3770.100 Safari/537.36"
::1 - - [21/Jul/2019:07:06:44 +0000] "GET /api/city/distance?t=1563692804122 HTTP/1.1" 200 39805 "http://localhost:8080/console/city/distance" "Mozilla/5.0 (Macintosh; Intel Mac OS X 10_14_5) AppleWebKit/537.36 (KHTML, like Gecko) Chrome/75.0.3770.100 Safari/537.36"
::1 - - [21/Jul/2019:07:10:45 +0000] "GET /api/city/distance HTTP/1.1" 200 39805 "-" "PostmanRuntime/7.15.0"
::1 - - [21/Jul/2019:07:18:52 +0000] "GET /api/schedule/test HTTP/1.1" 200 1799 "-" "PostmanRuntime/7.15.0"
::1 - - [21/Jul/2019:07:21:56 +0000] "GET /api/schedule/test HTTP/1.1" 200 1799 "-" "PostmanRuntime/7.15.0"
::1 - - [21/Jul/2019:07:23:19 +0000] "GET /api/schedule/test HTTP/1.1" 200 1799 "-" "PostmanRuntime/7.15.0"
::1 - - [21/Jul/2019:07:24:00 +0000] "GET /api/schedule/test HTTP/1.1" 200 1799 "-" "PostmanRuntime/7.15.0"
::1 - - [21/Jul/2019:07:28:46 +0000] "GET /api/schedule/test HTTP/1.1" 200 1799 "-" "PostmanRuntime/7.15.0"
::1 - - [21/Jul/2019:07:29:11 +0000] "GET /api/schedule/test HTTP/1.1" 200 1799 "-" "PostmanRuntime/7.15.0"
::1 - - [21/Jul/2019:07:30:37 +0000] "GET /api/schedule/test HTTP/1.1" 200 1799 "-" "PostmanRuntime/7.15.0"
::1 - - [21/Jul/2019:07:32:36 +0000] "GET /api/schedule/test HTTP/1.1" 200 1815 "-" "PostmanRuntime/7.15.0"
::1 - - [21/Jul/2019:07:35:16 +0000] "GET /api/schedule/test HTTP/1.1" 200 1815 "-" "PostmanRuntime/7.15.0"
::1 - - [21/Jul/2019:07:35:49 +0000] "GET /api/schedule/test HTTP/1.1" 200 1815 "-" "PostmanRuntime/7.15.0"
::1 - - [21/Jul/2019:07:37:08 +0000] "GET /api/schedule/test HTTP/1.1" 200 1839 "-" "PostmanRuntime/7.15.0"
::1 - - [21/Jul/2019:07:37:19 +0000] "GET /api/city/distance HTTP/1.1" 200 1071 "-" "PostmanRuntime/7.15.0"
::1 - - [21/Jul/2019:07:41:50 +0000] "GET /api/schedule/test HTTP/1.1" 200 1491 "-" "PostmanRuntime/7.15.0"
::1 - - [21/Jul/2019:07:48:44 +0000] "GET /api/city/distance HTTP/1.1" 200 599 "-" "PostmanRuntime/7.15.0"
::1 - - [21/Jul/2019:07:48:58 +0000] "GET /api/schedule/test HTTP/1.1" 200 761 "-" "PostmanRuntime/7.15.0"
::1 - - [21/Jul/2019:08:03:23 +0000] "GET /api/city/distance HTTP/1.1" 200 613 "-" "PostmanRuntime/7.15.0"
::1 - - [21/Jul/2019:08:04:32 +0000] "GET /api/schedule/test HTTP/1.1" 200 782 "-" "PostmanRuntime/7.15.0"
::1 - - [21/Jul/2019:08:18:00 +0000] "GET /api/schedule/test HTTP/1.1" 200 782 "-" "PostmanRuntime/7.15.0"
::1 - - [21/Jul/2019:08:51:46 +0000] "GET /api/schedule/test HTTP/1.1" 200 77 "-" "PostmanRuntime/7.15.0"
::1 - - [21/Jul/2019:08:52:02 +0000] "GET /api/schedule/test HTTP/1.1" 200 77 "-" "PostmanRuntime/7.15.0"
::1 - - [21/Jul/2019:08:53:33 +0000] "GET /api/schedule/test HTTP/1.1" 200 106 "-" "PostmanRuntime/7.15.0"
::1 - - [21/Jul/2019:11:46:21 +0000] "GET /api/schedule/test HTTP/1.1" 200 106 "-" "PostmanRuntime/7.15.0"
::1 - - [21/Jul/2019:12:08:40 +0000] "GET /api/schedule/test HTTP/1.1" 200 106 "-" "PostmanRuntime/7.15.0"
::1 - - [21/Jul/2019:12:09:01 +0000] "GET /api/schedule/test HTTP/1.1" 200 106 "-" "PostmanRuntime/7.15.0"
::1 - - [21/Jul/2019:12:09:11 +0000] "GET /api/schedule/test HTTP/1.1" 200 106 "-" "PostmanRuntime/7.15.0"
::1 - - [21/Jul/2019:12:09:52 +0000] "GET /api/schedule/test HTTP/1.1" 200 106 "-" "PostmanRuntime/7.15.0"
::1 - - [21/Jul/2019:12:15:27 +0000] "GET /api/schedule/test HTTP/1.1" 200 106 "-" "PostmanRuntime/7.15.0"
::1 - - [21/Jul/2019:12:15:56 +0000] "GET /api/schedule/test HTTP/1.1" 200 106 "-" "PostmanRuntime/7.15.0"
::1 - - [21/Jul/2019:12:16:34 +0000] "GET /api/schedule/test HTTP/1.1" 200 106 "-" "PostmanRuntime/7.15.0"
::1 - - [21/Jul/2019:12:17:41 +0000] "GET /api/schedule/test HTTP/1.1" 200 34 "-" "PostmanRuntime/7.15.0"
::1 - - [21/Jul/2019:12:27:02 +0000] "GET /api/schedule/test HTTP/1.1" 200 106 "-" "PostmanRuntime/7.15.0"
::1 - - [21/Jul/2019:12:27:37 +0000] "GET /api/schedule/test HTTP/1.1" 200 106 "-" "PostmanRuntime/7.15.0"
::1 - - [21/Jul/2019:12:28:01 +0000] "GET /api/schedule/test HTTP/1.1" 200 106 "-" "PostmanRuntime/7.15.0"
::1 - - [21/Jul/2019:12:28:43 +0000] "GET /api/schedule/test HTTP/1.1" 200 106 "-" "PostmanRuntime/7.15.0"
::1 - - [21/Jul/2019:12:29:05 +0000] "GET /api/schedule/test HTTP/1.1" 200 106 "-" "PostmanRuntime/7.15.0"
::1 - - [21/Jul/2019:12:29:58 +0000] "GET /api/schedule/test HTTP/1.1" 200 106 "-" "PostmanRuntime/7.15.0"
::1 - - [21/Jul/2019:12:30:32 +0000] "GET /api/schedule/test HTTP/1.1" 200 106 "-" "PostmanRuntime/7.15.0"
::1 - - [21/Jul/2019:12:31:14 +0000] "GET /api/schedule/test HTTP/1.1" 200 106 "-" "PostmanRuntime/7.15.0"
::1 - - [21/Jul/2019:12:33:13 +0000] "GET /api/schedule/test HTTP/1.1" 200 106 "-" "PostmanRuntime/7.15.0"
::1 - - [21/Jul/2019:12:34:31 +0000] "GET /api/schedule/test HTTP/1.1" 200 106 "-" "PostmanRuntime/7.15.0"
::1 - - [21/Jul/2019:12:34:57 +0000] "GET /api/schedule/test HTTP/1.1" 200 106 "-" "PostmanRuntime/7.15.0"
::1 - - [21/Jul/2019:12:35:21 +0000] "GET /api/schedule/test HTTP/1.1" 200 106 "-" "PostmanRuntime/7.15.0"
::1 - - [21/Jul/2019:12:36:03 +0000] "GET /api/schedule/test HTTP/1.1" 200 106 "-" "PostmanRuntime/7.15.0"
::1 - - [21/Jul/2019:12:36:48 +0000] "GET /api/schedule/test HTTP/1.1" 200 106 "-" "PostmanRuntime/7.15.0"
::1 - - [21/Jul/2019:12:37:34 +0000] "GET /api/schedule/test HTTP/1.1" 200 106 "-" "PostmanRuntime/7.15.0"
::1 - - [21/Jul/2019:12:38:24 +0000] "GET /api/schedule/test HTTP/1.1" 200 106 "-" "PostmanRuntime/7.15.0"
::1 - - [21/Jul/2019:12:39:28 +0000] "GET /api/schedule/test HTTP/1.1" 200 106 "-" "PostmanRuntime/7.15.0"
::1 - - [21/Jul/2019:12:39:45 +0000] "GET /api/schedule/test HTTP/1.1" 200 106 "-" "PostmanRuntime/7.15.0"
