::1 - - [12/Jul/2019:00:46:51 +0000] "GET /api/order/list?page=1&pageSize=10 HTTP/1.1" 200 884 "-" "PostmanRuntime/7.15.0"
::1 - - [12/Jul/2019:01:13:06 +0000] "GET /api/order/list?page=1&pageSize=10 HTTP/1.1" 200 831 "-" "PostmanRuntime/7.15.0"
::1 - - [12/Jul/2019:01:17:41 +0000] "GET /api/order/list?page=1&pageSize=10 HTTP/1.1" 200 650 "-" "PostmanRuntime/7.15.0"
::1 - - [12/Jul/2019:01:20:01 +0000] "GET /api/order/list?page=1&pageSize=10 HTTP/1.1" 200 675 "-" "PostmanRuntime/7.15.0"
::1 - - [12/Jul/2019:01:20:10 +0000] "GET /api/order/list?page=1&pageSize=10 HTTP/1.1" 200 537 "-" "PostmanRuntime/7.15.0"
::1 - - [12/Jul/2019:01:22:09 +0000] "GET /api/order/info?id=1 HTTP/1.1" 404 153 "-" "PostmanRuntime/7.15.0"
::1 - - [12/Jul/2019:01:22:32 +0000] "GET /api/order/info/1 HTTP/1.1" 200 43 "-" "PostmanRuntime/7.15.0"
::1 - - [12/Jul/2019:01:23:03 +0000] "GET /api/order/info/1 HTTP/1.1" 200 41 "-" "PostmanRuntime/7.15.0"
::1 - - [12/Jul/2019:01:23:58 +0000] "GET /api/order/info/1 HTTP/1.1" 200 810 "-" "PostmanRuntime/7.15.0"
::1 - - [12/Jul/2019:01:51:03 +0000] "GET /api/order/info/1 HTTP/1.1" 200 851 "-" "PostmanRuntime/7.15.0"
::1 - - [12/Jul/2019:01:55:27 +0000] "GET /api/order/info/1 HTTP/1.1" 200 278 "-" "PostmanRuntime/7.15.0"
::1 - - [12/Jul/2019:01:55:57 +0000] "GET /api/order/list?page=1&pageSize=10 HTTP/1.1" 200 557 "-" "PostmanRuntime/7.15.0"
::1 - - [12/Jul/2019:02:16:55 +0000] "POST /api/api/order/info?title=asdsadas HTTP/1.1" 404 158 "-" "PostmanRuntime/7.15.0"
::1 - - [12/Jul/2019:02:17:05 +0000] "POST /api/order/info?title=asdsadas HTTP/1.1" 200 252 "-" "PostmanRuntime/7.15.0"
::1 - - [12/Jul/2019:02:18:24 +0000] "POST /api/order/info?title=asdsadas&ordeLoad=123&orderVolume=1231&orderStatus=undisposed&consigneeName=wqeqwe&consigneePhone=12312312312&consigneeAddress=qeqweqweqwe&startCityId=2&targetCityId=3 HTTP/1.1" 200 252 "-" "PostmanRuntime/7.15.0"
::1 - - [12/Jul/2019:02:18:50 +0000] "POST /api/order/info HTTP/1.1" 200 55 "-" "PostmanRuntime/7.15.0"
::1 - - [12/Jul/2019:02:19:01 +0000] "POST /api/order/info HTTP/1.1" 200 720 "-" "PostmanRuntime/7.15.0"
::1 - - [12/Jul/2019:02:27:26 +0000] "POST /api/order/info HTTP/1.1" 200 673 "-" "PostmanRuntime/7.15.0"
::1 - - [12/Jul/2019:02:28:35 +0000] "POST /api/order/info HTTP/1.1" 200 43 "-" "PostmanRuntime/7.15.0"
::1 - - [12/Jul/2019:02:34:46 +0000] "PUT /api/order/info HTTP/1.1" 404 153 "-" "PostmanRuntime/7.15.0"
::1 - - [12/Jul/2019:02:35:02 +0000] "PUT /api/order/info HTTP/1.1" 200 353 "-" "PostmanRuntime/7.15.0"
::1 - - [12/Jul/2019:02:35:48 +0000] "PUT /api/order/info HTTP/1.1" 200 207 "-" "PostmanRuntime/7.15.0"
::1 - - [12/Jul/2019:02:36:41 +0000] "PUT /api/order/info HTTP/1.1" 200 46 "-" "PostmanRuntime/7.15.0"
::1 - - [12/Jul/2019:02:41:11 +0000] "PUT /api/order/info HTTP/1.1" 200 381 "-" "PostmanRuntime/7.15.0"
::1 - - [12/Jul/2019:02:42:00 +0000] "PUT /api/order/info HTTP/1.1" 200 43 "-" "PostmanRuntime/7.15.0"
::1 - - [12/Jul/2019:02:42:26 +0000] "PUT /api/order/info HTTP/1.1" 200 46 "-" "PostmanRuntime/7.15.0"
::1 - - [12/Jul/2019:02:42:37 +0000] "PUT /api/order/info HTTP/1.1" 200 46 "-" "PostmanRuntime/7.15.0"
::1 - - [12/Jul/2019:02:44:45 +0000] "DELETE /api/order/delete/4 HTTP/1.1" 200 43 "-" "PostmanRuntime/7.15.0"
::1 - - [12/Jul/2019:06:38:43 +0000] "GET /api/order/list?t=1562913523622&page=1&pageSize=10 HTTP/1.1" 200 557 "http://localhost:8080/console/order" "Mozilla/5.0 (Macintosh; Intel Mac OS X 10_14_5) AppleWebKit/537.36 (KHTML, like Gecko) Chrome/75.0.3770.100 Safari/537.36"
::1 - - [12/Jul/2019:06:39:02 +0000] "GET /api/order/list?t=1562913542025&page=1&pageSize=10 HTTP/1.1" 200 557 "http://localhost:8080/console/order" "Mozilla/5.0 (Macintosh; Intel Mac OS X 10_14_5) AppleWebKit/537.36 (KHTML, like Gecko) Chrome/75.0.3770.100 Safari/537.36"
::1 - - [12/Jul/2019:06:39:04 +0000] "GET /api/order/list?t=1562913544334&page=1&pageSize=10 HTTP/1.1" 200 557 "http://localhost:8080/console/order" "Mozilla/5.0 (Macintosh; Intel Mac OS X 10_14_5) AppleWebKit/537.36 (KHTML, like Gecko) Chrome/75.0.3770.100 Safari/537.36"
::1 - - [12/Jul/2019:06:39:08 +0000] "GET /api/order/list?t=1562913548124&page=1&pageSize=10 HTTP/1.1" 200 557 "http://localhost:8080/console/order" "Mozilla/5.0 (Macintosh; Intel Mac OS X 10_14_5) AppleWebKit/537.36 (KHTML, like Gecko) Chrome/75.0.3770.100 Safari/537.36"
::1 - - [12/Jul/2019:06:39:11 +0000] "GET /api/order/list?t=1562913551167&page=1&pageSize=10 HTTP/1.1" 200 557 "http://localhost:8080/console/order" "Mozilla/5.0 (Macintosh; Intel Mac OS X 10_14_5) AppleWebKit/537.36 (KHTML, like Gecko) Chrome/75.0.3770.100 Safari/537.36"
::1 - - [12/Jul/2019:06:39:16 +0000] "GET /api/order/list?t=1562913556312&page=1&pageSize=10 HTTP/1.1" 200 557 "http://localhost:8080/console/order" "Mozilla/5.0 (Macintosh; Intel Mac OS X 10_14_5) AppleWebKit/537.36 (KHTML, like Gecko) Chrome/75.0.3770.100 Safari/537.36"
::1 - - [12/Jul/2019:06:39:20 +0000] "GET /api/order/list?t=1562913560099&page=1&pageSize=10 HTTP/1.1" 200 557 "http://localhost:8080/console/order" "Mozilla/5.0 (Macintosh; Intel Mac OS X 10_14_5) AppleWebKit/537.36 (KHTML, like Gecko) Chrome/75.0.3770.100 Safari/537.36"
::1 - - [12/Jul/2019:06:39:49 +0000] "GET /api/order/list?t=1562913589467&page=1&pageSize=10 HTTP/1.1" 200 557 "http://localhost:8080/console/order" "Mozilla/5.0 (Macintosh; Intel Mac OS X 10_14_5) AppleWebKit/537.36 (KHTML, like Gecko) Chrome/75.0.3770.100 Safari/537.36"
::1 - - [12/Jul/2019:06:39:53 +0000] "GET /api/order/list?t=1562913593837&page=1&pageSize=10 HTTP/1.1" 200 557 "http://localhost:8080/console/order" "Mozilla/5.0 (Macintosh; Intel Mac OS X 10_14_5) AppleWebKit/537.36 (KHTML, like Gecko) Chrome/75.0.3770.100 Safari/537.36"
::1 - - [12/Jul/2019:06:39:55 +0000] "GET /api/order/list?t=1562913595285&page=1&pageSize=10 HTTP/1.1" 200 557 "http://localhost:8080/console/order" "Mozilla/5.0 (Macintosh; Intel Mac OS X 10_14_5) AppleWebKit/537.36 (KHTML, like Gecko) Chrome/75.0.3770.100 Safari/537.36"
::1 - - [12/Jul/2019:06:40:04 +0000] "GET /api/order/list?t=1562913604192&page=1&pageSize=10 HTTP/1.1" 200 557 "http://localhost:8080/console/order" "Mozilla/5.0 (Macintosh; Intel Mac OS X 10_14_5) AppleWebKit/537.36 (KHTML, like Gecko) Chrome/75.0.3770.100 Safari/537.36"
::1 - - [12/Jul/2019:06:40:07 +0000] "GET /api/order/list?t=1562913607600&page=1&pageSize=10 HTTP/1.1" 200 557 "http://localhost:8080/console/order" "Mozilla/5.0 (Macintosh; Intel Mac OS X 10_14_5) AppleWebKit/537.36 (KHTML, like Gecko) Chrome/75.0.3770.100 Safari/537.36"
::1 - - [12/Jul/2019:06:40:45 +0000] "GET /api/order/list?t=1562913645185&page=1&pageSize=10 HTTP/1.1" 200 557 "http://localhost:8080/console/order" "Mozilla/5.0 (Macintosh; Intel Mac OS X 10_14_5) AppleWebKit/537.36 (KHTML, like Gecko) Chrome/75.0.3770.100 Safari/537.36"
::1 - - [12/Jul/2019:06:40:48 +0000] "GET /api/order/list?t=1562913648405&page=1&pageSize=10 HTTP/1.1" 200 557 "http://localhost:8080/console/order" "Mozilla/5.0 (Macintosh; Intel Mac OS X 10_14_5) AppleWebKit/537.36 (KHTML, like Gecko) Chrome/75.0.3770.100 Safari/537.36"
::1 - - [12/Jul/2019:06:40:59 +0000] "GET /api/order/list?t=1562913659940&page=2&pageSize=10 HTTP/1.1" 200 62 "http://localhost:8080/console/order" "Mozilla/5.0 (Macintosh; Intel Mac OS X 10_14_5) AppleWebKit/537.36 (KHTML, like Gecko) Chrome/75.0.3770.100 Safari/537.36"
::1 - - [12/Jul/2019:06:41:02 +0000] "GET /api/order/list?t=1562913662228&page=1&pageSize=10 HTTP/1.1" 200 557 "http://localhost:8080/console/order" "Mozilla/5.0 (Macintosh; Intel Mac OS X 10_14_5) AppleWebKit/537.36 (KHTML, like Gecko) Chrome/75.0.3770.100 Safari/537.36"
::1 - - [12/Jul/2019:06:41:54 +0000] "GET /api/order/list?t=1562913714941&page=1&pageSize=10 HTTP/1.1" 200 557 "http://localhost:8080/console/order" "Mozilla/5.0 (Macintosh; Intel Mac OS X 10_14_5) AppleWebKit/537.36 (KHTML, like Gecko) Chrome/75.0.3770.100 Safari/537.36"
::1 - - [12/Jul/2019:06:42:11 +0000] "GET /api/order/list?t=1562913731414&page=1&pageSize=10 HTTP/1.1" 200 557 "http://localhost:8080/console/order" "Mozilla/5.0 (Macintosh; Intel Mac OS X 10_14_5) AppleWebKit/537.36 (KHTML, like Gecko) Chrome/75.0.3770.100 Safari/537.36"
::1 - - [12/Jul/2019:06:43:47 +0000] "GET /api/order/list?page=1&pageSize=10 HTTP/1.1" 200 557 "-" "PostmanRuntime/7.15.0"
::1 - - [12/Jul/2019:06:44:07 +0000] "GET /api/order/list?page=1&pageSize=10 HTTP/1.1" 200 819 "-" "PostmanRuntime/7.15.0"
::1 - - [12/Jul/2019:06:47:47 +0000] "GET /api/order/list?page=1&pageSize=10 HTTP/1.1" 200 818 "-" "PostmanRuntime/7.15.0"
::1 - - [12/Jul/2019:06:48:07 +0000] "GET /api/order/list?t=1562914087756&page=1&pageSize=10 HTTP/1.1" 200 818 "http://localhost:8080/console/order" "Mozilla/5.0 (Macintosh; Intel Mac OS X 10_14_5) AppleWebKit/537.36 (KHTML, like Gecko) Chrome/75.0.3770.100 Safari/537.36"
::1 - - [12/Jul/2019:06:50:19 +0000] "GET /api/order/list?t=1562914219495&page=1&pageSize=10 HTTP/1.1" 200 818 "http://localhost:8080/console/order" "Mozilla/5.0 (Macintosh; Intel Mac OS X 10_14_5) AppleWebKit/537.36 (KHTML, like Gecko) Chrome/75.0.3770.100 Safari/537.36"
::1 - - [12/Jul/2019:06:50:23 +0000] "GET /api/order/list?t=1562914223708&page=1&pageSize=10 HTTP/1.1" 200 818 "http://localhost:8080/console/order" "Mozilla/5.0 (Macintosh; Intel Mac OS X 10_14_5) AppleWebKit/537.36 (KHTML, like Gecko) Chrome/75.0.3770.100 Safari/537.36"
::1 - - [12/Jul/2019:06:50:27 +0000] "GET /api/order/list?t=1562914227278&page=1&pageSize=10 HTTP/1.1" 200 818 "http://localhost:8080/console/order" "Mozilla/5.0 (Macintosh; Intel Mac OS X 10_14_5) AppleWebKit/537.36 (KHTML, like Gecko) Chrome/75.0.3770.100 Safari/537.36"
::1 - - [12/Jul/2019:06:50:40 +0000] "GET /api/order/list?t=1562914240254&page=1&pageSize=10 HTTP/1.1" 200 818 "http://localhost:8080/console/order" "Mozilla/5.0 (Macintosh; Intel Mac OS X 10_14_5) AppleWebKit/537.36 (KHTML, like Gecko) Chrome/75.0.3770.100 Safari/537.36"
::1 - - [12/Jul/2019:06:50:42 +0000] "GET /api/order/list?t=1562914242413&page=1&pageSize=10 HTTP/1.1" 200 818 "http://localhost:8080/console/order" "Mozilla/5.0 (Macintosh; Intel Mac OS X 10_14_5) AppleWebKit/537.36 (KHTML, like Gecko) Chrome/75.0.3770.100 Safari/537.36"
::1 - - [12/Jul/2019:06:50:45 +0000] "GET /api/order/list?t=1562914245243&page=1&pageSize=10 HTTP/1.1" 200 818 "http://localhost:8080/console/order" "Mozilla/5.0 (Macintosh; Intel Mac OS X 10_14_5) AppleWebKit/537.36 (KHTML, like Gecko) Chrome/75.0.3770.100 Safari/537.36"
::1 - - [12/Jul/2019:06:50:46 +0000] "GET /api/order/list?t=1562914246324&page=1&pageSize=10 HTTP/1.1" 200 818 "http://localhost:8080/console/order" "Mozilla/5.0 (Macintosh; Intel Mac OS X 10_14_5) AppleWebKit/537.36 (KHTML, like Gecko) Chrome/75.0.3770.100 Safari/537.36"
::1 - - [12/Jul/2019:06:50:51 +0000] "GET /api/order/list?t=1562914251036&page=1&pageSize=10 HTTP/1.1" 200 818 "http://localhost:8080/console/order" "Mozilla/5.0 (Macintosh; Intel Mac OS X 10_14_5) AppleWebKit/537.36 (KHTML, like Gecko) Chrome/75.0.3770.100 Safari/537.36"
::1 - - [12/Jul/2019:06:51:15 +0000] "GET /api/order/list?t=1562914275072&page=1&pageSize=10 HTTP/1.1" 200 818 "http://localhost:8080/console/order" "Mozilla/5.0 (Macintosh; Intel Mac OS X 10_14_5) AppleWebKit/537.36 (KHTML, like Gecko) Chrome/75.0.3770.100 Safari/537.36"
::1 - - [12/Jul/2019:06:52:03 +0000] "GET /api/order/list?t=1562914323746&page=1&pageSize=10 HTTP/1.1" 200 818 "http://localhost:8080/console/order" "Mozilla/5.0 (Macintosh; Intel Mac OS X 10_14_5) AppleWebKit/537.36 (KHTML, like Gecko) Chrome/75.0.3770.100 Safari/537.36"
::1 - - [12/Jul/2019:06:52:15 +0000] "GET /api/order/list?t=1562914335378&page=1&pageSize=10 HTTP/1.1" 200 818 "http://localhost:8080/console/order" "Mozilla/5.0 (Macintosh; Intel Mac OS X 10_14_5) AppleWebKit/537.36 (KHTML, like Gecko) Chrome/75.0.3770.100 Safari/537.36"
::1 - - [12/Jul/2019:06:52:18 +0000] "GET /api/order/list?t=1562914338372&page=1&pageSize=10 HTTP/1.1" 200 818 "http://localhost:8080/console/order" "Mozilla/5.0 (Macintosh; Intel Mac OS X 10_14_5) AppleWebKit/537.36 (KHTML, like Gecko) Chrome/75.0.3770.100 Safari/537.36"
::1 - - [12/Jul/2019:06:53:10 +0000] "GET /api/order/list?t=1562914390691&page=1&pageSize=10 HTTP/1.1" 200 818 "http://localhost:8080/console/order" "Mozilla/5.0 (Macintosh; Intel Mac OS X 10_14_5) AppleWebKit/537.36 (KHTML, like Gecko) Chrome/75.0.3770.100 Safari/537.36"
::1 - - [12/Jul/2019:06:53:16 +0000] "GET /api/order/list?t=1562914396228&page=1&pageSize=10 HTTP/1.1" 200 818 "http://localhost:8080/console/order" "Mozilla/5.0 (Macintosh; Intel Mac OS X 10_14_5) AppleWebKit/537.36 (KHTML, like Gecko) Chrome/75.0.3770.100 Safari/537.36"
::1 - - [12/Jul/2019:06:53:21 +0000] "GET /api/order/list?t=1562914401875&page=1&pageSize=10 HTTP/1.1" 200 818 "http://localhost:8080/console/order" "Mozilla/5.0 (Macintosh; Intel Mac OS X 10_14_5) AppleWebKit/537.36 (KHTML, like Gecko) Chrome/75.0.3770.100 Safari/537.36"
::1 - - [12/Jul/2019:06:53:28 +0000] "GET /api/order/list?t=1562914408859&page=1&pageSize=10 HTTP/1.1" 200 818 "http://localhost:8080/console/order" "Mozilla/5.0 (Macintosh; Intel Mac OS X 10_14_5) AppleWebKit/537.36 (KHTML, like Gecko) Chrome/75.0.3770.100 Safari/537.36"
::1 - - [12/Jul/2019:06:53:45 +0000] "GET /api/order/list?t=1562914425910&page=1&pageSize=10 HTTP/1.1" 200 818 "http://localhost:8080/console/order" "Mozilla/5.0 (Macintosh; Intel Mac OS X 10_14_5) AppleWebKit/537.36 (KHTML, like Gecko) Chrome/75.0.3770.100 Safari/537.36"
::1 - - [12/Jul/2019:06:54:07 +0000] "GET /api/order/list?t=1562914447906&page=1&pageSize=10 HTTP/1.1" 200 818 "http://localhost:8080/console/order" "Mozilla/5.0 (Macintosh; Intel Mac OS X 10_14_5) AppleWebKit/537.36 (KHTML, like Gecko) Chrome/75.0.3770.100 Safari/537.36"
::1 - - [12/Jul/2019:13:57:43 +0000] "GET /api/order/list?t=1562939863676&page=1&pageSize=10 HTTP/1.1" 200 818 "http://localhost:8080/console/order" "Mozilla/5.0 (Macintosh; Intel Mac OS X 10_14_5) AppleWebKit/537.36 (KHTML, like Gecko) Chrome/75.0.3770.100 Safari/537.36"
::1 - - [12/Jul/2019:14:03:57 +0000] "GET /api/order/list?t=1562940237576&page=1&pageSize=10 HTTP/1.1" 200 818 "http://localhost:8080/console/order" "Mozilla/5.0 (Macintosh; Intel Mac OS X 10_14_5) AppleWebKit/537.36 (KHTML, like Gecko) Chrome/75.0.3770.100 Safari/537.36"
::1 - - [12/Jul/2019:14:05:25 +0000] "GET /api/order/list?t=1562940325555&page=1&pageSize=10 HTTP/1.1" 200 818 "http://localhost:8080/console/order" "Mozilla/5.0 (Macintosh; Intel Mac OS X 10_14_5) AppleWebKit/537.36 (KHTML, like Gecko) Chrome/75.0.3770.100 Safari/537.36"
::1 - - [12/Jul/2019:14:05:44 +0000] "GET /api/order/list?t=1562940344844&page=1&pageSize=10 HTTP/1.1" 200 818 "http://localhost:8080/console/order" "Mozilla/5.0 (Macintosh; Intel Mac OS X 10_14_5) AppleWebKit/537.36 (KHTML, like Gecko) Chrome/75.0.3770.100 Safari/537.36"
::1 - - [12/Jul/2019:14:07:02 +0000] "GET /api/order/list?t=1562940422780&page=1&pageSize=10 HTTP/1.1" 200 818 "http://localhost:8080/console/order" "Mozilla/5.0 (Macintosh; Intel Mac OS X 10_14_5) AppleWebKit/537.36 (KHTML, like Gecko) Chrome/75.0.3770.100 Safari/537.36"
::1 - - [12/Jul/2019:14:07:10 +0000] "GET /api/order/list?t=1562940430944&page=1&pageSize=10 HTTP/1.1" 200 818 "http://localhost:8080/console/order" "Mozilla/5.0 (Macintosh; Intel Mac OS X 10_14_5) AppleWebKit/537.36 (KHTML, like Gecko) Chrome/75.0.3770.100 Safari/537.36"
::1 - - [12/Jul/2019:14:07:22 +0000] "GET /api/order/list?t=1562940442667&page=1&pageSize=10 HTTP/1.1" 200 818 "http://localhost:8080/console/order" "Mozilla/5.0 (Macintosh; Intel Mac OS X 10_14_5) AppleWebKit/537.36 (KHTML, like Gecko) Chrome/75.0.3770.100 Safari/537.36"
::1 - - [12/Jul/2019:14:07:26 +0000] "GET /api/order/list?t=1562940446407&page=1&pageSize=10 HTTP/1.1" 200 818 "http://localhost:8080/console/order" "Mozilla/5.0 (Macintosh; Intel Mac OS X 10_14_5) AppleWebKit/537.36 (KHTML, like Gecko) Chrome/75.0.3770.100 Safari/537.36"
::1 - - [12/Jul/2019:14:10:58 +0000] "GET /api/order/list?t=1562940658848&page=1&pageSize=10 HTTP/1.1" 200 818 "http://localhost:8080/console/order" "Mozilla/5.0 (Macintosh; Intel Mac OS X 10_14_5) AppleWebKit/537.36 (KHTML, like Gecko) Chrome/75.0.3770.100 Safari/537.36"
::1 - - [12/Jul/2019:14:11:05 +0000] "GET /api/order/list?t=1562940665181&page=1&pageSize=10 HTTP/1.1" 200 818 "http://localhost:8080/console/order" "Mozilla/5.0 (Macintosh; Intel Mac OS X 10_14_5) AppleWebKit/537.36 (KHTML, like Gecko) Chrome/75.0.3770.100 Safari/537.36"
::1 - - [12/Jul/2019:14:11:17 +0000] "GET /api/order/list?t=1562940677665&page=1&pageSize=10 HTTP/1.1" 200 818 "http://localhost:8080/console/order" "Mozilla/5.0 (Macintosh; Intel Mac OS X 10_14_5) AppleWebKit/537.36 (KHTML, like Gecko) Chrome/75.0.3770.100 Safari/537.36"
::1 - - [12/Jul/2019:14:11:22 +0000] "GET /api/order/list?t=1562940682102&page=1&pageSize=10 HTTP/1.1" 200 818 "http://localhost:8080/console/order" "Mozilla/5.0 (Macintosh; Intel Mac OS X 10_14_5) AppleWebKit/537.36 (KHTML, like Gecko) Chrome/75.0.3770.100 Safari/537.36"
::1 - - [12/Jul/2019:14:11:24 +0000] "GET /api/order/list?t=1562940684117&page=1&pageSize=10 HTTP/1.1" 200 818 "http://localhost:8080/console/order" "Mozilla/5.0 (Macintosh; Intel Mac OS X 10_14_5) AppleWebKit/537.36 (KHTML, like Gecko) Chrome/75.0.3770.100 Safari/537.36"
::1 - - [12/Jul/2019:14:19:19 +0000] "GET /api/order/list?t=1562941159360&page=1&pageSize=10 HTTP/1.1" 200 818 "http://localhost:8080/console/order" "Mozilla/5.0 (Macintosh; Intel Mac OS X 10_14_5) AppleWebKit/537.36 (KHTML, like Gecko) Chrome/75.0.3770.100 Safari/537.36"
::1 - - [12/Jul/2019:14:19:34 +0000] "GET /api/order/list?t=1562941174049&page=1&pageSize=10 HTTP/1.1" 200 818 "http://localhost:8080/console/order" "Mozilla/5.0 (Macintosh; Intel Mac OS X 10_14_5) AppleWebKit/537.36 (KHTML, like Gecko) Chrome/75.0.3770.100 Safari/537.36"
::1 - - [12/Jul/2019:14:19:47 +0000] "GET /api/order/list?t=1562941187209&page=1&pageSize=10 HTTP/1.1" 200 818 "http://localhost:8080/console/order" "Mozilla/5.0 (Macintosh; Intel Mac OS X 10_14_5) AppleWebKit/537.36 (KHTML, like Gecko) Chrome/75.0.3770.100 Safari/537.36"
::1 - - [12/Jul/2019:14:19:48 +0000] "GET /api/driver/list?t=1562941188234&page=1&pageSize=10 HTTP/1.1" 404 154 "http://localhost:8080/console/driver" "Mozilla/5.0 (Macintosh; Intel Mac OS X 10_14_5) AppleWebKit/537.36 (KHTML, like Gecko) Chrome/75.0.3770.100 Safari/537.36"
