::1 - - [09/Jul/2019:00:33:54 +0000] "GET /api/vehicle/list?t=1562632434352&page=1&pageSize=10 HTTP/1.1" 200 315 "http://localhost:8080/console/vehicle" "Mozilla/5.0 (Macintosh; Intel Mac OS X 10_14_5) AppleWebKit/537.36 (KHTML, like Gecko) Chrome/75.0.3770.100 Safari/537.36"
::1 - - [09/Jul/2019:00:34:08 +0000] "GET /api/vehicle/list?t=1562632448152&page=1&pageSize=10&filterData%5BmaxLoad%5D=0-10 HTTP/1.1" 200 61 "http://localhost:8080/console/vehicle" "Mozilla/5.0 (Macintosh; Intel Mac OS X 10_14_5) AppleWebKit/537.36 (KHTML, like Gecko) Chrome/75.0.3770.100 Safari/537.36"
::1 - - [09/Jul/2019:00:40:25 +0000] "GET /api/vehicle/list?t=1562632825906&page=1&pageSize=10 HTTP/1.1" 500 1680 "http://localhost:8080/console/vehicle" "Mozilla/5.0 (Macintosh; Intel Mac OS X 10_14_5) AppleWebKit/537.36 (KHTML, like Gecko) Chrome/75.0.3770.100 Safari/537.36"
::1 - - [09/Jul/2019:00:40:27 +0000] "GET /api/vehicle/list?t=1562632827911&page=1&pageSize=10 HTTP/1.1" 500 1680 "http://localhost:8080/console/vehicle" "Mozilla/5.0 (Macintosh; Intel Mac OS X 10_14_5) AppleWebKit/537.36 (KHTML, like Gecko) Chrome/75.0.3770.100 Safari/537.36"
::1 - - [09/Jul/2019:00:40:30 +0000] "GET /api/vehicle/list?t=1562632830435&page=1&pageSize=10 HTTP/1.1" 500 1680 "http://localhost:8080/console/vehicle" "Mozilla/5.0 (Macintosh; Intel Mac OS X 10_14_5) AppleWebKit/537.36 (KHTML, like Gecko) Chrome/75.0.3770.100 Safari/537.36"
::1 - - [09/Jul/2019:00:40:34 +0000] "GET /api/vehicle/list?t=1562632834246&page=1&pageSize=10 HTTP/1.1" 500 1680 "http://localhost:8080/console/vehicle" "Mozilla/5.0 (Macintosh; Intel Mac OS X 10_14_5) AppleWebKit/537.36 (KHTML, like Gecko) Chrome/75.0.3770.100 Safari/537.36"
::1 - - [09/Jul/2019:00:40:48 +0000] "GET /api/vehicle/list?t=1562632848128&page=1&pageSize=10 HTTP/1.1" 500 1680 "http://localhost:8080/console/vehicle" "Mozilla/5.0 (Macintosh; Intel Mac OS X 10_14_5) AppleWebKit/537.36 (KHTML, like Gecko) Chrome/75.0.3770.100 Safari/537.36"
::1 - - [09/Jul/2019:00:52:56 +0000] "GET /api/vehicle/list?t=1562633576671&page=1&pageSize=10 HTTP/1.1" 500 1486 "http://localhost:8080/console/vehicle" "Mozilla/5.0 (Macintosh; Intel Mac OS X 10_14_5) AppleWebKit/537.36 (KHTML, like Gecko) Chrome/75.0.3770.100 Safari/537.36"
::1 - - [09/Jul/2019:00:55:09 +0000] "GET /api/vehicle/list?t=1562633708980&page=1&pageSize=10 HTTP/1.1" 200 315 "http://localhost:8080/console/vehicle" "Mozilla/5.0 (Macintosh; Intel Mac OS X 10_14_5) AppleWebKit/537.36 (KHTML, like Gecko) Chrome/75.0.3770.100 Safari/537.36"
::1 - - [09/Jul/2019:00:57:19 +0000] "GET /api/vehicle/list?t=1562633839743&page=1&pageSize=10&filterData%5BmaxLoad%5D=0-10 HTTP/1.1" 200 61 "http://localhost:8080/console/vehicle" "Mozilla/5.0 (Macintosh; Intel Mac OS X 10_14_5) AppleWebKit/537.36 (KHTML, like Gecko) Chrome/75.0.3770.100 Safari/537.36"
::1 - - [09/Jul/2019:00:57:28 +0000] "GET /api/vehicle/list?t=1562633848564&page=1&pageSize=10&filterData%5BmaxLoad%5D=100-~ HTTP/1.1" 200 315 "http://localhost:8080/console/vehicle" "Mozilla/5.0 (Macintosh; Intel Mac OS X 10_14_5) AppleWebKit/537.36 (KHTML, like Gecko) Chrome/75.0.3770.100 Safari/537.36"
::1 - - [09/Jul/2019:00:57:39 +0000] "GET /api/vehicle/list?t=1562633859414&page=1&pageSize=10&filterData%5BmaxLoad%5D=100-~&filterData%5BmaxVolume%5D=11-50 HTTP/1.1" 200 61 "http://localhost:8080/console/vehicle" "Mozilla/5.0 (Macintosh; Intel Mac OS X 10_14_5) AppleWebKit/537.36 (KHTML, like Gecko) Chrome/75.0.3770.100 Safari/537.36"
::1 - - [09/Jul/2019:01:02:02 +0000] "GET /api/vehicle/list?t=1562634122232&page=1&pageSize=10&filterData= HTTP/1.1" 200 315 "http://localhost:8080/console/vehicle" "Mozilla/5.0 (Macintosh; Intel Mac OS X 10_14_5) AppleWebKit/537.36 (KHTML, like Gecko) Chrome/75.0.3770.100 Safari/537.36"
::1 - - [09/Jul/2019:01:02:51 +0000] "GET /api/vehicle/list?t=1562634171334&page=1&pageSize=10 HTTP/1.1" 200 315 "http://localhost:8080/console/vehicle" "Mozilla/5.0 (Macintosh; Intel Mac OS X 10_14_5) AppleWebKit/537.36 (KHTML, like Gecko) Chrome/75.0.3770.100 Safari/537.36"
::1 - - [09/Jul/2019:01:02:56 +0000] "GET /api/vehicle/list?t=1562634176515&page=1&pageSize=10 HTTP/1.1" 200 315 "http://localhost:8080/console/vehicle" "Mozilla/5.0 (Macintosh; Intel Mac OS X 10_14_5) AppleWebKit/537.36 (KHTML, like Gecko) Chrome/75.0.3770.100 Safari/537.36"
::1 - - [09/Jul/2019:01:03:39 +0000] "GET /api/vehicle/list?t=1562634219029&page=1&pageSize=10 HTTP/1.1" 200 315 "http://localhost:8080/console/vehicle" "Mozilla/5.0 (Macintosh; Intel Mac OS X 10_14_5) AppleWebKit/537.36 (KHTML, like Gecko) Chrome/75.0.3770.100 Safari/537.36"
::1 - - [09/Jul/2019:01:03:41 +0000] "GET /api/vehicle/list?t=1562634221674&page=1&pageSize=10 HTTP/1.1" 200 315 "http://localhost:8080/console/vehicle" "Mozilla/5.0 (Macintosh; Intel Mac OS X 10_14_5) AppleWebKit/537.36 (KHTML, like Gecko) Chrome/75.0.3770.100 Safari/537.36"
::1 - - [09/Jul/2019:01:03:47 +0000] "GET /api/vehicle/list?t=1562634227591&page=1&pageSize=10 HTTP/1.1" 200 315 "http://localhost:8080/console/vehicle" "Mozilla/5.0 (Macintosh; Intel Mac OS X 10_14_5) AppleWebKit/537.36 (KHTML, like Gecko) Chrome/75.0.3770.100 Safari/537.36"
::1 - - [09/Jul/2019:01:04:01 +0000] "GET /api/vehicle/list?t=1562634241788&page=1&pageSize=10 HTTP/1.1" 200 315 "http://localhost:8080/console/vehicle" "Mozilla/5.0 (Macintosh; Intel Mac OS X 10_14_5) AppleWebKit/537.36 (KHTML, like Gecko) Chrome/75.0.3770.100 Safari/537.36"
::1 - - [09/Jul/2019:01:07:35 +0000] "GET /api/vehicle/list?t=1562634455520&page=1&pageSize=10 HTTP/1.1" 200 315 "http://localhost:8080/console/vehicle" "Mozilla/5.0 (Macintosh; Intel Mac OS X 10_14_5) AppleWebKit/537.36 (KHTML, like Gecko) Chrome/75.0.3770.100 Safari/537.36"
::1 - - [09/Jul/2019:01:07:37 +0000] "GET /api/vehicle/list?t=1562634457971&page=1&pageSize=10 HTTP/1.1" 200 315 "http://localhost:8080/console/vehicle" "Mozilla/5.0 (Macintosh; Intel Mac OS X 10_14_5) AppleWebKit/537.36 (KHTML, like Gecko) Chrome/75.0.3770.100 Safari/537.36"
::1 - - [09/Jul/2019:01:07:38 +0000] "GET /api/vehicle/list?t=1562634458968&page=1&pageSize=10 HTTP/1.1" 200 315 "http://localhost:8080/console/vehicle" "Mozilla/5.0 (Macintosh; Intel Mac OS X 10_14_5) AppleWebKit/537.36 (KHTML, like Gecko) Chrome/75.0.3770.100 Safari/537.36"
::1 - - [09/Jul/2019:01:07:39 +0000] "GET /api/vehicle/list?t=1562634459848&page=1&pageSize=10 HTTP/1.1" 200 315 "http://localhost:8080/console/vehicle" "Mozilla/5.0 (Macintosh; Intel Mac OS X 10_14_5) AppleWebKit/537.36 (KHTML, like Gecko) Chrome/75.0.3770.100 Safari/537.36"
::1 - - [09/Jul/2019:01:10:04 +0000] "GET /api/vehicle/list?t=1562634604674&page=1&pageSize=10 HTTP/1.1" 200 315 "http://localhost:8080/console/vehicle" "Mozilla/5.0 (Macintosh; Intel Mac OS X 10_14_5) AppleWebKit/537.36 (KHTML, like Gecko) Chrome/75.0.3770.100 Safari/537.36"
::1 - - [09/Jul/2019:01:10:24 +0000] "GET /api/vehicle/list?t=1562634624481&page=1&pageSize=10 HTTP/1.1" 200 315 "http://localhost:8080/console/vehicle" "Mozilla/5.0 (Macintosh; Intel Mac OS X 10_14_5) AppleWebKit/537.36 (KHTML, like Gecko) Chrome/75.0.3770.100 Safari/537.36"
::1 - - [09/Jul/2019:01:11:03 +0000] "GET /api/vehicle/list?t=1562634663526&page=1&pageSize=10 HTTP/1.1" 200 315 "http://localhost:8080/console/vehicle" "Mozilla/5.0 (Macintosh; Intel Mac OS X 10_14_5) AppleWebKit/537.36 (KHTML, like Gecko) Chrome/75.0.3770.100 Safari/537.36"
::1 - - [09/Jul/2019:01:11:08 +0000] "GET /api/vehicle/list?t=1562634668727&page=1&pageSize=10 HTTP/1.1" 200 315 "http://localhost:8080/console/vehicle" "Mozilla/5.0 (Macintosh; Intel Mac OS X 10_14_5) AppleWebKit/537.36 (KHTML, like Gecko) Chrome/75.0.3770.100 Safari/537.36"
::1 - - [09/Jul/2019:01:11:12 +0000] "GET /api/vehicle/list?t=1562634672254&page=1&pageSize=10 HTTP/1.1" 200 315 "http://localhost:8080/console/vehicle" "Mozilla/5.0 (Macintosh; Intel Mac OS X 10_14_5) AppleWebKit/537.36 (KHTML, like Gecko) Chrome/75.0.3770.100 Safari/537.36"
::1 - - [09/Jul/2019:01:11:20 +0000] "GET /api/vehicle/list?t=1562634680635&page=1&pageSize=10 HTTP/1.1" 200 315 "http://localhost:8080/console/vehicle" "Mozilla/5.0 (Macintosh; Intel Mac OS X 10_14_5) AppleWebKit/537.36 (KHTML, like Gecko) Chrome/75.0.3770.100 Safari/537.36"
::1 - - [09/Jul/2019:01:11:23 +0000] "GET /api/vehicle/list?t=1562634683018&page=1&pageSize=10 HTTP/1.1" 200 315 "http://localhost:8080/console/vehicle" "Mozilla/5.0 (Macintosh; Intel Mac OS X 10_14_5) AppleWebKit/537.36 (KHTML, like Gecko) Chrome/75.0.3770.100 Safari/537.36"
::1 - - [09/Jul/2019:01:11:26 +0000] "GET /api/vehicle/list?t=1562634686488&page=1&pageSize=10 HTTP/1.1" 200 315 "http://localhost:8080/console/vehicle" "Mozilla/5.0 (Macintosh; Intel Mac OS X 10_14_5) AppleWebKit/537.36 (KHTML, like Gecko) Chrome/75.0.3770.100 Safari/537.36"
::1 - - [09/Jul/2019:01:11:31 +0000] "GET /api/vehicle/list?t=1562634691890&page=1&pageSize=10 HTTP/1.1" 200 315 "http://localhost:8080/console/vehicle" "Mozilla/5.0 (Macintosh; Intel Mac OS X 10_14_5) AppleWebKit/537.36 (KHTML, like Gecko) Chrome/75.0.3770.100 Safari/537.36"
::1 - - [09/Jul/2019:01:11:33 +0000] "GET /api/vehicle/list?t=1562634693841&page=1&pageSize=10 HTTP/1.1" 200 315 "http://localhost:8080/console/vehicle" "Mozilla/5.0 (Macintosh; Intel Mac OS X 10_14_5) AppleWebKit/537.36 (KHTML, like Gecko) Chrome/75.0.3770.100 Safari/537.36"
::1 - - [09/Jul/2019:01:12:26 +0000] "GET /api/vehicle/list?t=1562634746752&page=1&pageSize=10 HTTP/1.1" 200 315 "http://localhost:8080/console/vehicle" "Mozilla/5.0 (Macintosh; Intel Mac OS X 10_14_5) AppleWebKit/537.36 (KHTML, like Gecko) Chrome/75.0.3770.100 Safari/537.36"
::1 - - [09/Jul/2019:01:12:41 +0000] "GET /api/vehicle/list?t=1562634761600&page=1&pageSize=10 HTTP/1.1" 200 315 "http://localhost:8080/console/vehicle" "Mozilla/5.0 (Macintosh; Intel Mac OS X 10_14_5) AppleWebKit/537.36 (KHTML, like Gecko) Chrome/75.0.3770.100 Safari/537.36"
::1 - - [09/Jul/2019:01:12:45 +0000] "GET /api/vehicle/list?t=1562634765306&page=1&pageSize=10 HTTP/1.1" 200 315 "http://localhost:8080/console/vehicle" "Mozilla/5.0 (Macintosh; Intel Mac OS X 10_14_5) AppleWebKit/537.36 (KHTML, like Gecko) Chrome/75.0.3770.100 Safari/537.36"
::1 - - [09/Jul/2019:01:12:47 +0000] "GET /api/vehicle/list?t=1562634767857&page=1&pageSize=10 HTTP/1.1" 200 315 "http://localhost:8080/console/vehicle" "Mozilla/5.0 (Macintosh; Intel Mac OS X 10_14_5) AppleWebKit/537.36 (KHTML, like Gecko) Chrome/75.0.3770.100 Safari/537.36"
::1 - - [09/Jul/2019:01:12:52 +0000] "GET /api/vehicle/list?t=1562634772780&page=1&pageSize=10 HTTP/1.1" 200 315 "http://localhost:8080/console/vehicle" "Mozilla/5.0 (Macintosh; Intel Mac OS X 10_14_5) AppleWebKit/537.36 (KHTML, like Gecko) Chrome/75.0.3770.100 Safari/537.36"
::1 - - [09/Jul/2019:01:13:07 +0000] "GET /api/vehicle/list?t=1562634787196&page=1&pageSize=10 HTTP/1.1" 200 315 "http://localhost:8080/console/vehicle" "Mozilla/5.0 (Macintosh; Intel Mac OS X 10_14_5) AppleWebKit/537.36 (KHTML, like Gecko) Chrome/75.0.3770.100 Safari/537.36"
::1 - - [09/Jul/2019:01:13:10 +0000] "GET /api/vehicle/list?t=1562634790032&page=1&pageSize=10 HTTP/1.1" 200 315 "http://localhost:8080/console/vehicle" "Mozilla/5.0 (Macintosh; Intel Mac OS X 10_14_5) AppleWebKit/537.36 (KHTML, like Gecko) Chrome/75.0.3770.100 Safari/537.36"
::1 - - [09/Jul/2019:01:13:11 +0000] "GET /api/vehicle/list?t=1562634791673&page=1&pageSize=10 HTTP/1.1" 200 315 "http://localhost:8080/console/vehicle" "Mozilla/5.0 (Macintosh; Intel Mac OS X 10_14_5) AppleWebKit/537.36 (KHTML, like Gecko) Chrome/75.0.3770.100 Safari/537.36"
::1 - - [09/Jul/2019:01:13:13 +0000] "GET /api/vehicle/list?t=1562634793455&page=1&pageSize=10 HTTP/1.1" 200 315 "http://localhost:8080/console/vehicle" "Mozilla/5.0 (Macintosh; Intel Mac OS X 10_14_5) AppleWebKit/537.36 (KHTML, like Gecko) Chrome/75.0.3770.100 Safari/537.36"
::1 - - [09/Jul/2019:01:13:15 +0000] "GET /api/vehicle/list?t=1562634795988&page=1&pageSize=10 HTTP/1.1" 200 315 "http://localhost:8080/console/vehicle" "Mozilla/5.0 (Macintosh; Intel Mac OS X 10_14_5) AppleWebKit/537.36 (KHTML, like Gecko) Chrome/75.0.3770.100 Safari/537.36"
::1 - - [09/Jul/2019:01:13:35 +0000] "GET /api/vehicle/list?t=1562634815971&page=1&pageSize=10 HTTP/1.1" 200 315 "http://localhost:8080/console/vehicle" "Mozilla/5.0 (Macintosh; Intel Mac OS X 10_14_5) AppleWebKit/537.36 (KHTML, like Gecko) Chrome/75.0.3770.100 Safari/537.36"
::1 - - [09/Jul/2019:01:13:37 +0000] "GET /api/vehicle/list?t=1562634817695&page=1&pageSize=10 HTTP/1.1" 200 315 "http://localhost:8080/console/vehicle" "Mozilla/5.0 (Macintosh; Intel Mac OS X 10_14_5) AppleWebKit/537.36 (KHTML, like Gecko) Chrome/75.0.3770.100 Safari/537.36"
::1 - - [09/Jul/2019:01:13:38 +0000] "GET /api/vehicle/list?t=1562634818950&page=1&pageSize=10 HTTP/1.1" 200 315 "http://localhost:8080/console/vehicle" "Mozilla/5.0 (Macintosh; Intel Mac OS X 10_14_5) AppleWebKit/537.36 (KHTML, like Gecko) Chrome/75.0.3770.100 Safari/537.36"
::1 - - [09/Jul/2019:01:13:40 +0000] "GET /api/vehicle/list?t=1562634820389&page=1&pageSize=10 HTTP/1.1" 200 315 "http://localhost:8080/console/vehicle" "Mozilla/5.0 (Macintosh; Intel Mac OS X 10_14_5) AppleWebKit/537.36 (KHTML, like Gecko) Chrome/75.0.3770.100 Safari/537.36"
::1 - - [09/Jul/2019:01:13:50 +0000] "GET /api/vehicle/list?t=1562634830947&page=1&pageSize=10 HTTP/1.1" 200 315 "http://localhost:8080/console/vehicle" "Mozilla/5.0 (Macintosh; Intel Mac OS X 10_14_5) AppleWebKit/537.36 (KHTML, like Gecko) Chrome/75.0.3770.100 Safari/537.36"
::1 - - [09/Jul/2019:01:14:08 +0000] "GET /api/vehicle/list?t=1562634848150&page=1&pageSize=10 HTTP/1.1" 200 315 "http://localhost:8080/console/vehicle" "Mozilla/5.0 (Macintosh; Intel Mac OS X 10_14_5) AppleWebKit/537.36 (KHTML, like Gecko) Chrome/75.0.3770.100 Safari/537.36"
::1 - - [09/Jul/2019:01:14:26 +0000] "GET /api/vehicle/list?t=1562634866575&page=1&pageSize=10 HTTP/1.1" 200 315 "http://localhost:8080/console/vehicle" "Mozilla/5.0 (Macintosh; Intel Mac OS X 10_14_5) AppleWebKit/537.36 (KHTML, like Gecko) Chrome/75.0.3770.100 Safari/537.36"
::1 - - [09/Jul/2019:01:14:37 +0000] "GET /api/vehicle/list?t=1562634877582&page=1&pageSize=10 HTTP/1.1" 200 315 "http://localhost:8080/console/vehicle" "Mozilla/5.0 (Macintosh; Intel Mac OS X 10_14_5) AppleWebKit/537.36 (KHTML, like Gecko) Chrome/75.0.3770.100 Safari/537.36"
::1 - - [09/Jul/2019:01:14:41 +0000] "GET /api/vehicle/list?t=1562634881981&page=1&pageSize=10 HTTP/1.1" 200 315 "http://localhost:8080/console/vehicle" "Mozilla/5.0 (Macintosh; Intel Mac OS X 10_14_5) AppleWebKit/537.36 (KHTML, like Gecko) Chrome/75.0.3770.100 Safari/537.36"
::1 - - [09/Jul/2019:01:15:58 +0000] "GET /api/vehicle/list?t=1562634958512&page=1&pageSize=10 HTTP/1.1" 200 315 "http://localhost:8080/console/vehicle" "Mozilla/5.0 (Macintosh; Intel Mac OS X 10_14_5) AppleWebKit/537.36 (KHTML, like Gecko) Chrome/75.0.3770.100 Safari/537.36"
::1 - - [09/Jul/2019:01:16:05 +0000] "GET /api/vehicle/list?t=1562634965289&page=1&pageSize=10 HTTP/1.1" 200 315 "http://localhost:8080/console/vehicle" "Mozilla/5.0 (Macintosh; Intel Mac OS X 10_14_5) AppleWebKit/537.36 (KHTML, like Gecko) Chrome/75.0.3770.100 Safari/537.36"
::1 - - [09/Jul/2019:02:15:24 +0000] "GET /api/vehicle/list?t=1562638524826&page=1&pageSize=10 HTTP/1.1" 200 315 "http://localhost:8080/console/vehicle" "Mozilla/5.0 (Macintosh; Intel Mac OS X 10_14_5) AppleWebKit/537.36 (KHTML, like Gecko) Chrome/75.0.3770.100 Safari/537.36"
::1 - - [09/Jul/2019:02:15:36 +0000] "GET /api/vehicle/list?t=1562638536349&page=1&pageSize=10 HTTP/1.1" 200 315 "http://localhost:8080/console/vehicle" "Mozilla/5.0 (Macintosh; Intel Mac OS X 10_14_5) AppleWebKit/537.36 (KHTML, like Gecko) Chrome/75.0.3770.100 Safari/537.36"
::1 - - [09/Jul/2019:02:16:16 +0000] "GET /api/vehicle/list?t=1562638576445&page=1&pageSize=10 HTTP/1.1" 200 315 "http://localhost:8080/console/vehicle" "Mozilla/5.0 (Macintosh; Intel Mac OS X 10_14_5) AppleWebKit/537.36 (KHTML, like Gecko) Chrome/75.0.3770.100 Safari/537.36"
::1 - - [09/Jul/2019:02:16:18 +0000] "GET /api/vehicle/list?t=1562638578512&page=1&pageSize=10 HTTP/1.1" 200 315 "http://localhost:8080/console/vehicle" "Mozilla/5.0 (Macintosh; Intel Mac OS X 10_14_5) AppleWebKit/537.36 (KHTML, like Gecko) Chrome/75.0.3770.100 Safari/537.36"
::1 - - [09/Jul/2019:02:16:21 +0000] "GET /api/vehicle/list?t=1562638581312&page=1&pageSize=10 HTTP/1.1" 200 315 "http://localhost:8080/console/vehicle" "Mozilla/5.0 (Macintosh; Intel Mac OS X 10_14_5) AppleWebKit/537.36 (KHTML, like Gecko) Chrome/75.0.3770.100 Safari/537.36"
::1 - - [09/Jul/2019:02:16:35 +0000] "GET /api/vehicle/list?t=1562638595858&page=1&pageSize=10 HTTP/1.1" 200 315 "http://localhost:8080/console/vehicle" "Mozilla/5.0 (Macintosh; Intel Mac OS X 10_14_5) AppleWebKit/537.36 (KHTML, like Gecko) Chrome/75.0.3770.100 Safari/537.36"
::1 - - [09/Jul/2019:02:16:59 +0000] "GET /api/vehicle/list?t=1562638619663&page=1&pageSize=10 HTTP/1.1" 200 315 "http://localhost:8080/console/vehicle" "Mozilla/5.0 (Macintosh; Intel Mac OS X 10_14_5) AppleWebKit/537.36 (KHTML, like Gecko) Chrome/75.0.3770.100 Safari/537.36"
::1 - - [09/Jul/2019:02:17:20 +0000] "GET /api/vehicle/list?t=1562638640028&page=1&pageSize=10 HTTP/1.1" 200 315 "http://localhost:8080/console/vehicle" "Mozilla/5.0 (Macintosh; Intel Mac OS X 10_14_5) AppleWebKit/537.36 (KHTML, like Gecko) Chrome/75.0.3770.100 Safari/537.36"
::1 - - [09/Jul/2019:02:17:20 +0000] "GET /api/vehicle/list?t=1562638640920&page=1&pageSize=10 HTTP/1.1" 200 315 "http://localhost:8080/console/vehicle" "Mozilla/5.0 (Macintosh; Intel Mac OS X 10_14_5) AppleWebKit/537.36 (KHTML, like Gecko) Chrome/75.0.3770.100 Safari/537.36"
::1 - - [09/Jul/2019:02:17:26 +0000] "GET /api/vehicle/list?t=1562638646972&page=1&pageSize=10 HTTP/1.1" 200 315 "http://localhost:8080/console/vehicle" "Mozilla/5.0 (Macintosh; Intel Mac OS X 10_14_5) AppleWebKit/537.36 (KHTML, like Gecko) Chrome/75.0.3770.100 Safari/537.36"
::1 - - [09/Jul/2019:02:17:29 +0000] "GET /api/vehicle/list?t=1562638649770&page=1&pageSize=10 HTTP/1.1" 200 315 "http://localhost:8080/console/vehicle" "Mozilla/5.0 (Macintosh; Intel Mac OS X 10_14_5) AppleWebKit/537.36 (KHTML, like Gecko) Chrome/75.0.3770.100 Safari/537.36"
::1 - - [09/Jul/2019:02:17:32 +0000] "GET /api/vehicle/list?t=1562638652686&page=1&pageSize=10 HTTP/1.1" 200 315 "http://localhost:8080/console/vehicle" "Mozilla/5.0 (Macintosh; Intel Mac OS X 10_14_5) AppleWebKit/537.36 (KHTML, like Gecko) Chrome/75.0.3770.100 Safari/537.36"
::1 - - [09/Jul/2019:02:18:13 +0000] "GET /api/vehicle/list?t=1562638693363&page=1&pageSize=10 HTTP/1.1" 200 315 "http://localhost:8080/console/vehicle" "Mozilla/5.0 (Macintosh; Intel Mac OS X 10_14_5) AppleWebKit/537.36 (KHTML, like Gecko) Chrome/75.0.3770.100 Safari/537.36"
::1 - - [09/Jul/2019:02:18:20 +0000] "GET /api/vehicle/list?t=1562638700407&page=1&pageSize=10 HTTP/1.1" 200 315 "http://localhost:8080/console/vehicle" "Mozilla/5.0 (Macintosh; Intel Mac OS X 10_14_5) AppleWebKit/537.36 (KHTML, like Gecko) Chrome/75.0.3770.100 Safari/537.36"
::1 - - [09/Jul/2019:02:18:27 +0000] "GET /api/vehicle/list?t=1562638707357&page=1&pageSize=10 HTTP/1.1" 200 315 "http://localhost:8080/console/vehicle" "Mozilla/5.0 (Macintosh; Intel Mac OS X 10_14_5) AppleWebKit/537.36 (KHTML, like Gecko) Chrome/75.0.3770.100 Safari/537.36"
::1 - - [09/Jul/2019:02:18:29 +0000] "GET /api/vehicle/list?t=1562638709297&page=1&pageSize=10 HTTP/1.1" 200 315 "http://localhost:8080/console/vehicle" "Mozilla/5.0 (Macintosh; Intel Mac OS X 10_14_5) AppleWebKit/537.36 (KHTML, like Gecko) Chrome/75.0.3770.100 Safari/537.36"
::1 - - [09/Jul/2019:02:18:48 +0000] "GET /api/vehicle/list?t=1562638728583&page=1&pageSize=10 HTTP/1.1" 200 315 "http://localhost:8080/console/vehicle" "Mozilla/5.0 (Macintosh; Intel Mac OS X 10_14_5) AppleWebKit/537.36 (KHTML, like Gecko) Chrome/75.0.3770.100 Safari/537.36"
::1 - - [09/Jul/2019:02:31:33 +0000] "GET /api/vehicle/list?t=1562639493519&page=1&pageSize=10 HTTP/1.1" 200 315 "http://localhost:8080/console/vehicle" "Mozilla/5.0 (Macintosh; Intel Mac OS X 10_14_5) AppleWebKit/537.36 (KHTML, like Gecko) Chrome/75.0.3770.100 Safari/537.36"
::1 - - [09/Jul/2019:02:36:01 +0000] "POST /api/vehicle/add HTTP/1.1" 500 1693 "-" "PostmanRuntime/7.15.0"
::1 - - [09/Jul/2019:02:38:06 +0000] "POST /api/vehicle/add HTTP/1.1" 500 1693 "-" "PostmanRuntime/7.15.0"
::1 - - [09/Jul/2019:02:39:49 +0000] "POST /api/vehicle/add HTTP/1.1" 500 1693 "-" "PostmanRuntime/7.15.0"
::1 - - [09/Jul/2019:02:40:54 +0000] "POST /api/vehicle/add HTTP/1.1" 500 1693 "-" "PostmanRuntime/7.15.0"
::1 - - [09/Jul/2019:02:45:45 +0000] "POST /api/vehicle/add HTTP/1.1" 200 464 "-" "PostmanRuntime/7.15.0"
::1 - - [09/Jul/2019:02:50:35 +0000] "POST /api/vehicle/add HTTP/1.1" 200 552 "-" "PostmanRuntime/7.15.0"
::1 - - [09/Jul/2019:02:50:56 +0000] "POST /api/vehicle/add HTTP/1.1" 200 472 "-" "PostmanRuntime/7.15.0"
::1 - - [09/Jul/2019:02:52:25 +0000] "POST /api/vehicle/add HTTP/1.1" 200 472 "-" "PostmanRuntime/7.15.0"
::1 - - [09/Jul/2019:02:53:14 +0000] "POST /api/vehicle/add HTTP/1.1" 200 472 "-" "PostmanRuntime/7.15.0"
::1 - - [09/Jul/2019:02:54:00 +0000] "POST /api/vehicle/add HTTP/1.1" 200 369 "-" "PostmanRuntime/7.15.0"
::1 - - [09/Jul/2019:03:02:17 +0000] "POST /api/vehicle/add HTTP/1.1" 200 54 "-" "PostmanRuntime/7.15.0"
::1 - - [09/Jul/2019:03:03:41 +0000] "POST /api/vehicle/add HTTP/1.1" 200 367 "-" "PostmanRuntime/7.15.0"
::1 - - [09/Jul/2019:03:04:27 +0000] "POST /api/vehicle/add HTTP/1.1" 200 54 "-" "PostmanRuntime/7.15.0"
::1 - - [09/Jul/2019:03:05:25 +0000] "POST /api/vehicle/add HTTP/1.1" 200 54 "-" "PostmanRuntime/7.15.0"
::1 - - [09/Jul/2019:03:06:08 +0000] "POST /api/vehicle/add HTTP/1.1" 200 54 "-" "PostmanRuntime/7.15.0"
::1 - - [09/Jul/2019:03:10:56 +0000] "POST /api/vehicle/add HTTP/1.1" 200 54 "-" "PostmanRuntime/7.15.0"
::1 - - [09/Jul/2019:03:11:35 +0000] "POST /api/vehicle/add HTTP/1.1" 200 54 "-" "PostmanRuntime/7.15.0"
::1 - - [09/Jul/2019:03:12:11 +0000] "POST /api/vehicle/add HTTP/1.1" 200 54 "-" "PostmanRuntime/7.15.0"
::1 - - [09/Jul/2019:03:15:16 +0000] "POST /api/vehicle/add HTTP/1.1" 200 54 "-" "PostmanRuntime/7.15.0"
::1 - - [09/Jul/2019:03:17:56 +0000] "POST /api/vehicle/add HTTP/1.1" 200 54 "-" "PostmanRuntime/7.15.0"
::1 - - [09/Jul/2019:03:18:18 +0000] "POST /api/vehicle/add HTTP/1.1" 200 54 "-" "PostmanRuntime/7.15.0"
::1 - - [09/Jul/2019:03:19:44 +0000] "POST /api/vehicle/add HTTP/1.1" 200 430 "-" "PostmanRuntime/7.15.0"
::1 - - [09/Jul/2019:03:21:28 +0000] "POST /api/vehicle/add HTTP/1.1" 200 38 "-" "PostmanRuntime/7.15.0"
::1 - - [09/Jul/2019:12:56:59 +0000] "POST /api/vehicle/delete HTTP/1.1" 404 158 "-" "PostmanRuntime/7.15.0"
::1 - - [09/Jul/2019:13:00:02 +0000] "POST /api/vehicle/delete/3 HTTP/1.1" 400 886 "-" "PostmanRuntime/7.15.0"
::1 - - [09/Jul/2019:13:00:28 +0000] "GET /api/vehicle/delete/3 HTTP/1.1" 200 38 "-" "PostmanRuntime/7.15.0"
::1 - - [09/Jul/2019:13:07:36 +0000] "POST /api/vehicle/info HTTP/1.1" 200 47 "-" "PostmanRuntime/7.15.0"
::1 - - [09/Jul/2019:13:07:42 +0000] "PUT /api/vehicle/info HTTP/1.1" 200 38 "-" "PostmanRuntime/7.15.0"
::1 - - [09/Jul/2019:13:12:47 +0000] "GET /api/vehicle/list?t=1562677967417&page=1&pageSize=10 HTTP/1.1" 200 315 "http://localhost:8080/console/vehicle" "Mozilla/5.0 (Macintosh; Intel Mac OS X 10_14_5) AppleWebKit/537.36 (KHTML, like Gecko) Chrome/75.0.3770.100 Safari/537.36"
::1 - - [09/Jul/2019:13:13:13 +0000] "GET /api/vehicle/list?t=1562677993316&page=1&pageSize=10 HTTP/1.1" 200 315 "http://localhost:8080/console/vehicle" "Mozilla/5.0 (Macintosh; Intel Mac OS X 10_14_5) AppleWebKit/537.36 (KHTML, like Gecko) Chrome/75.0.3770.100 Safari/537.36"
::1 - - [09/Jul/2019:13:13:15 +0000] "GET /api/vehicle/list?t=1562677995110&page=1&pageSize=10 HTTP/1.1" 200 315 "http://localhost:8080/console/vehicle" "Mozilla/5.0 (Macintosh; Intel Mac OS X 10_14_5) AppleWebKit/537.36 (KHTML, like Gecko) Chrome/75.0.3770.100 Safari/537.36"
::1 - - [09/Jul/2019:13:13:21 +0000] "GET /api/vehicle/list?t=1562678001378&page=1&pageSize=10 HTTP/1.1" 200 315 "http://localhost:8080/console/vehicle" "Mozilla/5.0 (Macintosh; Intel Mac OS X 10_14_5) AppleWebKit/537.36 (KHTML, like Gecko) Chrome/75.0.3770.100 Safari/537.36"
::1 - - [09/Jul/2019:13:13:22 +0000] "GET /api/vehicle/list?t=1562678002260&page=1&pageSize=10 HTTP/1.1" 200 315 "http://localhost:8080/console/vehicle" "Mozilla/5.0 (Macintosh; Intel Mac OS X 10_14_5) AppleWebKit/537.36 (KHTML, like Gecko) Chrome/75.0.3770.100 Safari/537.36"
::1 - - [09/Jul/2019:13:13:24 +0000] "GET /api/vehicle/list?t=1562678004020&page=1&pageSize=10 HTTP/1.1" 200 315 "http://localhost:8080/console/vehicle" "Mozilla/5.0 (Macintosh; Intel Mac OS X 10_14_5) AppleWebKit/537.36 (KHTML, like Gecko) Chrome/75.0.3770.100 Safari/537.36"
::1 - - [09/Jul/2019:13:13:26 +0000] "GET /api/vehicle/list?t=1562678006604&page=1&pageSize=10 HTTP/1.1" 200 315 "http://localhost:8080/console/vehicle" "Mozilla/5.0 (Macintosh; Intel Mac OS X 10_14_5) AppleWebKit/537.36 (KHTML, like Gecko) Chrome/75.0.3770.100 Safari/537.36"
::1 - - [09/Jul/2019:13:13:34 +0000] "GET /api/vehicle/list?t=1562678014466&page=1&pageSize=10 HTTP/1.1" 200 315 "http://localhost:8080/console/vehicle" "Mozilla/5.0 (Macintosh; Intel Mac OS X 10_14_5) AppleWebKit/537.36 (KHTML, like Gecko) Chrome/75.0.3770.100 Safari/537.36"
::1 - - [09/Jul/2019:13:13:38 +0000] "GET /api/vehicle/list?t=1562678018048&page=1&pageSize=10 HTTP/1.1" 200 315 "http://localhost:8080/console/vehicle" "Mozilla/5.0 (Macintosh; Intel Mac OS X 10_14_5) AppleWebKit/537.36 (KHTML, like Gecko) Chrome/75.0.3770.100 Safari/537.36"
::1 - - [09/Jul/2019:13:13:40 +0000] "GET /api/vehicle/list?t=1562678020301&page=1&pageSize=10 HTTP/1.1" 200 315 "http://localhost:8080/console/vehicle" "Mozilla/5.0 (Macintosh; Intel Mac OS X 10_14_5) AppleWebKit/537.36 (KHTML, like Gecko) Chrome/75.0.3770.100 Safari/537.36"
::1 - - [09/Jul/2019:13:13:41 +0000] "GET /api/vehicle/list?t=1562678021208&page=1&pageSize=10 HTTP/1.1" 200 315 "http://localhost:8080/console/vehicle" "Mozilla/5.0 (Macintosh; Intel Mac OS X 10_14_5) AppleWebKit/537.36 (KHTML, like Gecko) Chrome/75.0.3770.100 Safari/537.36"
::1 - - [09/Jul/2019:13:13:43 +0000] "GET /api/vehicle/list?t=1562678023758&page=1&pageSize=10 HTTP/1.1" 200 315 "http://localhost:8080/console/vehicle" "Mozilla/5.0 (Macintosh; Intel Mac OS X 10_14_5) AppleWebKit/537.36 (KHTML, like Gecko) Chrome/75.0.3770.100 Safari/537.36"
::1 - - [09/Jul/2019:13:13:45 +0000] "GET /api/vehicle/list?t=1562678025751&page=1&pageSize=10 HTTP/1.1" 200 315 "http://localhost:8080/console/vehicle" "Mozilla/5.0 (Macintosh; Intel Mac OS X 10_14_5) AppleWebKit/537.36 (KHTML, like Gecko) Chrome/75.0.3770.100 Safari/537.36"
::1 - - [09/Jul/2019:13:13:47 +0000] "GET /api/vehicle/list?t=1562678027342&page=1&pageSize=10 HTTP/1.1" 200 315 "http://localhost:8080/console/vehicle" "Mozilla/5.0 (Macintosh; Intel Mac OS X 10_14_5) AppleWebKit/537.36 (KHTML, like Gecko) Chrome/75.0.3770.100 Safari/537.36"
::1 - - [09/Jul/2019:13:13:50 +0000] "GET /api/vehicle/list?t=1562678030544&page=1&pageSize=10 HTTP/1.1" 200 315 "http://localhost:8080/console/vehicle" "Mozilla/5.0 (Macintosh; Intel Mac OS X 10_14_5) AppleWebKit/537.36 (KHTML, like Gecko) Chrome/75.0.3770.100 Safari/537.36"
::1 - - [09/Jul/2019:13:14:36 +0000] "GET /api/vehicle/list?t=1562678076230&page=1&pageSize=10 HTTP/1.1" 200 315 "http://localhost:8080/console/vehicle" "Mozilla/5.0 (Macintosh; Intel Mac OS X 10_14_5) AppleWebKit/537.36 (KHTML, like Gecko) Chrome/75.0.3770.100 Safari/537.36"
::1 - - [09/Jul/2019:13:14:40 +0000] "GET /api/vehicle/list?t=1562678080021&page=1&pageSize=10 HTTP/1.1" 200 315 "http://localhost:8080/console/vehicle" "Mozilla/5.0 (Macintosh; Intel Mac OS X 10_14_5) AppleWebKit/537.36 (KHTML, like Gecko) Chrome/75.0.3770.100 Safari/537.36"
::1 - - [09/Jul/2019:13:14:41 +0000] "GET /api/vehicle/list?t=1562678081891&page=1&pageSize=10 HTTP/1.1" 200 315 "http://localhost:8080/console/vehicle" "Mozilla/5.0 (Macintosh; Intel Mac OS X 10_14_5) AppleWebKit/537.36 (KHTML, like Gecko) Chrome/75.0.3770.100 Safari/537.36"
::1 - - [09/Jul/2019:13:15:03 +0000] "GET /api/vehicle/list?t=1562678103229&page=1&pageSize=10 HTTP/1.1" 200 315 "http://localhost:8080/console/vehicle" "Mozilla/5.0 (Macintosh; Intel Mac OS X 10_14_5) AppleWebKit/537.36 (KHTML, like Gecko) Chrome/75.0.3770.100 Safari/537.36"
::1 - - [09/Jul/2019:13:15:17 +0000] "GET /api/vehicle/list?t=1562678117559&page=1&pageSize=10 HTTP/1.1" 200 315 "http://localhost:8080/console/vehicle" "Mozilla/5.0 (Macintosh; Intel Mac OS X 10_14_5) AppleWebKit/537.36 (KHTML, like Gecko) Chrome/75.0.3770.100 Safari/537.36"
::1 - - [09/Jul/2019:13:15:22 +0000] "GET /api/vehicle/list?t=1562678122367&page=1&pageSize=10 HTTP/1.1" 200 315 "http://localhost:8080/console/vehicle" "Mozilla/5.0 (Macintosh; Intel Mac OS X 10_14_5) AppleWebKit/537.36 (KHTML, like Gecko) Chrome/75.0.3770.100 Safari/537.36"
::1 - - [09/Jul/2019:13:15:37 +0000] "GET /api/vehicle/list?t=1562678137294&page=1&pageSize=10 HTTP/1.1" 200 315 "http://localhost:8080/console/vehicle" "Mozilla/5.0 (Macintosh; Intel Mac OS X 10_14_5) AppleWebKit/537.36 (KHTML, like Gecko) Chrome/75.0.3770.100 Safari/537.36"
::1 - - [09/Jul/2019:13:15:44 +0000] "GET /api/vehicle/list?t=1562678144966&page=1&pageSize=10 HTTP/1.1" 200 315 "http://localhost:8080/console/vehicle" "Mozilla/5.0 (Macintosh; Intel Mac OS X 10_14_5) AppleWebKit/537.36 (KHTML, like Gecko) Chrome/75.0.3770.100 Safari/537.36"
::1 - - [09/Jul/2019:13:17:52 +0000] "GET /api/vehicle/list?t=1562678272545&page=1&pageSize=10 HTTP/1.1" 200 315 "http://localhost:8080/console/vehicle" "Mozilla/5.0 (Macintosh; Intel Mac OS X 10_14_5) AppleWebKit/537.36 (KHTML, like Gecko) Chrome/75.0.3770.100 Safari/537.36"
::1 - - [09/Jul/2019:13:18:05 +0000] "GET /api/vehicle/list?t=1562678285895&page=1&pageSize=10 HTTP/1.1" 200 315 "http://localhost:8080/console/vehicle" "Mozilla/5.0 (Macintosh; Intel Mac OS X 10_14_5) AppleWebKit/537.36 (KHTML, like Gecko) Chrome/75.0.3770.100 Safari/537.36"
::1 - - [09/Jul/2019:13:24:40 +0000] "GET /api/vehicle/list?t=1562678680921&page=1&pageSize=10 HTTP/1.1" 200 315 "http://localhost:8080/console/vehicle" "Mozilla/5.0 (Macintosh; Intel Mac OS X 10_14_5) AppleWebKit/537.36 (KHTML, like Gecko) Chrome/75.0.3770.100 Safari/537.36"
::1 - - [09/Jul/2019:13:25:02 +0000] "POST /api/vehicle/info?t=1562678702511 HTTP/1.1" 200 54 "http://localhost:8080/console/vehicle" "Mozilla/5.0 (Macintosh; Intel Mac OS X 10_14_5) AppleWebKit/537.36 (KHTML, like Gecko) Chrome/75.0.3770.100 Safari/537.36"
::1 - - [09/Jul/2019:13:26:34 +0000] "GET /api/vehicle/list?t=1562678794778&page=1&pageSize=10 HTTP/1.1" 200 315 "http://localhost:8080/console/vehicle" "Mozilla/5.0 (Macintosh; Intel Mac OS X 10_14_5) AppleWebKit/537.36 (KHTML, like Gecko) Chrome/75.0.3770.100 Safari/537.36"
::1 - - [09/Jul/2019:13:27:05 +0000] "GET /api/vehicle/list?t=1562678825104&page=1&pageSize=10 HTTP/1.1" 200 315 "http://localhost:8080/console/vehicle" "Mozilla/5.0 (Macintosh; Intel Mac OS X 10_14_5) AppleWebKit/537.36 (KHTML, like Gecko) Chrome/75.0.3770.100 Safari/537.36"
::1 - - [09/Jul/2019:13:27:14 +0000] "POST /api/vehicle/info?t=1562678834804 HTTP/1.1" 200 54 "http://localhost:8080/console/vehicle" "Mozilla/5.0 (Macintosh; Intel Mac OS X 10_14_5) AppleWebKit/537.36 (KHTML, like Gecko) Chrome/75.0.3770.100 Safari/537.36"
::1 - - [09/Jul/2019:13:27:38 +0000] "GET /api/vehicle/list?t=1562678858840&page=1&pageSize=10 HTTP/1.1" 200 315 "http://localhost:8080/console/vehicle" "Mozilla/5.0 (Macintosh; Intel Mac OS X 10_14_5) AppleWebKit/537.36 (KHTML, like Gecko) Chrome/75.0.3770.100 Safari/537.36"
::1 - - [09/Jul/2019:13:27:52 +0000] "POST /api/vehicle/info?t=1562678872905 HTTP/1.1" 200 54 "http://localhost:8080/console/vehicle" "Mozilla/5.0 (Macintosh; Intel Mac OS X 10_14_5) AppleWebKit/537.36 (KHTML, like Gecko) Chrome/75.0.3770.100 Safari/537.36"
::1 - - [09/Jul/2019:13:28:26 +0000] "POST /api/vehicle/info?t=1562678906058 HTTP/1.1" 200 54 "http://localhost:8080/console/vehicle" "Mozilla/5.0 (Macintosh; Intel Mac OS X 10_14_5) AppleWebKit/537.36 (KHTML, like Gecko) Chrome/75.0.3770.100 Safari/537.36"
::1 - - [09/Jul/2019:13:31:16 +0000] "GET /api/vehicle/list?t=1562679076239&page=1&pageSize=10 HTTP/1.1" 200 315 "http://localhost:8080/console/vehicle" "Mozilla/5.0 (Macintosh; Intel Mac OS X 10_14_5) AppleWebKit/537.36 (KHTML, like Gecko) Chrome/75.0.3770.100 Safari/537.36"
::1 - - [09/Jul/2019:13:34:02 +0000] "POST /api/vehicle/info?t=1562679242622 HTTP/1.1" 200 170 "http://localhost:8080/console/vehicle" "Mozilla/5.0 (Macintosh; Intel Mac OS X 10_14_5) AppleWebKit/537.36 (KHTML, like Gecko) Chrome/75.0.3770.100 Safari/537.36"
::1 - - [09/Jul/2019:13:34:50 +0000] "GET /api/vehicle/list?t=1562679290892&page=1&pageSize=10 HTTP/1.1" 200 315 "http://localhost:8080/console/vehicle" "Mozilla/5.0 (Macintosh; Intel Mac OS X 10_14_5) AppleWebKit/537.36 (KHTML, like Gecko) Chrome/75.0.3770.100 Safari/537.36"
::1 - - [09/Jul/2019:13:35:01 +0000] "GET /api/vehicle/list?t=1562679301781&page=1&pageSize=10 HTTP/1.1" 200 315 "http://localhost:8080/console/vehicle" "Mozilla/5.0 (Macintosh; Intel Mac OS X 10_14_5) AppleWebKit/537.36 (KHTML, like Gecko) Chrome/75.0.3770.100 Safari/537.36"
::1 - - [09/Jul/2019:13:35:12 +0000] "GET /api/vehicle/list?t=1562679312660&page=1&pageSize=10 HTTP/1.1" 200 315 "http://localhost:8080/console/vehicle" "Mozilla/5.0 (Macintosh; Intel Mac OS X 10_14_5) AppleWebKit/537.36 (KHTML, like Gecko) Chrome/75.0.3770.100 Safari/537.36"
::1 - - [09/Jul/2019:13:40:30 +0000] "GET /api/vehicle/list?t=1562679630483&page=1&pageSize=10 HTTP/1.1" 200 315 "http://localhost:8080/console/vehicle" "Mozilla/5.0 (Macintosh; Intel Mac OS X 10_14_5) AppleWebKit/537.36 (KHTML, like Gecko) Chrome/75.0.3770.100 Safari/537.36"
::1 - - [09/Jul/2019:13:40:32 +0000] "GET /api/vehicle/list?t=1562679632057&page=1&pageSize=10 HTTP/1.1" 200 315 "http://localhost:8080/console/vehicle" "Mozilla/5.0 (Macintosh; Intel Mac OS X 10_14_5) AppleWebKit/537.36 (KHTML, like Gecko) Chrome/75.0.3770.100 Safari/537.36"
::1 - - [09/Jul/2019:13:40:36 +0000] "GET /api/vehicle/list?t=1562679636008&page=1&pageSize=10 HTTP/1.1" 200 315 "http://localhost:8080/console/vehicle" "Mozilla/5.0 (Macintosh; Intel Mac OS X 10_14_5) AppleWebKit/537.36 (KHTML, like Gecko) Chrome/75.0.3770.100 Safari/537.36"
::1 - - [09/Jul/2019:13:40:42 +0000] "GET /api/vehicle/list?t=1562679642298&page=1&pageSize=10 HTTP/1.1" 200 315 "http://localhost:8080/console/vehicle" "Mozilla/5.0 (Macintosh; Intel Mac OS X 10_14_5) AppleWebKit/537.36 (KHTML, like Gecko) Chrome/75.0.3770.100 Safari/537.36"
::1 - - [09/Jul/2019:13:40:59 +0000] "GET /api/vehicle/list?t=1562679659371&page=1&pageSize=10 HTTP/1.1" 200 315 "http://localhost:8080/console/vehicle" "Mozilla/5.0 (Macintosh; Intel Mac OS X 10_14_5) AppleWebKit/537.36 (KHTML, like Gecko) Chrome/75.0.3770.100 Safari/537.36"
::1 - - [09/Jul/2019:13:41:03 +0000] "GET /api/vehicle/list?t=1562679663711&page=1&pageSize=10 HTTP/1.1" 200 315 "http://localhost:8080/console/vehicle" "Mozilla/5.0 (Macintosh; Intel Mac OS X 10_14_5) AppleWebKit/537.36 (KHTML, like Gecko) Chrome/75.0.3770.100 Safari/537.36"
::1 - - [09/Jul/2019:13:41:41 +0000] "GET /api/vehicle/list?t=1562679701403&page=1&pageSize=10 HTTP/1.1" 200 315 "http://localhost:8080/console/vehicle" "Mozilla/5.0 (Macintosh; Intel Mac OS X 10_14_5) AppleWebKit/537.36 (KHTML, like Gecko) Chrome/75.0.3770.100 Safari/537.36"
::1 - - [09/Jul/2019:13:41:45 +0000] "GET /api/vehicle/list?t=1562679705352&page=1&pageSize=10 HTTP/1.1" 200 315 "http://localhost:8080/console/vehicle" "Mozilla/5.0 (Macintosh; Intel Mac OS X 10_14_5) AppleWebKit/537.36 (KHTML, like Gecko) Chrome/75.0.3770.100 Safari/537.36"
::1 - - [09/Jul/2019:13:41:49 +0000] "GET /api/vehicle/list?t=1562679709804&page=1&pageSize=10 HTTP/1.1" 200 315 "http://localhost:8080/console/vehicle" "Mozilla/5.0 (Macintosh; Intel Mac OS X 10_14_5) AppleWebKit/537.36 (KHTML, like Gecko) Chrome/75.0.3770.100 Safari/537.36"
::1 - - [09/Jul/2019:13:42:47 +0000] "POST /api/vehicle/info?t=1562679767260 HTTP/1.1" 200 183 "http://localhost:8080/console/vehicle" "Mozilla/5.0 (Macintosh; Intel Mac OS X 10_14_5) AppleWebKit/537.36 (KHTML, like Gecko) Chrome/75.0.3770.100 Safari/537.36"
::1 - - [09/Jul/2019:13:42:53 +0000] "POST /api/vehicle/info?t=1562679773582 HTTP/1.1" 200 183 "http://localhost:8080/console/vehicle" "Mozilla/5.0 (Macintosh; Intel Mac OS X 10_14_5) AppleWebKit/537.36 (KHTML, like Gecko) Chrome/75.0.3770.100 Safari/537.36"
::1 - - [09/Jul/2019:13:43:15 +0000] "GET /api/vehicle/list?t=1562679795410&page=1&pageSize=10 HTTP/1.1" 200 315 "http://localhost:8080/console/vehicle" "Mozilla/5.0 (Macintosh; Intel Mac OS X 10_14_5) AppleWebKit/537.36 (KHTML, like Gecko) Chrome/75.0.3770.100 Safari/537.36"
::1 - - [09/Jul/2019:13:43:17 +0000] "GET /api/vehicle/list?t=1562679797555&page=1&pageSize=10 HTTP/1.1" 200 315 "http://localhost:8080/console/vehicle" "Mozilla/5.0 (Macintosh; Intel Mac OS X 10_14_5) AppleWebKit/537.36 (KHTML, like Gecko) Chrome/75.0.3770.100 Safari/537.36"
::1 - - [09/Jul/2019:13:43:26 +0000] "GET /api/vehicle/list?t=1562679806684&page=1&pageSize=10 HTTP/1.1" 200 315 "http://localhost:8080/console/vehicle" "Mozilla/5.0 (Macintosh; Intel Mac OS X 10_14_5) AppleWebKit/537.36 (KHTML, like Gecko) Chrome/75.0.3770.100 Safari/537.36"
::1 - - [09/Jul/2019:13:43:31 +0000] "GET /api/vehicle/list?t=1562679811122&page=1&pageSize=10 HTTP/1.1" 200 315 "http://localhost:8080/console/vehicle" "Mozilla/5.0 (Macintosh; Intel Mac OS X 10_14_5) AppleWebKit/537.36 (KHTML, like Gecko) Chrome/75.0.3770.100 Safari/537.36"
::1 - - [09/Jul/2019:13:43:53 +0000] "GET /api/vehicle/list?t=1562679833066&page=1&pageSize=10 HTTP/1.1" 200 315 "http://localhost:8080/console/vehicle" "Mozilla/5.0 (Macintosh; Intel Mac OS X 10_14_5) AppleWebKit/537.36 (KHTML, like Gecko) Chrome/75.0.3770.100 Safari/537.36"
::1 - - [09/Jul/2019:13:43:54 +0000] "GET /api/vehicle/list?t=1562679834937&page=1&pageSize=10 HTTP/1.1" 200 315 "http://localhost:8080/console/vehicle" "Mozilla/5.0 (Macintosh; Intel Mac OS X 10_14_5) AppleWebKit/537.36 (KHTML, like Gecko) Chrome/75.0.3770.100 Safari/537.36"
::1 - - [09/Jul/2019:13:43:59 +0000] "GET /api/vehicle/list?t=1562679839235&page=1&pageSize=10 HTTP/1.1" 200 315 "http://localhost:8080/console/vehicle" "Mozilla/5.0 (Macintosh; Intel Mac OS X 10_14_5) AppleWebKit/537.36 (KHTML, like Gecko) Chrome/75.0.3770.100 Safari/537.36"
::1 - - [09/Jul/2019:13:44:05 +0000] "GET /api/vehicle/list?t=1562679845068&page=1&pageSize=10 HTTP/1.1" 200 315 "http://localhost:8080/console/vehicle" "Mozilla/5.0 (Macintosh; Intel Mac OS X 10_14_5) AppleWebKit/537.36 (KHTML, like Gecko) Chrome/75.0.3770.100 Safari/537.36"
::1 - - [09/Jul/2019:13:44:06 +0000] "GET /api/vehicle/list?t=1562679846649&page=1&pageSize=10 HTTP/1.1" 200 315 "http://localhost:8080/console/vehicle" "Mozilla/5.0 (Macintosh; Intel Mac OS X 10_14_5) AppleWebKit/537.36 (KHTML, like Gecko) Chrome/75.0.3770.100 Safari/537.36"
::1 - - [09/Jul/2019:13:44:08 +0000] "GET /api/vehicle/list?t=1562679848969&page=1&pageSize=10 HTTP/1.1" 200 315 "http://localhost:8080/console/vehicle" "Mozilla/5.0 (Macintosh; Intel Mac OS X 10_14_5) AppleWebKit/537.36 (KHTML, like Gecko) Chrome/75.0.3770.100 Safari/537.36"
::1 - - [09/Jul/2019:13:44:16 +0000] "POST /api/vehicle/info?t=1562679856619 HTTP/1.1" 200 175 "http://localhost:8080/console/vehicle" "Mozilla/5.0 (Macintosh; Intel Mac OS X 10_14_5) AppleWebKit/537.36 (KHTML, like Gecko) Chrome/75.0.3770.100 Safari/537.36"
::1 - - [09/Jul/2019:13:48:51 +0000] "GET /api/vehicle/list?t=1562680131347&page=1&pageSize=10 HTTP/1.1" 200 315 "http://localhost:8080/console/vehicle" "Mozilla/5.0 (Macintosh; Intel Mac OS X 10_14_5) AppleWebKit/537.36 (KHTML, like Gecko) Chrome/75.0.3770.100 Safari/537.36"
::1 - - [09/Jul/2019:13:49:02 +0000] "POST /api/vehicle/info?t=1562680142158 HTTP/1.1" 200 43 "http://localhost:8080/console/vehicle" "Mozilla/5.0 (Macintosh; Intel Mac OS X 10_14_5) AppleWebKit/537.36 (KHTML, like Gecko) Chrome/75.0.3770.100 Safari/537.36"
::1 - - [09/Jul/2019:13:49:02 +0000] "GET /api/vehicle/list?t=1562680142211&page=1&pageSize=10 HTTP/1.1" 200 441 "http://localhost:8080/console/vehicle" "Mozilla/5.0 (Macintosh; Intel Mac OS X 10_14_5) AppleWebKit/537.36 (KHTML, like Gecko) Chrome/75.0.3770.100 Safari/537.36"
::1 - - [09/Jul/2019:13:56:31 +0000] "GET /api/vehicle/list?t=1562680591045&page=1&pageSize=10 HTTP/1.1" 200 441 "http://localhost:8080/console/vehicle" "Mozilla/5.0 (Macintosh; Intel Mac OS X 10_14_5) AppleWebKit/537.36 (KHTML, like Gecko) Chrome/75.0.3770.100 Safari/537.36"
::1 - - [09/Jul/2019:13:57:30 +0000] "GET /api/vehicle/list?t=1562680650392&page=1&pageSize=10 HTTP/1.1" 200 441 "http://localhost:8080/console/vehicle" "Mozilla/5.0 (Macintosh; Intel Mac OS X 10_14_5) AppleWebKit/537.36 (KHTML, like Gecko) Chrome/75.0.3770.100 Safari/537.36"
::1 - - [09/Jul/2019:13:57:36 +0000] "GET /api/vehicle/list?t=1562680656841&page=1&pageSize=10 HTTP/1.1" 200 441 "http://localhost:8080/console/vehicle" "Mozilla/5.0 (Macintosh; Intel Mac OS X 10_14_5) AppleWebKit/537.36 (KHTML, like Gecko) Chrome/75.0.3770.100 Safari/537.36"
::1 - - [09/Jul/2019:13:57:52 +0000] "GET /api/vehicle/list?t=1562680672414&page=1&pageSize=10 HTTP/1.1" 200 441 "http://localhost:8080/console/vehicle" "Mozilla/5.0 (Macintosh; Intel Mac OS X 10_14_5) AppleWebKit/537.36 (KHTML, like Gecko) Chrome/75.0.3770.100 Safari/537.36"
::1 - - [09/Jul/2019:13:58:02 +0000] "GET /api/vehicle/list?t=1562680682452&page=1&pageSize=10 HTTP/1.1" 200 441 "http://localhost:8080/console/vehicle" "Mozilla/5.0 (Macintosh; Intel Mac OS X 10_14_5) AppleWebKit/537.36 (KHTML, like Gecko) Chrome/75.0.3770.100 Safari/537.36"
::1 - - [09/Jul/2019:13:58:36 +0000] "GET /api/vehicle/list?t=1562680716955&page=1&pageSize=10 HTTP/1.1" 200 441 "http://localhost:8080/console/vehicle" "Mozilla/5.0 (Macintosh; Intel Mac OS X 10_14_5) AppleWebKit/537.36 (KHTML, like Gecko) Chrome/75.0.3770.100 Safari/537.36"
::1 - - [09/Jul/2019:13:59:35 +0000] "GET /api/vehicle/list?t=1562680775182&page=1&pageSize=10 HTTP/1.1" 200 441 "http://localhost:8080/console/vehicle" "Mozilla/5.0 (Macintosh; Intel Mac OS X 10_14_5) AppleWebKit/537.36 (KHTML, like Gecko) Chrome/75.0.3770.100 Safari/537.36"
::1 - - [09/Jul/2019:13:59:37 +0000] "GET /api/vehicle/list?t=1562680777546&page=1&pageSize=10 HTTP/1.1" 200 441 "http://localhost:8080/console/vehicle" "Mozilla/5.0 (Macintosh; Intel Mac OS X 10_14_5) AppleWebKit/537.36 (KHTML, like Gecko) Chrome/75.0.3770.100 Safari/537.36"
::1 - - [09/Jul/2019:14:01:51 +0000] "GET /api/vehicle/list?t=1562680911781&page=1&pageSize=10 HTTP/1.1" 200 441 "http://localhost:8080/console/vehicle" "Mozilla/5.0 (Macintosh; Intel Mac OS X 10_14_5) AppleWebKit/537.36 (KHTML, like Gecko) Chrome/75.0.3770.100 Safari/537.36"
::1 - - [09/Jul/2019:14:01:57 +0000] "GET /api/vehicle/list?t=1562680917269&page=1&pageSize=10 HTTP/1.1" 200 441 "http://localhost:8080/console/vehicle" "Mozilla/5.0 (Macintosh; Intel Mac OS X 10_14_5) AppleWebKit/537.36 (KHTML, like Gecko) Chrome/75.0.3770.100 Safari/537.36"
::1 - - [09/Jul/2019:14:09:08 +0000] "GET /api/vehicle/info/1 HTTP/1.1" 200 166 "-" "PostmanRuntime/7.15.0"
::1 - - [09/Jul/2019:14:09:27 +0000] "GET /api/vehicle/info/1 HTTP/1.1" 200 161 "-" "PostmanRuntime/7.15.0"
::1 - - [09/Jul/2019:14:09:40 +0000] "GET /api/vehicle/info/1 HTTP/1.1" 200 161 "-" "PostmanRuntime/7.15.0"
::1 - - [09/Jul/2019:14:10:04 +0000] "GET /api/vehicle/info/1 HTTP/1.1" 200 159 "-" "PostmanRuntime/7.15.0"
::1 - - [09/Jul/2019:14:47:50 +0000] "GET /api/vehicle/list?t=1562683670745&page=1&pageSize=10 HTTP/1.1" 200 441 "http://localhost:8080/console/vehicle" "Mozilla/5.0 (Macintosh; Intel Mac OS X 10_14_5) AppleWebKit/537.36 (KHTML, like Gecko) Chrome/75.0.3770.100 Safari/537.36"
::1 - - [09/Jul/2019:14:48:08 +0000] "GET /api/vehicle/list?t=1562683688066&page=1&pageSize=10 HTTP/1.1" 200 441 "http://localhost:8080/console/vehicle" "Mozilla/5.0 (Macintosh; Intel Mac OS X 10_14_5) AppleWebKit/537.36 (KHTML, like Gecko) Chrome/75.0.3770.100 Safari/537.36"
::1 - - [09/Jul/2019:14:59:19 +0000] "GET /api/vehicle/list?t=1562684359309&page=1&pageSize=10 HTTP/1.1" 200 441 "http://localhost:8080/console/vehicle" "Mozilla/5.0 (Macintosh; Intel Mac OS X 10_14_5) AppleWebKit/537.36 (KHTML, like Gecko) Chrome/75.0.3770.100 Safari/537.36"
::1 - - [09/Jul/2019:14:59:26 +0000] "GET /api/vehicle/list?t=1562684366530&page=1&pageSize=10 HTTP/1.1" 200 441 "http://localhost:8080/console/vehicle" "Mozilla/5.0 (Macintosh; Intel Mac OS X 10_14_5) AppleWebKit/537.36 (KHTML, like Gecko) Chrome/75.0.3770.100 Safari/537.36"
::1 - - [09/Jul/2019:14:59:34 +0000] "GET /api/vehicle/list?t=1562684374578&page=1&pageSize=10 HTTP/1.1" 200 441 "http://localhost:8080/console/vehicle" "Mozilla/5.0 (Macintosh; Intel Mac OS X 10_14_5) AppleWebKit/537.36 (KHTML, like Gecko) Chrome/75.0.3770.100 Safari/537.36"
::1 - - [09/Jul/2019:14:59:40 +0000] "GET /api/vehicle/list?t=1562684380273&page=1&pageSize=10 HTTP/1.1" 200 441 "http://localhost:8080/console/vehicle" "Mozilla/5.0 (Macintosh; Intel Mac OS X 10_14_5) AppleWebKit/537.36 (KHTML, like Gecko) Chrome/75.0.3770.100 Safari/537.36"
::1 - - [09/Jul/2019:15:00:18 +0000] "GET /api/vehicle/list?t=1562684418671&page=1&pageSize=10 HTTP/1.1" 200 441 "http://localhost:8080/console/vehicle" "Mozilla/5.0 (Macintosh; Intel Mac OS X 10_14_5) AppleWebKit/537.36 (KHTML, like Gecko) Chrome/75.0.3770.100 Safari/537.36"
::1 - - [09/Jul/2019:15:00:32 +0000] "GET /api/vehicle/list?t=1562684432815&page=1&pageSize=10 HTTP/1.1" 200 441 "http://localhost:8080/console/vehicle" "Mozilla/5.0 (Macintosh; Intel Mac OS X 10_14_5) AppleWebKit/537.36 (KHTML, like Gecko) Chrome/75.0.3770.100 Safari/537.36"
::1 - - [09/Jul/2019:15:00:47 +0000] "GET /api/vehicle/list?t=1562684447956&page=1&pageSize=10 HTTP/1.1" 200 441 "http://localhost:8080/console/vehicle" "Mozilla/5.0 (Macintosh; Intel Mac OS X 10_14_5) AppleWebKit/537.36 (KHTML, like Gecko) Chrome/75.0.3770.100 Safari/537.36"
::1 - - [09/Jul/2019:15:00:51 +0000] "GET /api/vehicle/list?t=1562684451057&page=1&pageSize=10 HTTP/1.1" 200 441 "http://localhost:8080/console/vehicle" "Mozilla/5.0 (Macintosh; Intel Mac OS X 10_14_5) AppleWebKit/537.36 (KHTML, like Gecko) Chrome/75.0.3770.100 Safari/537.36"
::1 - - [09/Jul/2019:15:01:05 +0000] "GET /api/vehicle/list?t=1562684465530&page=1&pageSize=10 HTTP/1.1" 200 441 "http://localhost:8080/console/vehicle" "Mozilla/5.0 (Macintosh; Intel Mac OS X 10_14_5) AppleWebKit/537.36 (KHTML, like Gecko) Chrome/75.0.3770.100 Safari/537.36"
::1 - - [09/Jul/2019:15:01:09 +0000] "GET /api/vehicle/list?t=1562684469539&page=1&pageSize=10 HTTP/1.1" 200 441 "http://localhost:8080/console/vehicle" "Mozilla/5.0 (Macintosh; Intel Mac OS X 10_14_5) AppleWebKit/537.36 (KHTML, like Gecko) Chrome/75.0.3770.100 Safari/537.36"
::1 - - [09/Jul/2019:15:01:29 +0000] "GET /api/vehicle/list?t=1562684489707&page=1&pageSize=10 HTTP/1.1" 200 441 "http://localhost:8080/console/vehicle" "Mozilla/5.0 (Macintosh; Intel Mac OS X 10_14_5) AppleWebKit/537.36 (KHTML, like Gecko) Chrome/75.0.3770.100 Safari/537.36"
::1 - - [09/Jul/2019:15:01:33 +0000] "GET /api/vehicle/list?t=1562684493938&page=1&pageSize=10 HTTP/1.1" 200 441 "http://localhost:8080/console/vehicle" "Mozilla/5.0 (Macintosh; Intel Mac OS X 10_14_5) AppleWebKit/537.36 (KHTML, like Gecko) Chrome/75.0.3770.100 Safari/537.36"
::1 - - [09/Jul/2019:15:02:40 +0000] "GET /api/vehicle/list?t=1562684560374&page=1&pageSize=10 HTTP/1.1" 200 441 "http://localhost:8080/console/vehicle" "Mozilla/5.0 (Macintosh; Intel Mac OS X 10_14_5) AppleWebKit/537.36 (KHTML, like Gecko) Chrome/75.0.3770.100 Safari/537.36"
::1 - - [09/Jul/2019:15:02:50 +0000] "GET /api/vehicle/list?t=1562684570024&page=1&pageSize=10 HTTP/1.1" 200 441 "http://localhost:8080/console/vehicle" "Mozilla/5.0 (Macintosh; Intel Mac OS X 10_14_5) AppleWebKit/537.36 (KHTML, like Gecko) Chrome/75.0.3770.100 Safari/537.36"
::1 - - [09/Jul/2019:15:02:59 +0000] "GET /api/vehicle/list?t=1562684579374&page=1&pageSize=10 HTTP/1.1" 200 441 "http://localhost:8080/console/vehicle" "Mozilla/5.0 (Macintosh; Intel Mac OS X 10_14_5) AppleWebKit/537.36 (KHTML, like Gecko) Chrome/75.0.3770.100 Safari/537.36"
::1 - - [09/Jul/2019:15:03:03 +0000] "GET /api/vehicle/list?t=1562684583822&page=1&pageSize=10 HTTP/1.1" 200 441 "http://localhost:8080/console/vehicle" "Mozilla/5.0 (Macintosh; Intel Mac OS X 10_14_5) AppleWebKit/537.36 (KHTML, like Gecko) Chrome/75.0.3770.100 Safari/537.36"
::1 - - [09/Jul/2019:15:03:28 +0000] "GET /api/vehicle/list?t=1562684608231&page=1&pageSize=10 HTTP/1.1" 200 441 "http://localhost:8080/console/vehicle" "Mozilla/5.0 (Macintosh; Intel Mac OS X 10_14_5) AppleWebKit/537.36 (KHTML, like Gecko) Chrome/75.0.3770.100 Safari/537.36"
::1 - - [09/Jul/2019:15:03:43 +0000] "GET /api/vehicle/list?t=1562684623431&page=1&pageSize=10 HTTP/1.1" 200 441 "http://localhost:8080/console/vehicle" "Mozilla/5.0 (Macintosh; Intel Mac OS X 10_14_5) AppleWebKit/537.36 (KHTML, like Gecko) Chrome/75.0.3770.100 Safari/537.36"
::1 - - [09/Jul/2019:15:03:48 +0000] "GET /api/vehicle/list?t=1562684628789&page=1&pageSize=10 HTTP/1.1" 200 441 "http://localhost:8080/console/vehicle" "Mozilla/5.0 (Macintosh; Intel Mac OS X 10_14_5) AppleWebKit/537.36 (KHTML, like Gecko) Chrome/75.0.3770.100 Safari/537.36"
::1 - - [09/Jul/2019:15:03:52 +0000] "GET /api/vehicle/list?t=1562684632904&page=1&pageSize=10 HTTP/1.1" 200 441 "http://localhost:8080/console/vehicle" "Mozilla/5.0 (Macintosh; Intel Mac OS X 10_14_5) AppleWebKit/537.36 (KHTML, like Gecko) Chrome/75.0.3770.100 Safari/537.36"
::1 - - [09/Jul/2019:15:03:56 +0000] "GET /api/vehicle/list?t=1562684636034&page=1&pageSize=10 HTTP/1.1" 200 441 "http://localhost:8080/console/vehicle" "Mozilla/5.0 (Macintosh; Intel Mac OS X 10_14_5) AppleWebKit/537.36 (KHTML, like Gecko) Chrome/75.0.3770.100 Safari/537.36"
::1 - - [09/Jul/2019:15:03:59 +0000] "GET /api/vehicle/list?t=1562684639042&page=1&pageSize=10 HTTP/1.1" 200 441 "http://localhost:8080/console/vehicle" "Mozilla/5.0 (Macintosh; Intel Mac OS X 10_14_5) AppleWebKit/537.36 (KHTML, like Gecko) Chrome/75.0.3770.100 Safari/537.36"
::1 - - [09/Jul/2019:15:04:05 +0000] "GET /api/vehicle/list?t=1562684645040&page=1&pageSize=10 HTTP/1.1" 200 441 "http://localhost:8080/console/vehicle" "Mozilla/5.0 (Macintosh; Intel Mac OS X 10_14_5) AppleWebKit/537.36 (KHTML, like Gecko) Chrome/75.0.3770.100 Safari/537.36"
::1 - - [10/Jul/2019:00:19:53 +0000] "GET /api/vehicle/list?t=1562717993337&page=1&pageSize=10 HTTP/1.1" 200 441 "http://localhost:8080/console/vehicle" "Mozilla/5.0 (Macintosh; Intel Mac OS X 10_14_5) AppleWebKit/537.36 (KHTML, like Gecko) Chrome/75.0.3770.100 Safari/537.36"
::1 - - [10/Jul/2019:00:21:44 +0000] "GET /api/vehicle/list?t=1562718104919&page=1&pageSize=10 HTTP/1.1" 200 441 "http://localhost:8080/console/vehicle" "Mozilla/5.0 (Macintosh; Intel Mac OS X 10_14_5) AppleWebKit/537.36 (KHTML, like Gecko) Chrome/75.0.3770.100 Safari/537.36"
::1 - - [10/Jul/2019:00:21:59 +0000] "GET /api/vehicle/list?t=1562718119066&page=1&pageSize=10 HTTP/1.1" 200 441 "http://localhost:8080/console/vehicle" "Mozilla/5.0 (Macintosh; Intel Mac OS X 10_14_5) AppleWebKit/537.36 (KHTML, like Gecko) Chrome/75.0.3770.100 Safari/537.36"
::1 - - [10/Jul/2019:00:22:30 +0000] "GET /api/vehicle/list?t=1562718150417&page=1&pageSize=10 HTTP/1.1" 200 441 "http://localhost:8080/console/vehicle" "Mozilla/5.0 (Macintosh; Intel Mac OS X 10_14_5) AppleWebKit/537.36 (KHTML, like Gecko) Chrome/75.0.3770.100 Safari/537.36"
::1 - - [10/Jul/2019:00:22:48 +0000] "GET /api/vehicle/list?t=1562718168947&page=1&pageSize=10 HTTP/1.1" 200 441 "http://localhost:8080/console/vehicle" "Mozilla/5.0 (Macintosh; Intel Mac OS X 10_14_5) AppleWebKit/537.36 (KHTML, like Gecko) Chrome/75.0.3770.100 Safari/537.36"
::1 - - [10/Jul/2019:00:23:35 +0000] "GET /api/vehicle/list?t=1562718215783&page=1&pageSize=10 HTTP/1.1" 200 441 "http://localhost:8080/console/vehicle" "Mozilla/5.0 (Macintosh; Intel Mac OS X 10_14_5) AppleWebKit/537.36 (KHTML, like Gecko) Chrome/75.0.3770.100 Safari/537.36"
::1 - - [10/Jul/2019:00:23:43 +0000] "GET /api/vehicle/list?t=1562718223230&page=1&pageSize=10 HTTP/1.1" 200 441 "http://localhost:8080/console/vehicle" "Mozilla/5.0 (Macintosh; Intel Mac OS X 10_14_5) AppleWebKit/537.36 (KHTML, like Gecko) Chrome/75.0.3770.100 Safari/537.36"
::1 - - [10/Jul/2019:00:23:44 +0000] "GET /api/vehicle/list?t=1562718224215&page=1&pageSize=10 HTTP/1.1" 200 441 "http://localhost:8080/console/vehicle" "Mozilla/5.0 (Macintosh; Intel Mac OS X 10_14_5) AppleWebKit/537.36 (KHTML, like Gecko) Chrome/75.0.3770.100 Safari/537.36"
::1 - - [10/Jul/2019:00:23:48 +0000] "GET /api/vehicle/list?t=1562718228298&page=1&pageSize=10 HTTP/1.1" 200 441 "http://localhost:8080/console/vehicle" "Mozilla/5.0 (Macintosh; Intel Mac OS X 10_14_5) AppleWebKit/537.36 (KHTML, like Gecko) Chrome/75.0.3770.100 Safari/537.36"
::1 - - [10/Jul/2019:00:24:14 +0000] "GET /api/vehicle/list?t=1562718254913&page=1&pageSize=10 HTTP/1.1" 200 441 "http://localhost:8080/console/vehicle" "Mozilla/5.0 (Macintosh; Intel Mac OS X 10_14_5) AppleWebKit/537.36 (KHTML, like Gecko) Chrome/75.0.3770.100 Safari/537.36"
::1 - - [10/Jul/2019:00:24:17 +0000] "GET /api/vehicle/list?t=1562718257741&page=1&pageSize=10 HTTP/1.1" 200 441 "http://localhost:8080/console/vehicle" "Mozilla/5.0 (Macintosh; Intel Mac OS X 10_14_5) AppleWebKit/537.36 (KHTML, like Gecko) Chrome/75.0.3770.100 Safari/537.36"
::1 - - [10/Jul/2019:00:24:22 +0000] "GET /api/vehicle/list?t=1562718262419&page=1&pageSize=10 HTTP/1.1" 200 441 "http://localhost:8080/console/vehicle" "Mozilla/5.0 (Macintosh; Intel Mac OS X 10_14_5) AppleWebKit/537.36 (KHTML, like Gecko) Chrome/75.0.3770.100 Safari/537.36"
::1 - - [10/Jul/2019:00:24:27 +0000] "GET /api/vehicle/list?t=1562718267553&page=1&pageSize=10 HTTP/1.1" 200 441 "http://localhost:8080/console/vehicle" "Mozilla/5.0 (Macintosh; Intel Mac OS X 10_14_5) AppleWebKit/537.36 (KHTML, like Gecko) Chrome/75.0.3770.100 Safari/537.36"
::1 - - [10/Jul/2019:00:24:31 +0000] "GET /api/vehicle/list?t=1562718271835&page=1&pageSize=10 HTTP/1.1" 200 441 "http://localhost:8080/console/vehicle" "Mozilla/5.0 (Macintosh; Intel Mac OS X 10_14_5) AppleWebKit/537.36 (KHTML, like Gecko) Chrome/75.0.3770.100 Safari/537.36"
::1 - - [10/Jul/2019:00:24:39 +0000] "GET /api/vehicle/list?t=1562718279491&page=1&pageSize=10 HTTP/1.1" 200 441 "http://localhost:8080/console/vehicle" "Mozilla/5.0 (Macintosh; Intel Mac OS X 10_14_5) AppleWebKit/537.36 (KHTML, like Gecko) Chrome/75.0.3770.100 Safari/537.36"
::1 - - [10/Jul/2019:00:24:45 +0000] "GET /api/vehicle/list?t=1562718285669&page=1&pageSize=10 HTTP/1.1" 200 441 "http://localhost:8080/console/vehicle" "Mozilla/5.0 (Macintosh; Intel Mac OS X 10_14_5) AppleWebKit/537.36 (KHTML, like Gecko) Chrome/75.0.3770.100 Safari/537.36"
::1 - - [10/Jul/2019:00:24:49 +0000] "GET /api/vehicle/list?t=1562718289979&page=1&pageSize=10 HTTP/1.1" 200 441 "http://localhost:8080/console/vehicle" "Mozilla/5.0 (Macintosh; Intel Mac OS X 10_14_5) AppleWebKit/537.36 (KHTML, like Gecko) Chrome/75.0.3770.100 Safari/537.36"
::1 - - [10/Jul/2019:00:24:51 +0000] "GET /api/vehicle/list?t=1562718291676&page=1&pageSize=10 HTTP/1.1" 200 441 "http://localhost:8080/console/vehicle" "Mozilla/5.0 (Macintosh; Intel Mac OS X 10_14_5) AppleWebKit/537.36 (KHTML, like Gecko) Chrome/75.0.3770.100 Safari/537.36"
::1 - - [10/Jul/2019:00:25:09 +0000] "GET /api/vehicle/list?t=1562718309209&page=1&pageSize=10 HTTP/1.1" 200 441 "http://localhost:8080/console/vehicle" "Mozilla/5.0 (Macintosh; Intel Mac OS X 10_14_5) AppleWebKit/537.36 (KHTML, like Gecko) Chrome/75.0.3770.100 Safari/537.36"
::1 - - [10/Jul/2019:00:25:13 +0000] "GET /api/vehicle/list?t=1562718313176&page=1&pageSize=10 HTTP/1.1" 200 441 "http://localhost:8080/console/vehicle" "Mozilla/5.0 (Macintosh; Intel Mac OS X 10_14_5) AppleWebKit/537.36 (KHTML, like Gecko) Chrome/75.0.3770.100 Safari/537.36"
::1 - - [10/Jul/2019:00:25:27 +0000] "GET /api/vehicle/list?t=1562718327585&page=1&pageSize=10 HTTP/1.1" 200 441 "http://localhost:8080/console/vehicle" "Mozilla/5.0 (Macintosh; Intel Mac OS X 10_14_5) AppleWebKit/537.36 (KHTML, like Gecko) Chrome/75.0.3770.100 Safari/537.36"
::1 - - [10/Jul/2019:00:25:29 +0000] "GET /api/vehicle/list?t=1562718329326&page=1&pageSize=10 HTTP/1.1" 200 441 "http://localhost:8080/console/vehicle" "Mozilla/5.0 (Macintosh; Intel Mac OS X 10_14_5) AppleWebKit/537.36 (KHTML, like Gecko) Chrome/75.0.3770.100 Safari/537.36"
::1 - - [10/Jul/2019:00:25:32 +0000] "GET /api/vehicle/list?t=1562718332984&page=1&pageSize=10 HTTP/1.1" 200 441 "http://localhost:8080/console/vehicle" "Mozilla/5.0 (Macintosh; Intel Mac OS X 10_14_5) AppleWebKit/537.36 (KHTML, like Gecko) Chrome/75.0.3770.100 Safari/537.36"
::1 - - [10/Jul/2019:00:25:37 +0000] "GET /api/vehicle/list?t=1562718337223&page=1&pageSize=10 HTTP/1.1" 200 441 "http://localhost:8080/console/vehicle" "Mozilla/5.0 (Macintosh; Intel Mac OS X 10_14_5) AppleWebKit/537.36 (KHTML, like Gecko) Chrome/75.0.3770.100 Safari/537.36"
::1 - - [10/Jul/2019:00:25:43 +0000] "GET /api/vehicle/list?t=1562718343210&page=1&pageSize=10 HTTP/1.1" 200 441 "http://localhost:8080/console/vehicle" "Mozilla/5.0 (Macintosh; Intel Mac OS X 10_14_5) AppleWebKit/537.36 (KHTML, like Gecko) Chrome/75.0.3770.100 Safari/537.36"
::1 - - [10/Jul/2019:00:25:46 +0000] "GET /api/vehicle/list?t=1562718346743&page=1&pageSize=10 HTTP/1.1" 200 441 "http://localhost:8080/console/vehicle" "Mozilla/5.0 (Macintosh; Intel Mac OS X 10_14_5) AppleWebKit/537.36 (KHTML, like Gecko) Chrome/75.0.3770.100 Safari/537.36"
::1 - - [10/Jul/2019:00:25:49 +0000] "GET /api/vehicle/list?t=1562718349169&page=1&pageSize=10 HTTP/1.1" 200 441 "http://localhost:8080/console/vehicle" "Mozilla/5.0 (Macintosh; Intel Mac OS X 10_14_5) AppleWebKit/537.36 (KHTML, like Gecko) Chrome/75.0.3770.100 Safari/537.36"
::1 - - [10/Jul/2019:00:25:50 +0000] "GET /api/vehicle/list?t=1562718350677&page=1&pageSize=10 HTTP/1.1" 200 441 "http://localhost:8080/console/vehicle" "Mozilla/5.0 (Macintosh; Intel Mac OS X 10_14_5) AppleWebKit/537.36 (KHTML, like Gecko) Chrome/75.0.3770.100 Safari/537.36"
::1 - - [10/Jul/2019:00:25:53 +0000] "GET /api/vehicle/list?t=1562718353471&page=1&pageSize=10 HTTP/1.1" 200 441 "http://localhost:8080/console/vehicle" "Mozilla/5.0 (Macintosh; Intel Mac OS X 10_14_5) AppleWebKit/537.36 (KHTML, like Gecko) Chrome/75.0.3770.100 Safari/537.36"
::1 - - [10/Jul/2019:00:25:54 +0000] "GET /api/vehicle/list?t=1562718354814&page=1&pageSize=10 HTTP/1.1" 200 441 "http://localhost:8080/console/vehicle" "Mozilla/5.0 (Macintosh; Intel Mac OS X 10_14_5) AppleWebKit/537.36 (KHTML, like Gecko) Chrome/75.0.3770.100 Safari/537.36"
::1 - - [10/Jul/2019:00:25:55 +0000] "GET /api/vehicle/list?t=1562718355667&page=1&pageSize=10 HTTP/1.1" 200 441 "http://localhost:8080/console/vehicle" "Mozilla/5.0 (Macintosh; Intel Mac OS X 10_14_5) AppleWebKit/537.36 (KHTML, like Gecko) Chrome/75.0.3770.100 Safari/537.36"
::1 - - [10/Jul/2019:00:25:58 +0000] "GET /api/vehicle/list?t=1562718358517&page=1&pageSize=10 HTTP/1.1" 200 441 "http://localhost:8080/console/vehicle" "Mozilla/5.0 (Macintosh; Intel Mac OS X 10_14_5) AppleWebKit/537.36 (KHTML, like Gecko) Chrome/75.0.3770.100 Safari/537.36"
::1 - - [10/Jul/2019:00:26:04 +0000] "GET /api/vehicle/list?t=1562718364191&page=1&pageSize=10 HTTP/1.1" 200 441 "http://localhost:8080/console/vehicle" "Mozilla/5.0 (Macintosh; Intel Mac OS X 10_14_5) AppleWebKit/537.36 (KHTML, like Gecko) Chrome/75.0.3770.100 Safari/537.36"
::1 - - [10/Jul/2019:00:26:14 +0000] "GET /api/vehicle/list?t=1562718374398&page=1&pageSize=10 HTTP/1.1" 200 441 "http://localhost:8080/console/vehicle" "Mozilla/5.0 (Macintosh; Intel Mac OS X 10_14_5) AppleWebKit/537.36 (KHTML, like Gecko) Chrome/75.0.3770.100 Safari/537.36"
::1 - - [10/Jul/2019:00:26:33 +0000] "GET /api/vehicle/list?t=1562718393872&page=1&pageSize=10 HTTP/1.1" 200 441 "http://localhost:8080/console/vehicle" "Mozilla/5.0 (Macintosh; Intel Mac OS X 10_14_5) AppleWebKit/537.36 (KHTML, like Gecko) Chrome/75.0.3770.100 Safari/537.36"
::1 - - [10/Jul/2019:00:26:40 +0000] "GET /api/vehicle/list?t=1562718400505&page=1&pageSize=10 HTTP/1.1" 200 441 "http://localhost:8080/console/vehicle" "Mozilla/5.0 (Macintosh; Intel Mac OS X 10_14_5) AppleWebKit/537.36 (KHTML, like Gecko) Chrome/75.0.3770.100 Safari/537.36"
::1 - - [10/Jul/2019:00:26:44 +0000] "GET /api/vehicle/list?t=1562718404881&page=1&pageSize=10 HTTP/1.1" 200 441 "http://localhost:8080/console/vehicle" "Mozilla/5.0 (Macintosh; Intel Mac OS X 10_14_5) AppleWebKit/537.36 (KHTML, like Gecko) Chrome/75.0.3770.100 Safari/537.36"
::1 - - [10/Jul/2019:00:27:03 +0000] "GET /api/vehicle/list?t=1562718423227&page=1&pageSize=10 HTTP/1.1" 200 441 "http://localhost:8080/console/vehicle" "Mozilla/5.0 (Macintosh; Intel Mac OS X 10_14_5) AppleWebKit/537.36 (KHTML, like Gecko) Chrome/75.0.3770.100 Safari/537.36"
::1 - - [10/Jul/2019:00:27:04 +0000] "GET /api/vehicle/list?t=1562718424264&page=1&pageSize=10 HTTP/1.1" 200 441 "http://localhost:8080/console/vehicle" "Mozilla/5.0 (Macintosh; Intel Mac OS X 10_14_5) AppleWebKit/537.36 (KHTML, like Gecko) Chrome/75.0.3770.100 Safari/537.36"
::1 - - [10/Jul/2019:00:27:08 +0000] "GET /api/vehicle/list?t=1562718428661&page=1&pageSize=10 HTTP/1.1" 200 441 "http://localhost:8080/console/vehicle" "Mozilla/5.0 (Macintosh; Intel Mac OS X 10_14_5) AppleWebKit/537.36 (KHTML, like Gecko) Chrome/75.0.3770.100 Safari/537.36"
::1 - - [10/Jul/2019:00:27:35 +0000] "GET /api/vehicle/list?t=1562718455325&page=1&pageSize=10 HTTP/1.1" 200 441 "http://localhost:8080/console/vehicle" "Mozilla/5.0 (Macintosh; Intel Mac OS X 10_14_5) AppleWebKit/537.36 (KHTML, like Gecko) Chrome/75.0.3770.100 Safari/537.36"
::1 - - [10/Jul/2019:00:27:47 +0000] "GET /api/vehicle/list?t=1562718467010&page=1&pageSize=10 HTTP/1.1" 200 441 "http://localhost:8080/console/vehicle" "Mozilla/5.0 (Macintosh; Intel Mac OS X 10_14_5) AppleWebKit/537.36 (KHTML, like Gecko) Chrome/75.0.3770.100 Safari/537.36"
::1 - - [10/Jul/2019:00:27:49 +0000] "GET /api/vehicle/list?t=1562718469156&page=1&pageSize=10 HTTP/1.1" 200 441 "http://localhost:8080/console/vehicle" "Mozilla/5.0 (Macintosh; Intel Mac OS X 10_14_5) AppleWebKit/537.36 (KHTML, like Gecko) Chrome/75.0.3770.100 Safari/537.36"
::1 - - [10/Jul/2019:00:27:55 +0000] "GET /api/vehicle/list?t=1562718475216&page=1&pageSize=10 HTTP/1.1" 200 441 "http://localhost:8080/console/vehicle" "Mozilla/5.0 (Macintosh; Intel Mac OS X 10_14_5) AppleWebKit/537.36 (KHTML, like Gecko) Chrome/75.0.3770.100 Safari/537.36"
::1 - - [10/Jul/2019:00:27:59 +0000] "GET /api/vehicle/list?t=1562718479835&page=1&pageSize=10 HTTP/1.1" 200 441 "http://localhost:8080/console/vehicle" "Mozilla/5.0 (Macintosh; Intel Mac OS X 10_14_5) AppleWebKit/537.36 (KHTML, like Gecko) Chrome/75.0.3770.100 Safari/537.36"
::1 - - [10/Jul/2019:00:28:10 +0000] "GET /api/vehicle/list?t=1562718490062&page=1&pageSize=10 HTTP/1.1" 200 441 "http://localhost:8080/console/vehicle" "Mozilla/5.0 (Macintosh; Intel Mac OS X 10_14_5) AppleWebKit/537.36 (KHTML, like Gecko) Chrome/75.0.3770.100 Safari/537.36"
::1 - - [10/Jul/2019:00:28:12 +0000] "GET /api/vehicle/list?t=1562718492323&page=1&pageSize=10 HTTP/1.1" 200 441 "http://localhost:8080/console/vehicle" "Mozilla/5.0 (Macintosh; Intel Mac OS X 10_14_5) AppleWebKit/537.36 (KHTML, like Gecko) Chrome/75.0.3770.100 Safari/537.36"
::1 - - [10/Jul/2019:00:28:14 +0000] "GET /api/vehicle/list?t=1562718494310&page=1&pageSize=10 HTTP/1.1" 200 441 "http://localhost:8080/console/vehicle" "Mozilla/5.0 (Macintosh; Intel Mac OS X 10_14_5) AppleWebKit/537.36 (KHTML, like Gecko) Chrome/75.0.3770.100 Safari/537.36"
::1 - - [10/Jul/2019:00:28:28 +0000] "GET /api/vehicle/list?t=1562718508277&page=1&pageSize=10 HTTP/1.1" 200 441 "http://localhost:8080/console/vehicle" "Mozilla/5.0 (Macintosh; Intel Mac OS X 10_14_5) AppleWebKit/537.36 (KHTML, like Gecko) Chrome/75.0.3770.100 Safari/537.36"
::1 - - [10/Jul/2019:00:28:33 +0000] "GET /api/vehicle/list?t=1562718513611&page=1&pageSize=10 HTTP/1.1" 200 441 "http://localhost:8080/console/vehicle" "Mozilla/5.0 (Macintosh; Intel Mac OS X 10_14_5) AppleWebKit/537.36 (KHTML, like Gecko) Chrome/75.0.3770.100 Safari/537.36"
::1 - - [10/Jul/2019:00:28:57 +0000] "GET /api/vehicle/list?t=1562718537659&page=1&pageSize=10 HTTP/1.1" 200 441 "http://localhost:8080/console/vehicle" "Mozilla/5.0 (Macintosh; Intel Mac OS X 10_14_5) AppleWebKit/537.36 (KHTML, like Gecko) Chrome/75.0.3770.100 Safari/537.36"
::1 - - [10/Jul/2019:00:29:00 +0000] "GET /api/vehicle/list?t=1562718540968&page=1&pageSize=10 HTTP/1.1" 200 441 "http://localhost:8080/console/vehicle" "Mozilla/5.0 (Macintosh; Intel Mac OS X 10_14_5) AppleWebKit/537.36 (KHTML, like Gecko) Chrome/75.0.3770.100 Safari/537.36"
::1 - - [10/Jul/2019:00:29:12 +0000] "GET /api/vehicle/list?t=1562718552138&page=1&pageSize=10 HTTP/1.1" 200 441 "http://localhost:8080/console/vehicle" "Mozilla/5.0 (Macintosh; Intel Mac OS X 10_14_5) AppleWebKit/537.36 (KHTML, like Gecko) Chrome/75.0.3770.100 Safari/537.36"
::1 - - [10/Jul/2019:00:29:30 +0000] "GET /api/vehicle/list?t=1562718570499&page=1&pageSize=10 HTTP/1.1" 200 441 "http://localhost:8080/console/vehicle" "Mozilla/5.0 (Macintosh; Intel Mac OS X 10_14_5) AppleWebKit/537.36 (KHTML, like Gecko) Chrome/75.0.3770.100 Safari/537.36"
::1 - - [10/Jul/2019:00:29:50 +0000] "GET /api/vehicle/list?t=1562718590202&page=1&pageSize=10 HTTP/1.1" 200 441 "http://localhost:8080/console/vehicle" "Mozilla/5.0 (Macintosh; Intel Mac OS X 10_14_5) AppleWebKit/537.36 (KHTML, like Gecko) Chrome/75.0.3770.100 Safari/537.36"
::1 - - [10/Jul/2019:00:29:51 +0000] "GET /api/vehicle/list?t=1562718591507&page=1&pageSize=10 HTTP/1.1" 200 441 "http://localhost:8080/console/vehicle" "Mozilla/5.0 (Macintosh; Intel Mac OS X 10_14_5) AppleWebKit/537.36 (KHTML, like Gecko) Chrome/75.0.3770.100 Safari/537.36"
::1 - - [10/Jul/2019:00:29:55 +0000] "GET /api/vehicle/list?t=1562718595264&page=1&pageSize=10 HTTP/1.1" 200 441 "http://localhost:8080/console/vehicle" "Mozilla/5.0 (Macintosh; Intel Mac OS X 10_14_5) AppleWebKit/537.36 (KHTML, like Gecko) Chrome/75.0.3770.100 Safari/537.36"
::1 - - [10/Jul/2019:00:30:01 +0000] "GET /api/vehicle/list?t=1562718601171&page=1&pageSize=10 HTTP/1.1" 200 441 "http://localhost:8080/console/vehicle" "Mozilla/5.0 (Macintosh; Intel Mac OS X 10_14_5) AppleWebKit/537.36 (KHTML, like Gecko) Chrome/75.0.3770.100 Safari/537.36"
::1 - - [10/Jul/2019:00:30:03 +0000] "GET /api/info/delete/4?t=1562718603687 HTTP/1.1" 404 156 "http://localhost:8080/console/vehicle" "Mozilla/5.0 (Macintosh; Intel Mac OS X 10_14_5) AppleWebKit/537.36 (KHTML, like Gecko) Chrome/75.0.3770.100 Safari/537.36"
::1 - - [10/Jul/2019:00:30:41 +0000] "GET /api/vehicle/list?t=1562718641611&page=1&pageSize=10 HTTP/1.1" 200 441 "http://localhost:8080/console/vehicle" "Mozilla/5.0 (Macintosh; Intel Mac OS X 10_14_5) AppleWebKit/537.36 (KHTML, like Gecko) Chrome/75.0.3770.100 Safari/537.36"
::1 - - [10/Jul/2019:00:30:44 +0000] "GET /api/vehicle/list?t=1562718644760&page=1&pageSize=10 HTTP/1.1" 200 441 "http://localhost:8080/console/vehicle" "Mozilla/5.0 (Macintosh; Intel Mac OS X 10_14_5) AppleWebKit/537.36 (KHTML, like Gecko) Chrome/75.0.3770.100 Safari/537.36"
::1 - - [10/Jul/2019:00:31:05 +0000] "GET /api/vehicle/delete/4?t=1562718665118 HTTP/1.1" 200 43 "http://localhost:8080/console/vehicle" "Mozilla/5.0 (Macintosh; Intel Mac OS X 10_14_5) AppleWebKit/537.36 (KHTML, like Gecko) Chrome/75.0.3770.100 Safari/537.36"
::1 - - [10/Jul/2019:00:31:05 +0000] "GET /api/vehicle/list?t=1562718665146&page=1&pageSize=10 HTTP/1.1" 200 315 "http://localhost:8080/console/vehicle" "Mozilla/5.0 (Macintosh; Intel Mac OS X 10_14_5) AppleWebKit/537.36 (KHTML, like Gecko) Chrome/75.0.3770.100 Safari/537.36"
::1 - - [10/Jul/2019:00:31:40 +0000] "GET /api/vehicle/list?t=1562718700923&page=1&pageSize=10 HTTP/1.1" 200 564 "http://localhost:8080/console/vehicle" "Mozilla/5.0 (Macintosh; Intel Mac OS X 10_14_5) AppleWebKit/537.36 (KHTML, like Gecko) Chrome/75.0.3770.100 Safari/537.36"
::1 - - [10/Jul/2019:00:32:27 +0000] "GET /api/vehicle/list?t=1562718747283&page=1&pageSize=10 HTTP/1.1" 200 564 "http://localhost:8080/console/vehicle" "Mozilla/5.0 (Macintosh; Intel Mac OS X 10_14_5) AppleWebKit/537.36 (KHTML, like Gecko) Chrome/75.0.3770.100 Safari/537.36"
::1 - - [10/Jul/2019:00:32:29 +0000] "GET /api/vehicle/list?t=1562718749395&page=1&pageSize=10 HTTP/1.1" 200 564 "http://localhost:8080/console/vehicle" "Mozilla/5.0 (Macintosh; Intel Mac OS X 10_14_5) AppleWebKit/537.36 (KHTML, like Gecko) Chrome/75.0.3770.100 Safari/537.36"
::1 - - [10/Jul/2019:00:32:37 +0000] "GET /api/vehicle/list?t=1562718757073&page=1&pageSize=10 HTTP/1.1" 200 564 "http://localhost:8080/console/vehicle" "Mozilla/5.0 (Macintosh; Intel Mac OS X 10_14_5) AppleWebKit/537.36 (KHTML, like Gecko) Chrome/75.0.3770.100 Safari/537.36"
::1 - - [10/Jul/2019:00:32:38 +0000] "GET /api/vehicle/list?t=1562718758657&page=1&pageSize=10 HTTP/1.1" 200 564 "http://localhost:8080/console/vehicle" "Mozilla/5.0 (Macintosh; Intel Mac OS X 10_14_5) AppleWebKit/537.36 (KHTML, like Gecko) Chrome/75.0.3770.100 Safari/537.36"
::1 - - [10/Jul/2019:00:32:41 +0000] "GET /api/vehicle/list?t=1562718761972&page=1&pageSize=10 HTTP/1.1" 200 564 "http://localhost:8080/console/vehicle" "Mozilla/5.0 (Macintosh; Intel Mac OS X 10_14_5) AppleWebKit/537.36 (KHTML, like Gecko) Chrome/75.0.3770.100 Safari/537.36"
::1 - - [10/Jul/2019:00:32:56 +0000] "GET /api/vehicle/list?t=1562718776707&page=1&pageSize=10 HTTP/1.1" 200 564 "http://localhost:8080/console/vehicle" "Mozilla/5.0 (Macintosh; Intel Mac OS X 10_14_5) AppleWebKit/537.36 (KHTML, like Gecko) Chrome/75.0.3770.100 Safari/537.36"
::1 - - [10/Jul/2019:00:33:02 +0000] "GET /api/vehicle/list?t=1562718782096&page=1&pageSize=10 HTTP/1.1" 200 564 "http://localhost:8080/console/vehicle" "Mozilla/5.0 (Macintosh; Intel Mac OS X 10_14_5) AppleWebKit/537.36 (KHTML, like Gecko) Chrome/75.0.3770.100 Safari/537.36"
::1 - - [10/Jul/2019:00:33:11 +0000] "GET /api/vehicle/list?t=1562718791638&page=1&pageSize=10 HTTP/1.1" 200 564 "http://localhost:8080/console/vehicle" "Mozilla/5.0 (Macintosh; Intel Mac OS X 10_14_5) AppleWebKit/537.36 (KHTML, like Gecko) Chrome/75.0.3770.100 Safari/537.36"
::1 - - [10/Jul/2019:00:33:17 +0000] "GET /api/vehicle/list?t=1562718797703&page=1&pageSize=10 HTTP/1.1" 200 564 "http://localhost:8080/console/vehicle" "Mozilla/5.0 (Macintosh; Intel Mac OS X 10_14_5) AppleWebKit/537.36 (KHTML, like Gecko) Chrome/75.0.3770.100 Safari/537.36"
::1 - - [10/Jul/2019:00:33:24 +0000] "GET /api/vehicle/list?t=1562718804337&page=1&pageSize=10 HTTP/1.1" 200 564 "http://localhost:8080/console/vehicle" "Mozilla/5.0 (Macintosh; Intel Mac OS X 10_14_5) AppleWebKit/537.36 (KHTML, like Gecko) Chrome/75.0.3770.100 Safari/537.36"
::1 - - [10/Jul/2019:00:33:28 +0000] "GET /api/vehicle/list?t=1562718808717&page=1&pageSize=10 HTTP/1.1" 200 564 "http://localhost:8080/console/vehicle" "Mozilla/5.0 (Macintosh; Intel Mac OS X 10_14_5) AppleWebKit/537.36 (KHTML, like Gecko) Chrome/75.0.3770.100 Safari/537.36"
::1 - - [10/Jul/2019:00:33:32 +0000] "GET /api/vehicle/list?t=1562718812302&page=1&pageSize=10 HTTP/1.1" 200 564 "http://localhost:8080/console/vehicle" "Mozilla/5.0 (Macintosh; Intel Mac OS X 10_14_5) AppleWebKit/537.36 (KHTML, like Gecko) Chrome/75.0.3770.100 Safari/537.36"
::1 - - [10/Jul/2019:00:33:40 +0000] "GET /api/vehicle/list?t=1562718820621&page=1&pageSize=10 HTTP/1.1" 200 564 "http://localhost:8080/console/vehicle" "Mozilla/5.0 (Macintosh; Intel Mac OS X 10_14_5) AppleWebKit/537.36 (KHTML, like Gecko) Chrome/75.0.3770.100 Safari/537.36"
::1 - - [10/Jul/2019:00:33:43 +0000] "GET /api/vehicle/list?t=1562718823434&page=1&pageSize=10 HTTP/1.1" 200 564 "http://localhost:8080/console/vehicle" "Mozilla/5.0 (Macintosh; Intel Mac OS X 10_14_5) AppleWebKit/537.36 (KHTML, like Gecko) Chrome/75.0.3770.100 Safari/537.36"
::1 - - [10/Jul/2019:00:36:13 +0000] "GET /api/vehicle/list?t=1562718973927&page=1&pageSize=10 HTTP/1.1" 200 564 "http://localhost:8080/console/vehicle" "Mozilla/5.0 (Macintosh; Intel Mac OS X 10_14_5) AppleWebKit/537.36 (KHTML, like Gecko) Chrome/75.0.3770.100 Safari/537.36"
::1 - - [10/Jul/2019:00:36:22 +0000] "GET /api/vehicle/list?t=1562718982138&page=1&pageSize=10 HTTP/1.1" 200 564 "http://localhost:8080/console/vehicle" "Mozilla/5.0 (Macintosh; Intel Mac OS X 10_14_5) AppleWebKit/537.36 (KHTML, like Gecko) Chrome/75.0.3770.100 Safari/537.36"
::1 - - [10/Jul/2019:00:38:02 +0000] "GET /api/vehicle/list?t=1562719082175&page=1&pageSize=10 HTTP/1.1" 200 564 "http://localhost:8080/console/vehicle" "Mozilla/5.0 (Macintosh; Intel Mac OS X 10_14_5) AppleWebKit/537.36 (KHTML, like Gecko) Chrome/75.0.3770.100 Safari/537.36"
::1 - - [10/Jul/2019:00:38:07 +0000] "GET /api/vehicle/list?t=1562719087411&page=1&pageSize=10 HTTP/1.1" 200 564 "http://localhost:8080/console/vehicle" "Mozilla/5.0 (Macintosh; Intel Mac OS X 10_14_5) AppleWebKit/537.36 (KHTML, like Gecko) Chrome/75.0.3770.100 Safari/537.36"
::1 - - [10/Jul/2019:00:38:09 +0000] "GET /api/vehicle/list?t=1562719089785&page=1&pageSize=10 HTTP/1.1" 200 564 "http://localhost:8080/console/vehicle" "Mozilla/5.0 (Macintosh; Intel Mac OS X 10_14_5) AppleWebKit/537.36 (KHTML, like Gecko) Chrome/75.0.3770.100 Safari/537.36"
::1 - - [10/Jul/2019:00:38:25 +0000] "GET /api/vehicle/list?t=1562719105751&page=1&pageSize=10 HTTP/1.1" 200 564 "http://localhost:8080/console/vehicle" "Mozilla/5.0 (Macintosh; Intel Mac OS X 10_14_5) AppleWebKit/537.36 (KHTML, like Gecko) Chrome/75.0.3770.100 Safari/537.36"
::1 - - [10/Jul/2019:00:38:29 +0000] "GET /api/vehicle/list?t=1562719109834&page=1&pageSize=10 HTTP/1.1" 200 564 "http://localhost:8080/console/vehicle" "Mozilla/5.0 (Macintosh; Intel Mac OS X 10_14_5) AppleWebKit/537.36 (KHTML, like Gecko) Chrome/75.0.3770.100 Safari/537.36"
::1 - - [10/Jul/2019:00:40:15 +0000] "GET /api/vehicle/list?t=1562719215730&page=1&pageSize=10 HTTP/1.1" 200 564 "http://localhost:8080/console/vehicle" "Mozilla/5.0 (Macintosh; Intel Mac OS X 10_14_5) AppleWebKit/537.36 (KHTML, like Gecko) Chrome/75.0.3770.100 Safari/537.36"
::1 - - [10/Jul/2019:00:40:22 +0000] "GET /api/vehicle/list?t=1562719222828&page=1&pageSize=10 HTTP/1.1" 200 564 "http://localhost:8080/console/vehicle" "Mozilla/5.0 (Macintosh; Intel Mac OS X 10_14_5) AppleWebKit/537.36 (KHTML, like Gecko) Chrome/75.0.3770.100 Safari/537.36"
::1 - - [10/Jul/2019:00:43:03 +0000] "GET /api/vehicle/list?t=1562719383077&page=1&pageSize=10 HTTP/1.1" 200 564 "http://localhost:8080/console/vehicle" "Mozilla/5.0 (Macintosh; Intel Mac OS X 10_14_5) AppleWebKit/537.36 (KHTML, like Gecko) Chrome/75.0.3770.100 Safari/537.36"
::1 - - [10/Jul/2019:00:43:07 +0000] "GET /api/vehicle/list?t=1562719387087&page=1&pageSize=10 HTTP/1.1" 200 564 "http://localhost:8080/console/vehicle" "Mozilla/5.0 (Macintosh; Intel Mac OS X 10_14_5) AppleWebKit/537.36 (KHTML, like Gecko) Chrome/75.0.3770.100 Safari/537.36"
