::1 - - [17/Aug/2019:01:58:36 +0000] "POST /api/login/login HTTP/1.1" 200 222 "-" "PostmanRuntime/7.15.2"
::1 - - [17/Aug/2019:02:00:22 +0000] "POST /api/login/login HTTP/1.1" 200 222 "-" "PostmanRuntime/7.15.2"
::1 - - [17/Aug/2019:02:02:17 +0000] "GET /api/login/test HTTP/1.1" 200 38 "-" "PostmanRuntime/7.15.2"
::1 - - [17/Aug/2019:02:02:27 +0000] "POST /api/login/login HTTP/1.1" 200 222 "-" "PostmanRuntime/7.15.2"
::1 - - [17/Aug/2019:02:03:05 +0000] "GET /api/login/test HTTP/1.1" 200 38 "-" "PostmanRuntime/7.15.2"
::1 - - [17/Aug/2019:02:03:15 +0000] "GET /api/login/test HTTP/1.1" 200 38 "-" "PostmanRuntime/7.15.2"
::1 - - [17/Aug/2019:02:03:42 +0000] "POST /api/login/login HTTP/1.1" 200 222 "-" "PostmanRuntime/7.15.2"
::1 - - [17/Aug/2019:02:21:14 +0000] "GET /api/login/test HTTP/1.1" 200 38 "-" "PostmanRuntime/7.15.2"
::1 - - [17/Aug/2019:02:21:23 +0000] "POST /api/login/login HTTP/1.1" 200 222 "-" "PostmanRuntime/7.15.2"
::1 - - [17/Aug/2019:02:23:08 +0000] "GET /api/login/test HTTP/1.1" 200 38 "-" "PostmanRuntime/7.15.2"
::1 - - [17/Aug/2019:02:24:01 +0000] "GET /api/login/test HTTP/1.1" 200 38 "-" "PostmanRuntime/7.15.2"
::1 - - [17/Aug/2019:02:24:33 +0000] "GET /api/login/test HTTP/1.1" 200 38 "-" "PostmanRuntime/7.15.2"
::1 - - [17/Aug/2019:02:24:34 +0000] "GET /api/login/test HTTP/1.1" 200 38 "-" "PostmanRuntime/7.15.2"
::1 - - [17/Aug/2019:02:24:58 +0000] "GET /api/login/test HTTP/1.1" 200 38 "-" "PostmanRuntime/7.15.2"
::1 - - [17/Aug/2019:02:24:59 +0000] "GET /api/login/test HTTP/1.1" 200 38 "-" "PostmanRuntime/7.15.2"
::1 - - [17/Aug/2019:02:25:09 +0000] "POST /api/login/login HTTP/1.1" 200 222 "-" "PostmanRuntime/7.15.2"
::1 - - [17/Aug/2019:02:25:14 +0000] "GET /api/login/test HTTP/1.1" 200 38 "-" "PostmanRuntime/7.15.2"
::1 - - [17/Aug/2019:02:25:16 +0000] "POST /api/login/login HTTP/1.1" 200 222 "-" "PostmanRuntime/7.15.2"
::1 - - [17/Aug/2019:02:32:52 +0000] "POST /api/login/login HTTP/1.1" 200 222 "-" "PostmanRuntime/7.15.2"
::1 - - [17/Aug/2019:02:33:01 +0000] "GET /api/schedule/test HTTP/1.1" 200 856 "-" "PostmanRuntime/7.15.2"
::1 - - [17/Aug/2019:02:46:09 +0000] "POST /api/login/login?t=1566009969323 HTTP/1.1" 200 222 "http://localhost:8080/login?from=/console/vehicle" "Mozilla/5.0 (Macintosh; Intel Mac OS X 10_14_6) AppleWebKit/537.36 (KHTML, like Gecko) Chrome/76.0.3809.100 Safari/537.36"
::1 - - [17/Aug/2019:02:47:45 +0000] "POST /api/login/login?t=1566010065854 HTTP/1.1" 200 222 "http://localhost:8080/login?from=/console/vehicle" "Mozilla/5.0 (Macintosh; Intel Mac OS X 10_14_6) AppleWebKit/537.36 (KHTML, like Gecko) Chrome/76.0.3809.100 Safari/537.36"
::1 - - [17/Aug/2019:02:48:19 +0000] "POST /api/login/login HTTP/1.1" 200 222 "-" "PostmanRuntime/7.15.2"
::1 - - [17/Aug/2019:02:48:22 +0000] "POST /api/login/login HTTP/1.1" 200 222 "-" "PostmanRuntime/7.15.2"
::1 - - [17/Aug/2019:02:48:32 +0000] "POST /api/login/login HTTP/1.1" 200 222 "-" "PostmanRuntime/7.15.2"
::1 - - [17/Aug/2019:02:49:19 +0000] "POST /api/login/login?t=1566010159576 HTTP/1.1" 200 222 "http://localhost:8080/login?from=/console/vehicle" "Mozilla/5.0 (Macintosh; Intel Mac OS X 10_14_6) AppleWebKit/537.36 (KHTML, like Gecko) Chrome/76.0.3809.100 Safari/537.36"
::1 - - [17/Aug/2019:02:49:51 +0000] "POST /api/login/login?t=1566010191389 HTTP/1.1" 200 222 "http://localhost:8080/login?from=/console/vehicle" "Mozilla/5.0 (Macintosh; Intel Mac OS X 10_14_6) AppleWebKit/537.36 (KHTML, like Gecko) Chrome/76.0.3809.100 Safari/537.36"
::1 - - [17/Aug/2019:02:50:06 +0000] "POST /api/login/login?t=1566010206244 HTTP/1.1" 200 222 "http://localhost:8080/login?from=/console/vehicle" "Mozilla/5.0 (Macintosh; Intel Mac OS X 10_14_6) AppleWebKit/537.36 (KHTML, like Gecko) Chrome/76.0.3809.100 Safari/537.36"
::1 - - [17/Aug/2019:02:50:49 +0000] "POST /api/login/login HTTP/1.1" 200 222 "-" "PostmanRuntime/7.15.2"
::1 - - [17/Aug/2019:02:51:07 +0000] "POST /api/login/login?t=1566010267485 HTTP/1.1" 200 222 "http://localhost:8080/login?from=/console/vehicle" "Mozilla/5.0 (Macintosh; Intel Mac OS X 10_14_6) AppleWebKit/537.36 (KHTML, like Gecko) Chrome/76.0.3809.100 Safari/537.36"
::1 - - [17/Aug/2019:02:53:58 +0000] "POST /api/login/login HTTP/1.1" 200 222 "-" "PostmanRuntime/7.15.2"
::1 - - [17/Aug/2019:02:54:01 +0000] "POST /api/login/login HTTP/1.1" 200 222 "-" "PostmanRuntime/7.15.2"
::1 - - [17/Aug/2019:02:54:05 +0000] "POST /api/login/login?t=1566010445919 HTTP/1.1" 200 222 "http://localhost:8080/login?from=/console/vehicle" "Mozilla/5.0 (Macintosh; Intel Mac OS X 10_14_6) AppleWebKit/537.36 (KHTML, like Gecko) Chrome/76.0.3809.100 Safari/537.36"
::1 - - [17/Aug/2019:02:55:50 +0000] "POST /api/login/login HTTP/1.1" 200 222 "-" "PostmanRuntime/7.15.2"
::1 - - [17/Aug/2019:02:56:04 +0000] "POST /api/login/login?t=1566010564439 HTTP/1.1" 200 222 "http://localhost:8080/login?from=/console/vehicle" "Mozilla/5.0 (Macintosh; Intel Mac OS X 10_14_6) AppleWebKit/537.36 (KHTML, like Gecko) Chrome/76.0.3809.100 Safari/537.36"
::1 - - [17/Aug/2019:03:04:27 +0000] "POST /api/login/login HTTP/1.1" 200 222 "-" "PostmanRuntime/7.15.2"
::1 - - [17/Aug/2019:03:04:33 +0000] "POST /api/login/login HTTP/1.1" 200 222 "-" "PostmanRuntime/7.15.2"
::1 - - [17/Aug/2019:03:05:00 +0000] "POST /api/login/login?t=1566011100567 HTTP/1.1" 200 222 "http://localhost:8080/login?from=/console/vehicle" "Mozilla/5.0 (Macintosh; Intel Mac OS X 10_14_6) AppleWebKit/537.36 (KHTML, like Gecko) Chrome/76.0.3809.100 Safari/537.36"
::1 - - [17/Aug/2019:03:05:09 +0000] "POST /api/login/login HTTP/1.1" 200 222 "-" "PostmanRuntime/7.15.2"
::1 - - [17/Aug/2019:03:07:09 +0000] "POST /api/login/login?t=1566011229416 HTTP/1.1" 200 222 "http://localhost:8080/login?from=/console/vehicle" "Mozilla/5.0 (Macintosh; Intel Mac OS X 10_14_6) AppleWebKit/537.36 (KHTML, like Gecko) Chrome/76.0.3809.100 Safari/537.36"
::1 - - [17/Aug/2019:03:07:14 +0000] "POST /api/login/login HTTP/1.1" 200 222 "-" "PostmanRuntime/7.15.2"
::1 - - [17/Aug/2019:03:07:50 +0000] "POST /api/login/login?t=1566011270501 HTTP/1.1" 200 222 "http://localhost:8080/login?from=/console/vehicle" "Mozilla/5.0 (Macintosh; Intel Mac OS X 10_14_6) AppleWebKit/537.36 (KHTML, like Gecko) Chrome/76.0.3809.100 Safari/537.36"
::1 - - [17/Aug/2019:03:08:22 +0000] "POST /api/login/login?t=1566011302020 HTTP/1.1" 200 222 "http://localhost:8080/login?from=/console/vehicle" "Mozilla/5.0 (Macintosh; Intel Mac OS X 10_14_6) AppleWebKit/537.36 (KHTML, like Gecko) Chrome/76.0.3809.100 Safari/537.36"
::1 - - [17/Aug/2019:03:08:35 +0000] "POST /api/login/login HTTP/1.1" 200 222 "-" "PostmanRuntime/7.15.2"
::1 - - [17/Aug/2019:03:08:39 +0000] "POST /api/login/login HTTP/1.1" 200 222 "-" "PostmanRuntime/7.15.2"
::1 - - [17/Aug/2019:03:12:34 +0000] "POST /api/login/login HTTP/1.1" 200 222 "-" "PostmanRuntime/7.15.2"
::1 - - [17/Aug/2019:03:12:38 +0000] "POST /api/login/login HTTP/1.1" 200 222 "-" "PostmanRuntime/7.15.2"
::1 - - [17/Aug/2019:03:12:58 +0000] "POST /api/login/login?t=1566011578544 HTTP/1.1" 200 222 "http://localhost:8080/login?from=/console/vehicle" "Mozilla/5.0 (Macintosh; Intel Mac OS X 10_14_6) AppleWebKit/537.36 (KHTML, like Gecko) Chrome/76.0.3809.100 Safari/537.36"
::1 - - [17/Aug/2019:03:17:11 +0000] "POST /api/login/login HTTP/1.1" 200 222 "-" "PostmanRuntime/7.15.2"
::1 - - [17/Aug/2019:03:17:18 +0000] "POST /api/login/login HTTP/1.1" 200 222 "-" "PostmanRuntime/7.15.2"
::1 - - [17/Aug/2019:03:17:49 +0000] "POST /api/login/login HTTP/1.1" 200 222 "-" "PostmanRuntime/7.15.2"
::1 - - [17/Aug/2019:03:24:25 +0000] "POST /api/login/login HTTP/1.1" 200 222 "-" "PostmanRuntime/7.15.2"
::1 - - [17/Aug/2019:03:34:08 +0000] "POST /api/login/login?t=1566012848248 HTTP/1.1" 200 222 "http://localhost:8080/login?from=/console/vehicle" "Mozilla/5.0 (Macintosh; Intel Mac OS X 10_14_6) AppleWebKit/537.36 (KHTML, like Gecko) Chrome/76.0.3809.100 Safari/537.36"
::1 - - [17/Aug/2019:03:37:50 +0000] "POST /api/login/login?t=1566013070569 HTTP/1.1" 200 222 "http://localhost:8080/login?from=/console/vehicle" "Mozilla/5.0 (Macintosh; Intel Mac OS X 10_14_6) AppleWebKit/537.36 (KHTML, like Gecko) Chrome/76.0.3809.100 Safari/537.36"
::1 - - [17/Aug/2019:03:41:51 +0000] "POST /api/login/login?t=1566013311651 HTTP/1.1" 200 222 "http://localhost:8080/login?from=/console/vehicle" "Mozilla/5.0 (Macintosh; Intel Mac OS X 10_14_6) AppleWebKit/537.36 (KHTML, like Gecko) Chrome/76.0.3809.100 Safari/537.36"
::1 - - [17/Aug/2019:03:41:59 +0000] "POST /api/login/login?t=1566013319012 HTTP/1.1" 200 222 "http://localhost:8080/login?from=/console/vehicle" "Mozilla/5.0 (Macintosh; Intel Mac OS X 10_14_6) AppleWebKit/537.36 (KHTML, like Gecko) Chrome/76.0.3809.100 Safari/537.36"
::1 - - [17/Aug/2019:03:42:50 +0000] "POST /api/login/login?t=1566013370272 HTTP/1.1" 200 222 "http://127.0.0.1:8080/login?from=/console/vehicle" "Mozilla/5.0 (Macintosh; Intel Mac OS X 10_14_6) AppleWebKit/537.36 (KHTML, like Gecko) Chrome/76.0.3809.100 Safari/537.36"
::1 - - [17/Aug/2019:03:43:25 +0000] "POST /api/login/login?t=1566013405854 HTTP/1.1" 200 222 "http://127.0.0.1:8080/login?from=/console/vehicle" "Mozilla/5.0 (Macintosh; Intel Mac OS X 10_14_6) AppleWebKit/537.36 (KHTML, like Gecko) Chrome/76.0.3809.100 Safari/537.36"
::1 - - [17/Aug/2019:05:23:24 +0000] "POST /api/login/login?t=1566019404251 HTTP/1.1" 200 222 "http://127.0.0.1:8080/login?from=/console/vehicle" "Mozilla/5.0 (Macintosh; Intel Mac OS X 10_14_6) AppleWebKit/537.36 (KHTML, like Gecko) Chrome/76.0.3809.100 Safari/537.36"
::1 - - [17/Aug/2019:05:30:03 +0000] "POST /api/login/login?t=1566019803235 HTTP/1.1" 200 222 "http://127.0.0.1:8080/login?from=/console/vehicle" "Mozilla/5.0 (Macintosh; Intel Mac OS X 10_14_6) AppleWebKit/537.36 (KHTML, like Gecko) Chrome/76.0.3809.100 Safari/537.36"
::1 - - [17/Aug/2019:05:36:27 +0000] "POST /api/login/login?t=1566020187391 HTTP/1.1" 200 222 "http://127.0.0.1:8080/login?from=/console/vehicle" "Mozilla/5.0 (Macintosh; Intel Mac OS X 10_14_6) AppleWebKit/537.36 (KHTML, like Gecko) Chrome/76.0.3809.100 Safari/537.36"
::1 - - [17/Aug/2019:05:39:52 +0000] "POST /api/login/login?t=1566020392400 HTTP/1.1" 200 222 "http://127.0.0.1:8080/login?from=/console/vehicle" "Mozilla/5.0 (Macintosh; Intel Mac OS X 10_14_6) AppleWebKit/537.36 (KHTML, like Gecko) Chrome/76.0.3809.100 Safari/537.36"
::1 - - [17/Aug/2019:05:47:27 +0000] "POST /api/login/login?t=1566020846978 HTTP/1.1" 200 222 "http://127.0.0.1:8080/login?from=/console/vehicle" "Mozilla/5.0 (Macintosh; Intel Mac OS X 10_14_6) AppleWebKit/537.36 (KHTML, like Gecko) Chrome/76.0.3809.100 Safari/537.36"
::1 - - [17/Aug/2019:05:49:31 +0000] "POST /api/login/login?t=1566020971822 HTTP/1.1" 200 222 "http://127.0.0.1:8080/login?from=/console/vehicle" "Mozilla/5.0 (Macintosh; Intel Mac OS X 10_14_6) AppleWebKit/537.36 (KHTML, like Gecko) Chrome/76.0.3809.100 Safari/537.36"
::1 - - [17/Aug/2019:05:50:20 +0000] "POST /api/login/login?t=1566021020231 HTTP/1.1" 200 222 "http://127.0.0.1:8080/login?from=/console/vehicle" "Mozilla/5.0 (Macintosh; Intel Mac OS X 10_14_6) AppleWebKit/537.36 (KHTML, like Gecko) Chrome/76.0.3809.100 Safari/537.36"
::1 - - [17/Aug/2019:05:52:55 +0000] "POST /api/login/login?t=1566021175919 HTTP/1.1" 200 222 "http://127.0.0.1:8080/login?from=/console/vehicle" "Mozilla/5.0 (Macintosh; Intel Mac OS X 10_14_6) AppleWebKit/537.36 (KHTML, like Gecko) Chrome/76.0.3809.100 Safari/537.36"
::1 - - [17/Aug/2019:05:58:35 +0000] "POST /api/login/login?t=1566021515374 HTTP/1.1" 200 222 "http://127.0.0.1:8080/login?from=/console/vehicle" "Mozilla/5.0 (Macintosh; Intel Mac OS X 10_14_6) AppleWebKit/537.36 (KHTML, like Gecko) Chrome/76.0.3809.100 Safari/537.36"
::1 - - [17/Aug/2019:05:59:02 +0000] "POST /api/login/login?t=1566021542520 HTTP/1.1" 200 222 "http://localhost:8080/login?from=/console/vehicle" "Mozilla/5.0 (Macintosh; Intel Mac OS X 10_14_6) AppleWebKit/537.36 (KHTML, like Gecko) Chrome/76.0.3809.100 Safari/537.36"
::1 - - [17/Aug/2019:05:59:03 +0000] "GET /api/vehicle/list?t=1566021543102&page=1&pageSize=10 HTTP/1.1" 200 1779 "http://localhost:8080/console/vehicle" "Mozilla/5.0 (Macintosh; Intel Mac OS X 10_14_6) AppleWebKit/537.36 (KHTML, like Gecko) Chrome/76.0.3809.100 Safari/537.36"
::1 - - [17/Aug/2019:06:00:02 +0000] "GET /api/vehicle/list?t=1566021602336&page=1&pageSize=10 HTTP/1.1" 200 1779 "http://localhost:8080/console/vehicle" "Mozilla/5.0 (Macintosh; Intel Mac OS X 10_14_6) AppleWebKit/537.36 (KHTML, like Gecko) Chrome/76.0.3809.100 Safari/537.36"
::1 - - [17/Aug/2019:06:01:25 +0000] "POST /api/login/login?t=1566021685435 HTTP/1.1" 200 222 "http://localhost:8080/login?from=/console/vehicle" "Mozilla/5.0 (Macintosh; Intel Mac OS X 10_14_6) AppleWebKit/537.36 (KHTML, like Gecko) Chrome/76.0.3809.100 Safari/537.36"
::1 - - [17/Aug/2019:06:01:26 +0000] "GET /api/vehicle/list?t=1566021686024&page=1&pageSize=10 HTTP/1.1" 200 1779 "http://localhost:8080/console/vehicle" "Mozilla/5.0 (Macintosh; Intel Mac OS X 10_14_6) AppleWebKit/537.36 (KHTML, like Gecko) Chrome/76.0.3809.100 Safari/537.36"
::1 - - [17/Aug/2019:06:08:10 +0000] "POST /api/login/login?t=1566022090444 HTTP/1.1" 200 222 "http://localhost:8080/login?from=/console/schedule/manual" "Mozilla/5.0 (Macintosh; Intel Mac OS X 10_14_6) AppleWebKit/537.36 (KHTML, like Gecko) Chrome/76.0.3809.100 Safari/537.36"
::ffff:127.0.0.1 - - [17/Aug/2019:06:12:01 +0000] "POST /api/login/login?t=1566022321406 HTTP/1.1" 200 222 "http://127.0.0.1:8080/login?from=/console/vehicle" "Mozilla/5.0 (Macintosh; Intel Mac OS X 10_14_6) AppleWebKit/537.36 (KHTML, like Gecko) Chrome/76.0.3809.100 Safari/537.36"
::ffff:127.0.0.1 - - [17/Aug/2019:06:12:02 +0000] "GET /api/vehicle/list?t=1566022322023&page=1&pageSize=10 HTTP/1.1" 200 1779 "http://127.0.0.1:8080/console/vehicle" "Mozilla/5.0 (Macintosh; Intel Mac OS X 10_14_6) AppleWebKit/537.36 (KHTML, like Gecko) Chrome/76.0.3809.100 Safari/537.36"
::1 - - [17/Aug/2019:06:13:50 +0000] "POST /api/login/login?t=1566022430548 HTTP/1.1" 200 222 "http://localhost:8080/login?from=/console/schedule/manual" "Mozilla/5.0 (Macintosh; Intel Mac OS X 10_14_6) AppleWebKit/537.36 (KHTML, like Gecko) Chrome/76.0.3809.100 Safari/537.36"
::1 - - [17/Aug/2019:06:13:51 +0000] "GET /api/vehicle/list?t=1566022431084&page=1&pageSize=10 HTTP/1.1" 200 1779 "http://localhost:8080/console/schedule/manual" "Mozilla/5.0 (Macintosh; Intel Mac OS X 10_14_6) AppleWebKit/537.36 (KHTML, like Gecko) Chrome/76.0.3809.100 Safari/537.36"
::1 - - [17/Aug/2019:06:13:53 +0000] "GET /api/order/list?t=1566022433466&page=1&pageSize=10 HTTP/1.1" 200 2266 "http://localhost:8080/console/order" "Mozilla/5.0 (Macintosh; Intel Mac OS X 10_14_6) AppleWebKit/537.36 (KHTML, like Gecko) Chrome/76.0.3809.100 Safari/537.36"
::1 - - [17/Aug/2019:06:13:53 +0000] "GET /api/city/all?t=1566022433466 HTTP/1.1" 200 6279 "http://localhost:8080/console/order" "Mozilla/5.0 (Macintosh; Intel Mac OS X 10_14_6) AppleWebKit/537.36 (KHTML, like Gecko) Chrome/76.0.3809.100 Safari/537.36"
::1 - - [17/Aug/2019:06:13:54 +0000] "GET /api/vehicle/list?t=1566022434317&page=1&pageSize=10 HTTP/1.1" 200 1779 "http://localhost:8080/console/vehicle" "Mozilla/5.0 (Macintosh; Intel Mac OS X 10_14_6) AppleWebKit/537.36 (KHTML, like Gecko) Chrome/76.0.3809.100 Safari/537.36"
::1 - - [17/Aug/2019:06:13:54 +0000] "GET /api/city/list?t=1566022434955&page=1&pageSize=10 HTTP/1.1" 200 741 "http://localhost:8080/console/city/list" "Mozilla/5.0 (Macintosh; Intel Mac OS X 10_14_6) AppleWebKit/537.36 (KHTML, like Gecko) Chrome/76.0.3809.100 Safari/537.36"
::1 - - [17/Aug/2019:06:13:55 +0000] "GET /api/schedule/current?t=1566022435596 HTTP/1.1" 200 295 "http://localhost:8080/console/schedule/center" "Mozilla/5.0 (Macintosh; Intel Mac OS X 10_14_6) AppleWebKit/537.36 (KHTML, like Gecko) Chrome/76.0.3809.100 Safari/537.36"
::1 - - [17/Aug/2019:06:13:55 +0000] "GET /api/schedule/detail?t=1566022435596 HTTP/1.1" 200 167 "http://localhost:8080/console/schedule/center" "Mozilla/5.0 (Macintosh; Intel Mac OS X 10_14_6) AppleWebKit/537.36 (KHTML, like Gecko) Chrome/76.0.3809.100 Safari/537.36"
::1 - - [17/Aug/2019:06:13:56 +0000] "GET /api/driver/list?t=1566022436103&page=1&pageSize=10 HTTP/1.1" 200 1450 "http://localhost:8080/console/driver" "Mozilla/5.0 (Macintosh; Intel Mac OS X 10_14_6) AppleWebKit/537.36 (KHTML, like Gecko) Chrome/76.0.3809.100 Safari/537.36"
::1 - - [17/Aug/2019:06:13:56 +0000] "GET /api/vehicle/all?t=1566022436103 HTTP/1.1" 200 263 "http://localhost:8080/console/driver" "Mozilla/5.0 (Macintosh; Intel Mac OS X 10_14_6) AppleWebKit/537.36 (KHTML, like Gecko) Chrome/76.0.3809.100 Safari/537.36"
::1 - - [17/Aug/2019:06:13:57 +0000] "GET /api/vehicle/list?t=1566022437018&page=1&pageSize=10 HTTP/1.1" 200 1779 "http://localhost:8080/console/vehicle" "Mozilla/5.0 (Macintosh; Intel Mac OS X 10_14_6) AppleWebKit/537.36 (KHTML, like Gecko) Chrome/76.0.3809.100 Safari/537.36"
::1 - - [17/Aug/2019:06:13:57 +0000] "GET /api/order/list?t=1566022437814&page=1&pageSize=10 HTTP/1.1" 200 2266 "http://localhost:8080/console/order" "Mozilla/5.0 (Macintosh; Intel Mac OS X 10_14_6) AppleWebKit/537.36 (KHTML, like Gecko) Chrome/76.0.3809.100 Safari/537.36"
::1 - - [17/Aug/2019:06:13:57 +0000] "GET /api/city/all?t=1566022437814 HTTP/1.1" 200 6279 "http://localhost:8080/console/order" "Mozilla/5.0 (Macintosh; Intel Mac OS X 10_14_6) AppleWebKit/537.36 (KHTML, like Gecko) Chrome/76.0.3809.100 Safari/537.36"
::1 - - [17/Aug/2019:06:13:58 +0000] "GET /api/city/list?t=1566022438885&page=1&pageSize=10 HTTP/1.1" 200 741 "http://localhost:8080/console/city/list" "Mozilla/5.0 (Macintosh; Intel Mac OS X 10_14_6) AppleWebKit/537.36 (KHTML, like Gecko) Chrome/76.0.3809.100 Safari/537.36"
::1 - - [17/Aug/2019:06:13:59 +0000] "GET /api/vehicle/list?t=1566022439585&page=1&pageSize=10 HTTP/1.1" 200 1779 "http://localhost:8080/console/vehicle" "Mozilla/5.0 (Macintosh; Intel Mac OS X 10_14_6) AppleWebKit/537.36 (KHTML, like Gecko) Chrome/76.0.3809.100 Safari/537.36"
::1 - - [17/Aug/2019:06:20:14 +0000] "GET /api/vehicle/list?t=1566022814177&page=1&pageSize=10 HTTP/1.1" 200 1779 "http://localhost:8080/console/vehicle" "Mozilla/5.0 (Macintosh; Intel Mac OS X 10_14_6) AppleWebKit/537.36 (KHTML, like Gecko) Chrome/76.0.3809.100 Safari/537.36"
::1 - - [17/Aug/2019:06:20:32 +0000] "GET /api/vehicle/list?t=1566022832990&page=1&pageSize=10 HTTP/1.1" 200 1779 "http://localhost:8080/console/vehicle" "Mozilla/5.0 (Macintosh; Intel Mac OS X 10_14_6) AppleWebKit/537.36 (KHTML, like Gecko) Chrome/76.0.3809.100 Safari/537.36"
::1 - - [17/Aug/2019:06:20:54 +0000] "GET /api/vehicle/list?t=1566022854458&page=1&pageSize=10 HTTP/1.1" 200 1779 "http://localhost:8080/console/vehicle" "Mozilla/5.0 (Macintosh; Intel Mac OS X 10_14_6) AppleWebKit/537.36 (KHTML, like Gecko) Chrome/76.0.3809.100 Safari/537.36"
::1 - - [17/Aug/2019:06:21:02 +0000] "GET /api/vehicle/list?t=1566022862332&page=1&pageSize=10 HTTP/1.1" 200 1779 "http://localhost:8080/console/vehicle" "Mozilla/5.0 (Macintosh; Intel Mac OS X 10_14_6) AppleWebKit/537.36 (KHTML, like Gecko) Chrome/76.0.3809.100 Safari/537.36"
::1 - - [17/Aug/2019:06:21:10 +0000] "GET /api/vehicle/list?t=1566022870569&page=1&pageSize=10 HTTP/1.1" 200 1779 "http://localhost:8080/console/vehicle" "Mozilla/5.0 (Macintosh; Intel Mac OS X 10_14_6) AppleWebKit/537.36 (KHTML, like Gecko) Chrome/76.0.3809.100 Safari/537.36"
::1 - - [17/Aug/2019:06:21:16 +0000] "GET /api/vehicle/list?t=1566022876374&page=1&pageSize=10 HTTP/1.1" 200 1779 "http://localhost:8080/console/vehicle" "Mozilla/5.0 (Macintosh; Intel Mac OS X 10_14_6) AppleWebKit/537.36 (KHTML, like Gecko) Chrome/76.0.3809.100 Safari/537.36"
::1 - - [17/Aug/2019:06:21:19 +0000] "GET /api/vehicle/list?t=1566022879698&page=1&pageSize=10 HTTP/1.1" 200 1779 "http://localhost:8080/console/vehicle" "Mozilla/5.0 (Macintosh; Intel Mac OS X 10_14_6) AppleWebKit/537.36 (KHTML, like Gecko) Chrome/76.0.3809.100 Safari/537.36"
::1 - - [17/Aug/2019:06:22:15 +0000] "GET /api/vehicle/list?t=1566022935778&page=1&pageSize=10 HTTP/1.1" 200 1779 "http://localhost:8080/console/vehicle" "Mozilla/5.0 (Macintosh; Intel Mac OS X 10_14_6) AppleWebKit/537.36 (KHTML, like Gecko) Chrome/76.0.3809.100 Safari/537.36"
::1 - - [17/Aug/2019:06:22:19 +0000] "GET /api/vehicle/list?t=1566022939948&page=1&pageSize=10 HTTP/1.1" 200 1779 "http://localhost:8080/console/vehicle" "Mozilla/5.0 (Macintosh; Intel Mac OS X 10_14_6) AppleWebKit/537.36 (KHTML, like Gecko) Chrome/76.0.3809.100 Safari/537.36"
::1 - - [17/Aug/2019:06:22:22 +0000] "GET /api/vehicle/list?t=1566022942284&page=1&pageSize=10 HTTP/1.1" 200 1779 "http://localhost:8080/console/vehicle" "Mozilla/5.0 (Macintosh; Intel Mac OS X 10_14_6) AppleWebKit/537.36 (KHTML, like Gecko) Chrome/76.0.3809.100 Safari/537.36"
::1 - - [17/Aug/2019:06:22:26 +0000] "GET /api/vehicle/list?t=1566022946805&page=1&pageSize=10 HTTP/1.1" 200 1779 "http://localhost:8080/console/vehicle" "Mozilla/5.0 (Macintosh; Intel Mac OS X 10_14_6) AppleWebKit/537.36 (KHTML, like Gecko) Chrome/76.0.3809.100 Safari/537.36"
::1 - - [17/Aug/2019:06:22:29 +0000] "GET /api/vehicle/list?t=1566022949178&page=1&pageSize=10 HTTP/1.1" 200 1779 "http://localhost:8080/console/vehicle" "Mozilla/5.0 (Macintosh; Intel Mac OS X 10_14_6) AppleWebKit/537.36 (KHTML, like Gecko) Chrome/76.0.3809.100 Safari/537.36"
::1 - - [17/Aug/2019:06:26:45 +0000] "GET /api/vehicle/list?t=1566023205877&page=1&pageSize=10 HTTP/1.1" 200 1779 "http://localhost:8080/console/vehicle" "Mozilla/5.0 (Macintosh; Intel Mac OS X 10_14_6) AppleWebKit/537.36 (KHTML, like Gecko) Chrome/76.0.3809.100 Safari/537.36"
::1 - - [17/Aug/2019:06:27:08 +0000] "GET /api/vehicle/list?t=1566023228596&page=1&pageSize=10 HTTP/1.1" 200 1779 "http://localhost:8080/console/vehicle" "Mozilla/5.0 (Macintosh; Intel Mac OS X 10_14_6) AppleWebKit/537.36 (KHTML, like Gecko) Chrome/76.0.3809.100 Safari/537.36"
::1 - - [17/Aug/2019:06:27:18 +0000] "GET /api/vehicle/list?t=1566023238693&page=1&pageSize=10 HTTP/1.1" 200 1779 "http://localhost:8080/console/vehicle" "Mozilla/5.0 (Macintosh; Intel Mac OS X 10_14_6) AppleWebKit/537.36 (KHTML, like Gecko) Chrome/76.0.3809.100 Safari/537.36"
::1 - - [17/Aug/2019:06:27:43 +0000] "GET /api/vehicle/list?t=1566023263053&page=1&pageSize=10 HTTP/1.1" 200 1779 "http://localhost:8080/console/vehicle" "Mozilla/5.0 (Macintosh; Intel Mac OS X 10_14_6) AppleWebKit/537.36 (KHTML, like Gecko) Chrome/76.0.3809.100 Safari/537.36"
::1 - - [17/Aug/2019:06:28:24 +0000] "GET /api/vehicle/list?t=1566023304939&page=1&pageSize=10 HTTP/1.1" 200 1779 "http://localhost:8080/console/vehicle" "Mozilla/5.0 (Macintosh; Intel Mac OS X 10_14_6) AppleWebKit/537.36 (KHTML, like Gecko) Chrome/76.0.3809.100 Safari/537.36"
::1 - - [17/Aug/2019:06:28:42 +0000] "GET /api/vehicle/list?t=1566023322972&page=1&pageSize=10 HTTP/1.1" 200 1779 "http://localhost:8080/console/vehicle" "Mozilla/5.0 (Macintosh; Intel Mac OS X 10_14_6) AppleWebKit/537.36 (KHTML, like Gecko) Chrome/76.0.3809.100 Safari/537.36"
::1 - - [17/Aug/2019:06:28:48 +0000] "GET /api/vehicle/list?t=1566023328971&page=1&pageSize=10 HTTP/1.1" 200 1779 "http://localhost:8080/console/vehicle" "Mozilla/5.0 (Macintosh; Intel Mac OS X 10_14_6) AppleWebKit/537.36 (KHTML, like Gecko) Chrome/76.0.3809.100 Safari/537.36"
::1 - - [17/Aug/2019:06:29:21 +0000] "GET /api/vehicle/list?t=1566023361119&page=1&pageSize=10 HTTP/1.1" 200 1779 "http://localhost:8080/console/vehicle" "Mozilla/5.0 (Macintosh; Intel Mac OS X 10_14_6) AppleWebKit/537.36 (KHTML, like Gecko) Chrome/76.0.3809.100 Safari/537.36"
::1 - - [17/Aug/2019:06:29:24 +0000] "GET /api/vehicle/list?t=1566023364045&page=1&pageSize=10 HTTP/1.1" 200 1779 "http://localhost:8080/console/vehicle" "Mozilla/5.0 (Macintosh; Intel Mac OS X 10_14_6) AppleWebKit/537.36 (KHTML, like Gecko) Chrome/76.0.3809.100 Safari/537.36"
::1 - - [17/Aug/2019:06:29:34 +0000] "GET /api/vehicle/list?t=1566023374058&page=1&pageSize=10 HTTP/1.1" 200 1779 "http://localhost:8080/console/vehicle" "Mozilla/5.0 (Macintosh; Intel Mac OS X 10_14_6) AppleWebKit/537.36 (KHTML, like Gecko) Chrome/76.0.3809.100 Safari/537.36"
::1 - - [17/Aug/2019:06:29:35 +0000] "GET /api/vehicle/list?t=1566023375664&page=1&pageSize=10 HTTP/1.1" 200 1779 "http://localhost:8080/console/vehicle" "Mozilla/5.0 (Macintosh; Intel Mac OS X 10_14_6) AppleWebKit/537.36 (KHTML, like Gecko) Chrome/76.0.3809.100 Safari/537.36"
::1 - - [17/Aug/2019:06:29:38 +0000] "GET /api/login/logout?t=1566023378963 HTTP/1.1" 200 38 "http://localhost:8080/console/vehicle" "Mozilla/5.0 (Macintosh; Intel Mac OS X 10_14_6) AppleWebKit/537.36 (KHTML, like Gecko) Chrome/76.0.3809.100 Safari/537.36"
::1 - - [17/Aug/2019:06:30:01 +0000] "POST /api/login/login?t=1566023401453 HTTP/1.1" 200 222 "http://localhost:8080/login?from=/console/vehicle" "Mozilla/5.0 (Macintosh; Intel Mac OS X 10_14_6) AppleWebKit/537.36 (KHTML, like Gecko) Chrome/76.0.3809.100 Safari/537.36"
::1 - - [17/Aug/2019:06:30:01 +0000] "GET /api/vehicle/list?t=1566023401971&page=1&pageSize=10 HTTP/1.1" 200 1779 "http://localhost:8080/console/vehicle" "Mozilla/5.0 (Macintosh; Intel Mac OS X 10_14_6) AppleWebKit/537.36 (KHTML, like Gecko) Chrome/76.0.3809.100 Safari/537.36"
::1 - - [17/Aug/2019:06:31:53 +0000] "GET /api/login/logout?t=1566023513098 HTTP/1.1" 200 38 "http://localhost:8080/console/user" "Mozilla/5.0 (Macintosh; Intel Mac OS X 10_14_6) AppleWebKit/537.36 (KHTML, like Gecko) Chrome/76.0.3809.100 Safari/537.36"
::1 - - [17/Aug/2019:06:32:42 +0000] "GET /api/login/logout?t=1566023562640 HTTP/1.1" 200 38 "http://localhost:8080/console/user" "Mozilla/5.0 (Macintosh; Intel Mac OS X 10_14_6) AppleWebKit/537.36 (KHTML, like Gecko) Chrome/76.0.3809.100 Safari/537.36"
::1 - - [17/Aug/2019:06:33:01 +0000] "GET /api/login/logout?t=1566023581760 HTTP/1.1" 200 38 "http://localhost:8080/console/user" "Mozilla/5.0 (Macintosh; Intel Mac OS X 10_14_6) AppleWebKit/537.36 (KHTML, like Gecko) Chrome/76.0.3809.100 Safari/537.36"
::1 - - [17/Aug/2019:06:34:27 +0000] "GET /api/login/logout?t=1566023667424 HTTP/1.1" 200 38 "http://localhost:8080/console/user" "Mozilla/5.0 (Macintosh; Intel Mac OS X 10_14_6) AppleWebKit/537.36 (KHTML, like Gecko) Chrome/76.0.3809.100 Safari/537.36"
::1 - - [17/Aug/2019:06:35:05 +0000] "POST /api/login/login?t=1566023705852 HTTP/1.1" 200 222 "http://localhost:8080/login" "Mozilla/5.0 (Macintosh; Intel Mac OS X 10_14_6) AppleWebKit/537.36 (KHTML, like Gecko) Chrome/76.0.3809.100 Safari/537.36"
::1 - - [17/Aug/2019:06:35:06 +0000] "GET /api/vehicle/list?t=1566023706395&page=1&pageSize=10 HTTP/1.1" 200 1779 "http://localhost:8080/console/vehicle" "Mozilla/5.0 (Macintosh; Intel Mac OS X 10_14_6) AppleWebKit/537.36 (KHTML, like Gecko) Chrome/76.0.3809.100 Safari/537.36"
::1 - - [17/Aug/2019:06:35:08 +0000] "GET /api/login/logout?t=1566023708418 HTTP/1.1" 200 38 "http://localhost:8080/console/vehicle" "Mozilla/5.0 (Macintosh; Intel Mac OS X 10_14_6) AppleWebKit/537.36 (KHTML, like Gecko) Chrome/76.0.3809.100 Safari/537.36"
::1 - - [17/Aug/2019:06:35:35 +0000] "POST /api/login/login?t=1566023735827 HTTP/1.1" 200 222 "http://localhost:8080/login" "Mozilla/5.0 (Macintosh; Intel Mac OS X 10_14_6) AppleWebKit/537.36 (KHTML, like Gecko) Chrome/76.0.3809.100 Safari/537.36"
::1 - - [17/Aug/2019:06:35:36 +0000] "GET /api/vehicle/list?t=1566023736388&page=1&pageSize=10 HTTP/1.1" 200 1779 "http://localhost:8080/console/vehicle" "Mozilla/5.0 (Macintosh; Intel Mac OS X 10_14_6) AppleWebKit/537.36 (KHTML, like Gecko) Chrome/76.0.3809.100 Safari/537.36"
::1 - - [17/Aug/2019:06:35:40 +0000] "GET /api/login/logout?t=1566023740391 HTTP/1.1" 200 38 "http://localhost:8080/console/vehicle" "Mozilla/5.0 (Macintosh; Intel Mac OS X 10_14_6) AppleWebKit/537.36 (KHTML, like Gecko) Chrome/76.0.3809.100 Safari/537.36"
::1 - - [17/Aug/2019:06:35:58 +0000] "POST /api/login/login?t=1566023758331 HTTP/1.1" 200 222 "http://localhost:8080/login?from=/console/vehicle" "Mozilla/5.0 (Macintosh; Intel Mac OS X 10_14_6) AppleWebKit/537.36 (KHTML, like Gecko) Chrome/76.0.3809.100 Safari/537.36"
::1 - - [17/Aug/2019:06:35:58 +0000] "GET /api/vehicle/list?t=1566023758804&page=1&pageSize=10 HTTP/1.1" 200 1779 "http://localhost:8080/console/vehicle" "Mozilla/5.0 (Macintosh; Intel Mac OS X 10_14_6) AppleWebKit/537.36 (KHTML, like Gecko) Chrome/76.0.3809.100 Safari/537.36"
::1 - - [17/Aug/2019:06:36:13 +0000] "GET /api/vehicle/list?t=1566023773879&page=1&pageSize=10 HTTP/1.1" 200 1779 "http://localhost:8080/console/vehicle" "Mozilla/5.0 (Macintosh; Intel Mac OS X 10_14_6) AppleWebKit/537.36 (KHTML, like Gecko) Chrome/76.0.3809.100 Safari/537.36"
::1 - - [17/Aug/2019:06:36:22 +0000] "GET /api/vehicle/list?t=1566023782966&page=1&pageSize=10 HTTP/1.1" 200 1779 "http://localhost:8080/console/vehicle" "Mozilla/5.0 (Macintosh; Intel Mac OS X 10_14_6) AppleWebKit/537.36 (KHTML, like Gecko) Chrome/76.0.3809.100 Safari/537.36"
::1 - - [17/Aug/2019:06:37:20 +0000] "GET /api/vehicle/list?t=1566023840076&page=1&pageSize=10 HTTP/1.1" 200 1779 "http://localhost:8080/console/vehicle" "Mozilla/5.0 (Macintosh; Intel Mac OS X 10_14_6) AppleWebKit/537.36 (KHTML, like Gecko) Chrome/76.0.3809.100 Safari/537.36"
::1 - - [17/Aug/2019:06:37:22 +0000] "GET /api/vehicle/list?t=1566023842943&page=1&pageSize=10 HTTP/1.1" 200 1779 "http://localhost:8080/console/vehicle" "Mozilla/5.0 (Macintosh; Intel Mac OS X 10_14_6) AppleWebKit/537.36 (KHTML, like Gecko) Chrome/76.0.3809.100 Safari/537.36"
::1 - - [17/Aug/2019:06:37:26 +0000] "GET /api/vehicle/list?t=1566023846521&page=1&pageSize=10 HTTP/1.1" 200 1779 "http://localhost:8080/console/vehicle" "Mozilla/5.0 (Macintosh; Intel Mac OS X 10_14_6) AppleWebKit/537.36 (KHTML, like Gecko) Chrome/76.0.3809.100 Safari/537.36"
::1 - - [17/Aug/2019:06:37:29 +0000] "GET /api/login/logout?t=1566023849358 HTTP/1.1" 200 38 "http://localhost:8080/console/vehicle" "Mozilla/5.0 (Macintosh; Intel Mac OS X 10_14_6) AppleWebKit/537.36 (KHTML, like Gecko) Chrome/76.0.3809.100 Safari/537.36"
::1 - - [17/Aug/2019:06:37:39 +0000] "POST /api/login/login?t=1566023859621 HTTP/1.1" 200 222 "http://localhost:8080/login" "Mozilla/5.0 (Macintosh; Intel Mac OS X 10_14_6) AppleWebKit/537.36 (KHTML, like Gecko) Chrome/76.0.3809.100 Safari/537.36"
::1 - - [17/Aug/2019:06:37:40 +0000] "GET /api/vehicle/list?t=1566023860108&page=1&pageSize=10 HTTP/1.1" 200 1779 "http://localhost:8080/console/vehicle" "Mozilla/5.0 (Macintosh; Intel Mac OS X 10_14_6) AppleWebKit/537.36 (KHTML, like Gecko) Chrome/76.0.3809.100 Safari/537.36"
::1 - - [17/Aug/2019:06:37:56 +0000] "GET /api/vehicle/list?t=1566023876945&page=1&pageSize=10 HTTP/1.1" 200 1779 "http://localhost:8080/console/vehicle" "Mozilla/5.0 (Macintosh; Intel Mac OS X 10_14_6) AppleWebKit/537.36 (KHTML, like Gecko) Chrome/76.0.3809.100 Safari/537.36"
::1 - - [17/Aug/2019:06:44:17 +0000] "GET /api/vehicle/list?t=1566024256987&page=1&pageSize=10 HTTP/1.1" 200 1779 "http://localhost:8080/console/vehicle" "Mozilla/5.0 (Macintosh; Intel Mac OS X 10_14_6) AppleWebKit/537.36 (KHTML, like Gecko) Chrome/76.0.3809.100 Safari/537.36"
::1 - - [17/Aug/2019:06:44:26 +0000] "GET /api/vehicle/list?t=1566024266595&page=1&pageSize=10 HTTP/1.1" 200 1779 "http://localhost:8080/console/vehicle" "Mozilla/5.0 (Macintosh; Intel Mac OS X 10_14_6) AppleWebKit/537.36 (KHTML, like Gecko) Chrome/76.0.3809.100 Safari/537.36"
::1 - - [17/Aug/2019:06:44:33 +0000] "GET /api/vehicle/list?t=1566024273757&page=1&pageSize=10 HTTP/1.1" 200 1779 "http://localhost:8080/console/vehicle" "Mozilla/5.0 (Macintosh; Intel Mac OS X 10_14_6) AppleWebKit/537.36 (KHTML, like Gecko) Chrome/76.0.3809.100 Safari/537.36"
::1 - - [17/Aug/2019:06:45:02 +0000] "GET /api/vehicle/list?t=1566024302904&page=1&pageSize=10 HTTP/1.1" 200 1779 "http://localhost:8080/console/vehicle" "Mozilla/5.0 (Macintosh; Intel Mac OS X 10_14_6) AppleWebKit/537.36 (KHTML, like Gecko) Chrome/76.0.3809.100 Safari/537.36"
::1 - - [17/Aug/2019:06:45:07 +0000] "GET /api/vehicle/list?t=1566024306995&page=1&pageSize=10 HTTP/1.1" 200 1779 "http://localhost:8080/console/vehicle" "Mozilla/5.0 (Macintosh; Intel Mac OS X 10_14_6) AppleWebKit/537.36 (KHTML, like Gecko) Chrome/76.0.3809.100 Safari/537.36"
::1 - - [17/Aug/2019:06:45:17 +0000] "GET /api/vehicle/list?t=1566024317713&page=1&pageSize=10 HTTP/1.1" 200 1779 "http://localhost:8080/console/vehicle" "Mozilla/5.0 (Macintosh; Intel Mac OS X 10_14_6) AppleWebKit/537.36 (KHTML, like Gecko) Chrome/76.0.3809.100 Safari/537.36"
::1 - - [17/Aug/2019:06:45:29 +0000] "GET /api/vehicle/list?t=1566024329685&page=1&pageSize=10 HTTP/1.1" 200 1779 "http://localhost:8080/console/vehicle" "Mozilla/5.0 (Macintosh; Intel Mac OS X 10_14_6) AppleWebKit/537.36 (KHTML, like Gecko) Chrome/76.0.3809.100 Safari/537.36"
::1 - - [17/Aug/2019:06:45:36 +0000] "GET /api/vehicle/list?t=1566024336080&page=1&pageSize=10 HTTP/1.1" 200 1779 "http://localhost:8080/console/vehicle" "Mozilla/5.0 (Macintosh; Intel Mac OS X 10_14_6) AppleWebKit/537.36 (KHTML, like Gecko) Chrome/76.0.3809.100 Safari/537.36"
::1 - - [17/Aug/2019:06:45:43 +0000] "GET /api/vehicle/list?t=1566024343345&page=1&pageSize=10 HTTP/1.1" 200 1779 "http://localhost:8080/console/vehicle" "Mozilla/5.0 (Macintosh; Intel Mac OS X 10_14_6) AppleWebKit/537.36 (KHTML, like Gecko) Chrome/76.0.3809.100 Safari/537.36"
::1 - - [17/Aug/2019:06:46:28 +0000] "GET /api/vehicle/list?t=1566024388009&page=1&pageSize=10 HTTP/1.1" 200 1779 "http://localhost:8080/console/vehicle" "Mozilla/5.0 (Macintosh; Intel Mac OS X 10_14_6) AppleWebKit/537.36 (KHTML, like Gecko) Chrome/76.0.3809.100 Safari/537.36"
::1 - - [17/Aug/2019:06:46:30 +0000] "GET /api/vehicle/list?t=1566024390650&page=1&pageSize=10 HTTP/1.1" 200 1779 "http://localhost:8080/console/vehicle" "Mozilla/5.0 (Macintosh; Intel Mac OS X 10_14_6) AppleWebKit/537.36 (KHTML, like Gecko) Chrome/76.0.3809.100 Safari/537.36"
::1 - - [17/Aug/2019:06:46:55 +0000] "GET /api/vehicle/list?t=1566024415036&page=1&pageSize=10 HTTP/1.1" 200 1779 "http://localhost:8080/console/vehicle" "Mozilla/5.0 (Macintosh; Intel Mac OS X 10_14_6) AppleWebKit/537.36 (KHTML, like Gecko) Chrome/76.0.3809.100 Safari/537.36"
::1 - - [17/Aug/2019:06:47:02 +0000] "GET /api/vehicle/list?t=1566024422503&page=1&pageSize=10 HTTP/1.1" 200 1779 "http://localhost:8080/console/vehicle" "Mozilla/5.0 (Macintosh; Intel Mac OS X 10_14_6) AppleWebKit/537.36 (KHTML, like Gecko) Chrome/76.0.3809.100 Safari/537.36"
::1 - - [17/Aug/2019:06:47:40 +0000] "GET /api/vehicle/list?t=1566024460690&page=1&pageSize=10 HTTP/1.1" 200 1779 "http://localhost:8080/console/vehicle" "Mozilla/5.0 (Macintosh; Intel Mac OS X 10_14_6) AppleWebKit/537.36 (KHTML, like Gecko) Chrome/76.0.3809.100 Safari/537.36"
::1 - - [17/Aug/2019:06:47:44 +0000] "GET /api/vehicle/list?t=1566024464143&page=1&pageSize=10 HTTP/1.1" 200 1779 "http://localhost:8080/console/vehicle" "Mozilla/5.0 (Macintosh; Intel Mac OS X 10_14_6) AppleWebKit/537.36 (KHTML, like Gecko) Chrome/76.0.3809.100 Safari/537.36"
::1 - - [17/Aug/2019:06:47:52 +0000] "GET /api/vehicle/list?t=1566024472210&page=1&pageSize=10 HTTP/1.1" 200 1779 "http://localhost:8080/console/vehicle" "Mozilla/5.0 (Macintosh; Intel Mac OS X 10_14_6) AppleWebKit/537.36 (KHTML, like Gecko) Chrome/76.0.3809.100 Safari/537.36"
::1 - - [17/Aug/2019:06:47:52 +0000] "GET /api/common/checkLogin?t=1566024472210 HTTP/1.1" 200 121 "http://localhost:8080/console/vehicle" "Mozilla/5.0 (Macintosh; Intel Mac OS X 10_14_6) AppleWebKit/537.36 (KHTML, like Gecko) Chrome/76.0.3809.100 Safari/537.36"
::1 - - [17/Aug/2019:06:48:17 +0000] "GET /api/common/checkLogin?t=1566024497466 HTTP/1.1" 200 121 "http://localhost:8080/console/user" "Mozilla/5.0 (Macintosh; Intel Mac OS X 10_14_6) AppleWebKit/537.36 (KHTML, like Gecko) Chrome/76.0.3809.100 Safari/537.36"
::1 - - [17/Aug/2019:06:51:35 +0000] "GET /api/common/checkLogin?t=1566024695573 HTTP/1.1" 200 121 "http://localhost:8080/console/user" "Mozilla/5.0 (Macintosh; Intel Mac OS X 10_14_6) AppleWebKit/537.36 (KHTML, like Gecko) Chrome/76.0.3809.100 Safari/537.36"
::1 - - [17/Aug/2019:06:51:49 +0000] "GET /api/common/checkLogin?t=1566024709602 HTTP/1.1" 200 121 "http://localhost:8080/console/user" "Mozilla/5.0 (Macintosh; Intel Mac OS X 10_14_6) AppleWebKit/537.36 (KHTML, like Gecko) Chrome/76.0.3809.100 Safari/537.36"
::1 - - [17/Aug/2019:06:56:35 +0000] "GET /api/common/checkLogin?t=1566024995838 HTTP/1.1" 200 121 "http://localhost:8080/console/user" "Mozilla/5.0 (Macintosh; Intel Mac OS X 10_14_6) AppleWebKit/537.36 (KHTML, like Gecko) Chrome/76.0.3809.100 Safari/537.36"
::1 - - [17/Aug/2019:06:56:42 +0000] "GET /api/common/checkLogin?t=1566025002567 HTTP/1.1" 200 121 "http://localhost:8080/console/user" "Mozilla/5.0 (Macintosh; Intel Mac OS X 10_14_6) AppleWebKit/537.36 (KHTML, like Gecko) Chrome/76.0.3809.100 Safari/537.36"
::1 - - [17/Aug/2019:06:56:55 +0000] "GET /api/common/checkLogin?t=1566025015042 HTTP/1.1" 200 121 "http://localhost:8080/console/user" "Mozilla/5.0 (Macintosh; Intel Mac OS X 10_14_6) AppleWebKit/537.36 (KHTML, like Gecko) Chrome/76.0.3809.100 Safari/537.36"
::1 - - [17/Aug/2019:06:57:04 +0000] "GET /api/common/checkLogin?t=1566025024503 HTTP/1.1" 200 121 "http://localhost:8080/console/user" "Mozilla/5.0 (Macintosh; Intel Mac OS X 10_14_6) AppleWebKit/537.36 (KHTML, like Gecko) Chrome/76.0.3809.100 Safari/537.36"
::1 - - [17/Aug/2019:06:57:21 +0000] "GET /api/common/checkLogin?t=1566025041355 HTTP/1.1" 200 121 "http://localhost:8080/console/user" "Mozilla/5.0 (Macintosh; Intel Mac OS X 10_14_6) AppleWebKit/537.36 (KHTML, like Gecko) Chrome/76.0.3809.100 Safari/537.36"
::1 - - [17/Aug/2019:06:57:29 +0000] "GET /api/common/checkLogin?t=1566025049387 HTTP/1.1" 200 121 "http://localhost:8080/console/user" "Mozilla/5.0 (Macintosh; Intel Mac OS X 10_14_6) AppleWebKit/537.36 (KHTML, like Gecko) Chrome/76.0.3809.100 Safari/537.36"
::1 - - [17/Aug/2019:06:57:36 +0000] "GET /api/common/checkLogin?t=1566025056620 HTTP/1.1" 200 121 "http://localhost:8080/console/user" "Mozilla/5.0 (Macintosh; Intel Mac OS X 10_14_6) AppleWebKit/537.36 (KHTML, like Gecko) Chrome/76.0.3809.100 Safari/537.36"
::1 - - [17/Aug/2019:06:57:46 +0000] "GET /api/common/checkLogin?t=1566025066628 HTTP/1.1" 200 121 "http://localhost:8080/console/user" "Mozilla/5.0 (Macintosh; Intel Mac OS X 10_14_6) AppleWebKit/537.36 (KHTML, like Gecko) Chrome/76.0.3809.100 Safari/537.36"
::1 - - [17/Aug/2019:06:57:50 +0000] "GET /api/common/checkLogin?t=1566025070954 HTTP/1.1" 200 121 "http://localhost:8080/console/user" "Mozilla/5.0 (Macintosh; Intel Mac OS X 10_14_6) AppleWebKit/537.36 (KHTML, like Gecko) Chrome/76.0.3809.100 Safari/537.36"
::1 - - [17/Aug/2019:06:57:54 +0000] "GET /api/common/checkLogin?t=1566025074990 HTTP/1.1" 200 121 "http://localhost:8080/console/user" "Mozilla/5.0 (Macintosh; Intel Mac OS X 10_14_6) AppleWebKit/537.36 (KHTML, like Gecko) Chrome/76.0.3809.100 Safari/537.36"
::1 - - [17/Aug/2019:07:00:00 +0000] "GET /api/common/checkLogin?t=1566025200542 HTTP/1.1" 200 121 "http://localhost:8080/console/user" "Mozilla/5.0 (Macintosh; Intel Mac OS X 10_14_6) AppleWebKit/537.36 (KHTML, like Gecko) Chrome/76.0.3809.100 Safari/537.36"
::1 - - [17/Aug/2019:07:00:02 +0000] "GET /api/common/checkLogin?t=1566025202422 HTTP/1.1" 200 121 "http://localhost:8080/console/user" "Mozilla/5.0 (Macintosh; Intel Mac OS X 10_14_6) AppleWebKit/537.36 (KHTML, like Gecko) Chrome/76.0.3809.100 Safari/537.36"
::1 - - [17/Aug/2019:07:00:14 +0000] "GET /api/common/checkLogin?t=1566025214409 HTTP/1.1" 200 121 "http://localhost:8080/console/user" "Mozilla/5.0 (Macintosh; Intel Mac OS X 10_14_6) AppleWebKit/537.36 (KHTML, like Gecko) Chrome/76.0.3809.100 Safari/537.36"
::1 - - [17/Aug/2019:07:00:23 +0000] "GET /api/common/checkLogin?t=1566025223737 HTTP/1.1" 200 121 "http://localhost:8080/console/user" "Mozilla/5.0 (Macintosh; Intel Mac OS X 10_14_6) AppleWebKit/537.36 (KHTML, like Gecko) Chrome/76.0.3809.100 Safari/537.36"
::1 - - [17/Aug/2019:07:00:42 +0000] "GET /api/common/checkLogin?t=1566025242949 HTTP/1.1" 200 121 "http://localhost:8080/console/user" "Mozilla/5.0 (Macintosh; Intel Mac OS X 10_14_6) AppleWebKit/537.36 (KHTML, like Gecko) Chrome/76.0.3809.100 Safari/537.36"
::1 - - [17/Aug/2019:07:00:44 +0000] "GET /api/common/checkLogin?t=1566025244750 HTTP/1.1" 200 121 "http://localhost:8080/console/user" "Mozilla/5.0 (Macintosh; Intel Mac OS X 10_14_6) AppleWebKit/537.36 (KHTML, like Gecko) Chrome/76.0.3809.100 Safari/537.36"
::1 - - [17/Aug/2019:07:00:50 +0000] "GET /api/common/checkLogin?t=1566025250292 HTTP/1.1" 200 121 "http://localhost:8080/console/user" "Mozilla/5.0 (Macintosh; Intel Mac OS X 10_14_6) AppleWebKit/537.36 (KHTML, like Gecko) Chrome/76.0.3809.100 Safari/537.36"
::1 - - [17/Aug/2019:07:00:53 +0000] "GET /api/common/checkLogin?t=1566025253851 HTTP/1.1" 200 121 "http://localhost:8080/console/user" "Mozilla/5.0 (Macintosh; Intel Mac OS X 10_14_6) AppleWebKit/537.36 (KHTML, like Gecko) Chrome/76.0.3809.100 Safari/537.36"
::1 - - [17/Aug/2019:07:00:56 +0000] "GET /api/common/checkLogin?t=1566025256785 HTTP/1.1" 200 121 "http://localhost:8080/console/user" "Mozilla/5.0 (Macintosh; Intel Mac OS X 10_14_6) AppleWebKit/537.36 (KHTML, like Gecko) Chrome/76.0.3809.100 Safari/537.36"
::1 - - [17/Aug/2019:07:00:59 +0000] "GET /api/common/checkLogin?t=1566025259670 HTTP/1.1" 200 121 "http://localhost:8080/console/user" "Mozilla/5.0 (Macintosh; Intel Mac OS X 10_14_6) AppleWebKit/537.36 (KHTML, like Gecko) Chrome/76.0.3809.100 Safari/537.36"
::1 - - [17/Aug/2019:07:01:02 +0000] "GET /api/common/checkLogin?t=1566025262517 HTTP/1.1" 200 121 "http://localhost:8080/console/user" "Mozilla/5.0 (Macintosh; Intel Mac OS X 10_14_6) AppleWebKit/537.36 (KHTML, like Gecko) Chrome/76.0.3809.100 Safari/537.36"
::1 - - [17/Aug/2019:07:01:12 +0000] "GET /api/common/checkLogin?t=1566025272665 HTTP/1.1" 200 121 "http://localhost:8080/console/user" "Mozilla/5.0 (Macintosh; Intel Mac OS X 10_14_6) AppleWebKit/537.36 (KHTML, like Gecko) Chrome/76.0.3809.100 Safari/537.36"
::1 - - [17/Aug/2019:07:02:20 +0000] "GET /api/common/checkLogin?t=1566025340816 HTTP/1.1" 200 121 "http://localhost:8080/console/user" "Mozilla/5.0 (Macintosh; Intel Mac OS X 10_14_6) AppleWebKit/537.36 (KHTML, like Gecko) Chrome/76.0.3809.100 Safari/537.36"
::1 - - [17/Aug/2019:07:02:23 +0000] "GET /api/common/checkLogin?t=1566025343651 HTTP/1.1" 200 121 "http://localhost:8080/console/user" "Mozilla/5.0 (Macintosh; Intel Mac OS X 10_14_6) AppleWebKit/537.36 (KHTML, like Gecko) Chrome/76.0.3809.100 Safari/537.36"
::1 - - [17/Aug/2019:07:02:39 +0000] "GET /api/common/checkLogin?t=1566025359874 HTTP/1.1" 200 121 "http://localhost:8080/console/user" "Mozilla/5.0 (Macintosh; Intel Mac OS X 10_14_6) AppleWebKit/537.36 (KHTML, like Gecko) Chrome/76.0.3809.100 Safari/537.36"
::1 - - [17/Aug/2019:07:02:41 +0000] "GET /api/common/checkLogin?t=1566025361824 HTTP/1.1" 200 121 "http://localhost:8080/console/user" "Mozilla/5.0 (Macintosh; Intel Mac OS X 10_14_6) AppleWebKit/537.36 (KHTML, like Gecko) Chrome/76.0.3809.100 Safari/537.36"
::1 - - [17/Aug/2019:07:02:50 +0000] "PUT /api/user/info?t=1566025370792 HTTP/1.1" 200 43 "http://localhost:8080/console/user" "Mozilla/5.0 (Macintosh; Intel Mac OS X 10_14_6) AppleWebKit/537.36 (KHTML, like Gecko) Chrome/76.0.3809.100 Safari/537.36"
::1 - - [17/Aug/2019:07:03:22 +0000] "GET /api/common/checkLogin?t=1566025402825 HTTP/1.1" 200 121 "http://localhost:8080/console/user" "Mozilla/5.0 (Macintosh; Intel Mac OS X 10_14_6) AppleWebKit/537.36 (KHTML, like Gecko) Chrome/76.0.3809.100 Safari/537.36"
::1 - - [17/Aug/2019:07:03:26 +0000] "GET /api/common/checkLogin?t=1566025406908 HTTP/1.1" 200 121 "http://localhost:8080/console/user" "Mozilla/5.0 (Macintosh; Intel Mac OS X 10_14_6) AppleWebKit/537.36 (KHTML, like Gecko) Chrome/76.0.3809.100 Safari/537.36"
::1 - - [17/Aug/2019:07:03:29 +0000] "GET /api/common/checkLogin?t=1566025409228 HTTP/1.1" 200 121 "http://localhost:8080/console/user" "Mozilla/5.0 (Macintosh; Intel Mac OS X 10_14_6) AppleWebKit/537.36 (KHTML, like Gecko) Chrome/76.0.3809.100 Safari/537.36"
::1 - - [17/Aug/2019:07:03:36 +0000] "PUT /api/user/info?t=1566025416373 HTTP/1.1" 200 566 "http://localhost:8080/console/user" "Mozilla/5.0 (Macintosh; Intel Mac OS X 10_14_6) AppleWebKit/537.36 (KHTML, like Gecko) Chrome/76.0.3809.100 Safari/537.36"
::1 - - [17/Aug/2019:07:04:17 +0000] "GET /api/common/checkLogin?t=1566025457023 HTTP/1.1" 200 121 "http://localhost:8080/console/user" "Mozilla/5.0 (Macintosh; Intel Mac OS X 10_14_6) AppleWebKit/537.36 (KHTML, like Gecko) Chrome/76.0.3809.100 Safari/537.36"
::1 - - [17/Aug/2019:07:04:22 +0000] "PUT /api/user/info?t=1566025462927 HTTP/1.1" 200 43 "http://localhost:8080/console/user" "Mozilla/5.0 (Macintosh; Intel Mac OS X 10_14_6) AppleWebKit/537.36 (KHTML, like Gecko) Chrome/76.0.3809.100 Safari/537.36"
::1 - - [17/Aug/2019:07:05:07 +0000] "PUT /api/user/info?t=1566025507623 HTTP/1.1" 200 43 "http://localhost:8080/console/user" "Mozilla/5.0 (Macintosh; Intel Mac OS X 10_14_6) AppleWebKit/537.36 (KHTML, like Gecko) Chrome/76.0.3809.100 Safari/537.36"
::1 - - [17/Aug/2019:07:05:37 +0000] "PUT /api/user/info?t=1566025537358 HTTP/1.1" 200 43 "http://localhost:8080/console/user" "Mozilla/5.0 (Macintosh; Intel Mac OS X 10_14_6) AppleWebKit/537.36 (KHTML, like Gecko) Chrome/76.0.3809.100 Safari/537.36"
::1 - - [17/Aug/2019:07:06:00 +0000] "PUT /api/user/info?t=1566025559974 HTTP/1.1" 200 43 "http://localhost:8080/console/user" "Mozilla/5.0 (Macintosh; Intel Mac OS X 10_14_6) AppleWebKit/537.36 (KHTML, like Gecko) Chrome/76.0.3809.100 Safari/537.36"
::1 - - [17/Aug/2019:07:06:39 +0000] "GET /api/common/checkLogin?t=1566025599580 HTTP/1.1" 200 123 "http://localhost:8080/console/user" "Mozilla/5.0 (Macintosh; Intel Mac OS X 10_14_6) AppleWebKit/537.36 (KHTML, like Gecko) Chrome/76.0.3809.100 Safari/537.36"
::1 - - [17/Aug/2019:07:06:42 +0000] "GET /api/common/checkLogin?t=1566025602921 HTTP/1.1" 200 123 "http://localhost:8080/console/user" "Mozilla/5.0 (Macintosh; Intel Mac OS X 10_14_6) AppleWebKit/537.36 (KHTML, like Gecko) Chrome/76.0.3809.100 Safari/537.36"
::1 - - [17/Aug/2019:07:06:46 +0000] "PUT /api/user/info?t=1566025606448 HTTP/1.1" 200 43 "http://localhost:8080/console/user" "Mozilla/5.0 (Macintosh; Intel Mac OS X 10_14_6) AppleWebKit/537.36 (KHTML, like Gecko) Chrome/76.0.3809.100 Safari/537.36"
::1 - - [17/Aug/2019:07:06:49 +0000] "GET /api/order/list?t=1566025609527&page=1&pageSize=10 HTTP/1.1" 200 2266 "http://localhost:8080/console/order" "Mozilla/5.0 (Macintosh; Intel Mac OS X 10_14_6) AppleWebKit/537.36 (KHTML, like Gecko) Chrome/76.0.3809.100 Safari/537.36"
::1 - - [17/Aug/2019:07:06:49 +0000] "GET /api/city/all?t=1566025609527 HTTP/1.1" 200 6279 "http://localhost:8080/console/order" "Mozilla/5.0 (Macintosh; Intel Mac OS X 10_14_6) AppleWebKit/537.36 (KHTML, like Gecko) Chrome/76.0.3809.100 Safari/537.36"
::1 - - [17/Aug/2019:07:07:18 +0000] "PUT /api/user/info?t=1566025638754 HTTP/1.1" 200 43 "http://localhost:8080/console/user" "Mozilla/5.0 (Macintosh; Intel Mac OS X 10_14_6) AppleWebKit/537.36 (KHTML, like Gecko) Chrome/76.0.3809.100 Safari/537.36"
::1 - - [17/Aug/2019:07:07:56 +0000] "GET /api/common/checkLogin?t=1566025676320 HTTP/1.1" 200 123 "http://localhost:8080/console/user" "Mozilla/5.0 (Macintosh; Intel Mac OS X 10_14_6) AppleWebKit/537.36 (KHTML, like Gecko) Chrome/76.0.3809.100 Safari/537.36"
::1 - - [17/Aug/2019:07:07:59 +0000] "GET /api/common/checkLogin?t=1566025679728 HTTP/1.1" 200 123 "http://localhost:8080/console/user" "Mozilla/5.0 (Macintosh; Intel Mac OS X 10_14_6) AppleWebKit/537.36 (KHTML, like Gecko) Chrome/76.0.3809.100 Safari/537.36"
::1 - - [17/Aug/2019:07:08:05 +0000] "PUT /api/user/info?t=1566025685013 HTTP/1.1" 200 43 "http://localhost:8080/console/user" "Mozilla/5.0 (Macintosh; Intel Mac OS X 10_14_6) AppleWebKit/537.36 (KHTML, like Gecko) Chrome/76.0.3809.100 Safari/537.36"
::1 - - [17/Aug/2019:13:27:18 +0000] "GET /api/common/checkLogin?t=1566048438058 HTTP/1.1" 200 101 "http://localhost:8080/console/user" "Mozilla/5.0 (Macintosh; Intel Mac OS X 10_14_6) AppleWebKit/537.36 (KHTML, like Gecko) Chrome/76.0.3809.100 Safari/537.36"
::1 - - [17/Aug/2019:13:35:10 +0000] "GET /api/login/logout?t=1566048910782 HTTP/1.1" 200 38 "http://localhost:8080/console/user" "Mozilla/5.0 (Macintosh; Intel Mac OS X 10_14_6) AppleWebKit/537.36 (KHTML, like Gecko) Chrome/76.0.3809.100 Safari/537.36"
::1 - - [17/Aug/2019:13:35:20 +0000] "POST /api/login/login?t=1566048920092 HTTP/1.1" 200 224 "http://localhost:8080/login" "Mozilla/5.0 (Macintosh; Intel Mac OS X 10_14_6) AppleWebKit/537.36 (KHTML, like Gecko) Chrome/76.0.3809.100 Safari/537.36"
::1 - - [17/Aug/2019:13:35:20 +0000] "GET /api/common/checkLogin?t=1566048920637 HTTP/1.1" 200 101 "http://localhost:8080/console/vehicle" "Mozilla/5.0 (Macintosh; Intel Mac OS X 10_14_6) AppleWebKit/537.36 (KHTML, like Gecko) Chrome/76.0.3809.100 Safari/537.36"
::1 - - [17/Aug/2019:13:35:20 +0000] "GET /api/vehicle/list?t=1566048920637&page=1&pageSize=10 HTTP/1.1" 200 1779 "http://localhost:8080/console/vehicle" "Mozilla/5.0 (Macintosh; Intel Mac OS X 10_14_6) AppleWebKit/537.36 (KHTML, like Gecko) Chrome/76.0.3809.100 Safari/537.36"
::1 - - [17/Aug/2019:13:39:10 +0000] "POST /api/common/code HTTP/1.1" 404 155 "-" "PostmanRuntime/7.15.2"
::1 - - [17/Aug/2019:13:39:28 +0000] "GET /api/common/code HTTP/1.1" 200 45 "-" "PostmanRuntime/7.15.2"
::1 - - [17/Aug/2019:13:39:37 +0000] "GET /api/common/code?phone=15605172209 HTTP/1.1" 200 45 "-" "PostmanRuntime/7.15.2"
::1 - - [17/Aug/2019:13:39:48 +0000] "GET /api/common/code?phone=15605172209 HTTP/1.1" 500 2602 "-" "PostmanRuntime/7.15.2"
::1 - - [17/Aug/2019:13:42:15 +0000] "GET /api/common/code?phone=15605172209 HTTP/1.1" 200 89 "-" "PostmanRuntime/7.15.2"
::1 - - [17/Aug/2019:13:44:20 +0000] "GET /api/common/code?phone=15605172209 HTTP/1.1" 200 92 "-" "PostmanRuntime/7.15.2"
::1 - - [17/Aug/2019:13:46:55 +0000] "GET /api/common/code?phone=15605172209 HTTP/1.1" 200 38 "-" "PostmanRuntime/7.15.2"
::1 - - [17/Aug/2019:13:48:49 +0000] "GET /api/common/code?phone=15605172209 HTTP/1.1" 200 60 "-" "PostmanRuntime/7.15.2"
::1 - - [17/Aug/2019:13:52:44 +0000] "GET /api/common/code?phone=15605172209 HTTP/1.1" 200 60 "-" "PostmanRuntime/7.15.2"
::1 - - [17/Aug/2019:13:54:54 +0000] "GET /api/common/code?phone=15605172209 HTTP/1.1" 200 60 "-" "PostmanRuntime/7.15.2"
::1 - - [17/Aug/2019:13:55:29 +0000] "GET /api/common/code?phone=15605172209 HTTP/1.1" 200 60 "-" "PostmanRuntime/7.15.2"
::1 - - [17/Aug/2019:13:55:45 +0000] "GET /api/common/code?phone=15605172209 HTTP/1.1" 200 60 "-" "PostmanRuntime/7.15.2"
::1 - - [17/Aug/2019:13:56:20 +0000] "GET /api/common/code?phone=15605172209 HTTP/1.1" 200 143 "-" "PostmanRuntime/7.15.2"
::1 - - [17/Aug/2019:13:57:11 +0000] "GET /api/common/code?phone=15605172209 HTTP/1.1" 200 137 "-" "PostmanRuntime/7.15.2"
::1 - - [17/Aug/2019:14:01:34 +0000] "POST /api/user/info/base HTTP/1.1" 404 158 "-" "PostmanRuntime/7.15.2"
::1 - - [17/Aug/2019:14:01:55 +0000] "PUT /api/user/info/base HTTP/1.1" - - "-" "PostmanRuntime/7.15.2"
::1 - - [17/Aug/2019:14:05:40 +0000] "GET /api/common/checkLogin?t=1566050740490 HTTP/1.1" 200 101 "http://localhost:8080/console/vehicle" "Mozilla/5.0 (Macintosh; Intel Mac OS X 10_14_6) AppleWebKit/537.36 (KHTML, like Gecko) Chrome/76.0.3809.100 Safari/537.36"
::1 - - [17/Aug/2019:14:05:40 +0000] "GET /api/vehicle/list?t=1566050740490&page=1&pageSize=10 HTTP/1.1" 200 1779 "http://localhost:8080/console/vehicle" "Mozilla/5.0 (Macintosh; Intel Mac OS X 10_14_6) AppleWebKit/537.36 (KHTML, like Gecko) Chrome/76.0.3809.100 Safari/537.36"
::1 - - [17/Aug/2019:14:05:48 +0000] "GET /api/common/checkLogin?t=1566050748718 HTTP/1.1" 200 101 "http://localhost:8080/console/vehicle" "Mozilla/5.0 (Macintosh; Intel Mac OS X 10_14_6) AppleWebKit/537.36 (KHTML, like Gecko) Chrome/76.0.3809.100 Safari/537.36"
::1 - - [17/Aug/2019:14:05:48 +0000] "GET /api/vehicle/list?t=1566050748718&page=1&pageSize=10 HTTP/1.1" 200 1779 "http://localhost:8080/console/vehicle" "Mozilla/5.0 (Macintosh; Intel Mac OS X 10_14_6) AppleWebKit/537.36 (KHTML, like Gecko) Chrome/76.0.3809.100 Safari/537.36"
::1 - - [17/Aug/2019:14:06:02 +0000] "GET /api/vehicle/list?t=1566050762024&page=1&pageSize=10 HTTP/1.1" 200 1779 "http://localhost:8080/console/vehicle" "Mozilla/5.0 (Macintosh; Intel Mac OS X 10_14_6) AppleWebKit/537.36 (KHTML, like Gecko) Chrome/76.0.3809.100 Safari/537.36"
::1 - - [17/Aug/2019:14:06:02 +0000] "GET /api/common/checkLogin?t=1566050762024 HTTP/1.1" 200 101 "http://localhost:8080/console/vehicle" "Mozilla/5.0 (Macintosh; Intel Mac OS X 10_14_6) AppleWebKit/537.36 (KHTML, like Gecko) Chrome/76.0.3809.100 Safari/537.36"
::1 - - [17/Aug/2019:14:07:03 +0000] "GET /api/common/checkLogin?t=1566050823720 HTTP/1.1" 200 101 "http://localhost:8080/console/vehicle" "Mozilla/5.0 (Macintosh; Intel Mac OS X 10_14_6) AppleWebKit/537.36 (KHTML, like Gecko) Chrome/76.0.3809.100 Safari/537.36"
::1 - - [17/Aug/2019:14:07:03 +0000] "GET /api/vehicle/list?t=1566050823720&page=1&pageSize=10 HTTP/1.1" 200 1779 "http://localhost:8080/console/vehicle" "Mozilla/5.0 (Macintosh; Intel Mac OS X 10_14_6) AppleWebKit/537.36 (KHTML, like Gecko) Chrome/76.0.3809.100 Safari/537.36"
::1 - - [17/Aug/2019:14:07:23 +0000] "GET /api/vehicle/list?t=1566050842991&page=1&pageSize=10 HTTP/1.1" 200 1779 "http://localhost:8080/console/vehicle" "Mozilla/5.0 (Macintosh; Intel Mac OS X 10_14_6) AppleWebKit/537.36 (KHTML, like Gecko) Chrome/76.0.3809.100 Safari/537.36"
::1 - - [17/Aug/2019:14:07:23 +0000] "GET /api/common/checkLogin?t=1566050842991 HTTP/1.1" 200 101 "http://localhost:8080/console/vehicle" "Mozilla/5.0 (Macintosh; Intel Mac OS X 10_14_6) AppleWebKit/537.36 (KHTML, like Gecko) Chrome/76.0.3809.100 Safari/537.36"
::1 - - [17/Aug/2019:14:07:35 +0000] "GET /api/vehicle/list?t=1566050855907&page=1&pageSize=10 HTTP/1.1" 200 1779 "http://localhost:8080/console/vehicle" "Mozilla/5.0 (Macintosh; Intel Mac OS X 10_14_6) AppleWebKit/537.36 (KHTML, like Gecko) Chrome/76.0.3809.100 Safari/537.36"
::1 - - [17/Aug/2019:14:07:35 +0000] "GET /api/common/checkLogin?t=1566050855907 HTTP/1.1" 200 101 "http://localhost:8080/console/vehicle" "Mozilla/5.0 (Macintosh; Intel Mac OS X 10_14_6) AppleWebKit/537.36 (KHTML, like Gecko) Chrome/76.0.3809.100 Safari/537.36"
::1 - - [17/Aug/2019:14:07:58 +0000] "GET /api/vehicle/list?t=1566050878747&page=1&pageSize=10 HTTP/1.1" 200 1779 "http://localhost:8080/console/vehicle" "Mozilla/5.0 (Macintosh; Intel Mac OS X 10_14_6) AppleWebKit/537.36 (KHTML, like Gecko) Chrome/76.0.3809.100 Safari/537.36"
::1 - - [17/Aug/2019:14:07:58 +0000] "GET /api/common/checkLogin?t=1566050878747 HTTP/1.1" 200 101 "http://localhost:8080/console/vehicle" "Mozilla/5.0 (Macintosh; Intel Mac OS X 10_14_6) AppleWebKit/537.36 (KHTML, like Gecko) Chrome/76.0.3809.100 Safari/537.36"
::1 - - [17/Aug/2019:14:08:16 +0000] "GET /api/vehicle/list?t=1566050896720&page=1&pageSize=10 HTTP/1.1" 200 1779 "http://localhost:8080/console/vehicle" "Mozilla/5.0 (Macintosh; Intel Mac OS X 10_14_6) AppleWebKit/537.36 (KHTML, like Gecko) Chrome/76.0.3809.100 Safari/537.36"
::1 - - [17/Aug/2019:14:08:16 +0000] "GET /api/common/checkLogin?t=1566050896720 HTTP/1.1" 200 101 "http://localhost:8080/console/vehicle" "Mozilla/5.0 (Macintosh; Intel Mac OS X 10_14_6) AppleWebKit/537.36 (KHTML, like Gecko) Chrome/76.0.3809.100 Safari/537.36"
::1 - - [17/Aug/2019:14:08:25 +0000] "GET /api/vehicle/list?t=1566050905284&page=1&pageSize=10 HTTP/1.1" 200 1779 "http://localhost:8080/console/vehicle" "Mozilla/5.0 (Macintosh; Intel Mac OS X 10_14_6) AppleWebKit/537.36 (KHTML, like Gecko) Chrome/76.0.3809.100 Safari/537.36"
::1 - - [17/Aug/2019:14:08:25 +0000] "GET /api/common/checkLogin?t=1566050905284 HTTP/1.1" 200 101 "http://localhost:8080/console/vehicle" "Mozilla/5.0 (Macintosh; Intel Mac OS X 10_14_6) AppleWebKit/537.36 (KHTML, like Gecko) Chrome/76.0.3809.100 Safari/537.36"
::1 - - [17/Aug/2019:14:08:30 +0000] "GET /api/vehicle/list?t=1566050910958&page=1&pageSize=10 HTTP/1.1" 200 1779 "http://localhost:8080/console/vehicle" "Mozilla/5.0 (Macintosh; Intel Mac OS X 10_14_6) AppleWebKit/537.36 (KHTML, like Gecko) Chrome/76.0.3809.100 Safari/537.36"
::1 - - [17/Aug/2019:14:08:30 +0000] "GET /api/common/checkLogin?t=1566050910958 HTTP/1.1" 200 101 "http://localhost:8080/console/vehicle" "Mozilla/5.0 (Macintosh; Intel Mac OS X 10_14_6) AppleWebKit/537.36 (KHTML, like Gecko) Chrome/76.0.3809.100 Safari/537.36"
::1 - - [17/Aug/2019:14:08:33 +0000] "GET /api/vehicle/list?t=1566050913326&page=1&pageSize=10 HTTP/1.1" 200 1779 "http://localhost:8080/console/vehicle" "Mozilla/5.0 (Macintosh; Intel Mac OS X 10_14_6) AppleWebKit/537.36 (KHTML, like Gecko) Chrome/76.0.3809.100 Safari/537.36"
::1 - - [17/Aug/2019:14:08:33 +0000] "GET /api/common/checkLogin?t=1566050913326 HTTP/1.1" 200 101 "http://localhost:8080/console/vehicle" "Mozilla/5.0 (Macintosh; Intel Mac OS X 10_14_6) AppleWebKit/537.36 (KHTML, like Gecko) Chrome/76.0.3809.100 Safari/537.36"
::1 - - [17/Aug/2019:14:08:42 +0000] "GET /api/common/checkLogin?t=1566050922022 HTTP/1.1" 200 101 "http://localhost:8080/console/vehicle" "Mozilla/5.0 (Macintosh; Intel Mac OS X 10_14_6) AppleWebKit/537.36 (KHTML, like Gecko) Chrome/76.0.3809.100 Safari/537.36"
::1 - - [17/Aug/2019:14:08:42 +0000] "GET /api/vehicle/list?t=1566050922022&page=1&pageSize=10 HTTP/1.1" 200 1779 "http://localhost:8080/console/vehicle" "Mozilla/5.0 (Macintosh; Intel Mac OS X 10_14_6) AppleWebKit/537.36 (KHTML, like Gecko) Chrome/76.0.3809.100 Safari/537.36"
::1 - - [17/Aug/2019:14:08:58 +0000] "GET /api/vehicle/list?t=1566050938077&page=1&pageSize=10 HTTP/1.1" 200 1779 "http://localhost:8080/console/vehicle" "Mozilla/5.0 (Macintosh; Intel Mac OS X 10_14_6) AppleWebKit/537.36 (KHTML, like Gecko) Chrome/76.0.3809.100 Safari/537.36"
::1 - - [17/Aug/2019:14:08:58 +0000] "GET /api/common/checkLogin?t=1566050938077 HTTP/1.1" 200 101 "http://localhost:8080/console/vehicle" "Mozilla/5.0 (Macintosh; Intel Mac OS X 10_14_6) AppleWebKit/537.36 (KHTML, like Gecko) Chrome/76.0.3809.100 Safari/537.36"
::1 - - [17/Aug/2019:14:09:32 +0000] "GET /api/vehicle/list?t=1566050972272&page=1&pageSize=10 HTTP/1.1" 200 1779 "http://localhost:8080/console/vehicle" "Mozilla/5.0 (Macintosh; Intel Mac OS X 10_14_6) AppleWebKit/537.36 (KHTML, like Gecko) Chrome/76.0.3809.100 Safari/537.36"
::1 - - [17/Aug/2019:14:09:32 +0000] "GET /api/common/checkLogin?t=1566050972272 HTTP/1.1" 200 101 "http://localhost:8080/console/vehicle" "Mozilla/5.0 (Macintosh; Intel Mac OS X 10_14_6) AppleWebKit/537.36 (KHTML, like Gecko) Chrome/76.0.3809.100 Safari/537.36"
::1 - - [17/Aug/2019:14:09:36 +0000] "GET /api/vehicle/list?t=1566050976888&page=1&pageSize=10 HTTP/1.1" 200 1779 "http://localhost:8080/console/vehicle" "Mozilla/5.0 (Macintosh; Intel Mac OS X 10_14_6) AppleWebKit/537.36 (KHTML, like Gecko) Chrome/76.0.3809.100 Safari/537.36"
::1 - - [17/Aug/2019:14:09:36 +0000] "GET /api/common/checkLogin?t=1566050976888 HTTP/1.1" 200 101 "http://localhost:8080/console/vehicle" "Mozilla/5.0 (Macintosh; Intel Mac OS X 10_14_6) AppleWebKit/537.36 (KHTML, like Gecko) Chrome/76.0.3809.100 Safari/537.36"
::1 - - [17/Aug/2019:14:09:55 +0000] "GET /api/vehicle/list?t=1566050995050&page=1&pageSize=10 HTTP/1.1" 200 1779 "http://localhost:8080/console/vehicle" "Mozilla/5.0 (Macintosh; Intel Mac OS X 10_14_6) AppleWebKit/537.36 (KHTML, like Gecko) Chrome/76.0.3809.100 Safari/537.36"
::1 - - [17/Aug/2019:14:09:55 +0000] "GET /api/common/checkLogin?t=1566050995050 HTTP/1.1" 200 101 "http://localhost:8080/console/vehicle" "Mozilla/5.0 (Macintosh; Intel Mac OS X 10_14_6) AppleWebKit/537.36 (KHTML, like Gecko) Chrome/76.0.3809.100 Safari/537.36"
::1 - - [17/Aug/2019:14:09:58 +0000] "GET /api/vehicle/list?t=1566050998420&page=1&pageSize=10 HTTP/1.1" 200 1779 "http://localhost:8080/console/vehicle" "Mozilla/5.0 (Macintosh; Intel Mac OS X 10_14_6) AppleWebKit/537.36 (KHTML, like Gecko) Chrome/76.0.3809.100 Safari/537.36"
::1 - - [17/Aug/2019:14:09:58 +0000] "GET /api/common/checkLogin?t=1566050998421 HTTP/1.1" 200 101 "http://localhost:8080/console/vehicle" "Mozilla/5.0 (Macintosh; Intel Mac OS X 10_14_6) AppleWebKit/537.36 (KHTML, like Gecko) Chrome/76.0.3809.100 Safari/537.36"
::1 - - [17/Aug/2019:14:10:03 +0000] "GET /api/vehicle/list?t=1566051003587&page=1&pageSize=10 HTTP/1.1" 200 1779 "http://localhost:8080/console/vehicle" "Mozilla/5.0 (Macintosh; Intel Mac OS X 10_14_6) AppleWebKit/537.36 (KHTML, like Gecko) Chrome/76.0.3809.100 Safari/537.36"
::1 - - [17/Aug/2019:14:10:03 +0000] "GET /api/common/checkLogin?t=1566051003587 HTTP/1.1" 200 101 "http://localhost:8080/console/vehicle" "Mozilla/5.0 (Macintosh; Intel Mac OS X 10_14_6) AppleWebKit/537.36 (KHTML, like Gecko) Chrome/76.0.3809.100 Safari/537.36"
::1 - - [17/Aug/2019:14:10:15 +0000] "GET /api/vehicle/list?t=1566051015423&page=1&pageSize=10 HTTP/1.1" 200 1779 "http://localhost:8080/console/vehicle" "Mozilla/5.0 (Macintosh; Intel Mac OS X 10_14_6) AppleWebKit/537.36 (KHTML, like Gecko) Chrome/76.0.3809.100 Safari/537.36"
::1 - - [17/Aug/2019:14:10:15 +0000] "GET /api/common/checkLogin?t=1566051015424 HTTP/1.1" 200 101 "http://localhost:8080/console/vehicle" "Mozilla/5.0 (Macintosh; Intel Mac OS X 10_14_6) AppleWebKit/537.36 (KHTML, like Gecko) Chrome/76.0.3809.100 Safari/537.36"
::1 - - [17/Aug/2019:14:10:18 +0000] "GET /api/vehicle/list?t=1566051018719&page=1&pageSize=10 HTTP/1.1" 200 1779 "http://localhost:8080/console/vehicle" "Mozilla/5.0 (Macintosh; Intel Mac OS X 10_14_6) AppleWebKit/537.36 (KHTML, like Gecko) Chrome/76.0.3809.100 Safari/537.36"
::1 - - [17/Aug/2019:14:10:18 +0000] "GET /api/common/checkLogin?t=1566051018719 HTTP/1.1" 200 101 "http://localhost:8080/console/vehicle" "Mozilla/5.0 (Macintosh; Intel Mac OS X 10_14_6) AppleWebKit/537.36 (KHTML, like Gecko) Chrome/76.0.3809.100 Safari/537.36"
::1 - - [17/Aug/2019:14:10:20 +0000] "GET /api/common/checkLogin?t=1566051020553 HTTP/1.1" 200 101 "http://localhost:8080/console/vehicle" "Mozilla/5.0 (Macintosh; Intel Mac OS X 10_14_6) AppleWebKit/537.36 (KHTML, like Gecko) Chrome/76.0.3809.100 Safari/537.36"
::1 - - [17/Aug/2019:14:10:20 +0000] "GET /api/vehicle/list?t=1566051020553&page=1&pageSize=10 HTTP/1.1" 200 1779 "http://localhost:8080/console/vehicle" "Mozilla/5.0 (Macintosh; Intel Mac OS X 10_14_6) AppleWebKit/537.36 (KHTML, like Gecko) Chrome/76.0.3809.100 Safari/537.36"
::1 - - [17/Aug/2019:14:10:24 +0000] "GET /api/vehicle/list?t=1566051024378&page=1&pageSize=10 HTTP/1.1" 200 1779 "http://localhost:8080/console/vehicle" "Mozilla/5.0 (Macintosh; Intel Mac OS X 10_14_6) AppleWebKit/537.36 (KHTML, like Gecko) Chrome/76.0.3809.100 Safari/537.36"
::1 - - [17/Aug/2019:14:10:24 +0000] "GET /api/common/checkLogin?t=1566051024378 HTTP/1.1" 200 101 "http://localhost:8080/console/vehicle" "Mozilla/5.0 (Macintosh; Intel Mac OS X 10_14_6) AppleWebKit/537.36 (KHTML, like Gecko) Chrome/76.0.3809.100 Safari/537.36"
::1 - - [17/Aug/2019:14:10:27 +0000] "GET /api/vehicle/list?t=1566051027824&page=1&pageSize=10 HTTP/1.1" 200 1779 "http://localhost:8080/console/vehicle" "Mozilla/5.0 (Macintosh; Intel Mac OS X 10_14_6) AppleWebKit/537.36 (KHTML, like Gecko) Chrome/76.0.3809.100 Safari/537.36"
::1 - - [17/Aug/2019:14:10:27 +0000] "GET /api/common/checkLogin?t=1566051027824 HTTP/1.1" 200 101 "http://localhost:8080/console/vehicle" "Mozilla/5.0 (Macintosh; Intel Mac OS X 10_14_6) AppleWebKit/537.36 (KHTML, like Gecko) Chrome/76.0.3809.100 Safari/537.36"
::1 - - [17/Aug/2019:14:11:30 +0000] "GET /api/vehicle/list?t=1566051090095&page=1&pageSize=10 HTTP/1.1" 200 1779 "http://localhost:8080/console/vehicle" "Mozilla/5.0 (Macintosh; Intel Mac OS X 10_14_6) AppleWebKit/537.36 (KHTML, like Gecko) Chrome/76.0.3809.100 Safari/537.36"
::1 - - [17/Aug/2019:14:11:30 +0000] "GET /api/common/checkLogin?t=1566051090095 HTTP/1.1" 200 101 "http://localhost:8080/console/vehicle" "Mozilla/5.0 (Macintosh; Intel Mac OS X 10_14_6) AppleWebKit/537.36 (KHTML, like Gecko) Chrome/76.0.3809.100 Safari/537.36"
::1 - - [17/Aug/2019:14:11:38 +0000] "GET /api/vehicle/list?t=1566051098060&page=1&pageSize=10 HTTP/1.1" 200 1779 "http://localhost:8080/console/vehicle" "Mozilla/5.0 (Macintosh; Intel Mac OS X 10_14_6) AppleWebKit/537.36 (KHTML, like Gecko) Chrome/76.0.3809.100 Safari/537.36"
::1 - - [17/Aug/2019:14:11:38 +0000] "GET /api/common/checkLogin?t=1566051098060 HTTP/1.1" 200 101 "http://localhost:8080/console/vehicle" "Mozilla/5.0 (Macintosh; Intel Mac OS X 10_14_6) AppleWebKit/537.36 (KHTML, like Gecko) Chrome/76.0.3809.100 Safari/537.36"
::1 - - [17/Aug/2019:14:11:50 +0000] "GET /api/vehicle/list?t=1566051110503&page=1&pageSize=10 HTTP/1.1" 200 1779 "http://localhost:8080/console/vehicle" "Mozilla/5.0 (Macintosh; Intel Mac OS X 10_14_6) AppleWebKit/537.36 (KHTML, like Gecko) Chrome/76.0.3809.100 Safari/537.36"
::1 - - [17/Aug/2019:14:11:50 +0000] "GET /api/common/checkLogin?t=1566051110503 HTTP/1.1" 200 101 "http://localhost:8080/console/vehicle" "Mozilla/5.0 (Macintosh; Intel Mac OS X 10_14_6) AppleWebKit/537.36 (KHTML, like Gecko) Chrome/76.0.3809.100 Safari/537.36"
::1 - - [17/Aug/2019:14:12:00 +0000] "OPTIONS /api/user/info?t=1566051120071 HTTP/1.1" 404 156 "http://localhost:8080/console/user" "Mozilla/5.0 (Macintosh; Intel Mac OS X 10_14_6) AppleWebKit/537.36 (KHTML, like Gecko) Chrome/76.0.3809.100 Safari/537.36"
::1 - - [17/Aug/2019:14:12:35 +0000] "GET /api/common/checkLogin?t=1566051155021 HTTP/1.1" 200 101 "http://localhost:8080/console/user" "Mozilla/5.0 (Macintosh; Intel Mac OS X 10_14_6) AppleWebKit/537.36 (KHTML, like Gecko) Chrome/76.0.3809.100 Safari/537.36"
::1 - - [17/Aug/2019:14:12:35 +0000] "GET /api/order/list?t=1566051155694&page=1&pageSize=10 HTTP/1.1" 200 2266 "http://localhost:8080/console/order" "Mozilla/5.0 (Macintosh; Intel Mac OS X 10_14_6) AppleWebKit/537.36 (KHTML, like Gecko) Chrome/76.0.3809.100 Safari/537.36"
::1 - - [17/Aug/2019:14:12:35 +0000] "GET /api/city/all?t=1566051155694 HTTP/1.1" 200 6279 "http://localhost:8080/console/order" "Mozilla/5.0 (Macintosh; Intel Mac OS X 10_14_6) AppleWebKit/537.36 (KHTML, like Gecko) Chrome/76.0.3809.100 Safari/537.36"
::1 - - [17/Aug/2019:14:12:42 +0000] "OPTIONS /api/user/info?t=1566051162468 HTTP/1.1" 404 156 "http://localhost:8080/console/user" "Mozilla/5.0 (Macintosh; Intel Mac OS X 10_14_6) AppleWebKit/537.36 (KHTML, like Gecko) Chrome/76.0.3809.100 Safari/537.36"
::1 - - [17/Aug/2019:14:14:54 +0000] "GET /api/common/checkLogin?t=1566051294135 HTTP/1.1" 200 101 "http://localhost:8080/console/user" "Mozilla/5.0 (Macintosh; Intel Mac OS X 10_14_6) AppleWebKit/537.36 (KHTML, like Gecko) Chrome/76.0.3809.100 Safari/537.36"
::1 - - [17/Aug/2019:14:15:40 +0000] "GET /api/common/checkLogin?t=1566051340049 HTTP/1.1" 200 101 "http://localhost:8080/console/user" "Mozilla/5.0 (Macintosh; Intel Mac OS X 10_14_6) AppleWebKit/537.36 (KHTML, like Gecko) Chrome/76.0.3809.100 Safari/537.36"
::1 - - [17/Aug/2019:14:15:45 +0000] "GET /api/common/checkLogin?t=1566051345570 HTTP/1.1" 200 101 "http://localhost:8080/console/user" "Mozilla/5.0 (Macintosh; Intel Mac OS X 10_14_6) AppleWebKit/537.36 (KHTML, like Gecko) Chrome/76.0.3809.100 Safari/537.36"
::1 - - [17/Aug/2019:14:15:49 +0000] "GET /api/common/checkLogin?t=1566051349822 HTTP/1.1" 200 101 "http://localhost:8080/console/user" "Mozilla/5.0 (Macintosh; Intel Mac OS X 10_14_6) AppleWebKit/537.36 (KHTML, like Gecko) Chrome/76.0.3809.100 Safari/537.36"
::1 - - [17/Aug/2019:14:16:02 +0000] "GET /api/common/checkLogin?t=1566051362491 HTTP/1.1" 200 101 "http://localhost:8080/console/user" "Mozilla/5.0 (Macintosh; Intel Mac OS X 10_14_6) AppleWebKit/537.36 (KHTML, like Gecko) Chrome/76.0.3809.100 Safari/537.36"
::1 - - [17/Aug/2019:14:16:04 +0000] "GET /api/common/checkLogin?t=1566051364933 HTTP/1.1" 200 101 "http://localhost:8080/console/user" "Mozilla/5.0 (Macintosh; Intel Mac OS X 10_14_6) AppleWebKit/537.36 (KHTML, like Gecko) Chrome/76.0.3809.100 Safari/537.36"
::1 - - [17/Aug/2019:14:16:11 +0000] "GET /api/common/checkLogin?t=1566051371705 HTTP/1.1" 200 101 "http://localhost:8080/console/user" "Mozilla/5.0 (Macintosh; Intel Mac OS X 10_14_6) AppleWebKit/537.36 (KHTML, like Gecko) Chrome/76.0.3809.100 Safari/537.36"
::1 - - [17/Aug/2019:14:16:15 +0000] "GET /api/common/checkLogin?t=1566051375510 HTTP/1.1" 200 101 "http://localhost:8080/console/user" "Mozilla/5.0 (Macintosh; Intel Mac OS X 10_14_6) AppleWebKit/537.36 (KHTML, like Gecko) Chrome/76.0.3809.100 Safari/537.36"
::1 - - [17/Aug/2019:14:16:18 +0000] "OPTIONS /api/user/info/base?t=1566051378146 HTTP/1.1" 200 3 "http://localhost:8080/console/user" "Mozilla/5.0 (Macintosh; Intel Mac OS X 10_14_6) AppleWebKit/537.36 (KHTML, like Gecko) Chrome/76.0.3809.100 Safari/537.36"
::1 - - [17/Aug/2019:14:16:18 +0000] "PUT /api/user/info/base?t=1566051378146 HTTP/1.1" 200 43 "http://localhost:8080/console/user" "Mozilla/5.0 (Macintosh; Intel Mac OS X 10_14_6) AppleWebKit/537.36 (KHTML, like Gecko) Chrome/76.0.3809.100 Safari/537.36"
::1 - - [17/Aug/2019:14:16:28 +0000] "GET /api/common/code?t=1566051388781&type=password HTTP/1.1" 200 114 "http://localhost:8080/console/user" "Mozilla/5.0 (Macintosh; Intel Mac OS X 10_14_6) AppleWebKit/537.36 (KHTML, like Gecko) Chrome/76.0.3809.100 Safari/537.36"
::1 - - [17/Aug/2019:14:16:49 +0000] "GET /api/login/logout?t=1566051409323 HTTP/1.1" 200 38 "http://localhost:8080/console/user" "Mozilla/5.0 (Macintosh; Intel Mac OS X 10_14_6) AppleWebKit/537.36 (KHTML, like Gecko) Chrome/76.0.3809.100 Safari/537.36"
::1 - - [17/Aug/2019:14:16:58 +0000] "POST /api/login/login?t=1566051418610 HTTP/1.1" 200 224 "http://localhost:8080/login" "Mozilla/5.0 (Macintosh; Intel Mac OS X 10_14_6) AppleWebKit/537.36 (KHTML, like Gecko) Chrome/76.0.3809.100 Safari/537.36"
::1 - - [17/Aug/2019:14:16:59 +0000] "GET /api/common/checkLogin?t=1566051419099 HTTP/1.1" 200 101 "http://localhost:8080/console/vehicle" "Mozilla/5.0 (Macintosh; Intel Mac OS X 10_14_6) AppleWebKit/537.36 (KHTML, like Gecko) Chrome/76.0.3809.100 Safari/537.36"
::1 - - [17/Aug/2019:14:16:59 +0000] "GET /api/vehicle/list?t=1566051419099&page=1&pageSize=10 HTTP/1.1" 200 1779 "http://localhost:8080/console/vehicle" "Mozilla/5.0 (Macintosh; Intel Mac OS X 10_14_6) AppleWebKit/537.36 (KHTML, like Gecko) Chrome/76.0.3809.100 Safari/537.36"
::1 - - [17/Aug/2019:14:17:28 +0000] "GET /api/common/code?t=1566051448006&type=password HTTP/1.1" 200 128 "http://localhost:8080/console/user" "Mozilla/5.0 (Macintosh; Intel Mac OS X 10_14_6) AppleWebKit/537.36 (KHTML, like Gecko) Chrome/76.0.3809.100 Safari/537.36"
::1 - - [17/Aug/2019:14:17:57 +0000] "OPTIONS /api/user/info/password?t=1566051477722 HTTP/1.1" 200 3 "http://localhost:8080/console/user" "Mozilla/5.0 (Macintosh; Intel Mac OS X 10_14_6) AppleWebKit/537.36 (KHTML, like Gecko) Chrome/76.0.3809.100 Safari/537.36"
::1 - - [17/Aug/2019:14:17:57 +0000] "PUT /api/user/info/password?t=1566051477722 HTTP/1.1" 200 46 "http://localhost:8080/console/user" "Mozilla/5.0 (Macintosh; Intel Mac OS X 10_14_6) AppleWebKit/537.36 (KHTML, like Gecko) Chrome/76.0.3809.100 Safari/537.36"
::1 - - [17/Aug/2019:14:18:01 +0000] "OPTIONS /api/user/info/password?t=1566051481906 HTTP/1.1" 200 3 "http://localhost:8080/console/user" "Mozilla/5.0 (Macintosh; Intel Mac OS X 10_14_6) AppleWebKit/537.36 (KHTML, like Gecko) Chrome/76.0.3809.100 Safari/537.36"
::1 - - [17/Aug/2019:14:18:01 +0000] "PUT /api/user/info/password?t=1566051481906 HTTP/1.1" 200 309 "http://localhost:8080/console/user" "Mozilla/5.0 (Macintosh; Intel Mac OS X 10_14_6) AppleWebKit/537.36 (KHTML, like Gecko) Chrome/76.0.3809.100 Safari/537.36"
::1 - - [17/Aug/2019:14:19:00 +0000] "GET /api/common/checkLogin?t=1566051540144 HTTP/1.1" 200 101 "http://localhost:8080/console/user" "Mozilla/5.0 (Macintosh; Intel Mac OS X 10_14_6) AppleWebKit/537.36 (KHTML, like Gecko) Chrome/76.0.3809.100 Safari/537.36"
::1 - - [17/Aug/2019:14:19:08 +0000] "GET /api/common/checkLogin?t=1566051548115 HTTP/1.1" 200 101 "http://localhost:8080/console/user" "Mozilla/5.0 (Macintosh; Intel Mac OS X 10_14_6) AppleWebKit/537.36 (KHTML, like Gecko) Chrome/76.0.3809.100 Safari/537.36"
::1 - - [17/Aug/2019:14:19:20 +0000] "GET /api/common/checkLogin?t=1566051560287 HTTP/1.1" 200 101 "http://localhost:8080/console/user" "Mozilla/5.0 (Macintosh; Intel Mac OS X 10_14_6) AppleWebKit/537.36 (KHTML, like Gecko) Chrome/76.0.3809.100 Safari/537.36"
::1 - - [17/Aug/2019:14:19:22 +0000] "GET /api/common/checkLogin?t=1566051562933 HTTP/1.1" 200 101 "http://localhost:8080/console/user" "Mozilla/5.0 (Macintosh; Intel Mac OS X 10_14_6) AppleWebKit/537.36 (KHTML, like Gecko) Chrome/76.0.3809.100 Safari/537.36"
::1 - - [17/Aug/2019:14:19:25 +0000] "GET /api/common/checkLogin?t=1566051565584 HTTP/1.1" 200 101 "http://localhost:8080/console/user" "Mozilla/5.0 (Macintosh; Intel Mac OS X 10_14_6) AppleWebKit/537.36 (KHTML, like Gecko) Chrome/76.0.3809.100 Safari/537.36"
::1 - - [17/Aug/2019:14:19:31 +0000] "GET /api/common/checkLogin?t=1566051571659 HTTP/1.1" 200 101 "http://localhost:8080/console/user" "Mozilla/5.0 (Macintosh; Intel Mac OS X 10_14_6) AppleWebKit/537.36 (KHTML, like Gecko) Chrome/76.0.3809.100 Safari/537.36"
::1 - - [17/Aug/2019:14:19:37 +0000] "GET /api/common/checkLogin?t=1566051577134 HTTP/1.1" 200 101 "http://localhost:8080/console/user" "Mozilla/5.0 (Macintosh; Intel Mac OS X 10_14_6) AppleWebKit/537.36 (KHTML, like Gecko) Chrome/76.0.3809.100 Safari/537.36"
::1 - - [17/Aug/2019:14:19:45 +0000] "OPTIONS /api/user/info/password?t=1566051585431 HTTP/1.1" 200 3 "http://localhost:8080/console/user" "Mozilla/5.0 (Macintosh; Intel Mac OS X 10_14_6) AppleWebKit/537.36 (KHTML, like Gecko) Chrome/76.0.3809.100 Safari/537.36"
::1 - - [17/Aug/2019:14:19:45 +0000] "PUT /api/user/info/password?t=1566051585431 HTTP/1.1" 200 43 "http://localhost:8080/console/user" "Mozilla/5.0 (Macintosh; Intel Mac OS X 10_14_6) AppleWebKit/537.36 (KHTML, like Gecko) Chrome/76.0.3809.100 Safari/537.36"
::1 - - [17/Aug/2019:14:20:20 +0000] "GET /api/common/checkLogin?t=1566051620700 HTTP/1.1" 200 101 "http://localhost:8080/console/user" "Mozilla/5.0 (Macintosh; Intel Mac OS X 10_14_6) AppleWebKit/537.36 (KHTML, like Gecko) Chrome/76.0.3809.100 Safari/537.36"
::1 - - [17/Aug/2019:14:20:24 +0000] "GET /api/common/checkLogin?t=1566051624254 HTTP/1.1" 200 101 "http://localhost:8080/console/user" "Mozilla/5.0 (Macintosh; Intel Mac OS X 10_14_6) AppleWebKit/537.36 (KHTML, like Gecko) Chrome/76.0.3809.100 Safari/537.36"
::1 - - [17/Aug/2019:14:20:34 +0000] "GET /api/common/checkLogin?t=1566051634463 HTTP/1.1" 200 101 "http://localhost:8080/console/user" "Mozilla/5.0 (Macintosh; Intel Mac OS X 10_14_6) AppleWebKit/537.36 (KHTML, like Gecko) Chrome/76.0.3809.100 Safari/537.36"
::1 - - [17/Aug/2019:14:20:42 +0000] "GET /api/common/checkLogin?t=1566051642792 HTTP/1.1" 200 101 "http://localhost:8080/console/user" "Mozilla/5.0 (Macintosh; Intel Mac OS X 10_14_6) AppleWebKit/537.36 (KHTML, like Gecko) Chrome/76.0.3809.100 Safari/537.36"
::1 - - [17/Aug/2019:14:20:46 +0000] "GET /api/common/checkLogin?t=1566051646236 HTTP/1.1" 200 101 "http://localhost:8080/console/user" "Mozilla/5.0 (Macintosh; Intel Mac OS X 10_14_6) AppleWebKit/537.36 (KHTML, like Gecko) Chrome/76.0.3809.100 Safari/537.36"
::1 - - [17/Aug/2019:14:20:48 +0000] "GET /api/common/checkLogin?t=1566051648479 HTTP/1.1" 200 101 "http://localhost:8080/console/user" "Mozilla/5.0 (Macintosh; Intel Mac OS X 10_14_6) AppleWebKit/537.36 (KHTML, like Gecko) Chrome/76.0.3809.100 Safari/537.36"
::1 - - [17/Aug/2019:14:21:17 +0000] "GET /api/common/checkLogin?t=1566051677022 HTTP/1.1" 200 101 "http://localhost:8080/console/user" "Mozilla/5.0 (Macintosh; Intel Mac OS X 10_14_6) AppleWebKit/537.36 (KHTML, like Gecko) Chrome/76.0.3809.100 Safari/537.36"
::1 - - [17/Aug/2019:14:21:36 +0000] "GET /api/common/checkLogin?t=1566051696047 HTTP/1.1" 200 101 "http://localhost:8080/console/user" "Mozilla/5.0 (Macintosh; Intel Mac OS X 10_14_6) AppleWebKit/537.36 (KHTML, like Gecko) Chrome/76.0.3809.100 Safari/537.36"
::1 - - [17/Aug/2019:14:21:48 +0000] "GET /api/common/code?t=1566051708023&type=password HTTP/1.1" 200 137 "http://localhost:8080/console/user" "Mozilla/5.0 (Macintosh; Intel Mac OS X 10_14_6) AppleWebKit/537.36 (KHTML, like Gecko) Chrome/76.0.3809.100 Safari/537.36"
::1 - - [17/Aug/2019:14:22:02 +0000] "OPTIONS /api/user/info/password?t=1566051722581 HTTP/1.1" 200 3 "http://localhost:8080/console/user" "Mozilla/5.0 (Macintosh; Intel Mac OS X 10_14_6) AppleWebKit/537.36 (KHTML, like Gecko) Chrome/76.0.3809.100 Safari/537.36"
::1 - - [17/Aug/2019:14:22:02 +0000] "PUT /api/user/info/password?t=1566051722581 HTTP/1.1" 200 43 "http://localhost:8080/console/user" "Mozilla/5.0 (Macintosh; Intel Mac OS X 10_14_6) AppleWebKit/537.36 (KHTML, like Gecko) Chrome/76.0.3809.100 Safari/537.36"
