::1 - - [16/Oct/2019:01:33:54 +0000] "POST /api/login/login?t=1571189634646 HTTP/1.1" 200 224 "http://localhost:8080/login?from=/console" "Mozilla/5.0 (Macintosh; Intel Mac OS X 10_14_6) AppleWebKit/537.36 (KHTML, like Gecko) Chrome/77.0.3865.90 Safari/537.36"
::1 - - [16/Oct/2019:01:33:55 +0000] "GET /api/common/checkLogin?t=1571189635127 HTTP/1.1" 200 101 "http://localhost:8080/console" "Mozilla/5.0 (Macintosh; Intel Mac OS X 10_14_6) AppleWebKit/537.36 (KHTML, like Gecko) Chrome/77.0.3865.90 Safari/537.36"
::1 - - [16/Oct/2019:01:33:58 +0000] "GET /api/vehicle/list?t=1571189638575&page=1&pageSize=10 HTTP/1.1" 200 1779 "http://localhost:8080/console/vehicle" "Mozilla/5.0 (Macintosh; Intel Mac OS X 10_14_6) AppleWebKit/537.36 (KHTML, like Gecko) Chrome/77.0.3865.90 Safari/537.36"
::1 - - [16/Oct/2019:01:34:00 +0000] "GET /api/order/list?t=1571189640903&page=1&pageSize=10 HTTP/1.1" 200 2266 "http://localhost:8080/console/order" "Mozilla/5.0 (Macintosh; Intel Mac OS X 10_14_6) AppleWebKit/537.36 (KHTML, like Gecko) Chrome/77.0.3865.90 Safari/537.36"
::1 - - [16/Oct/2019:01:34:00 +0000] "GET /api/city/all?t=1571189640903 HTTP/1.1" 200 6279 "http://localhost:8080/console/order" "Mozilla/5.0 (Macintosh; Intel Mac OS X 10_14_6) AppleWebKit/537.36 (KHTML, like Gecko) Chrome/77.0.3865.90 Safari/537.36"
::1 - - [16/Oct/2019:01:34:04 +0000] "GET /api/schedule/current?t=1571189644371 HTTP/1.1" 200 295 "http://localhost:8080/console/schedule/center" "Mozilla/5.0 (Macintosh; Intel Mac OS X 10_14_6) AppleWebKit/537.36 (KHTML, like Gecko) Chrome/77.0.3865.90 Safari/537.36"
::1 - - [16/Oct/2019:01:34:04 +0000] "GET /api/schedule/detail?t=1571189644371 HTTP/1.1" 200 167 "http://localhost:8080/console/schedule/center" "Mozilla/5.0 (Macintosh; Intel Mac OS X 10_14_6) AppleWebKit/537.36 (KHTML, like Gecko) Chrome/77.0.3865.90 Safari/537.36"
::1 - - [16/Oct/2019:01:34:24 +0000] "POST /api/log/info?t=1571189664896 HTTP/1.1" 200 36 "http://localhost:8080/console/schedule/center" "Mozilla/5.0 (Macintosh; Intel Mac OS X 10_14_6) AppleWebKit/537.36 (KHTML, like Gecko) Chrome/77.0.3865.90 Safari/537.36"
::1 - - [16/Oct/2019:01:34:24 +0000] "GET /api/schedule/current?t=1571189664896 HTTP/1.1" 200 295 "http://localhost:8080/console/schedule/center" "Mozilla/5.0 (Macintosh; Intel Mac OS X 10_14_6) AppleWebKit/537.36 (KHTML, like Gecko) Chrome/77.0.3865.90 Safari/537.36"
::1 - - [16/Oct/2019:01:34:29 +0000] "GET /api/vehicle/list?t=1571189669626&page=1&pageSize=10 HTTP/1.1" 200 1779 "http://localhost:8080/console/vehicle" "Mozilla/5.0 (Macintosh; Intel Mac OS X 10_14_6) AppleWebKit/537.36 (KHTML, like Gecko) Chrome/77.0.3865.90 Safari/537.36"
::1 - - [16/Oct/2019:01:35:43 +0000] "POST /api/vehicle/info?t=1571189743526 HTTP/1.1" 200 43 "http://localhost:8080/console/vehicle" "Mozilla/5.0 (Macintosh; Intel Mac OS X 10_14_6) AppleWebKit/537.36 (KHTML, like Gecko) Chrome/77.0.3865.90 Safari/537.36"
::1 - - [16/Oct/2019:01:35:43 +0000] "GET /api/vehicle/list?t=1571189743576&page=1&pageSize=10 HTTP/1.1" 200 2172 "http://localhost:8080/console/vehicle" "Mozilla/5.0 (Macintosh; Intel Mac OS X 10_14_6) AppleWebKit/537.36 (KHTML, like Gecko) Chrome/77.0.3865.90 Safari/537.36"
::1 - - [16/Oct/2019:01:35:43 +0000] "POST /api/log/info?t=1571189743576 HTTP/1.1" 200 36 "http://localhost:8080/console/vehicle" "Mozilla/5.0 (Macintosh; Intel Mac OS X 10_14_6) AppleWebKit/537.36 (KHTML, like Gecko) Chrome/77.0.3865.90 Safari/537.36"
::1 - - [16/Oct/2019:01:35:48 +0000] "GET /api/city/all?t=1571189748173 HTTP/1.1" 200 6279 "http://localhost:8080/console/vehicle" "Mozilla/5.0 (Macintosh; Intel Mac OS X 10_14_6) AppleWebKit/537.36 (KHTML, like Gecko) Chrome/77.0.3865.90 Safari/537.36"
::1 - - [16/Oct/2019:01:35:48 +0000] "GET /api/vehicle/info/13?t=1571189748173 HTTP/1.1" 200 181 "http://localhost:8080/console/vehicle" "Mozilla/5.0 (Macintosh; Intel Mac OS X 10_14_6) AppleWebKit/537.36 (KHTML, like Gecko) Chrome/77.0.3865.90 Safari/537.36"
::1 - - [16/Oct/2019:01:35:53 +0000] "PUT /api/vehicle/info?t=1571189753024 HTTP/1.1" 200 43 "http://localhost:8080/console/vehicle" "Mozilla/5.0 (Macintosh; Intel Mac OS X 10_14_6) AppleWebKit/537.36 (KHTML, like Gecko) Chrome/77.0.3865.90 Safari/537.36"
::1 - - [16/Oct/2019:01:35:53 +0000] "POST /api/log/info?t=1571189753062 HTTP/1.1" 200 36 "http://localhost:8080/console/vehicle" "Mozilla/5.0 (Macintosh; Intel Mac OS X 10_14_6) AppleWebKit/537.36 (KHTML, like Gecko) Chrome/77.0.3865.90 Safari/537.36"
::1 - - [16/Oct/2019:01:35:53 +0000] "GET /api/vehicle/list?t=1571189753062&page=1&pageSize=10 HTTP/1.1" 200 2172 "http://localhost:8080/console/vehicle" "Mozilla/5.0 (Macintosh; Intel Mac OS X 10_14_6) AppleWebKit/537.36 (KHTML, like Gecko) Chrome/77.0.3865.90 Safari/537.36"
::1 - - [16/Oct/2019:01:36:13 +0000] "POST /api/vehicle/info?t=1571189773083 HTTP/1.1" 200 43 "http://localhost:8080/console/vehicle" "Mozilla/5.0 (Macintosh; Intel Mac OS X 10_14_6) AppleWebKit/537.36 (KHTML, like Gecko) Chrome/77.0.3865.90 Safari/537.36"
::1 - - [16/Oct/2019:01:36:13 +0000] "GET /api/vehicle/list?t=1571189773118&page=1&pageSize=10 HTTP/1.1" 200 2465 "http://localhost:8080/console/vehicle" "Mozilla/5.0 (Macintosh; Intel Mac OS X 10_14_6) AppleWebKit/537.36 (KHTML, like Gecko) Chrome/77.0.3865.90 Safari/537.36"
::1 - - [16/Oct/2019:01:36:13 +0000] "POST /api/log/info?t=1571189773118 HTTP/1.1" 200 36 "http://localhost:8080/console/vehicle" "Mozilla/5.0 (Macintosh; Intel Mac OS X 10_14_6) AppleWebKit/537.36 (KHTML, like Gecko) Chrome/77.0.3865.90 Safari/537.36"
::1 - - [16/Oct/2019:01:36:28 +0000] "POST /api/vehicle/info?t=1571189788193 HTTP/1.1" 200 43 "http://localhost:8080/console/vehicle" "Mozilla/5.0 (Macintosh; Intel Mac OS X 10_14_6) AppleWebKit/537.36 (KHTML, like Gecko) Chrome/77.0.3865.90 Safari/537.36"
::1 - - [16/Oct/2019:01:36:28 +0000] "GET /api/vehicle/list?t=1571189788229&page=1&pageSize=10 HTTP/1.1" 200 2757 "http://localhost:8080/console/vehicle" "Mozilla/5.0 (Macintosh; Intel Mac OS X 10_14_6) AppleWebKit/537.36 (KHTML, like Gecko) Chrome/77.0.3865.90 Safari/537.36"
::1 - - [16/Oct/2019:01:36:28 +0000] "POST /api/log/info?t=1571189788229 HTTP/1.1" 200 36 "http://localhost:8080/console/vehicle" "Mozilla/5.0 (Macintosh; Intel Mac OS X 10_14_6) AppleWebKit/537.36 (KHTML, like Gecko) Chrome/77.0.3865.90 Safari/537.36"
::1 - - [16/Oct/2019:01:36:31 +0000] "GET /api/order/list?t=1571189791153&page=1&pageSize=10 HTTP/1.1" 200 2273 "http://localhost:8080/console/order" "Mozilla/5.0 (Macintosh; Intel Mac OS X 10_14_6) AppleWebKit/537.36 (KHTML, like Gecko) Chrome/77.0.3865.90 Safari/537.36"
::1 - - [16/Oct/2019:01:36:31 +0000] "GET /api/city/all?t=1571189791153 HTTP/1.1" 200 6279 "http://localhost:8080/console/order" "Mozilla/5.0 (Macintosh; Intel Mac OS X 10_14_6) AppleWebKit/537.36 (KHTML, like Gecko) Chrome/77.0.3865.90 Safari/537.36"
::1 - - [16/Oct/2019:01:36:36 +0000] "GET /api/schedule/current?t=1571189796193 HTTP/1.1" 200 291 "http://localhost:8080/console/schedule/center" "Mozilla/5.0 (Macintosh; Intel Mac OS X 10_14_6) AppleWebKit/537.36 (KHTML, like Gecko) Chrome/77.0.3865.90 Safari/537.36"
::1 - - [16/Oct/2019:01:36:36 +0000] "GET /api/schedule/detail?t=1571189796193 HTTP/1.1" 200 172 "http://localhost:8080/console/schedule/center" "Mozilla/5.0 (Macintosh; Intel Mac OS X 10_14_6) AppleWebKit/537.36 (KHTML, like Gecko) Chrome/77.0.3865.90 Safari/537.36"
::1 - - [16/Oct/2019:01:36:39 +0000] "GET /api/schedule/current?t=1571189799229 HTTP/1.1" 200 166 "http://localhost:8080/console/schedule/center" "Mozilla/5.0 (Macintosh; Intel Mac OS X 10_14_6) AppleWebKit/537.36 (KHTML, like Gecko) Chrome/77.0.3865.90 Safari/537.36"
::1 - - [16/Oct/2019:01:36:39 +0000] "POST /api/log/info?t=1571189799229 HTTP/1.1" 200 36 "http://localhost:8080/console/schedule/center" "Mozilla/5.0 (Macintosh; Intel Mac OS X 10_14_6) AppleWebKit/537.36 (KHTML, like Gecko) Chrome/77.0.3865.90 Safari/537.36"
::1 - - [16/Oct/2019:01:36:45 +0000] "GET /api/schedule/vehicleSchedule/13?t=1571189805726 HTTP/1.1" 200 870 "http://localhost:8080/console/schedule/center" "Mozilla/5.0 (Macintosh; Intel Mac OS X 10_14_6) AppleWebKit/537.36 (KHTML, like Gecko) Chrome/77.0.3865.90 Safari/537.36"
::1 - - [16/Oct/2019:01:40:44 +0000] "GET /api/schedule/current?t=1571190044897 HTTP/1.1" 200 166 "http://localhost:8080/console/schedule/center" "Mozilla/5.0 (Macintosh; Intel Mac OS X 10_14_6) AppleWebKit/537.36 (KHTML, like Gecko) Chrome/77.0.3865.90 Safari/537.36"
::1 - - [16/Oct/2019:01:40:44 +0000] "GET /api/schedule/detail?t=1571190044897 HTTP/1.1" 200 172 "http://localhost:8080/console/schedule/center" "Mozilla/5.0 (Macintosh; Intel Mac OS X 10_14_6) AppleWebKit/537.36 (KHTML, like Gecko) Chrome/77.0.3865.90 Safari/537.36"
::1 - - [16/Oct/2019:01:40:44 +0000] "GET /api/common/checkLogin?t=1571190044897 HTTP/1.1" 200 101 "http://localhost:8080/console/schedule/center" "Mozilla/5.0 (Macintosh; Intel Mac OS X 10_14_6) AppleWebKit/537.36 (KHTML, like Gecko) Chrome/77.0.3865.90 Safari/537.36"
::1 - - [16/Oct/2019:01:40:49 +0000] "POST /api/log/info?t=1571190049933 HTTP/1.1" 200 36 "http://localhost:8080/console/schedule/center" "Mozilla/5.0 (Macintosh; Intel Mac OS X 10_14_6) AppleWebKit/537.36 (KHTML, like Gecko) Chrome/77.0.3865.90 Safari/537.36"
::1 - - [16/Oct/2019:01:40:49 +0000] "GET /api/schedule/current?t=1571190049933 HTTP/1.1" 200 166 "http://localhost:8080/console/schedule/center" "Mozilla/5.0 (Macintosh; Intel Mac OS X 10_14_6) AppleWebKit/537.36 (KHTML, like Gecko) Chrome/77.0.3865.90 Safari/537.36"
::1 - - [16/Oct/2019:01:41:04 +0000] "GET /api/order/list?t=1571190064019&page=1&pageSize=10 HTTP/1.1" 200 2273 "http://localhost:8080/console/order" "Mozilla/5.0 (Macintosh; Intel Mac OS X 10_14_6) AppleWebKit/537.36 (KHTML, like Gecko) Chrome/77.0.3865.90 Safari/537.36"
::1 - - [16/Oct/2019:01:41:04 +0000] "GET /api/city/all?t=1571190064019 HTTP/1.1" 200 6279 "http://localhost:8080/console/order" "Mozilla/5.0 (Macintosh; Intel Mac OS X 10_14_6) AppleWebKit/537.36 (KHTML, like Gecko) Chrome/77.0.3865.90 Safari/537.36"
::1 - - [16/Oct/2019:01:41:14 +0000] "GET /api/order/info/4?t=1571190074195 HTTP/1.1" 200 309 "http://localhost:8080/console/order" "Mozilla/5.0 (Macintosh; Intel Mac OS X 10_14_6) AppleWebKit/537.36 (KHTML, like Gecko) Chrome/77.0.3865.90 Safari/537.36"
::1 - - [16/Oct/2019:01:41:20 +0000] "GET /api/driver/list?t=1571190080092&page=1&pageSize=10 HTTP/1.1" 200 1450 "http://localhost:8080/console/driver" "Mozilla/5.0 (Macintosh; Intel Mac OS X 10_14_6) AppleWebKit/537.36 (KHTML, like Gecko) Chrome/77.0.3865.90 Safari/537.36"
::1 - - [16/Oct/2019:01:41:20 +0000] "GET /api/vehicle/all?t=1571190080092 HTTP/1.1" 200 380 "http://localhost:8080/console/driver" "Mozilla/5.0 (Macintosh; Intel Mac OS X 10_14_6) AppleWebKit/537.36 (KHTML, like Gecko) Chrome/77.0.3865.90 Safari/537.36"
::1 - - [16/Oct/2019:01:41:20 +0000] "GET /api/schedule/current?t=1571190080743 HTTP/1.1" 200 166 "http://localhost:8080/console/schedule/center" "Mozilla/5.0 (Macintosh; Intel Mac OS X 10_14_6) AppleWebKit/537.36 (KHTML, like Gecko) Chrome/77.0.3865.90 Safari/537.36"
::1 - - [16/Oct/2019:01:41:20 +0000] "GET /api/schedule/detail?t=1571190080743 HTTP/1.1" 200 172 "http://localhost:8080/console/schedule/center" "Mozilla/5.0 (Macintosh; Intel Mac OS X 10_14_6) AppleWebKit/537.36 (KHTML, like Gecko) Chrome/77.0.3865.90 Safari/537.36"
::1 - - [16/Oct/2019:01:41:21 +0000] "GET /api/log/list?t=1571190081597&page=1&pageSize=10 HTTP/1.1" 200 1141 "http://localhost:8080/console/systemLog" "Mozilla/5.0 (Macintosh; Intel Mac OS X 10_14_6) AppleWebKit/537.36 (KHTML, like Gecko) Chrome/77.0.3865.90 Safari/537.36"
::1 - - [16/Oct/2019:01:41:25 +0000] "GET /api/driver/list?t=1571190085431&page=1&pageSize=10 HTTP/1.1" 200 1450 "http://localhost:8080/console/driver" "Mozilla/5.0 (Macintosh; Intel Mac OS X 10_14_6) AppleWebKit/537.36 (KHTML, like Gecko) Chrome/77.0.3865.90 Safari/537.36"
::1 - - [16/Oct/2019:01:41:25 +0000] "GET /api/vehicle/all?t=1571190085431 HTTP/1.1" 200 380 "http://localhost:8080/console/driver" "Mozilla/5.0 (Macintosh; Intel Mac OS X 10_14_6) AppleWebKit/537.36 (KHTML, like Gecko) Chrome/77.0.3865.90 Safari/537.36"
::1 - - [16/Oct/2019:01:41:25 +0000] "GET /api/schedule/current?t=1571190085956 HTTP/1.1" 200 166 "http://localhost:8080/console/schedule/center" "Mozilla/5.0 (Macintosh; Intel Mac OS X 10_14_6) AppleWebKit/537.36 (KHTML, like Gecko) Chrome/77.0.3865.90 Safari/537.36"
::1 - - [16/Oct/2019:01:41:25 +0000] "GET /api/schedule/detail?t=1571190085956 HTTP/1.1" 200 172 "http://localhost:8080/console/schedule/center" "Mozilla/5.0 (Macintosh; Intel Mac OS X 10_14_6) AppleWebKit/537.36 (KHTML, like Gecko) Chrome/77.0.3865.90 Safari/537.36"
::1 - - [16/Oct/2019:01:41:54 +0000] "GET /api/schedule/vehicleSchedule/13?t=1571190114720 HTTP/1.1" 200 870 "http://localhost:8080/console/schedule/center" "Mozilla/5.0 (Macintosh; Intel Mac OS X 10_14_6) AppleWebKit/537.36 (KHTML, like Gecko) Chrome/77.0.3865.90 Safari/537.36"
::1 - - [16/Oct/2019:01:42:02 +0000] "GET /api/vehicle/list?t=1571190122300&page=1&pageSize=10 HTTP/1.1" 200 2754 "http://localhost:8080/console/vehicle" "Mozilla/5.0 (Macintosh; Intel Mac OS X 10_14_6) AppleWebKit/537.36 (KHTML, like Gecko) Chrome/77.0.3865.90 Safari/537.36"
::1 - - [16/Oct/2019:01:45:51 +0000] "GET /api/schedule/current?t=1571190351332 HTTP/1.1" 200 166 "http://localhost:8080/console/schedule/center" "Mozilla/5.0 (Macintosh; Intel Mac OS X 10_14_6) AppleWebKit/537.36 (KHTML, like Gecko) Chrome/77.0.3865.90 Safari/537.36"
::1 - - [16/Oct/2019:01:45:51 +0000] "GET /api/schedule/detail?t=1571190351332 HTTP/1.1" 200 172 "http://localhost:8080/console/schedule/center" "Mozilla/5.0 (Macintosh; Intel Mac OS X 10_14_6) AppleWebKit/537.36 (KHTML, like Gecko) Chrome/77.0.3865.90 Safari/537.36"
::1 - - [16/Oct/2019:01:45:54 +0000] "GET /api/schedule/current?t=1571190354269 HTTP/1.1" 200 166 "http://localhost:8080/console/schedule/center" "Mozilla/5.0 (Macintosh; Intel Mac OS X 10_14_6) AppleWebKit/537.36 (KHTML, like Gecko) Chrome/77.0.3865.90 Safari/537.36"
::1 - - [16/Oct/2019:01:45:54 +0000] "POST /api/log/info?t=1571190354269 HTTP/1.1" 200 36 "http://localhost:8080/console/schedule/center" "Mozilla/5.0 (Macintosh; Intel Mac OS X 10_14_6) AppleWebKit/537.36 (KHTML, like Gecko) Chrome/77.0.3865.90 Safari/537.36"
::1 - - [16/Oct/2019:01:49:17 +0000] "POST /api/log/info?t=1571190557387 HTTP/1.1" 200 36 "http://localhost:8080/console/schedule/center" "Mozilla/5.0 (Macintosh; Intel Mac OS X 10_14_6) AppleWebKit/537.36 (KHTML, like Gecko) Chrome/77.0.3865.90 Safari/537.36"
::1 - - [16/Oct/2019:01:49:17 +0000] "GET /api/schedule/current?t=1571190557387 HTTP/1.1" 200 166 "http://localhost:8080/console/schedule/center" "Mozilla/5.0 (Macintosh; Intel Mac OS X 10_14_6) AppleWebKit/537.36 (KHTML, like Gecko) Chrome/77.0.3865.90 Safari/537.36"
::1 - - [16/Oct/2019:01:49:59 +0000] "GET /api/schedule/current?t=1571190599037 HTTP/1.1" 200 166 "http://localhost:8080/console/schedule/center" "Mozilla/5.0 (Macintosh; Intel Mac OS X 10_14_6) AppleWebKit/537.36 (KHTML, like Gecko) Chrome/77.0.3865.90 Safari/537.36"
::1 - - [16/Oct/2019:01:49:59 +0000] "POST /api/log/info?t=1571190599037 HTTP/1.1" 200 36 "http://localhost:8080/console/schedule/center" "Mozilla/5.0 (Macintosh; Intel Mac OS X 10_14_6) AppleWebKit/537.36 (KHTML, like Gecko) Chrome/77.0.3865.90 Safari/537.36"
