::1 - - [12/Aug/2019:00:38:20 +0000] "GET /api/schedule/autoSchedule HTTP/1.1" 200 497 "-" "PostmanRuntime/7.15.2"
::1 - - [12/Aug/2019:01:21:06 +0000] "GET /api/vehicle/list?t=1565572866403&page=1&pageSize=10 HTTP/1.1" 200 1971 "http://localhost:8080/console/schedule/manual" "Mozilla/5.0 (Macintosh; Intel Mac OS X 10_14_6) AppleWebKit/537.36 (KHTML, like Gecko) Chrome/76.0.3809.100 Safari/537.36"
::1 - - [12/Aug/2019:01:21:08 +0000] "GET /api/schedule/detail?t=1565572868463 HTTP/1.1" 200 151 "http://localhost:8080/console/schedule/center" "Mozilla/5.0 (Macintosh; Intel Mac OS X 10_14_6) AppleWebKit/537.36 (KHTML, like Gecko) Chrome/76.0.3809.100 Safari/537.36"
::1 - - [12/Aug/2019:01:21:15 +0000] "GET /api/schedule/detail?t=1565572875486 HTTP/1.1" 200 151 "http://localhost:8080/console/schedule/center" "Mozilla/5.0 (Macintosh; Intel Mac OS X 10_14_6) AppleWebKit/537.36 (KHTML, like Gecko) Chrome/76.0.3809.100 Safari/537.36"
::1 - - [12/Aug/2019:01:22:23 +0000] "GET /api/schedule/detail?t=1565572943129 HTTP/1.1" 200 151 "http://localhost:8080/console/schedule/center" "Mozilla/5.0 (Macintosh; Intel Mac OS X 10_14_6) AppleWebKit/537.36 (KHTML, like Gecko) Chrome/76.0.3809.100 Safari/537.36"
::1 - - [12/Aug/2019:01:23:40 +0000] "GET /api/schedule/detail?t=1565573020684 HTTP/1.1" 200 151 "http://localhost:8080/console/schedule/center" "Mozilla/5.0 (Macintosh; Intel Mac OS X 10_14_6) AppleWebKit/537.36 (KHTML, like Gecko) Chrome/76.0.3809.100 Safari/537.36"
::1 - - [12/Aug/2019:01:23:41 +0000] "GET /api/schedule/detail?t=1565573021657 HTTP/1.1" 200 151 "http://localhost:8080/console/schedule/center" "Mozilla/5.0 (Macintosh; Intel Mac OS X 10_14_6) AppleWebKit/537.36 (KHTML, like Gecko) Chrome/76.0.3809.100 Safari/537.36"
::1 - - [12/Aug/2019:01:23:45 +0000] "GET /api/schedule/detail?t=1565573025859 HTTP/1.1" 200 151 "http://localhost:8080/console/schedule/center" "Mozilla/5.0 (Macintosh; Intel Mac OS X 10_14_6) AppleWebKit/537.36 (KHTML, like Gecko) Chrome/76.0.3809.100 Safari/537.36"
::1 - - [12/Aug/2019:01:24:09 +0000] "GET /api/schedule/detail?t=1565573049455 HTTP/1.1" 200 151 "http://localhost:8080/console/schedule/center" "Mozilla/5.0 (Macintosh; Intel Mac OS X 10_14_6) AppleWebKit/537.36 (KHTML, like Gecko) Chrome/76.0.3809.100 Safari/537.36"
::1 - - [12/Aug/2019:01:26:59 +0000] "GET /api/schedule/detail?t=1565573219524 HTTP/1.1" 200 151 "http://localhost:8080/console/schedule/center" "Mozilla/5.0 (Macintosh; Intel Mac OS X 10_14_6) AppleWebKit/537.36 (KHTML, like Gecko) Chrome/76.0.3809.100 Safari/537.36"
::1 - - [12/Aug/2019:01:28:52 +0000] "GET /api/schedule/detail?t=1565573332237 HTTP/1.1" 200 151 "http://localhost:8080/console/schedule/center" "Mozilla/5.0 (Macintosh; Intel Mac OS X 10_14_6) AppleWebKit/537.36 (KHTML, like Gecko) Chrome/76.0.3809.100 Safari/537.36"
::1 - - [12/Aug/2019:01:29:16 +0000] "GET /api/schedule/detail?t=1565573356549 HTTP/1.1" 200 151 "http://localhost:8080/console/schedule/center" "Mozilla/5.0 (Macintosh; Intel Mac OS X 10_14_6) AppleWebKit/537.36 (KHTML, like Gecko) Chrome/76.0.3809.100 Safari/537.36"
::1 - - [12/Aug/2019:01:31:04 +0000] "GET /api/schedule/detail?t=1565573464028 HTTP/1.1" 200 151 "http://localhost:8080/console/schedule/center" "Mozilla/5.0 (Macintosh; Intel Mac OS X 10_14_6) AppleWebKit/537.36 (KHTML, like Gecko) Chrome/76.0.3809.100 Safari/537.36"
::1 - - [12/Aug/2019:01:31:48 +0000] "GET /api/schedule/detail?t=1565573508499 HTTP/1.1" 200 151 "http://localhost:8080/console/schedule/center" "Mozilla/5.0 (Macintosh; Intel Mac OS X 10_14_6) AppleWebKit/537.36 (KHTML, like Gecko) Chrome/76.0.3809.100 Safari/537.36"
::1 - - [12/Aug/2019:01:31:59 +0000] "GET /api/schedule/detail?t=1565573518999 HTTP/1.1" 200 151 "http://localhost:8080/console/schedule/center" "Mozilla/5.0 (Macintosh; Intel Mac OS X 10_14_6) AppleWebKit/537.36 (KHTML, like Gecko) Chrome/76.0.3809.100 Safari/537.36"
::1 - - [12/Aug/2019:01:32:06 +0000] "GET /api/schedule/detail?t=1565573526418 HTTP/1.1" 200 151 "http://localhost:8080/console/schedule/center" "Mozilla/5.0 (Macintosh; Intel Mac OS X 10_14_6) AppleWebKit/537.36 (KHTML, like Gecko) Chrome/76.0.3809.100 Safari/537.36"
::1 - - [12/Aug/2019:01:33:10 +0000] "GET /api/schedule/detail?t=1565573590203 HTTP/1.1" 200 151 "http://localhost:8080/console/schedule/center" "Mozilla/5.0 (Macintosh; Intel Mac OS X 10_14_6) AppleWebKit/537.36 (KHTML, like Gecko) Chrome/76.0.3809.100 Safari/537.36"
::1 - - [12/Aug/2019:01:33:29 +0000] "GET /api/vehicle/list?t=1565573609687&page=1&pageSize=10 HTTP/1.1" 200 1971 "http://localhost:8080/console/schedule/manual" "Mozilla/5.0 (Macintosh; Intel Mac OS X 10_14_6) AppleWebKit/537.36 (KHTML, like Gecko) Chrome/76.0.3809.100 Safari/537.36"
::1 - - [12/Aug/2019:01:33:30 +0000] "GET /api/schedule/detail?t=1565573610979 HTTP/1.1" 200 151 "http://localhost:8080/console/schedule/center" "Mozilla/5.0 (Macintosh; Intel Mac OS X 10_14_6) AppleWebKit/537.36 (KHTML, like Gecko) Chrome/76.0.3809.100 Safari/537.36"
::1 - - [12/Aug/2019:01:52:12 +0000] "GET /api/schedule/detail?t=1565574732833 HTTP/1.1" 200 151 "http://localhost:8080/console/schedule/center" "Mozilla/5.0 (Macintosh; Intel Mac OS X 10_14_6) AppleWebKit/537.36 (KHTML, like Gecko) Chrome/76.0.3809.100 Safari/537.36"
::1 - - [12/Aug/2019:01:53:12 +0000] "GET /api/schedule/detail?t=1565574792938 HTTP/1.1" 200 151 "http://localhost:8080/console/schedule/center" "Mozilla/5.0 (Macintosh; Intel Mac OS X 10_14_6) AppleWebKit/537.36 (KHTML, like Gecko) Chrome/76.0.3809.100 Safari/537.36"
::1 - - [12/Aug/2019:02:18:44 +0000] "GET /api/schedule/detail?t=1565576323999 HTTP/1.1" 200 162 "http://localhost:8080/console/schedule/center" "Mozilla/5.0 (Macintosh; Intel Mac OS X 10_14_6) AppleWebKit/537.36 (KHTML, like Gecko) Chrome/76.0.3809.100 Safari/537.36"
::1 - - [12/Aug/2019:02:21:33 +0000] "GET /api/schedule/detail?t=1565576493004 HTTP/1.1" 200 162 "http://localhost:8080/console/schedule/center" "Mozilla/5.0 (Macintosh; Intel Mac OS X 10_14_6) AppleWebKit/537.36 (KHTML, like Gecko) Chrome/76.0.3809.100 Safari/537.36"
::1 - - [12/Aug/2019:02:23:07 +0000] "GET /api/schedule/detail?t=1565576587308 HTTP/1.1" 200 162 "http://localhost:8080/console/schedule/center" "Mozilla/5.0 (Macintosh; Intel Mac OS X 10_14_6) AppleWebKit/537.36 (KHTML, like Gecko) Chrome/76.0.3809.100 Safari/537.36"
::1 - - [12/Aug/2019:02:23:09 +0000] "GET /api/schedule/detail?t=1565576589227 HTTP/1.1" 200 162 "http://localhost:8080/console/schedule/center" "Mozilla/5.0 (Macintosh; Intel Mac OS X 10_14_6) AppleWebKit/537.36 (KHTML, like Gecko) Chrome/76.0.3809.100 Safari/537.36"
::1 - - [12/Aug/2019:02:25:28 +0000] "GET /api/schedule/detail?t=1565576728280 HTTP/1.1" 200 162 "http://localhost:8080/console/schedule/center" "Mozilla/5.0 (Macintosh; Intel Mac OS X 10_14_6) AppleWebKit/537.36 (KHTML, like Gecko) Chrome/76.0.3809.100 Safari/537.36"
::1 - - [12/Aug/2019:02:27:18 +0000] "GET /api/schedule/detail?t=1565576837995 HTTP/1.1" 200 162 "http://localhost:8080/console/schedule/center" "Mozilla/5.0 (Macintosh; Intel Mac OS X 10_14_6) AppleWebKit/537.36 (KHTML, like Gecko) Chrome/76.0.3809.100 Safari/537.36"
::1 - - [12/Aug/2019:02:29:09 +0000] "GET /api/schedule/detail?t=1565576949656 HTTP/1.1" 200 162 "http://localhost:8080/console/schedule/center" "Mozilla/5.0 (Macintosh; Intel Mac OS X 10_14_6) AppleWebKit/537.36 (KHTML, like Gecko) Chrome/76.0.3809.100 Safari/537.36"
::1 - - [12/Aug/2019:02:29:12 +0000] "GET /api/schedule/detail?t=1565576952422 HTTP/1.1" 200 162 "http://localhost:8080/console/schedule/center" "Mozilla/5.0 (Macintosh; Intel Mac OS X 10_14_6) AppleWebKit/537.36 (KHTML, like Gecko) Chrome/76.0.3809.100 Safari/537.36"
::1 - - [12/Aug/2019:02:29:20 +0000] "GET /api/schedule/detail?t=1565576960444 HTTP/1.1" 200 162 "http://localhost:8080/console/schedule/center" "Mozilla/5.0 (Macintosh; Intel Mac OS X 10_14_6) AppleWebKit/537.36 (KHTML, like Gecko) Chrome/76.0.3809.100 Safari/537.36"
::1 - - [12/Aug/2019:02:29:29 +0000] "GET /api/schedule/detail?t=1565576969223 HTTP/1.1" 200 162 "http://localhost:8080/console/schedule/center" "Mozilla/5.0 (Macintosh; Intel Mac OS X 10_14_6) AppleWebKit/537.36 (KHTML, like Gecko) Chrome/76.0.3809.100 Safari/537.36"
::1 - - [12/Aug/2019:02:29:36 +0000] "GET /api/schedule/detail?t=1565576976488 HTTP/1.1" 200 162 "http://localhost:8080/console/schedule/center" "Mozilla/5.0 (Macintosh; Intel Mac OS X 10_14_6) AppleWebKit/537.36 (KHTML, like Gecko) Chrome/76.0.3809.100 Safari/537.36"
::1 - - [12/Aug/2019:02:35:06 +0000] "GET /api/schedule/detail?t=1565577306228 HTTP/1.1" 200 151 "http://localhost:8080/console/schedule/center" "Mozilla/5.0 (Macintosh; Intel Mac OS X 10_14_6) AppleWebKit/537.36 (KHTML, like Gecko) Chrome/76.0.3809.100 Safari/537.36"
::1 - - [12/Aug/2019:03:13:52 +0000] "GET /api/schedule/detail?t=1565579632991 HTTP/1.1" 200 162 "http://localhost:8080/console/schedule/center" "Mozilla/5.0 (Macintosh; Intel Mac OS X 10_14_6) AppleWebKit/537.36 (KHTML, like Gecko) Chrome/76.0.3809.100 Safari/537.36"
::1 - - [12/Aug/2019:03:18:21 +0000] "GET /api/schedule/detail?t=1565579901286 HTTP/1.1" 200 162 "http://localhost:8080/console/schedule/center" "Mozilla/5.0 (Macintosh; Intel Mac OS X 10_14_6) AppleWebKit/537.36 (KHTML, like Gecko) Chrome/76.0.3809.100 Safari/537.36"
::1 - - [12/Aug/2019:03:20:59 +0000] "GET /api/schedule/detail?t=1565580059125 HTTP/1.1" 200 162 "http://localhost:8080/console/schedule/center" "Mozilla/5.0 (Macintosh; Intel Mac OS X 10_14_6) AppleWebKit/537.36 (KHTML, like Gecko) Chrome/76.0.3809.100 Safari/537.36"
::1 - - [12/Aug/2019:03:21:01 +0000] "GET /api/schedule/detail?t=1565580061104 HTTP/1.1" 200 162 "http://localhost:8080/console/schedule/center" "Mozilla/5.0 (Macintosh; Intel Mac OS X 10_14_6) AppleWebKit/537.36 (KHTML, like Gecko) Chrome/76.0.3809.100 Safari/537.36"
::1 - - [12/Aug/2019:03:21:14 +0000] "GET /api/schedule/detail?t=1565580074444 HTTP/1.1" 200 162 "http://localhost:8080/console/schedule/center" "Mozilla/5.0 (Macintosh; Intel Mac OS X 10_14_6) AppleWebKit/537.36 (KHTML, like Gecko) Chrome/76.0.3809.100 Safari/537.36"
::1 - - [12/Aug/2019:03:21:16 +0000] "GET /api/schedule/detail?t=1565580076585 HTTP/1.1" 200 162 "http://localhost:8080/console/schedule/center" "Mozilla/5.0 (Macintosh; Intel Mac OS X 10_14_6) AppleWebKit/537.36 (KHTML, like Gecko) Chrome/76.0.3809.100 Safari/537.36"
::1 - - [12/Aug/2019:03:21:25 +0000] "GET /api/schedule/detail?t=1565580085383 HTTP/1.1" 200 162 "http://localhost:8080/console/schedule/center" "Mozilla/5.0 (Macintosh; Intel Mac OS X 10_14_6) AppleWebKit/537.36 (KHTML, like Gecko) Chrome/76.0.3809.100 Safari/537.36"
::1 - - [12/Aug/2019:03:21:52 +0000] "GET /api/schedule/detail?t=1565580112426 HTTP/1.1" 200 162 "http://localhost:8080/console/schedule/center" "Mozilla/5.0 (Macintosh; Intel Mac OS X 10_14_6) AppleWebKit/537.36 (KHTML, like Gecko) Chrome/76.0.3809.100 Safari/537.36"
::1 - - [12/Aug/2019:03:24:05 +0000] "GET /api/schedule/detail?t=1565580245764 HTTP/1.1" 200 162 "http://localhost:8080/console/schedule/center" "Mozilla/5.0 (Macintosh; Intel Mac OS X 10_14_6) AppleWebKit/537.36 (KHTML, like Gecko) Chrome/76.0.3809.100 Safari/537.36"
::1 - - [12/Aug/2019:04:29:11 +0000] "GET /api/schedule/detail?t=1565584151133 HTTP/1.1" 200 162 "http://localhost:8080/console/schedule/center" "Mozilla/5.0 (Macintosh; Intel Mac OS X 10_14_6) AppleWebKit/537.36 (KHTML, like Gecko) Chrome/76.0.3809.100 Safari/537.36"
::1 - - [12/Aug/2019:05:52:09 +0000] "GET /api/schedule/test HTTP/1.1" 200 92 "-" "PostmanRuntime/7.15.2"
::1 - - [12/Aug/2019:05:53:01 +0000] "GET /api/schedule/test HTTP/1.1" 200 125 "-" "PostmanRuntime/7.15.2"
::1 - - [12/Aug/2019:05:53:03 +0000] "GET /api/schedule/test HTTP/1.1" 200 158 "-" "PostmanRuntime/7.15.2"
::1 - - [12/Aug/2019:05:53:06 +0000] "GET /api/schedule/test1 HTTP/1.1" 200 158 "-" "PostmanRuntime/7.15.2"
::1 - - [12/Aug/2019:06:24:46 +0000] "GET /api/schedule/autoSchedule HTTP/1.1" 200 649 "-" "PostmanRuntime/7.15.2"
::1 - - [12/Aug/2019:06:26:02 +0000] "GET /api/schedule/autoSchedule HTTP/1.1" 200 655 "-" "PostmanRuntime/7.15.2"
::1 - - [12/Aug/2019:06:27:05 +0000] "GET /api/schedule/autoSchedule HTTP/1.1" 200 679 "-" "PostmanRuntime/7.15.2"
::1 - - [12/Aug/2019:06:28:11 +0000] "GET /api/schedule/autoSchedule HTTP/1.1" 200 741 "-" "PostmanRuntime/7.15.2"
::1 - - [12/Aug/2019:06:30:16 +0000] "GET /api/schedule/autoSchedule HTTP/1.1" 200 724 "-" "PostmanRuntime/7.15.2"
::1 - - [12/Aug/2019:06:31:31 +0000] "GET /api/schedule/autoSchedule HTTP/1.1" 200 971 "-" "PostmanRuntime/7.15.2"
::1 - - [12/Aug/2019:06:34:14 +0000] "GET /api/schedule/autoSchedule HTTP/1.1" 200 970 "-" "PostmanRuntime/7.15.2"
::1 - - [12/Aug/2019:06:41:19 +0000] "GET /api/schedule/autoSchedule HTTP/1.1" 200 736 "-" "PostmanRuntime/7.15.2"
::1 - - [12/Aug/2019:06:46:47 +0000] "GET /api/schedule/test/clear HTTP/1.1" 200 42 "-" "PostmanRuntime/7.15.2"
::1 - - [12/Aug/2019:06:46:50 +0000] "GET /api/schedule/test/get HTTP/1.1" 200 36 "-" "PostmanRuntime/7.15.2"
::1 - - [12/Aug/2019:06:47:17 +0000] "GET /api/schedule/test/clear HTTP/1.1" 200 42 "-" "PostmanRuntime/7.15.2"
::1 - - [12/Aug/2019:06:47:20 +0000] "GET /api/schedule/test/get HTTP/1.1" 200 68 "-" "PostmanRuntime/7.15.2"
::1 - - [12/Aug/2019:06:48:52 +0000] "GET /api/schedule/test/clear HTTP/1.1" 200 42 "-" "PostmanRuntime/7.15.2"
::1 - - [12/Aug/2019:06:49:02 +0000] "GET /api/schedule/test/get HTTP/1.1" 200 102 "-" "PostmanRuntime/7.15.2"
::1 - - [12/Aug/2019:06:49:38 +0000] "GET /api/schedule/test/clear HTTP/1.1" 200 42 "-" "PostmanRuntime/7.15.2"
::1 - - [12/Aug/2019:06:49:40 +0000] "GET /api/schedule/test/get HTTP/1.1" 200 36 "-" "PostmanRuntime/7.15.2"
::1 - - [12/Aug/2019:06:51:47 +0000] "GET /api/schedule/test/get HTTP/1.1" 200 68 "-" "PostmanRuntime/7.15.2"
::1 - - [12/Aug/2019:06:51:50 +0000] "GET /api/schedule/test/clear HTTP/1.1" 200 42 "-" "PostmanRuntime/7.15.2"
::1 - - [12/Aug/2019:06:51:52 +0000] "GET /api/schedule/test/get HTTP/1.1" 200 68 "-" "PostmanRuntime/7.15.2"
::1 - - [12/Aug/2019:06:52:35 +0000] "GET /api/schedule/test/clear HTTP/1.1" 200 42 "-" "PostmanRuntime/7.15.2"
::1 - - [12/Aug/2019:06:52:37 +0000] "GET /api/schedule/test/get HTTP/1.1" 200 36 "-" "PostmanRuntime/7.15.2"
::1 - - [12/Aug/2019:08:31:36 +0000] "GET /api/schedule/autoSchedule HTTP/1.1" 200 1021 "-" "PostmanRuntime/7.15.2"
::1 - - [12/Aug/2019:08:55:08 +0000] "GET /api/schedule/detail?t=1565600108419 HTTP/1.1" 200 162 "http://localhost:8080/console/schedule/center" "Mozilla/5.0 (Macintosh; Intel Mac OS X 10_14_6) AppleWebKit/537.36 (KHTML, like Gecko) Chrome/76.0.3809.100 Safari/537.36"
::1 - - [12/Aug/2019:08:56:33 +0000] "GET /api/schedule/detail?t=1565600193371 HTTP/1.1" 200 162 "http://localhost:8080/console/schedule/center" "Mozilla/5.0 (Macintosh; Intel Mac OS X 10_14_6) AppleWebKit/537.36 (KHTML, like Gecko) Chrome/76.0.3809.100 Safari/537.36"
::1 - - [12/Aug/2019:09:14:15 +0000] "GET /api/schedule/detail?t=1565601255056 HTTP/1.1" 200 162 "http://localhost:8080/console/schedule/center" "Mozilla/5.0 (Macintosh; Intel Mac OS X 10_14_6) AppleWebKit/537.36 (KHTML, like Gecko) Chrome/76.0.3809.100 Safari/537.36"
::1 - - [12/Aug/2019:09:26:29 +0000] "GET /api/schedule/detail?t=1565601989402 HTTP/1.1" 200 162 "http://localhost:8080/console/schedule/center" "Mozilla/5.0 (Macintosh; Intel Mac OS X 10_14_6) AppleWebKit/537.36 (KHTML, like Gecko) Chrome/76.0.3809.100 Safari/537.36"
::1 - - [12/Aug/2019:09:26:33 +0000] "GET /api/schedule/detail?t=1565601993680 HTTP/1.1" 200 162 "http://localhost:8080/console/schedule/center" "Mozilla/5.0 (Macintosh; Intel Mac OS X 10_14_6) AppleWebKit/537.36 (KHTML, like Gecko) Chrome/76.0.3809.100 Safari/537.36"
::1 - - [12/Aug/2019:09:26:34 +0000] "GET /api/schedule/detail?t=1565601994871 HTTP/1.1" 200 162 "http://localhost:8080/console/schedule/center" "Mozilla/5.0 (Macintosh; Intel Mac OS X 10_14_6) AppleWebKit/537.36 (KHTML, like Gecko) Chrome/76.0.3809.100 Safari/537.36"
::1 - - [12/Aug/2019:09:26:35 +0000] "GET /api/schedule/detail?t=1565601995916 HTTP/1.1" 200 162 "http://localhost:8080/console/schedule/center" "Mozilla/5.0 (Macintosh; Intel Mac OS X 10_14_6) AppleWebKit/537.36 (KHTML, like Gecko) Chrome/76.0.3809.100 Safari/537.36"
::1 - - [12/Aug/2019:09:26:37 +0000] "GET /api/schedule/detail?t=1565601997211 HTTP/1.1" 200 162 "http://localhost:8080/console/schedule/center" "Mozilla/5.0 (Macintosh; Intel Mac OS X 10_14_6) AppleWebKit/537.36 (KHTML, like Gecko) Chrome/76.0.3809.100 Safari/537.36"
::1 - - [12/Aug/2019:09:26:38 +0000] "GET /api/schedule/detail?t=1565601998347 HTTP/1.1" 200 162 "http://localhost:8080/console/schedule/center" "Mozilla/5.0 (Macintosh; Intel Mac OS X 10_14_6) AppleWebKit/537.36 (KHTML, like Gecko) Chrome/76.0.3809.100 Safari/537.36"
::1 - - [12/Aug/2019:09:26:50 +0000] "GET /api/schedule/detail?t=1565602010089 HTTP/1.1" 200 162 "http://localhost:8080/console/schedule/center" "Mozilla/5.0 (Macintosh; Intel Mac OS X 10_14_6) AppleWebKit/537.36 (KHTML, like Gecko) Chrome/76.0.3809.100 Safari/537.36"
::1 - - [12/Aug/2019:09:29:20 +0000] "GET /api/schedule/autoSchedule HTTP/1.1" 200 962 "-" "PostmanRuntime/7.15.2"
::1 - - [12/Aug/2019:09:29:56 +0000] "GET /api/schedule/detail?t=1565602196460 HTTP/1.1" 200 162 "http://localhost:8080/console/schedule/center" "Mozilla/5.0 (Macintosh; Intel Mac OS X 10_14_6) AppleWebKit/537.36 (KHTML, like Gecko) Chrome/76.0.3809.100 Safari/537.36"
::1 - - [12/Aug/2019:10:21:04 +0000] "GET /api/schedule/autoSchedule HTTP/1.1" 200 1092 "-" "PostmanRuntime/7.15.2"
::1 - - [12/Aug/2019:10:26:22 +0000] "GET /api/schedule/detail?t=1565605582429 HTTP/1.1" 200 162 "http://localhost:8080/console/schedule/center" "Mozilla/5.0 (Macintosh; Intel Mac OS X 10_14_6) AppleWebKit/537.36 (KHTML, like Gecko) Chrome/76.0.3809.100 Safari/537.36"
::1 - - [12/Aug/2019:10:49:30 +0000] "GET /api/schedule/autoSchedule HTTP/1.1" 200 1105 "-" "PostmanRuntime/7.15.2"
::1 - - [12/Aug/2019:12:16:01 +0000] "GET /api/schedule/detail?t=1565612161467 HTTP/1.1" 200 162 "http://localhost:8080/console/schedule/center" "Mozilla/5.0 (Macintosh; Intel Mac OS X 10_14_6) AppleWebKit/537.36 (KHTML, like Gecko) Chrome/76.0.3809.100 Safari/537.36"
::1 - - [12/Aug/2019:12:16:57 +0000] "GET /api/schedule/autoSchedule HTTP/1.1" 200 1106 "-" "PostmanRuntime/7.15.2"
::1 - - [12/Aug/2019:12:25:49 +0000] "GET /api/schedule/detail?t=1565612749157 HTTP/1.1" 200 162 "http://localhost:8080/console/schedule/center" "Mozilla/5.0 (Macintosh; Intel Mac OS X 10_14_6) AppleWebKit/537.36 (KHTML, like Gecko) Chrome/76.0.3809.100 Safari/537.36"
::1 - - [12/Aug/2019:12:31:04 +0000] "GET /api/schedule/detail?t=1565613064400 HTTP/1.1" 200 167 "http://localhost:8080/console/schedule/center" "Mozilla/5.0 (Macintosh; Intel Mac OS X 10_14_6) AppleWebKit/537.36 (KHTML, like Gecko) Chrome/76.0.3809.100 Safari/537.36"
::1 - - [12/Aug/2019:12:58:21 +0000] "GET /api/schedule/detail?t=1565614701347 HTTP/1.1" 200 167 "http://localhost:8080/console/schedule/center" "Mozilla/5.0 (Macintosh; Intel Mac OS X 10_14_6) AppleWebKit/537.36 (KHTML, like Gecko) Chrome/76.0.3809.100 Safari/537.36"
::1 - - [12/Aug/2019:13:03:01 +0000] "GET /api/schedule/detail?t=1565614981247 HTTP/1.1" 200 167 "http://localhost:8080/console/schedule/center" "Mozilla/5.0 (Macintosh; Intel Mac OS X 10_14_6) AppleWebKit/537.36 (KHTML, like Gecko) Chrome/76.0.3809.100 Safari/537.36"
::1 - - [12/Aug/2019:13:06:54 +0000] "GET /api/schedule/detail?t=1565615214280 HTTP/1.1" 200 167 "http://localhost:8080/console/schedule/center" "Mozilla/5.0 (Macintosh; Intel Mac OS X 10_14_6) AppleWebKit/537.36 (KHTML, like Gecko) Chrome/76.0.3809.100 Safari/537.36"
::1 - - [12/Aug/2019:13:08:52 +0000] "GET /api/schedule/autoSchedule HTTP/1.1" 200 1094 "-" "PostmanRuntime/7.15.2"
::1 - - [12/Aug/2019:13:10:25 +0000] "GET /api/schedule/detail?t=1565615425169 HTTP/1.1" 200 172 "http://localhost:8080/console/schedule/center" "Mozilla/5.0 (Macintosh; Intel Mac OS X 10_14_6) AppleWebKit/537.36 (KHTML, like Gecko) Chrome/76.0.3809.100 Safari/537.36"
::1 - - [12/Aug/2019:13:12:06 +0000] "GET /api/schedule/detail?t=1565615526779 HTTP/1.1" 200 172 "http://localhost:8080/console/schedule/center" "Mozilla/5.0 (Macintosh; Intel Mac OS X 10_14_6) AppleWebKit/537.36 (KHTML, like Gecko) Chrome/76.0.3809.100 Safari/537.36"
::1 - - [12/Aug/2019:13:12:34 +0000] "GET /api/schedule/detail?t=1565615554175 HTTP/1.1" 200 172 "http://localhost:8080/console/schedule/center" "Mozilla/5.0 (Macintosh; Intel Mac OS X 10_14_6) AppleWebKit/537.36 (KHTML, like Gecko) Chrome/76.0.3809.100 Safari/537.36"
::1 - - [12/Aug/2019:13:12:39 +0000] "GET /api/schedule/detail?t=1565615559573 HTTP/1.1" 200 172 "http://localhost:8080/console/schedule/center" "Mozilla/5.0 (Macintosh; Intel Mac OS X 10_14_6) AppleWebKit/537.36 (KHTML, like Gecko) Chrome/76.0.3809.100 Safari/537.36"
::1 - - [12/Aug/2019:13:12:43 +0000] "GET /api/schedule/detail?t=1565615563895 HTTP/1.1" 200 172 "http://localhost:8080/console/schedule/center" "Mozilla/5.0 (Macintosh; Intel Mac OS X 10_14_6) AppleWebKit/537.36 (KHTML, like Gecko) Chrome/76.0.3809.100 Safari/537.36"
::1 - - [12/Aug/2019:13:13:12 +0000] "GET /api/schedule/detail?t=1565615592934 HTTP/1.1" 200 172 "http://localhost:8080/console/schedule/center" "Mozilla/5.0 (Macintosh; Intel Mac OS X 10_14_6) AppleWebKit/537.36 (KHTML, like Gecko) Chrome/76.0.3809.100 Safari/537.36"
::1 - - [12/Aug/2019:13:13:24 +0000] "GET /api/schedule/detail?t=1565615604816 HTTP/1.1" 200 172 "http://localhost:8080/console/schedule/center" "Mozilla/5.0 (Macintosh; Intel Mac OS X 10_14_6) AppleWebKit/537.36 (KHTML, like Gecko) Chrome/76.0.3809.100 Safari/537.36"
::1 - - [12/Aug/2019:13:13:33 +0000] "GET /api/schedule/detail?t=1565615613851 HTTP/1.1" 200 172 "http://localhost:8080/console/schedule/center" "Mozilla/5.0 (Macintosh; Intel Mac OS X 10_14_6) AppleWebKit/537.36 (KHTML, like Gecko) Chrome/76.0.3809.100 Safari/537.36"
::1 - - [12/Aug/2019:13:13:38 +0000] "GET /api/schedule/detail?t=1565615618084 HTTP/1.1" 200 172 "http://localhost:8080/console/schedule/center" "Mozilla/5.0 (Macintosh; Intel Mac OS X 10_14_6) AppleWebKit/537.36 (KHTML, like Gecko) Chrome/76.0.3809.100 Safari/537.36"
::1 - - [12/Aug/2019:13:14:47 +0000] "GET /api/schedule/detail?t=1565615687699 HTTP/1.1" 200 172 "http://localhost:8080/console/schedule/center" "Mozilla/5.0 (Macintosh; Intel Mac OS X 10_14_6) AppleWebKit/537.36 (KHTML, like Gecko) Chrome/76.0.3809.100 Safari/537.36"
::1 - - [12/Aug/2019:13:14:53 +0000] "GET /api/schedule/detail?t=1565615693451 HTTP/1.1" 200 172 "http://localhost:8080/console/schedule/center" "Mozilla/5.0 (Macintosh; Intel Mac OS X 10_14_6) AppleWebKit/537.36 (KHTML, like Gecko) Chrome/76.0.3809.100 Safari/537.36"
::1 - - [12/Aug/2019:13:15:37 +0000] "GET /api/schedule/detail?t=1565615737952 HTTP/1.1" 200 172 "http://localhost:8080/console/schedule/center" "Mozilla/5.0 (Macintosh; Intel Mac OS X 10_14_6) AppleWebKit/537.36 (KHTML, like Gecko) Chrome/76.0.3809.100 Safari/537.36"
::1 - - [12/Aug/2019:13:15:55 +0000] "GET /api/schedule/detail?t=1565615755165 HTTP/1.1" 200 172 "http://localhost:8080/console/schedule/center" "Mozilla/5.0 (Macintosh; Intel Mac OS X 10_14_6) AppleWebKit/537.36 (KHTML, like Gecko) Chrome/76.0.3809.100 Safari/537.36"
::1 - - [12/Aug/2019:13:16:05 +0000] "GET /api/schedule/detail?t=1565615765774 HTTP/1.1" 200 172 "http://localhost:8080/console/schedule/center" "Mozilla/5.0 (Macintosh; Intel Mac OS X 10_14_6) AppleWebKit/537.36 (KHTML, like Gecko) Chrome/76.0.3809.100 Safari/537.36"
::1 - - [12/Aug/2019:13:16:30 +0000] "GET /api/schedule/detail?t=1565615790824 HTTP/1.1" - - "http://localhost:8080/console/schedule/center" "Mozilla/5.0 (Macintosh; Intel Mac OS X 10_14_6) AppleWebKit/537.36 (KHTML, like Gecko) Chrome/76.0.3809.100 Safari/537.36"
::1 - - [12/Aug/2019:13:16:32 +0000] "GET /api/schedule/detail?t=1565615792744 HTTP/1.1" 200 172 "http://localhost:8080/console/schedule/center" "Mozilla/5.0 (Macintosh; Intel Mac OS X 10_14_6) AppleWebKit/537.36 (KHTML, like Gecko) Chrome/76.0.3809.100 Safari/537.36"
::1 - - [12/Aug/2019:13:16:49 +0000] "GET /api/schedule/detail?t=1565615809428 HTTP/1.1" 200 172 "http://localhost:8080/console/schedule/center" "Mozilla/5.0 (Macintosh; Intel Mac OS X 10_14_6) AppleWebKit/537.36 (KHTML, like Gecko) Chrome/76.0.3809.100 Safari/537.36"
::1 - - [12/Aug/2019:13:16:56 +0000] "GET /api/schedule/detail?t=1565615816739 HTTP/1.1" 200 172 "http://localhost:8080/console/schedule/center" "Mozilla/5.0 (Macintosh; Intel Mac OS X 10_14_6) AppleWebKit/537.36 (KHTML, like Gecko) Chrome/76.0.3809.100 Safari/537.36"
::1 - - [12/Aug/2019:13:16:59 +0000] "GET /api/schedule/detail?t=1565615819397 HTTP/1.1" 200 172 "http://localhost:8080/console/schedule/center" "Mozilla/5.0 (Macintosh; Intel Mac OS X 10_14_6) AppleWebKit/537.36 (KHTML, like Gecko) Chrome/76.0.3809.100 Safari/537.36"
::1 - - [12/Aug/2019:13:17:01 +0000] "GET /api/schedule/detail?t=1565615821449 HTTP/1.1" 200 172 "http://localhost:8080/console/schedule/center" "Mozilla/5.0 (Macintosh; Intel Mac OS X 10_14_6) AppleWebKit/537.36 (KHTML, like Gecko) Chrome/76.0.3809.100 Safari/537.36"
::1 - - [12/Aug/2019:13:17:02 +0000] "GET /api/schedule/detail?t=1565615822593 HTTP/1.1" 200 172 "http://localhost:8080/console/schedule/center" "Mozilla/5.0 (Macintosh; Intel Mac OS X 10_14_6) AppleWebKit/537.36 (KHTML, like Gecko) Chrome/76.0.3809.100 Safari/537.36"
::1 - - [12/Aug/2019:13:17:03 +0000] "GET /api/schedule/detail?t=1565615823737 HTTP/1.1" 200 172 "http://localhost:8080/console/schedule/center" "Mozilla/5.0 (Macintosh; Intel Mac OS X 10_14_6) AppleWebKit/537.36 (KHTML, like Gecko) Chrome/76.0.3809.100 Safari/537.36"
::1 - - [12/Aug/2019:13:17:04 +0000] "GET /api/schedule/detail?t=1565615824988 HTTP/1.1" 200 172 "http://localhost:8080/console/schedule/center" "Mozilla/5.0 (Macintosh; Intel Mac OS X 10_14_6) AppleWebKit/537.36 (KHTML, like Gecko) Chrome/76.0.3809.100 Safari/537.36"
::1 - - [12/Aug/2019:13:17:06 +0000] "GET /api/schedule/detail?t=1565615826234 HTTP/1.1" 200 172 "http://localhost:8080/console/schedule/center" "Mozilla/5.0 (Macintosh; Intel Mac OS X 10_14_6) AppleWebKit/537.36 (KHTML, like Gecko) Chrome/76.0.3809.100 Safari/537.36"
::1 - - [12/Aug/2019:13:17:08 +0000] "GET /api/schedule/detail?t=1565615828720 HTTP/1.1" 200 172 "http://localhost:8080/console/schedule/center" "Mozilla/5.0 (Macintosh; Intel Mac OS X 10_14_6) AppleWebKit/537.36 (KHTML, like Gecko) Chrome/76.0.3809.100 Safari/537.36"
::1 - - [12/Aug/2019:13:17:25 +0000] "GET /api/schedule/detail?t=1565615845381 HTTP/1.1" - - "http://localhost:8080/console/schedule/center" "Mozilla/5.0 (Macintosh; Intel Mac OS X 10_14_6) AppleWebKit/537.36 (KHTML, like Gecko) Chrome/76.0.3809.100 Safari/537.36"
::1 - - [12/Aug/2019:13:17:26 +0000] "GET /api/schedule/detail?t=1565615846110 HTTP/1.1" 200 172 "http://localhost:8080/console/schedule/center" "Mozilla/5.0 (Macintosh; Intel Mac OS X 10_14_6) AppleWebKit/537.36 (KHTML, like Gecko) Chrome/76.0.3809.100 Safari/537.36"
::1 - - [12/Aug/2019:13:18:57 +0000] "GET /api/schedule/detail?t=1565615937769 HTTP/1.1" 200 172 "http://localhost:8080/console/schedule/center" "Mozilla/5.0 (Macintosh; Intel Mac OS X 10_14_6) AppleWebKit/537.36 (KHTML, like Gecko) Chrome/76.0.3809.100 Safari/537.36"
::1 - - [12/Aug/2019:13:21:30 +0000] "GET /api/schedule/detail?t=1565616090882 HTTP/1.1" 200 172 "http://localhost:8080/console/schedule/center" "Mozilla/5.0 (Macintosh; Intel Mac OS X 10_14_6) AppleWebKit/537.36 (KHTML, like Gecko) Chrome/76.0.3809.100 Safari/537.36"
::1 - - [12/Aug/2019:13:27:23 +0000] "GET /api/schedule/detail?t=1565616443158 HTTP/1.1" 200 172 "http://localhost:8080/console/schedule/center" "Mozilla/5.0 (Macintosh; Intel Mac OS X 10_14_6) AppleWebKit/537.36 (KHTML, like Gecko) Chrome/76.0.3809.100 Safari/537.36"
::1 - - [12/Aug/2019:13:27:25 +0000] "GET /api/schedule/detail?t=1565616445454 HTTP/1.1" 200 172 "http://localhost:8080/console/schedule/center" "Mozilla/5.0 (Macintosh; Intel Mac OS X 10_14_6) AppleWebKit/537.36 (KHTML, like Gecko) Chrome/76.0.3809.100 Safari/537.36"
::1 - - [12/Aug/2019:13:27:29 +0000] "GET /api/schedule/detail?t=1565616449205 HTTP/1.1" 200 172 "http://localhost:8080/console/schedule/center" "Mozilla/5.0 (Macintosh; Intel Mac OS X 10_14_6) AppleWebKit/537.36 (KHTML, like Gecko) Chrome/76.0.3809.100 Safari/537.36"
::1 - - [12/Aug/2019:13:27:34 +0000] "GET /api/schedule/detail?t=1565616454050 HTTP/1.1" 200 172 "http://localhost:8080/console/schedule/center" "Mozilla/5.0 (Macintosh; Intel Mac OS X 10_14_6) AppleWebKit/537.36 (KHTML, like Gecko) Chrome/76.0.3809.100 Safari/537.36"
::1 - - [12/Aug/2019:13:27:37 +0000] "GET /api/schedule/detail?t=1565616457182 HTTP/1.1" 200 172 "http://localhost:8080/console/schedule/center" "Mozilla/5.0 (Macintosh; Intel Mac OS X 10_14_6) AppleWebKit/537.36 (KHTML, like Gecko) Chrome/76.0.3809.100 Safari/537.36"
::1 - - [12/Aug/2019:13:28:38 +0000] "GET /api/schedule/detail?t=1565616518032 HTTP/1.1" 200 172 "http://localhost:8080/console/schedule/center" "Mozilla/5.0 (Macintosh; Intel Mac OS X 10_14_6) AppleWebKit/537.36 (KHTML, like Gecko) Chrome/76.0.3809.100 Safari/537.36"
::1 - - [12/Aug/2019:13:28:40 +0000] "GET /api/schedule/detail?t=1565616520608 HTTP/1.1" 200 172 "http://localhost:8080/console/schedule/center" "Mozilla/5.0 (Macintosh; Intel Mac OS X 10_14_6) AppleWebKit/537.36 (KHTML, like Gecko) Chrome/76.0.3809.100 Safari/537.36"
::1 - - [12/Aug/2019:13:28:45 +0000] "GET /api/schedule/detail?t=1565616525195 HTTP/1.1" 200 172 "http://localhost:8080/console/schedule/center" "Mozilla/5.0 (Macintosh; Intel Mac OS X 10_14_6) AppleWebKit/537.36 (KHTML, like Gecko) Chrome/76.0.3809.100 Safari/537.36"
::1 - - [12/Aug/2019:13:30:25 +0000] "GET /api/schedule/detail?t=1565616625960 HTTP/1.1" 200 172 "http://localhost:8080/console/schedule/center" "Mozilla/5.0 (Macintosh; Intel Mac OS X 10_14_6) AppleWebKit/537.36 (KHTML, like Gecko) Chrome/76.0.3809.100 Safari/537.36"
::1 - - [12/Aug/2019:13:32:38 +0000] "GET /api/schedule/detail?t=1565616758517 HTTP/1.1" 200 172 "http://localhost:8080/console/schedule/center" "Mozilla/5.0 (Macintosh; Intel Mac OS X 10_14_6) AppleWebKit/537.36 (KHTML, like Gecko) Chrome/76.0.3809.100 Safari/537.36"
::1 - - [12/Aug/2019:13:32:41 +0000] "GET /api/schedule/detail?t=1565616761766 HTTP/1.1" 200 172 "http://localhost:8080/console/schedule/center" "Mozilla/5.0 (Macintosh; Intel Mac OS X 10_14_6) AppleWebKit/537.36 (KHTML, like Gecko) Chrome/76.0.3809.100 Safari/537.36"
::1 - - [12/Aug/2019:13:33:32 +0000] "GET /api/schedule/detail?t=1565616812516 HTTP/1.1" 200 172 "http://localhost:8080/console/schedule/center" "Mozilla/5.0 (Macintosh; Intel Mac OS X 10_14_6) AppleWebKit/537.36 (KHTML, like Gecko) Chrome/76.0.3809.100 Safari/537.36"
::1 - - [12/Aug/2019:13:33:34 +0000] "GET /api/schedule/detail?t=1565616814779 HTTP/1.1" 200 172 "http://localhost:8080/console/schedule/center" "Mozilla/5.0 (Macintosh; Intel Mac OS X 10_14_6) AppleWebKit/537.36 (KHTML, like Gecko) Chrome/76.0.3809.100 Safari/537.36"
::1 - - [12/Aug/2019:13:33:57 +0000] "GET /api/schedule/detail?t=1565616837673 HTTP/1.1" 200 172 "http://localhost:8080/console/schedule/center" "Mozilla/5.0 (Macintosh; Intel Mac OS X 10_14_6) AppleWebKit/537.36 (KHTML, like Gecko) Chrome/76.0.3809.100 Safari/537.36"
::1 - - [12/Aug/2019:13:34:00 +0000] "GET /api/schedule/detail?t=1565616840398 HTTP/1.1" 200 172 "http://localhost:8080/console/schedule/center" "Mozilla/5.0 (Macintosh; Intel Mac OS X 10_14_6) AppleWebKit/537.36 (KHTML, like Gecko) Chrome/76.0.3809.100 Safari/537.36"
::1 - - [12/Aug/2019:13:34:08 +0000] "GET /api/schedule/detail?t=1565616848613 HTTP/1.1" 200 172 "http://localhost:8080/console/schedule/center" "Mozilla/5.0 (Macintosh; Intel Mac OS X 10_14_6) AppleWebKit/537.36 (KHTML, like Gecko) Chrome/76.0.3809.100 Safari/537.36"
::1 - - [12/Aug/2019:13:34:10 +0000] "GET /api/schedule/detail?t=1565616850733 HTTP/1.1" 200 172 "http://localhost:8080/console/schedule/center" "Mozilla/5.0 (Macintosh; Intel Mac OS X 10_14_6) AppleWebKit/537.36 (KHTML, like Gecko) Chrome/76.0.3809.100 Safari/537.36"
::1 - - [12/Aug/2019:13:35:28 +0000] "GET /api/schedule/detail?t=1565616928447 HTTP/1.1" 200 172 "http://localhost:8080/console/schedule/center" "Mozilla/5.0 (Macintosh; Intel Mac OS X 10_14_6) AppleWebKit/537.36 (KHTML, like Gecko) Chrome/76.0.3809.100 Safari/537.36"
::1 - - [12/Aug/2019:13:35:35 +0000] "GET /api/schedule/detail?t=1565616935963 HTTP/1.1" 200 172 "http://localhost:8080/console/schedule/center" "Mozilla/5.0 (Macintosh; Intel Mac OS X 10_14_6) AppleWebKit/537.36 (KHTML, like Gecko) Chrome/76.0.3809.100 Safari/537.36"
::1 - - [12/Aug/2019:13:35:56 +0000] "GET /api/schedule/detail?t=1565616956353 HTTP/1.1" 200 172 "http://localhost:8080/console/schedule/center" "Mozilla/5.0 (Macintosh; Intel Mac OS X 10_14_6) AppleWebKit/537.36 (KHTML, like Gecko) Chrome/76.0.3809.100 Safari/537.36"
::1 - - [12/Aug/2019:13:35:59 +0000] "GET /api/schedule/detail?t=1565616959849 HTTP/1.1" 200 172 "http://localhost:8080/console/schedule/center" "Mozilla/5.0 (Macintosh; Intel Mac OS X 10_14_6) AppleWebKit/537.36 (KHTML, like Gecko) Chrome/76.0.3809.100 Safari/537.36"
::1 - - [12/Aug/2019:13:36:16 +0000] "GET /api/schedule/detail?t=1565616976377 HTTP/1.1" 200 172 "http://localhost:8080/console/schedule/center" "Mozilla/5.0 (Macintosh; Intel Mac OS X 10_14_6) AppleWebKit/537.36 (KHTML, like Gecko) Chrome/76.0.3809.100 Safari/537.36"
::1 - - [12/Aug/2019:13:36:48 +0000] "GET /api/schedule/detail?t=1565617008536 HTTP/1.1" 200 172 "http://localhost:8080/console/schedule/center" "Mozilla/5.0 (Macintosh; Intel Mac OS X 10_14_6) AppleWebKit/537.36 (KHTML, like Gecko) Chrome/76.0.3809.100 Safari/537.36"
::1 - - [12/Aug/2019:13:36:52 +0000] "GET /api/schedule/detail?t=1565617012404 HTTP/1.1" 200 172 "http://localhost:8080/console/schedule/center" "Mozilla/5.0 (Macintosh; Intel Mac OS X 10_14_6) AppleWebKit/537.36 (KHTML, like Gecko) Chrome/76.0.3809.100 Safari/537.36"
::1 - - [12/Aug/2019:13:36:59 +0000] "GET /api/schedule/detail?t=1565617019008 HTTP/1.1" 200 172 "http://localhost:8080/console/schedule/center" "Mozilla/5.0 (Macintosh; Intel Mac OS X 10_14_6) AppleWebKit/537.36 (KHTML, like Gecko) Chrome/76.0.3809.100 Safari/537.36"
::1 - - [12/Aug/2019:13:37:01 +0000] "GET /api/schedule/detail?t=1565617021912 HTTP/1.1" 200 172 "http://localhost:8080/console/schedule/center" "Mozilla/5.0 (Macintosh; Intel Mac OS X 10_14_6) AppleWebKit/537.36 (KHTML, like Gecko) Chrome/76.0.3809.100 Safari/537.36"
::1 - - [12/Aug/2019:13:37:07 +0000] "GET /api/schedule/detail?t=1565617027444 HTTP/1.1" 200 172 "http://localhost:8080/console/schedule/center" "Mozilla/5.0 (Macintosh; Intel Mac OS X 10_14_6) AppleWebKit/537.36 (KHTML, like Gecko) Chrome/76.0.3809.100 Safari/537.36"
::1 - - [12/Aug/2019:13:37:18 +0000] "GET /api/schedule/detail?t=1565617038303 HTTP/1.1" 200 172 "http://localhost:8080/console/schedule/center" "Mozilla/5.0 (Macintosh; Intel Mac OS X 10_14_6) AppleWebKit/537.36 (KHTML, like Gecko) Chrome/76.0.3809.100 Safari/537.36"
::1 - - [12/Aug/2019:13:37:26 +0000] "GET /api/schedule/detail?t=1565617046880 HTTP/1.1" 200 172 "http://localhost:8080/console/schedule/center" "Mozilla/5.0 (Macintosh; Intel Mac OS X 10_14_6) AppleWebKit/537.36 (KHTML, like Gecko) Chrome/76.0.3809.100 Safari/537.36"
::1 - - [12/Aug/2019:13:38:01 +0000] "GET /api/schedule/detail?t=1565617081165 HTTP/1.1" 200 172 "http://localhost:8080/console/schedule/center" "Mozilla/5.0 (Macintosh; Intel Mac OS X 10_14_6) AppleWebKit/537.36 (KHTML, like Gecko) Chrome/76.0.3809.100 Safari/537.36"
::1 - - [12/Aug/2019:13:38:06 +0000] "GET /api/schedule/detail?t=1565617086513 HTTP/1.1" 200 172 "http://localhost:8080/console/schedule/center" "Mozilla/5.0 (Macintosh; Intel Mac OS X 10_14_6) AppleWebKit/537.36 (KHTML, like Gecko) Chrome/76.0.3809.100 Safari/537.36"
::1 - - [12/Aug/2019:13:38:23 +0000] "GET /api/schedule/detail?t=1565617103147 HTTP/1.1" 200 172 "http://localhost:8080/console/schedule/center" "Mozilla/5.0 (Macintosh; Intel Mac OS X 10_14_6) AppleWebKit/537.36 (KHTML, like Gecko) Chrome/76.0.3809.100 Safari/537.36"
::1 - - [12/Aug/2019:13:38:29 +0000] "GET /api/schedule/detail?t=1565617109128 HTTP/1.1" 200 172 "http://localhost:8080/console/schedule/center" "Mozilla/5.0 (Macintosh; Intel Mac OS X 10_14_6) AppleWebKit/537.36 (KHTML, like Gecko) Chrome/76.0.3809.100 Safari/537.36"
::1 - - [12/Aug/2019:13:38:31 +0000] "GET /api/schedule/detail?t=1565617111833 HTTP/1.1" 200 172 "http://localhost:8080/console/schedule/center" "Mozilla/5.0 (Macintosh; Intel Mac OS X 10_14_6) AppleWebKit/537.36 (KHTML, like Gecko) Chrome/76.0.3809.100 Safari/537.36"
::1 - - [12/Aug/2019:13:38:51 +0000] "GET /api/schedule/detail?t=1565617131963 HTTP/1.1" 200 172 "http://localhost:8080/console/schedule/center" "Mozilla/5.0 (Macintosh; Intel Mac OS X 10_14_6) AppleWebKit/537.36 (KHTML, like Gecko) Chrome/76.0.3809.100 Safari/537.36"
::1 - - [12/Aug/2019:13:38:54 +0000] "GET /api/schedule/detail?t=1565617134185 HTTP/1.1" 200 172 "http://localhost:8080/console/schedule/center" "Mozilla/5.0 (Macintosh; Intel Mac OS X 10_14_6) AppleWebKit/537.36 (KHTML, like Gecko) Chrome/76.0.3809.100 Safari/537.36"
::1 - - [12/Aug/2019:13:39:05 +0000] "GET /api/schedule/detail?t=1565617145068 HTTP/1.1" 200 172 "http://localhost:8080/console/schedule/center" "Mozilla/5.0 (Macintosh; Intel Mac OS X 10_14_6) AppleWebKit/537.36 (KHTML, like Gecko) Chrome/76.0.3809.100 Safari/537.36"
::1 - - [12/Aug/2019:13:39:15 +0000] "GET /api/schedule/detail?t=1565617155528 HTTP/1.1" 200 172 "http://localhost:8080/console/schedule/center" "Mozilla/5.0 (Macintosh; Intel Mac OS X 10_14_6) AppleWebKit/537.36 (KHTML, like Gecko) Chrome/76.0.3809.100 Safari/537.36"
::1 - - [12/Aug/2019:13:39:19 +0000] "GET /api/schedule/detail?t=1565617159931 HTTP/1.1" 200 172 "http://localhost:8080/console/schedule/center" "Mozilla/5.0 (Macintosh; Intel Mac OS X 10_14_6) AppleWebKit/537.36 (KHTML, like Gecko) Chrome/76.0.3809.100 Safari/537.36"
::1 - - [12/Aug/2019:13:39:29 +0000] "GET /api/schedule/detail?t=1565617169652 HTTP/1.1" 200 172 "http://localhost:8080/console/schedule/center" "Mozilla/5.0 (Macintosh; Intel Mac OS X 10_14_6) AppleWebKit/537.36 (KHTML, like Gecko) Chrome/76.0.3809.100 Safari/537.36"
::1 - - [12/Aug/2019:13:39:59 +0000] "GET /api/schedule/detail?t=1565617199456 HTTP/1.1" 200 172 "http://localhost:8080/console/schedule/center" "Mozilla/5.0 (Macintosh; Intel Mac OS X 10_14_6) AppleWebKit/537.36 (KHTML, like Gecko) Chrome/76.0.3809.100 Safari/537.36"
::1 - - [12/Aug/2019:13:40:05 +0000] "GET /api/schedule/detail?t=1565617205713 HTTP/1.1" 200 172 "http://localhost:8080/console/schedule/center" "Mozilla/5.0 (Macintosh; Intel Mac OS X 10_14_6) AppleWebKit/537.36 (KHTML, like Gecko) Chrome/76.0.3809.100 Safari/537.36"
::1 - - [12/Aug/2019:13:40:08 +0000] "GET /api/schedule/detail?t=1565617208161 HTTP/1.1" 200 172 "http://localhost:8080/console/schedule/center" "Mozilla/5.0 (Macintosh; Intel Mac OS X 10_14_6) AppleWebKit/537.36 (KHTML, like Gecko) Chrome/76.0.3809.100 Safari/537.36"
::1 - - [12/Aug/2019:13:48:57 +0000] "GET /api/schedule/detail?t=1565617737903 HTTP/1.1" 200 172 "http://localhost:8080/console/schedule/center" "Mozilla/5.0 (Macintosh; Intel Mac OS X 10_14_6) AppleWebKit/537.36 (KHTML, like Gecko) Chrome/76.0.3809.100 Safari/537.36"
::1 - - [12/Aug/2019:13:49:08 +0000] "GET /api/schedule/detail?t=1565617748420 HTTP/1.1" 200 172 "http://localhost:8080/console/schedule/center" "Mozilla/5.0 (Macintosh; Intel Mac OS X 10_14_6) AppleWebKit/537.36 (KHTML, like Gecko) Chrome/76.0.3809.100 Safari/537.36"
::1 - - [12/Aug/2019:13:49:20 +0000] "GET /api/schedule/detail?t=1565617760552 HTTP/1.1" 200 172 "http://localhost:8080/console/schedule/center" "Mozilla/5.0 (Macintosh; Intel Mac OS X 10_14_6) AppleWebKit/537.36 (KHTML, like Gecko) Chrome/76.0.3809.100 Safari/537.36"
::1 - - [12/Aug/2019:13:49:26 +0000] "GET /api/schedule/detail?t=1565617766182 HTTP/1.1" 200 172 "http://localhost:8080/console/schedule/center" "Mozilla/5.0 (Macintosh; Intel Mac OS X 10_14_6) AppleWebKit/537.36 (KHTML, like Gecko) Chrome/76.0.3809.100 Safari/537.36"
::1 - - [12/Aug/2019:13:49:30 +0000] "GET /api/schedule/detail?t=1565617770554 HTTP/1.1" 200 172 "http://localhost:8080/console/schedule/center" "Mozilla/5.0 (Macintosh; Intel Mac OS X 10_14_6) AppleWebKit/537.36 (KHTML, like Gecko) Chrome/76.0.3809.100 Safari/537.36"
::1 - - [12/Aug/2019:13:49:35 +0000] "GET /api/schedule/detail?t=1565617775815 HTTP/1.1" 200 172 "http://localhost:8080/console/schedule/center" "Mozilla/5.0 (Macintosh; Intel Mac OS X 10_14_6) AppleWebKit/537.36 (KHTML, like Gecko) Chrome/76.0.3809.100 Safari/537.36"
::1 - - [12/Aug/2019:13:49:39 +0000] "GET /api/schedule/detail?t=1565617779410 HTTP/1.1" 200 172 "http://localhost:8080/console/schedule/center" "Mozilla/5.0 (Macintosh; Intel Mac OS X 10_14_6) AppleWebKit/537.36 (KHTML, like Gecko) Chrome/76.0.3809.100 Safari/537.36"
::1 - - [12/Aug/2019:13:49:59 +0000] "GET /api/schedule/detail?t=1565617799391 HTTP/1.1" 200 172 "http://localhost:8080/console/schedule/center" "Mozilla/5.0 (Macintosh; Intel Mac OS X 10_14_6) AppleWebKit/537.36 (KHTML, like Gecko) Chrome/76.0.3809.100 Safari/537.36"
::1 - - [12/Aug/2019:13:50:03 +0000] "GET /api/schedule/detail?t=1565617803067 HTTP/1.1" 200 172 "http://localhost:8080/console/schedule/center" "Mozilla/5.0 (Macintosh; Intel Mac OS X 10_14_6) AppleWebKit/537.36 (KHTML, like Gecko) Chrome/76.0.3809.100 Safari/537.36"
::1 - - [12/Aug/2019:13:50:05 +0000] "GET /api/schedule/detail?t=1565617805932 HTTP/1.1" 200 172 "http://localhost:8080/console/schedule/center" "Mozilla/5.0 (Macintosh; Intel Mac OS X 10_14_6) AppleWebKit/537.36 (KHTML, like Gecko) Chrome/76.0.3809.100 Safari/537.36"
::1 - - [12/Aug/2019:13:50:31 +0000] "GET /api/schedule/detail?t=1565617831259 HTTP/1.1" 200 172 "http://localhost:8080/console/schedule/center" "Mozilla/5.0 (Macintosh; Intel Mac OS X 10_14_6) AppleWebKit/537.36 (KHTML, like Gecko) Chrome/76.0.3809.100 Safari/537.36"
::1 - - [12/Aug/2019:13:50:51 +0000] "GET /api/schedule/detail?t=1565617851589 HTTP/1.1" 200 172 "http://localhost:8080/console/schedule/center" "Mozilla/5.0 (Macintosh; Intel Mac OS X 10_14_6) AppleWebKit/537.36 (KHTML, like Gecko) Chrome/76.0.3809.100 Safari/537.36"
::1 - - [12/Aug/2019:13:50:54 +0000] "GET /api/schedule/detail?t=1565617854732 HTTP/1.1" 200 172 "http://localhost:8080/console/schedule/center" "Mozilla/5.0 (Macintosh; Intel Mac OS X 10_14_6) AppleWebKit/537.36 (KHTML, like Gecko) Chrome/76.0.3809.100 Safari/537.36"
::1 - - [12/Aug/2019:13:52:29 +0000] "GET /api/schedule/detail?t=1565617949297 HTTP/1.1" 200 172 "http://localhost:8080/console/schedule/center" "Mozilla/5.0 (Macintosh; Intel Mac OS X 10_14_6) AppleWebKit/537.36 (KHTML, like Gecko) Chrome/76.0.3809.100 Safari/537.36"
::1 - - [12/Aug/2019:13:52:35 +0000] "GET /api/schedule/detail?t=1565617955199 HTTP/1.1" 200 172 "http://localhost:8080/console/schedule/center" "Mozilla/5.0 (Macintosh; Intel Mac OS X 10_14_6) AppleWebKit/537.36 (KHTML, like Gecko) Chrome/76.0.3809.100 Safari/537.36"
::1 - - [12/Aug/2019:13:53:47 +0000] "GET /api/schedule/detail?t=1565618027744 HTTP/1.1" 200 172 "http://localhost:8080/console/schedule/center" "Mozilla/5.0 (Macintosh; Intel Mac OS X 10_14_6) AppleWebKit/537.36 (KHTML, like Gecko) Chrome/76.0.3809.100 Safari/537.36"
::1 - - [12/Aug/2019:13:55:34 +0000] "GET /api/schedule/detail?t=1565618134181 HTTP/1.1" 200 172 "http://localhost:8080/console/schedule/center" "Mozilla/5.0 (Macintosh; Intel Mac OS X 10_14_6) AppleWebKit/537.36 (KHTML, like Gecko) Chrome/76.0.3809.100 Safari/537.36"
::1 - - [12/Aug/2019:13:56:08 +0000] "GET /api/schedule/detail?t=1565618168442 HTTP/1.1" 200 172 "http://localhost:8080/console/schedule/center" "Mozilla/5.0 (Macintosh; Intel Mac OS X 10_14_6) AppleWebKit/537.36 (KHTML, like Gecko) Chrome/76.0.3809.100 Safari/537.36"
::1 - - [12/Aug/2019:13:56:11 +0000] "GET /api/schedule/detail?t=1565618171095 HTTP/1.1" 200 172 "http://localhost:8080/console/schedule/center" "Mozilla/5.0 (Macintosh; Intel Mac OS X 10_14_6) AppleWebKit/537.36 (KHTML, like Gecko) Chrome/76.0.3809.100 Safari/537.36"
::1 - - [12/Aug/2019:13:56:20 +0000] "GET /api/schedule/detail?t=1565618180667 HTTP/1.1" 200 172 "http://localhost:8080/console/schedule/center" "Mozilla/5.0 (Macintosh; Intel Mac OS X 10_14_6) AppleWebKit/537.36 (KHTML, like Gecko) Chrome/76.0.3809.100 Safari/537.36"
::1 - - [12/Aug/2019:13:56:28 +0000] "GET /api/schedule/detail?t=1565618188446 HTTP/1.1" 200 172 "http://localhost:8080/console/schedule/center" "Mozilla/5.0 (Macintosh; Intel Mac OS X 10_14_6) AppleWebKit/537.36 (KHTML, like Gecko) Chrome/76.0.3809.100 Safari/537.36"
::1 - - [12/Aug/2019:13:56:33 +0000] "GET /api/schedule/detail?t=1565618193725 HTTP/1.1" 200 172 "http://localhost:8080/console/schedule/center" "Mozilla/5.0 (Macintosh; Intel Mac OS X 10_14_6) AppleWebKit/537.36 (KHTML, like Gecko) Chrome/76.0.3809.100 Safari/537.36"
::1 - - [12/Aug/2019:13:56:38 +0000] "GET /api/schedule/detail?t=1565618198467 HTTP/1.1" 200 172 "http://localhost:8080/console/schedule/center" "Mozilla/5.0 (Macintosh; Intel Mac OS X 10_14_6) AppleWebKit/537.36 (KHTML, like Gecko) Chrome/76.0.3809.100 Safari/537.36"
::1 - - [12/Aug/2019:13:57:10 +0000] "GET /api/schedule/detail?t=1565618230017 HTTP/1.1" 200 172 "http://localhost:8080/console/schedule/center" "Mozilla/5.0 (Macintosh; Intel Mac OS X 10_14_6) AppleWebKit/537.36 (KHTML, like Gecko) Chrome/76.0.3809.100 Safari/537.36"
::1 - - [12/Aug/2019:13:57:14 +0000] "GET /api/schedule/detail?t=1565618234857 HTTP/1.1" 200 172 "http://localhost:8080/console/schedule/center" "Mozilla/5.0 (Macintosh; Intel Mac OS X 10_14_6) AppleWebKit/537.36 (KHTML, like Gecko) Chrome/76.0.3809.100 Safari/537.36"
::1 - - [12/Aug/2019:13:57:20 +0000] "GET /api/schedule/detail?t=1565618240216 HTTP/1.1" 200 172 "http://localhost:8080/console/schedule/center" "Mozilla/5.0 (Macintosh; Intel Mac OS X 10_14_6) AppleWebKit/537.36 (KHTML, like Gecko) Chrome/76.0.3809.100 Safari/537.36"
