::1 - - [10/Jul/2019:00:52:19 +0000] "GET /api/vehicle/list?t=1562719939486&page=1&pageSize=10 HTTP/1.1" 200 564 "http://localhost:8080/console/vehicle" "Mozilla/5.0 (Macintosh; Intel Mac OS X 10_14_5) AppleWebKit/537.36 (KHTML, like Gecko) Chrome/75.0.3770.100 Safari/537.36"
::1 - - [10/Jul/2019:01:02:28 +0000] "GET /api/vehicle/list?t=1562720548152&page=1&pageSize=10 HTTP/1.1" 200 564 "http://localhost:8080/console/vehicle" "Mozilla/5.0 (Macintosh; Intel Mac OS X 10_14_5) AppleWebKit/537.36 (KHTML, like Gecko) Chrome/75.0.3770.100 Safari/537.36"
::1 - - [10/Jul/2019:01:02:34 +0000] "GET /api/vehicle/list?t=1562720554219&page=1&pageSize=10 HTTP/1.1" 200 564 "http://localhost:8080/console/vehicle" "Mozilla/5.0 (Macintosh; Intel Mac OS X 10_14_5) AppleWebKit/537.36 (KHTML, like Gecko) Chrome/75.0.3770.100 Safari/537.36"
::1 - - [10/Jul/2019:01:02:39 +0000] "GET /api/vehicle/list?t=1562720559051&page=1&pageSize=10 HTTP/1.1" 200 564 "http://localhost:8080/console/vehicle" "Mozilla/5.0 (Macintosh; Intel Mac OS X 10_14_5) AppleWebKit/537.36 (KHTML, like Gecko) Chrome/75.0.3770.100 Safari/537.36"
::1 - - [10/Jul/2019:01:21:48 +0000] "GET /api/vehicle/list?t=1562721708180&page=1&pageSize=10 HTTP/1.1" 200 564 "http://localhost:8080/console/vehicle" "Mozilla/5.0 (Macintosh; Intel Mac OS X 10_14_5) AppleWebKit/537.36 (KHTML, like Gecko) Chrome/75.0.3770.100 Safari/537.36"
::1 - - [10/Jul/2019:01:21:51 +0000] "GET /api/vehicle/list?t=1562721711252&page=1&pageSize=10 HTTP/1.1" 200 564 "http://localhost:8080/console/vehicle" "Mozilla/5.0 (Macintosh; Intel Mac OS X 10_14_5) AppleWebKit/537.36 (KHTML, like Gecko) Chrome/75.0.3770.100 Safari/537.36"
::1 - - [10/Jul/2019:01:21:57 +0000] "GET /api/vehicle/list?t=1562721717624&page=1&pageSize=10 HTTP/1.1" 200 564 "http://localhost:8080/console/vehicle" "Mozilla/5.0 (Macintosh; Intel Mac OS X 10_14_5) AppleWebKit/537.36 (KHTML, like Gecko) Chrome/75.0.3770.100 Safari/537.36"
::1 - - [10/Jul/2019:01:23:00 +0000] "GET /api/vehicle/list?t=1562721780860&page=1&pageSize=10 HTTP/1.1" 200 564 "http://localhost:8080/console/vehicle" "Mozilla/5.0 (Macintosh; Intel Mac OS X 10_14_5) AppleWebKit/537.36 (KHTML, like Gecko) Chrome/75.0.3770.100 Safari/537.36"
::1 - - [10/Jul/2019:01:23:05 +0000] "GET /api/vehicle/list?t=1562721785653&page=1&pageSize=10 HTTP/1.1" 200 564 "http://localhost:8080/console/vehicle" "Mozilla/5.0 (Macintosh; Intel Mac OS X 10_14_5) AppleWebKit/537.36 (KHTML, like Gecko) Chrome/75.0.3770.100 Safari/537.36"
::1 - - [10/Jul/2019:01:23:08 +0000] "GET /api/vehicle/list?t=1562721788464&page=1&pageSize=10 HTTP/1.1" 200 564 "http://localhost:8080/console/vehicle" "Mozilla/5.0 (Macintosh; Intel Mac OS X 10_14_5) AppleWebKit/537.36 (KHTML, like Gecko) Chrome/75.0.3770.100 Safari/537.36"
::1 - - [10/Jul/2019:02:04:36 +0000] "GET /api/vehicle/list?t=1562724276314&page=1&pageSize=10 HTTP/1.1" 200 564 "http://localhost:8080/console/vehicle" "Mozilla/5.0 (Macintosh; Intel Mac OS X 10_14_5) AppleWebKit/537.36 (KHTML, like Gecko) Chrome/75.0.3770.100 Safari/537.36"
::1 - - [10/Jul/2019:02:46:16 +0000] "GET /api/vehicle/list?t=1562726776464&page=1&pageSize=10 HTTP/1.1" 200 564 "http://localhost:8080/console/vehicle" "Mozilla/5.0 (Macintosh; Intel Mac OS X 10_14_5) AppleWebKit/537.36 (KHTML, like Gecko) Chrome/75.0.3770.100 Safari/537.36"
::1 - - [10/Jul/2019:02:46:26 +0000] "GET /api/vehicle/list?t=1562726786739&page=1&pageSize=10 HTTP/1.1" 200 564 "http://localhost:8080/console/vehicle" "Mozilla/5.0 (Macintosh; Intel Mac OS X 10_14_5) AppleWebKit/537.36 (KHTML, like Gecko) Chrome/75.0.3770.100 Safari/537.36"
::1 - - [10/Jul/2019:02:47:52 +0000] "GET /api/vehicle/list?t=1562726872417&page=1&pageSize=10 HTTP/1.1" 200 564 "http://localhost:8080/console/vehicle" "Mozilla/5.0 (Macintosh; Intel Mac OS X 10_14_5) AppleWebKit/537.36 (KHTML, like Gecko) Chrome/75.0.3770.100 Safari/537.36"
::1 - - [10/Jul/2019:02:47:53 +0000] "GET /api/vehicle/list?t=1562726873633&page=1&pageSize=10 HTTP/1.1" 200 564 "http://localhost:8080/console/vehicle" "Mozilla/5.0 (Macintosh; Intel Mac OS X 10_14_5) AppleWebKit/537.36 (KHTML, like Gecko) Chrome/75.0.3770.100 Safari/537.36"
::1 - - [10/Jul/2019:02:47:54 +0000] "GET /api/vehicle/list?t=1562726874405&page=1&pageSize=10 HTTP/1.1" 200 564 "http://localhost:8080/console/vehicle" "Mozilla/5.0 (Macintosh; Intel Mac OS X 10_14_5) AppleWebKit/537.36 (KHTML, like Gecko) Chrome/75.0.3770.100 Safari/537.36"
::1 - - [10/Jul/2019:02:47:55 +0000] "GET /api/vehicle/list?t=1562726875167&page=1&pageSize=10 HTTP/1.1" 200 564 "http://localhost:8080/console/vehicle" "Mozilla/5.0 (Macintosh; Intel Mac OS X 10_14_5) AppleWebKit/537.36 (KHTML, like Gecko) Chrome/75.0.3770.100 Safari/537.36"
::1 - - [10/Jul/2019:02:47:56 +0000] "GET /api/vehicle/list?t=1562726876019&page=1&pageSize=10 HTTP/1.1" 200 564 "http://localhost:8080/console/vehicle" "Mozilla/5.0 (Macintosh; Intel Mac OS X 10_14_5) AppleWebKit/537.36 (KHTML, like Gecko) Chrome/75.0.3770.100 Safari/537.36"
::1 - - [10/Jul/2019:02:47:56 +0000] "GET /api/vehicle/list?t=1562726876778&page=1&pageSize=10 HTTP/1.1" 200 564 "http://localhost:8080/console/vehicle" "Mozilla/5.0 (Macintosh; Intel Mac OS X 10_14_5) AppleWebKit/537.36 (KHTML, like Gecko) Chrome/75.0.3770.100 Safari/537.36"
::1 - - [10/Jul/2019:02:52:01 +0000] "GET /api/vehicle/delete/4?t=1562727121597 HTTP/1.1" 200 43 "http://localhost:8080/console/vehicle" "Mozilla/5.0 (Macintosh; Intel Mac OS X 10_14_5) AppleWebKit/537.36 (KHTML, like Gecko) Chrome/75.0.3770.100 Safari/537.36"
::1 - - [10/Jul/2019:02:52:01 +0000] "GET /api/vehicle/list?t=1562727121617&page=1&pageSize=10 HTTP/1.1" 200 440 "http://localhost:8080/console/vehicle" "Mozilla/5.0 (Macintosh; Intel Mac OS X 10_14_5) AppleWebKit/537.36 (KHTML, like Gecko) Chrome/75.0.3770.100 Safari/537.36"
::1 - - [10/Jul/2019:02:53:49 +0000] "GET /api/vehicle/list?t=1562727229532&page=1&pageSize=10 HTTP/1.1" 200 440 "http://localhost:8080/console/vehicle" "Mozilla/5.0 (Macintosh; Intel Mac OS X 10_14_5) AppleWebKit/537.36 (KHTML, like Gecko) Chrome/75.0.3770.100 Safari/537.36"
::1 - - [10/Jul/2019:02:53:53 +0000] "GET /api/vehicle/list?t=1562727233388&page=1&pageSize=10 HTTP/1.1" 200 440 "http://localhost:8080/console/vehicle" "Mozilla/5.0 (Macintosh; Intel Mac OS X 10_14_5) AppleWebKit/537.36 (KHTML, like Gecko) Chrome/75.0.3770.100 Safari/537.36"
::1 - - [10/Jul/2019:02:53:54 +0000] "GET /api/vehicle/list?t=1562727234703&page=1&pageSize=10 HTTP/1.1" 200 440 "http://localhost:8080/console/vehicle" "Mozilla/5.0 (Macintosh; Intel Mac OS X 10_14_5) AppleWebKit/537.36 (KHTML, like Gecko) Chrome/75.0.3770.100 Safari/537.36"
::1 - - [10/Jul/2019:02:56:49 +0000] "GET /api/vehicle/list?t=1562727409232&page=1&pageSize=10 HTTP/1.1" 200 440 "http://localhost:8080/console/vehicle" "Mozilla/5.0 (Macintosh; Intel Mac OS X 10_14_5) AppleWebKit/537.36 (KHTML, like Gecko) Chrome/75.0.3770.100 Safari/537.36"
::1 - - [10/Jul/2019:02:57:06 +0000] "GET /api/vehicle/list?t=1562727426652&page=1&pageSize=10 HTTP/1.1" 200 566 "http://localhost:8080/console/vehicle" "Mozilla/5.0 (Macintosh; Intel Mac OS X 10_14_5) AppleWebKit/537.36 (KHTML, like Gecko) Chrome/75.0.3770.100 Safari/537.36"
::1 - - [10/Jul/2019:02:57:09 +0000] "GET /api/vehicle/delete/4?t=1562727429604 HTTP/1.1" 200 43 "http://localhost:8080/console/vehicle" "Mozilla/5.0 (Macintosh; Intel Mac OS X 10_14_5) AppleWebKit/537.36 (KHTML, like Gecko) Chrome/75.0.3770.100 Safari/537.36"
::1 - - [10/Jul/2019:02:57:09 +0000] "GET /api/vehicle/list?t=1562727429625&page=1&pageSize=10 HTTP/1.1" 200 440 "http://localhost:8080/console/vehicle" "Mozilla/5.0 (Macintosh; Intel Mac OS X 10_14_5) AppleWebKit/537.36 (KHTML, like Gecko) Chrome/75.0.3770.100 Safari/537.36"
::1 - - [10/Jul/2019:02:58:54 +0000] "GET /api/vehicle/list?t=1562727534587&page=1&pageSize=10 HTTP/1.1" 200 440 "http://localhost:8080/console/vehicle" "Mozilla/5.0 (Macintosh; Intel Mac OS X 10_14_5) AppleWebKit/537.36 (KHTML, like Gecko) Chrome/75.0.3770.100 Safari/537.36"
::1 - - [10/Jul/2019:02:58:59 +0000] "GET /api/vehicle/list?t=1562727539134&page=1&pageSize=10 HTTP/1.1" 200 440 "http://localhost:8080/console/vehicle" "Mozilla/5.0 (Macintosh; Intel Mac OS X 10_14_5) AppleWebKit/537.36 (KHTML, like Gecko) Chrome/75.0.3770.100 Safari/537.36"
::1 - - [10/Jul/2019:02:59:08 +0000] "GET /api/vehicle/list?t=1562727548298&page=1&pageSize=10 HTTP/1.1" 200 440 "http://localhost:8080/console/vehicle" "Mozilla/5.0 (Macintosh; Intel Mac OS X 10_14_5) AppleWebKit/537.36 (KHTML, like Gecko) Chrome/75.0.3770.100 Safari/537.36"
::1 - - [10/Jul/2019:02:59:14 +0000] "GET /api/vehicle/list?t=1562727554928&page=1&pageSize=10 HTTP/1.1" 200 440 "http://localhost:8080/console/vehicle" "Mozilla/5.0 (Macintosh; Intel Mac OS X 10_14_5) AppleWebKit/537.36 (KHTML, like Gecko) Chrome/75.0.3770.100 Safari/537.36"
::1 - - [10/Jul/2019:02:59:28 +0000] "GET /api/vehicle/list?t=1562727568895&page=1&pageSize=10 HTTP/1.1" 200 440 "http://localhost:8080/console/vehicle" "Mozilla/5.0 (Macintosh; Intel Mac OS X 10_14_5) AppleWebKit/537.36 (KHTML, like Gecko) Chrome/75.0.3770.100 Safari/537.36"
::1 - - [10/Jul/2019:02:59:33 +0000] "GET /api/vehicle/list?t=1562727573346&page=1&pageSize=10 HTTP/1.1" 200 440 "http://localhost:8080/console/vehicle" "Mozilla/5.0 (Macintosh; Intel Mac OS X 10_14_5) AppleWebKit/537.36 (KHTML, like Gecko) Chrome/75.0.3770.100 Safari/537.36"
::1 - - [10/Jul/2019:02:59:42 +0000] "GET /api/vehicle/list?t=1562727582979&page=1&pageSize=10 HTTP/1.1" 200 440 "http://localhost:8080/console/vehicle" "Mozilla/5.0 (Macintosh; Intel Mac OS X 10_14_5) AppleWebKit/537.36 (KHTML, like Gecko) Chrome/75.0.3770.100 Safari/537.36"
::1 - - [10/Jul/2019:02:59:47 +0000] "GET /api/vehicle/list?t=1562727587759&page=1&pageSize=10 HTTP/1.1" 200 440 "http://localhost:8080/console/vehicle" "Mozilla/5.0 (Macintosh; Intel Mac OS X 10_14_5) AppleWebKit/537.36 (KHTML, like Gecko) Chrome/75.0.3770.100 Safari/537.36"
::1 - - [10/Jul/2019:03:00:00 +0000] "GET /api/vehicle/list?t=1562727600894&page=1&pageSize=10 HTTP/1.1" 200 440 "http://localhost:8080/console/vehicle" "Mozilla/5.0 (Macintosh; Intel Mac OS X 10_14_5) AppleWebKit/537.36 (KHTML, like Gecko) Chrome/75.0.3770.100 Safari/537.36"
::1 - - [10/Jul/2019:03:00:12 +0000] "GET /api/vehicle/list?t=1562727612777&page=1&pageSize=10 HTTP/1.1" 200 440 "http://localhost:8080/console/vehicle" "Mozilla/5.0 (Macintosh; Intel Mac OS X 10_14_5) AppleWebKit/537.36 (KHTML, like Gecko) Chrome/75.0.3770.100 Safari/537.36"
::1 - - [10/Jul/2019:03:00:26 +0000] "GET /api/vehicle/list?t=1562727626586&page=1&pageSize=10 HTTP/1.1" 200 440 "http://localhost:8080/console/vehicle" "Mozilla/5.0 (Macintosh; Intel Mac OS X 10_14_5) AppleWebKit/537.36 (KHTML, like Gecko) Chrome/75.0.3770.100 Safari/537.36"
::1 - - [10/Jul/2019:03:00:28 +0000] "GET /api/vehicle/list?t=1562727628591&page=1&pageSize=10 HTTP/1.1" 200 440 "http://localhost:8080/console/vehicle" "Mozilla/5.0 (Macintosh; Intel Mac OS X 10_14_5) AppleWebKit/537.36 (KHTML, like Gecko) Chrome/75.0.3770.100 Safari/537.36"
::1 - - [10/Jul/2019:03:00:33 +0000] "GET /api/vehicle/list?t=1562727633551&page=1&pageSize=10 HTTP/1.1" 200 440 "http://localhost:8080/console/vehicle" "Mozilla/5.0 (Macintosh; Intel Mac OS X 10_14_5) AppleWebKit/537.36 (KHTML, like Gecko) Chrome/75.0.3770.100 Safari/537.36"
::1 - - [10/Jul/2019:03:00:38 +0000] "GET /api/vehicle/list?t=1562727638864&page=1&pageSize=10 HTTP/1.1" 200 440 "http://localhost:8080/console/vehicle" "Mozilla/5.0 (Macintosh; Intel Mac OS X 10_14_5) AppleWebKit/537.36 (KHTML, like Gecko) Chrome/75.0.3770.100 Safari/537.36"
::1 - - [10/Jul/2019:03:00:42 +0000] "GET /api/vehicle/list?t=1562727642913&page=1&pageSize=10 HTTP/1.1" 200 440 "http://localhost:8080/console/vehicle" "Mozilla/5.0 (Macintosh; Intel Mac OS X 10_14_5) AppleWebKit/537.36 (KHTML, like Gecko) Chrome/75.0.3770.100 Safari/537.36"
::1 - - [10/Jul/2019:03:06:44 +0000] "GET /api/vehicle/list?t=1562728004412&page=1&pageSize=10 HTTP/1.1" 200 440 "http://localhost:8080/console/vehicle" "Mozilla/5.0 (Macintosh; Intel Mac OS X 10_14_5) AppleWebKit/537.36 (KHTML, like Gecko) Chrome/75.0.3770.100 Safari/537.36"
::1 - - [10/Jul/2019:03:07:36 +0000] "GET /api/vehicle/list?t=1562728056575&page=1&pageSize=10 HTTP/1.1" 200 440 "http://localhost:8080/console/vehicle" "Mozilla/5.0 (Macintosh; Intel Mac OS X 10_14_5) AppleWebKit/537.36 (KHTML, like Gecko) Chrome/75.0.3770.100 Safari/537.36"
::1 - - [10/Jul/2019:03:07:37 +0000] "GET /api/vehicle/list?t=1562728057578&page=1&pageSize=10 HTTP/1.1" 200 440 "http://localhost:8080/console/vehicle" "Mozilla/5.0 (Macintosh; Intel Mac OS X 10_14_5) AppleWebKit/537.36 (KHTML, like Gecko) Chrome/75.0.3770.100 Safari/537.36"
::1 - - [10/Jul/2019:03:08:31 +0000] "GET /api/vehicle/list?t=1562728111131&page=1&pageSize=10 HTTP/1.1" 200 440 "http://localhost:8080/console/vehicle" "Mozilla/5.0 (Macintosh; Intel Mac OS X 10_14_5) AppleWebKit/537.36 (KHTML, like Gecko) Chrome/75.0.3770.100 Safari/537.36"
::1 - - [10/Jul/2019:03:08:33 +0000] "GET /api/vehicle/list?t=1562728113310&page=1&pageSize=10 HTTP/1.1" 200 440 "http://localhost:8080/console/vehicle" "Mozilla/5.0 (Macintosh; Intel Mac OS X 10_14_5) AppleWebKit/537.36 (KHTML, like Gecko) Chrome/75.0.3770.100 Safari/537.36"
::1 - - [10/Jul/2019:03:08:35 +0000] "GET /api/vehicle/list?t=1562728115573&page=1&pageSize=10 HTTP/1.1" 200 440 "http://localhost:8080/console/vehicle" "Mozilla/5.0 (Macintosh; Intel Mac OS X 10_14_5) AppleWebKit/537.36 (KHTML, like Gecko) Chrome/75.0.3770.100 Safari/537.36"
::1 - - [10/Jul/2019:03:08:56 +0000] "GET /api/vehicle/list?t=1562728136456&page=1&pageSize=10 HTTP/1.1" 200 440 "http://localhost:8080/console/vehicle" "Mozilla/5.0 (Macintosh; Intel Mac OS X 10_14_5) AppleWebKit/537.36 (KHTML, like Gecko) Chrome/75.0.3770.100 Safari/537.36"
::1 - - [10/Jul/2019:03:09:15 +0000] "GET /api/vehicle/list?t=1562728155125&page=1&pageSize=10 HTTP/1.1" 200 440 "http://localhost:8080/console/vehicle" "Mozilla/5.0 (Macintosh; Intel Mac OS X 10_14_5) AppleWebKit/537.36 (KHTML, like Gecko) Chrome/75.0.3770.100 Safari/537.36"
::1 - - [10/Jul/2019:03:09:29 +0000] "GET /api/vehicle/list?t=1562728169435&page=1&pageSize=10 HTTP/1.1" 200 440 "http://localhost:8080/console/vehicle" "Mozilla/5.0 (Macintosh; Intel Mac OS X 10_14_5) AppleWebKit/537.36 (KHTML, like Gecko) Chrome/75.0.3770.100 Safari/537.36"
::1 - - [10/Jul/2019:03:09:42 +0000] "GET /api/vehicle/list?t=1562728182921&page=1&pageSize=10 HTTP/1.1" 200 440 "http://localhost:8080/console/vehicle" "Mozilla/5.0 (Macintosh; Intel Mac OS X 10_14_5) AppleWebKit/537.36 (KHTML, like Gecko) Chrome/75.0.3770.100 Safari/537.36"
::1 - - [10/Jul/2019:03:10:10 +0000] "GET /api/vehicle/list?t=1562728210250&page=1&pageSize=10 HTTP/1.1" 200 440 "http://localhost:8080/console/vehicle" "Mozilla/5.0 (Macintosh; Intel Mac OS X 10_14_5) AppleWebKit/537.36 (KHTML, like Gecko) Chrome/75.0.3770.100 Safari/537.36"
::1 - - [10/Jul/2019:03:10:13 +0000] "GET /api/vehicle/list?t=1562728213188&page=1&pageSize=10 HTTP/1.1" 200 440 "http://localhost:8080/console/vehicle" "Mozilla/5.0 (Macintosh; Intel Mac OS X 10_14_5) AppleWebKit/537.36 (KHTML, like Gecko) Chrome/75.0.3770.100 Safari/537.36"
::1 - - [10/Jul/2019:03:10:15 +0000] "GET /api/vehicle/list?t=1562728215725&page=1&pageSize=10 HTTP/1.1" 200 440 "http://localhost:8080/console/vehicle" "Mozilla/5.0 (Macintosh; Intel Mac OS X 10_14_5) AppleWebKit/537.36 (KHTML, like Gecko) Chrome/75.0.3770.100 Safari/537.36"
::1 - - [10/Jul/2019:03:10:21 +0000] "GET /api/vehicle/list?t=1562728221295&page=1&pageSize=10 HTTP/1.1" 200 440 "http://localhost:8080/console/vehicle" "Mozilla/5.0 (Macintosh; Intel Mac OS X 10_14_5) AppleWebKit/537.36 (KHTML, like Gecko) Chrome/75.0.3770.100 Safari/537.36"
::1 - - [10/Jul/2019:03:10:23 +0000] "GET /api/vehicle/list?t=1562728223842&page=1&pageSize=10 HTTP/1.1" 200 440 "http://localhost:8080/console/vehicle" "Mozilla/5.0 (Macintosh; Intel Mac OS X 10_14_5) AppleWebKit/537.36 (KHTML, like Gecko) Chrome/75.0.3770.100 Safari/537.36"
::1 - - [10/Jul/2019:03:10:51 +0000] "GET /api/vehicle/list?t=1562728251971&page=1&pageSize=10 HTTP/1.1" 200 440 "http://localhost:8080/console/vehicle" "Mozilla/5.0 (Macintosh; Intel Mac OS X 10_14_5) AppleWebKit/537.36 (KHTML, like Gecko) Chrome/75.0.3770.100 Safari/537.36"
::1 - - [10/Jul/2019:03:10:53 +0000] "GET /api/vehicle/list?t=1562728253040&page=1&pageSize=10 HTTP/1.1" 200 440 "http://localhost:8080/console/vehicle" "Mozilla/5.0 (Macintosh; Intel Mac OS X 10_14_5) AppleWebKit/537.36 (KHTML, like Gecko) Chrome/75.0.3770.100 Safari/537.36"
::1 - - [10/Jul/2019:03:10:59 +0000] "GET /api/vehicle/list?t=1562728259835&page=1&pageSize=10 HTTP/1.1" 200 440 "http://localhost:8080/console/vehicle" "Mozilla/5.0 (Macintosh; Intel Mac OS X 10_14_5) AppleWebKit/537.36 (KHTML, like Gecko) Chrome/75.0.3770.100 Safari/537.36"
::1 - - [10/Jul/2019:03:11:06 +0000] "GET /api/vehicle/list?t=1562728266956&page=1&pageSize=10 HTTP/1.1" 200 440 "http://localhost:8080/console/vehicle" "Mozilla/5.0 (Macintosh; Intel Mac OS X 10_14_5) AppleWebKit/537.36 (KHTML, like Gecko) Chrome/75.0.3770.100 Safari/537.36"
::1 - - [10/Jul/2019:03:11:08 +0000] "GET /api/vehicle/list?t=1562728268555&page=1&pageSize=10 HTTP/1.1" 200 440 "http://localhost:8080/console/vehicle" "Mozilla/5.0 (Macintosh; Intel Mac OS X 10_14_5) AppleWebKit/537.36 (KHTML, like Gecko) Chrome/75.0.3770.100 Safari/537.36"
::1 - - [10/Jul/2019:03:11:14 +0000] "GET /api/vehicle/list?t=1562728274467&page=1&pageSize=10 HTTP/1.1" 200 440 "http://localhost:8080/console/vehicle" "Mozilla/5.0 (Macintosh; Intel Mac OS X 10_14_5) AppleWebKit/537.36 (KHTML, like Gecko) Chrome/75.0.3770.100 Safari/537.36"
::1 - - [10/Jul/2019:03:11:30 +0000] "GET /api/vehicle/list?t=1562728290726&page=1&pageSize=10 HTTP/1.1" 200 440 "http://localhost:8080/console/vehicle" "Mozilla/5.0 (Macintosh; Intel Mac OS X 10_14_5) AppleWebKit/537.36 (KHTML, like Gecko) Chrome/75.0.3770.100 Safari/537.36"
::1 - - [10/Jul/2019:03:11:48 +0000] "GET /api/vehicle/list?t=1562728308534&page=1&pageSize=10 HTTP/1.1" 200 440 "http://localhost:8080/console/vehicle" "Mozilla/5.0 (Macintosh; Intel Mac OS X 10_14_5) AppleWebKit/537.36 (KHTML, like Gecko) Chrome/75.0.3770.100 Safari/537.36"
::1 - - [10/Jul/2019:03:11:53 +0000] "GET /api/vehicle/list?t=1562728313468&page=1&pageSize=10 HTTP/1.1" 200 440 "http://localhost:8080/console/vehicle" "Mozilla/5.0 (Macintosh; Intel Mac OS X 10_14_5) AppleWebKit/537.36 (KHTML, like Gecko) Chrome/75.0.3770.100 Safari/537.36"
::1 - - [10/Jul/2019:03:12:00 +0000] "GET /api/vehicle/list?t=1562728320415&page=1&pageSize=10 HTTP/1.1" 200 440 "http://localhost:8080/console/vehicle" "Mozilla/5.0 (Macintosh; Intel Mac OS X 10_14_5) AppleWebKit/537.36 (KHTML, like Gecko) Chrome/75.0.3770.100 Safari/537.36"
::1 - - [10/Jul/2019:03:12:03 +0000] "GET /api/vehicle/list?t=1562728323702&page=1&pageSize=10 HTTP/1.1" 200 440 "http://localhost:8080/console/vehicle" "Mozilla/5.0 (Macintosh; Intel Mac OS X 10_14_5) AppleWebKit/537.36 (KHTML, like Gecko) Chrome/75.0.3770.100 Safari/537.36"
::1 - - [10/Jul/2019:03:12:07 +0000] "GET /api/vehicle/list?t=1562728327871&page=1&pageSize=10 HTTP/1.1" 200 440 "http://localhost:8080/console/vehicle" "Mozilla/5.0 (Macintosh; Intel Mac OS X 10_14_5) AppleWebKit/537.36 (KHTML, like Gecko) Chrome/75.0.3770.100 Safari/537.36"
::1 - - [10/Jul/2019:03:12:13 +0000] "GET /api/vehicle/list?t=1562728333069&page=1&pageSize=10 HTTP/1.1" 200 440 "http://localhost:8080/console/vehicle" "Mozilla/5.0 (Macintosh; Intel Mac OS X 10_14_5) AppleWebKit/537.36 (KHTML, like Gecko) Chrome/75.0.3770.100 Safari/537.36"
::1 - - [10/Jul/2019:03:12:17 +0000] "GET /api/vehicle/list?t=1562728337299&page=1&pageSize=10 HTTP/1.1" 200 440 "http://localhost:8080/console/vehicle" "Mozilla/5.0 (Macintosh; Intel Mac OS X 10_14_5) AppleWebKit/537.36 (KHTML, like Gecko) Chrome/75.0.3770.100 Safari/537.36"
::1 - - [10/Jul/2019:03:12:23 +0000] "GET /api/vehicle/list?t=1562728343155&page=1&pageSize=10 HTTP/1.1" 200 440 "http://localhost:8080/console/vehicle" "Mozilla/5.0 (Macintosh; Intel Mac OS X 10_14_5) AppleWebKit/537.36 (KHTML, like Gecko) Chrome/75.0.3770.100 Safari/537.36"
::1 - - [10/Jul/2019:03:12:30 +0000] "GET /api/vehicle/list?t=1562728350432&page=1&pageSize=10 HTTP/1.1" 200 440 "http://localhost:8080/console/vehicle" "Mozilla/5.0 (Macintosh; Intel Mac OS X 10_14_5) AppleWebKit/537.36 (KHTML, like Gecko) Chrome/75.0.3770.100 Safari/537.36"
::1 - - [10/Jul/2019:03:12:32 +0000] "GET /api/vehicle/list?t=1562728352392&page=1&pageSize=10 HTTP/1.1" 200 440 "http://localhost:8080/console/vehicle" "Mozilla/5.0 (Macintosh; Intel Mac OS X 10_14_5) AppleWebKit/537.36 (KHTML, like Gecko) Chrome/75.0.3770.100 Safari/537.36"
::1 - - [10/Jul/2019:03:12:34 +0000] "GET /api/vehicle/list?t=1562728354267&page=1&pageSize=10 HTTP/1.1" 200 440 "http://localhost:8080/console/vehicle" "Mozilla/5.0 (Macintosh; Intel Mac OS X 10_14_5) AppleWebKit/537.36 (KHTML, like Gecko) Chrome/75.0.3770.100 Safari/537.36"
::1 - - [10/Jul/2019:03:12:38 +0000] "GET /api/vehicle/list?t=1562728358333&page=1&pageSize=10 HTTP/1.1" 200 440 "http://localhost:8080/console/vehicle" "Mozilla/5.0 (Macintosh; Intel Mac OS X 10_14_5) AppleWebKit/537.36 (KHTML, like Gecko) Chrome/75.0.3770.100 Safari/537.36"
::1 - - [10/Jul/2019:03:12:40 +0000] "GET /api/vehicle/list?t=1562728360492&page=1&pageSize=10 HTTP/1.1" 200 440 "http://localhost:8080/console/vehicle" "Mozilla/5.0 (Macintosh; Intel Mac OS X 10_14_5) AppleWebKit/537.36 (KHTML, like Gecko) Chrome/75.0.3770.100 Safari/537.36"
::1 - - [10/Jul/2019:03:12:46 +0000] "GET /api/vehicle/list?t=1562728366283&page=1&pageSize=10 HTTP/1.1" 200 440 "http://localhost:8080/console/vehicle" "Mozilla/5.0 (Macintosh; Intel Mac OS X 10_14_5) AppleWebKit/537.36 (KHTML, like Gecko) Chrome/75.0.3770.100 Safari/537.36"
::1 - - [10/Jul/2019:03:13:06 +0000] "GET /api/vehicle/list?t=1562728386015&page=1&pageSize=10 HTTP/1.1" 200 440 "http://localhost:8080/console/vehicle" "Mozilla/5.0 (Macintosh; Intel Mac OS X 10_14_5) AppleWebKit/537.36 (KHTML, like Gecko) Chrome/75.0.3770.100 Safari/537.36"
::1 - - [10/Jul/2019:03:13:08 +0000] "GET /api/vehicle/list?t=1562728388423&page=1&pageSize=10 HTTP/1.1" 200 440 "http://localhost:8080/console/vehicle" "Mozilla/5.0 (Macintosh; Intel Mac OS X 10_14_5) AppleWebKit/537.36 (KHTML, like Gecko) Chrome/75.0.3770.100 Safari/537.36"
::1 - - [10/Jul/2019:03:13:20 +0000] "GET /api/vehicle/list?t=1562728400328&page=1&pageSize=10 HTTP/1.1" 200 440 "http://localhost:8080/console/vehicle" "Mozilla/5.0 (Macintosh; Intel Mac OS X 10_14_5) AppleWebKit/537.36 (KHTML, like Gecko) Chrome/75.0.3770.100 Safari/537.36"
::1 - - [10/Jul/2019:03:13:42 +0000] "GET /api/vehicle/list?t=1562728422255&page=1&pageSize=10 HTTP/1.1" 200 440 "http://localhost:8080/console/vehicle" "Mozilla/5.0 (Macintosh; Intel Mac OS X 10_14_5) AppleWebKit/537.36 (KHTML, like Gecko) Chrome/75.0.3770.100 Safari/537.36"
::1 - - [10/Jul/2019:03:14:38 +0000] "GET /api/vehicle/list?t=1562728478077&page=1&pageSize=10 HTTP/1.1" 200 440 "http://localhost:8080/console/vehicle" "Mozilla/5.0 (Macintosh; Intel Mac OS X 10_14_5) AppleWebKit/537.36 (KHTML, like Gecko) Chrome/75.0.3770.100 Safari/537.36"
::1 - - [10/Jul/2019:03:14:41 +0000] "GET /api/vehicle/list?t=1562728481326&page=1&pageSize=10 HTTP/1.1" 200 440 "http://localhost:8080/console/vehicle" "Mozilla/5.0 (Macintosh; Intel Mac OS X 10_14_5) AppleWebKit/537.36 (KHTML, like Gecko) Chrome/75.0.3770.100 Safari/537.36"
::1 - - [10/Jul/2019:03:14:43 +0000] "GET /api/vehicle/list?t=1562728483516&page=1&pageSize=10 HTTP/1.1" 200 440 "http://localhost:8080/console/vehicle" "Mozilla/5.0 (Macintosh; Intel Mac OS X 10_14_5) AppleWebKit/537.36 (KHTML, like Gecko) Chrome/75.0.3770.100 Safari/537.36"
::1 - - [10/Jul/2019:03:14:48 +0000] "GET /api/vehicle/list?t=1562728488840&page=1&pageSize=10 HTTP/1.1" 200 440 "http://localhost:8080/console/vehicle" "Mozilla/5.0 (Macintosh; Intel Mac OS X 10_14_5) AppleWebKit/537.36 (KHTML, like Gecko) Chrome/75.0.3770.100 Safari/537.36"
::1 - - [10/Jul/2019:03:15:18 +0000] "GET /api/vehicle/list?t=1562728518134&page=1&pageSize=10 HTTP/1.1" 200 440 "http://localhost:8080/console/vehicle" "Mozilla/5.0 (Macintosh; Intel Mac OS X 10_14_5) AppleWebKit/537.36 (KHTML, like Gecko) Chrome/75.0.3770.100 Safari/537.36"
::1 - - [10/Jul/2019:03:17:55 +0000] "GET /api/vehicle/list?t=1562728675829&page=1&pageSize=10 HTTP/1.1" 200 440 "http://localhost:8080/console/vehicle" "Mozilla/5.0 (Macintosh; Intel Mac OS X 10_14_5) AppleWebKit/537.36 (KHTML, like Gecko) Chrome/75.0.3770.100 Safari/537.36"
::1 - - [10/Jul/2019:03:18:52 +0000] "GET /api/vehicle/list?t=1562728732579&page=1&pageSize=10 HTTP/1.1" 200 440 "http://localhost:8080/console/vehicle" "Mozilla/5.0 (Macintosh; Intel Mac OS X 10_14_5) AppleWebKit/537.36 (KHTML, like Gecko) Chrome/75.0.3770.100 Safari/537.36"
::1 - - [10/Jul/2019:03:18:54 +0000] "GET /api/vehicle/list?t=1562728734584&page=1&pageSize=10 HTTP/1.1" 200 440 "http://localhost:8080/console/vehicle" "Mozilla/5.0 (Macintosh; Intel Mac OS X 10_14_5) AppleWebKit/537.36 (KHTML, like Gecko) Chrome/75.0.3770.100 Safari/537.36"
::1 - - [10/Jul/2019:03:21:26 +0000] "GET /api/vehicle/list?t=1562728886953&page=1&pageSize=10 HTTP/1.1" 200 440 "http://localhost:8080/console/vehicle" "Mozilla/5.0 (Macintosh; Intel Mac OS X 10_14_5) AppleWebKit/537.36 (KHTML, like Gecko) Chrome/75.0.3770.100 Safari/537.36"
::1 - - [10/Jul/2019:03:23:28 +0000] "GET /api/vehicle/list?t=1562729008988&page=1&pageSize=10 HTTP/1.1" 200 440 "http://localhost:8080/console/vehicle" "Mozilla/5.0 (Macintosh; Intel Mac OS X 10_14_5) AppleWebKit/537.36 (KHTML, like Gecko) Chrome/75.0.3770.100 Safari/537.36"
::1 - - [10/Jul/2019:03:23:45 +0000] "GET /api/vehicle/list?t=1562729025968&page=1&pageSize=10 HTTP/1.1" 200 440 "http://localhost:8080/console/vehicle" "Mozilla/5.0 (Macintosh; Intel Mac OS X 10_14_5) AppleWebKit/537.36 (KHTML, like Gecko) Chrome/75.0.3770.100 Safari/537.36"
::1 - - [10/Jul/2019:03:24:07 +0000] "GET /api/vehicle/list?t=1562729047855&page=1&pageSize=10 HTTP/1.1" 200 440 "http://localhost:8080/console/vehicle" "Mozilla/5.0 (Macintosh; Intel Mac OS X 10_14_5) AppleWebKit/537.36 (KHTML, like Gecko) Chrome/75.0.3770.100 Safari/537.36"
::1 - - [10/Jul/2019:03:24:11 +0000] "GET /api/vehicle/list?t=1562729051042&page=1&pageSize=10 HTTP/1.1" 200 440 "http://localhost:8080/console/vehicle" "Mozilla/5.0 (Macintosh; Intel Mac OS X 10_14_5) AppleWebKit/537.36 (KHTML, like Gecko) Chrome/75.0.3770.100 Safari/537.36"
::1 - - [10/Jul/2019:03:24:25 +0000] "GET /api/vehicle/list?t=1562729065749&page=1&pageSize=10 HTTP/1.1" 200 440 "http://localhost:8080/console/vehicle" "Mozilla/5.0 (Macintosh; Intel Mac OS X 10_14_5) AppleWebKit/537.36 (KHTML, like Gecko) Chrome/75.0.3770.100 Safari/537.36"
::1 - - [10/Jul/2019:03:24:41 +0000] "GET /api/vehicle/list?t=1562729081174&page=1&pageSize=10 HTTP/1.1" 200 440 "http://localhost:8080/console/vehicle" "Mozilla/5.0 (Macintosh; Intel Mac OS X 10_14_5) AppleWebKit/537.36 (KHTML, like Gecko) Chrome/75.0.3770.100 Safari/537.36"
::1 - - [10/Jul/2019:03:24:54 +0000] "GET /api/vehicle/list?t=1562729094475&page=1&pageSize=10 HTTP/1.1" 200 440 "http://localhost:8080/console/vehicle" "Mozilla/5.0 (Macintosh; Intel Mac OS X 10_14_5) AppleWebKit/537.36 (KHTML, like Gecko) Chrome/75.0.3770.100 Safari/537.36"
::1 - - [10/Jul/2019:03:24:59 +0000] "GET /api/vehicle/list?t=1562729099522&page=1&pageSize=10 HTTP/1.1" 200 440 "http://localhost:8080/console/vehicle" "Mozilla/5.0 (Macintosh; Intel Mac OS X 10_14_5) AppleWebKit/537.36 (KHTML, like Gecko) Chrome/75.0.3770.100 Safari/537.36"
::1 - - [10/Jul/2019:03:25:45 +0000] "GET /api/vehicle/list?t=1562729145557&page=1&pageSize=10 HTTP/1.1" 200 440 "http://localhost:8080/console/vehicle" "Mozilla/5.0 (Macintosh; Intel Mac OS X 10_14_5) AppleWebKit/537.36 (KHTML, like Gecko) Chrome/75.0.3770.100 Safari/537.36"
::1 - - [10/Jul/2019:03:27:33 +0000] "GET /api/vehicle/list?t=1562729252999&page=1&pageSize=10 HTTP/1.1" 200 440 "http://localhost:8080/console/vehicle" "Mozilla/5.0 (Macintosh; Intel Mac OS X 10_14_5) AppleWebKit/537.36 (KHTML, like Gecko) Chrome/75.0.3770.100 Safari/537.36"
::1 - - [10/Jul/2019:03:28:10 +0000] "GET /api/vehicle/list?t=1562729290119&page=1&pageSize=10 HTTP/1.1" 200 440 "http://localhost:8080/console/vehicle" "Mozilla/5.0 (Macintosh; Intel Mac OS X 10_14_5) AppleWebKit/537.36 (KHTML, like Gecko) Chrome/75.0.3770.100 Safari/537.36"
::1 - - [10/Jul/2019:03:28:56 +0000] "GET /api/vehicle/list?t=1562729336341&page=1&pageSize=10 HTTP/1.1" 200 440 "http://localhost:8080/console/vehicle" "Mozilla/5.0 (Macintosh; Intel Mac OS X 10_14_5) AppleWebKit/537.36 (KHTML, like Gecko) Chrome/75.0.3770.100 Safari/537.36"
::1 - - [10/Jul/2019:03:29:02 +0000] "GET /api/vehicle/list?t=1562729342177&page=1&pageSize=10 HTTP/1.1" 200 440 "http://localhost:8080/console/vehicle" "Mozilla/5.0 (Macintosh; Intel Mac OS X 10_14_5) AppleWebKit/537.36 (KHTML, like Gecko) Chrome/75.0.3770.100 Safari/537.36"
::1 - - [10/Jul/2019:03:29:10 +0000] "GET /api/vehicle/list?t=1562729350096&page=1&pageSize=10 HTTP/1.1" 200 440 "http://localhost:8080/console/vehicle" "Mozilla/5.0 (Macintosh; Intel Mac OS X 10_14_5) AppleWebKit/537.36 (KHTML, like Gecko) Chrome/75.0.3770.100 Safari/537.36"
::1 - - [10/Jul/2019:03:29:43 +0000] "GET /api/vehicle/list?t=1562729383934&page=1&pageSize=10 HTTP/1.1" 200 440 "http://localhost:8080/console/vehicle" "Mozilla/5.0 (Macintosh; Intel Mac OS X 10_14_5) AppleWebKit/537.36 (KHTML, like Gecko) Chrome/75.0.3770.100 Safari/537.36"
::1 - - [10/Jul/2019:03:29:48 +0000] "GET /api/vehicle/list?t=1562729388318&page=1&pageSize=10 HTTP/1.1" 200 440 "http://localhost:8080/console/vehicle" "Mozilla/5.0 (Macintosh; Intel Mac OS X 10_14_5) AppleWebKit/537.36 (KHTML, like Gecko) Chrome/75.0.3770.100 Safari/537.36"
::1 - - [10/Jul/2019:03:38:07 +0000] "GET /api/vehicle/list?t=1562729887712&page=1&pageSize=10 HTTP/1.1" 200 440 "http://localhost:8080/console/vehicle" "Mozilla/5.0 (Macintosh; Intel Mac OS X 10_14_5) AppleWebKit/537.36 (KHTML, like Gecko) Chrome/75.0.3770.100 Safari/537.36"
::1 - - [10/Jul/2019:03:38:13 +0000] "GET /api/vehicle/list?t=1562729893358&page=1&pageSize=10 HTTP/1.1" 200 440 "http://localhost:8080/console/vehicle" "Mozilla/5.0 (Macintosh; Intel Mac OS X 10_14_5) AppleWebKit/537.36 (KHTML, like Gecko) Chrome/75.0.3770.100 Safari/537.36"
::1 - - [10/Jul/2019:03:38:27 +0000] "GET /api/vehicle/list?t=1562729907971&page=1&pageSize=10 HTTP/1.1" 200 440 "http://localhost:8080/console/vehicle" "Mozilla/5.0 (Macintosh; Intel Mac OS X 10_14_5) AppleWebKit/537.36 (KHTML, like Gecko) Chrome/75.0.3770.100 Safari/537.36"
::1 - - [10/Jul/2019:03:38:29 +0000] "GET /api/vehicle/list?t=1562729909623&page=1&pageSize=10 HTTP/1.1" 200 440 "http://localhost:8080/console/vehicle" "Mozilla/5.0 (Macintosh; Intel Mac OS X 10_14_5) AppleWebKit/537.36 (KHTML, like Gecko) Chrome/75.0.3770.100 Safari/537.36"
::1 - - [10/Jul/2019:03:41:02 +0000] "GET /api/vehicle/list?t=1562730062935&page=1&pageSize=10 HTTP/1.1" 200 440 "http://localhost:8080/console/vehicle" "Mozilla/5.0 (Macintosh; Intel Mac OS X 10_14_5) AppleWebKit/537.36 (KHTML, like Gecko) Chrome/75.0.3770.100 Safari/537.36"
::1 - - [10/Jul/2019:03:41:04 +0000] "GET /api/vehicle/list?t=1562730064856&page=1&pageSize=10 HTTP/1.1" 200 440 "http://localhost:8080/console/vehicle" "Mozilla/5.0 (Macintosh; Intel Mac OS X 10_14_5) AppleWebKit/537.36 (KHTML, like Gecko) Chrome/75.0.3770.100 Safari/537.36"
::1 - - [10/Jul/2019:03:41:10 +0000] "GET /api/vehicle/list?t=1562730070359&page=1&pageSize=10 HTTP/1.1" 200 440 "http://localhost:8080/console/vehicle" "Mozilla/5.0 (Macintosh; Intel Mac OS X 10_14_5) AppleWebKit/537.36 (KHTML, like Gecko) Chrome/75.0.3770.100 Safari/537.36"
::1 - - [10/Jul/2019:03:41:16 +0000] "GET /api/vehicle/list?t=1562730076659&page=1&pageSize=10 HTTP/1.1" 200 440 "http://localhost:8080/console/vehicle" "Mozilla/5.0 (Macintosh; Intel Mac OS X 10_14_5) AppleWebKit/537.36 (KHTML, like Gecko) Chrome/75.0.3770.100 Safari/537.36"
::1 - - [10/Jul/2019:03:41:19 +0000] "GET /api/vehicle/list?t=1562730079667&page=1&pageSize=10 HTTP/1.1" 200 440 "http://localhost:8080/console/vehicle" "Mozilla/5.0 (Macintosh; Intel Mac OS X 10_14_5) AppleWebKit/537.36 (KHTML, like Gecko) Chrome/75.0.3770.100 Safari/537.36"
::1 - - [10/Jul/2019:03:41:29 +0000] "GET /api/vehicle/list?t=1562730089367&page=1&pageSize=10 HTTP/1.1" 200 440 "http://localhost:8080/console/vehicle" "Mozilla/5.0 (Macintosh; Intel Mac OS X 10_14_5) AppleWebKit/537.36 (KHTML, like Gecko) Chrome/75.0.3770.100 Safari/537.36"
::1 - - [10/Jul/2019:03:41:39 +0000] "GET /api/vehicle/list?t=1562730099974&page=1&pageSize=10 HTTP/1.1" 200 440 "http://localhost:8080/console/vehicle" "Mozilla/5.0 (Macintosh; Intel Mac OS X 10_14_5) AppleWebKit/537.36 (KHTML, like Gecko) Chrome/75.0.3770.100 Safari/537.36"
::1 - - [10/Jul/2019:03:41:55 +0000] "GET /api/vehicle/list?t=1562730115605&page=1&pageSize=10 HTTP/1.1" 200 440 "http://localhost:8080/console/vehicle" "Mozilla/5.0 (Macintosh; Intel Mac OS X 10_14_5) AppleWebKit/537.36 (KHTML, like Gecko) Chrome/75.0.3770.100 Safari/537.36"
::1 - - [10/Jul/2019:03:44:25 +0000] "GET /api/vehicle/list?t=1562730265755&page=1&pageSize=10 HTTP/1.1" 200 440 "http://localhost:8080/console/vehicle" "Mozilla/5.0 (Macintosh; Intel Mac OS X 10_14_5) AppleWebKit/537.36 (KHTML, like Gecko) Chrome/75.0.3770.100 Safari/537.36"
::1 - - [10/Jul/2019:03:44:27 +0000] "GET /api/vehicle/list?t=1562730267454&page=1&pageSize=10 HTTP/1.1" 200 440 "http://localhost:8080/console/vehicle" "Mozilla/5.0 (Macintosh; Intel Mac OS X 10_14_5) AppleWebKit/537.36 (KHTML, like Gecko) Chrome/75.0.3770.100 Safari/537.36"
::1 - - [10/Jul/2019:03:44:29 +0000] "GET /api/vehicle/list?t=1562730269487&page=1&pageSize=10 HTTP/1.1" 200 440 "http://localhost:8080/console/vehicle" "Mozilla/5.0 (Macintosh; Intel Mac OS X 10_14_5) AppleWebKit/537.36 (KHTML, like Gecko) Chrome/75.0.3770.100 Safari/537.36"
::1 - - [10/Jul/2019:03:44:30 +0000] "GET /api/vehicle/list?t=1562730270774&page=1&pageSize=10 HTTP/1.1" 200 440 "http://localhost:8080/console/vehicle" "Mozilla/5.0 (Macintosh; Intel Mac OS X 10_14_5) AppleWebKit/537.36 (KHTML, like Gecko) Chrome/75.0.3770.100 Safari/537.36"
::1 - - [10/Jul/2019:03:45:13 +0000] "GET /api/vehicle/list?t=1562730313302&page=1&pageSize=10 HTTP/1.1" 200 440 "http://localhost:8080/console/vehicle" "Mozilla/5.0 (Macintosh; Intel Mac OS X 10_14_5) AppleWebKit/537.36 (KHTML, like Gecko) Chrome/75.0.3770.100 Safari/537.36"
::1 - - [10/Jul/2019:03:45:15 +0000] "GET /api/vehicle/list?t=1562730315493&page=1&pageSize=10 HTTP/1.1" 200 440 "http://localhost:8080/console/vehicle" "Mozilla/5.0 (Macintosh; Intel Mac OS X 10_14_5) AppleWebKit/537.36 (KHTML, like Gecko) Chrome/75.0.3770.100 Safari/537.36"
::1 - - [10/Jul/2019:03:45:16 +0000] "GET /api/vehicle/list?t=1562730316723&page=1&pageSize=10 HTTP/1.1" 200 440 "http://localhost:8080/console/vehicle" "Mozilla/5.0 (Macintosh; Intel Mac OS X 10_14_5) AppleWebKit/537.36 (KHTML, like Gecko) Chrome/75.0.3770.100 Safari/537.36"
::1 - - [10/Jul/2019:03:45:37 +0000] "GET /api/vehicle/list?t=1562730337654&page=1&pageSize=10 HTTP/1.1" 200 440 "http://localhost:8080/console/vehicle" "Mozilla/5.0 (Macintosh; Intel Mac OS X 10_14_5) AppleWebKit/537.36 (KHTML, like Gecko) Chrome/75.0.3770.100 Safari/537.36"
::1 - - [10/Jul/2019:03:45:38 +0000] "GET /api/vehicle/list?t=1562730338678&page=1&pageSize=10 HTTP/1.1" 200 440 "http://localhost:8080/console/vehicle" "Mozilla/5.0 (Macintosh; Intel Mac OS X 10_14_5) AppleWebKit/537.36 (KHTML, like Gecko) Chrome/75.0.3770.100 Safari/537.36"
::1 - - [10/Jul/2019:03:45:42 +0000] "GET /api/vehicle/list?t=1562730342415&page=1&pageSize=10 HTTP/1.1" 200 440 "http://localhost:8080/console/vehicle" "Mozilla/5.0 (Macintosh; Intel Mac OS X 10_14_5) AppleWebKit/537.36 (KHTML, like Gecko) Chrome/75.0.3770.100 Safari/537.36"
::1 - - [10/Jul/2019:03:47:59 +0000] "GET /api/vehicle/list?t=1562730479633&page=1&pageSize=10 HTTP/1.1" 200 440 "http://localhost:8080/console/vehicle" "Mozilla/5.0 (Macintosh; Intel Mac OS X 10_14_5) AppleWebKit/537.36 (KHTML, like Gecko) Chrome/75.0.3770.100 Safari/537.36"
::1 - - [10/Jul/2019:03:48:02 +0000] "GET /api/vehicle/info3?t=1562730482906 HTTP/1.1" 404 156 "http://localhost:8080/console/vehicle" "Mozilla/5.0 (Macintosh; Intel Mac OS X 10_14_5) AppleWebKit/537.36 (KHTML, like Gecko) Chrome/75.0.3770.100 Safari/537.36"
::1 - - [10/Jul/2019:03:48:23 +0000] "GET /api/vehicle/list?t=1562730503109&page=1&pageSize=10 HTTP/1.1" 200 440 "http://localhost:8080/console/vehicle" "Mozilla/5.0 (Macintosh; Intel Mac OS X 10_14_5) AppleWebKit/537.36 (KHTML, like Gecko) Chrome/75.0.3770.100 Safari/537.36"
::1 - - [10/Jul/2019:03:48:27 +0000] "GET /api/vehicle/info/3?t=1562730507604 HTTP/1.1" 200 158 "http://localhost:8080/console/vehicle" "Mozilla/5.0 (Macintosh; Intel Mac OS X 10_14_5) AppleWebKit/537.36 (KHTML, like Gecko) Chrome/75.0.3770.100 Safari/537.36"
::1 - - [10/Jul/2019:03:49:02 +0000] "GET /api/vehicle/info/3?t=1562730542715 HTTP/1.1" 200 158 "http://localhost:8080/console/vehicle" "Mozilla/5.0 (Macintosh; Intel Mac OS X 10_14_5) AppleWebKit/537.36 (KHTML, like Gecko) Chrome/75.0.3770.100 Safari/537.36"
::1 - - [10/Jul/2019:03:49:04 +0000] "GET /api/vehicle/info/3?t=1562730544527 HTTP/1.1" 200 158 "http://localhost:8080/console/vehicle" "Mozilla/5.0 (Macintosh; Intel Mac OS X 10_14_5) AppleWebKit/537.36 (KHTML, like Gecko) Chrome/75.0.3770.100 Safari/537.36"
::1 - - [10/Jul/2019:03:49:05 +0000] "GET /api/vehicle/info/3?t=1562730545996 HTTP/1.1" 200 158 "http://localhost:8080/console/vehicle" "Mozilla/5.0 (Macintosh; Intel Mac OS X 10_14_5) AppleWebKit/537.36 (KHTML, like Gecko) Chrome/75.0.3770.100 Safari/537.36"
::1 - - [10/Jul/2019:03:49:08 +0000] "GET /api/vehicle/info/3?t=1562730548679 HTTP/1.1" 200 158 "http://localhost:8080/console/vehicle" "Mozilla/5.0 (Macintosh; Intel Mac OS X 10_14_5) AppleWebKit/537.36 (KHTML, like Gecko) Chrome/75.0.3770.100 Safari/537.36"
::1 - - [10/Jul/2019:03:49:09 +0000] "GET /api/vehicle/info/3?t=1562730549684 HTTP/1.1" 200 158 "http://localhost:8080/console/vehicle" "Mozilla/5.0 (Macintosh; Intel Mac OS X 10_14_5) AppleWebKit/537.36 (KHTML, like Gecko) Chrome/75.0.3770.100 Safari/537.36"
::1 - - [10/Jul/2019:03:49:10 +0000] "GET /api/vehicle/info/3?t=1562730550680 HTTP/1.1" 200 158 "http://localhost:8080/console/vehicle" "Mozilla/5.0 (Macintosh; Intel Mac OS X 10_14_5) AppleWebKit/537.36 (KHTML, like Gecko) Chrome/75.0.3770.100 Safari/537.36"
::1 - - [10/Jul/2019:03:49:11 +0000] "GET /api/vehicle/info/3?t=1562730551746 HTTP/1.1" 200 158 "http://localhost:8080/console/vehicle" "Mozilla/5.0 (Macintosh; Intel Mac OS X 10_14_5) AppleWebKit/537.36 (KHTML, like Gecko) Chrome/75.0.3770.100 Safari/537.36"
::1 - - [10/Jul/2019:03:49:12 +0000] "GET /api/vehicle/info/3?t=1562730552828 HTTP/1.1" 200 158 "http://localhost:8080/console/vehicle" "Mozilla/5.0 (Macintosh; Intel Mac OS X 10_14_5) AppleWebKit/537.36 (KHTML, like Gecko) Chrome/75.0.3770.100 Safari/537.36"
::1 - - [10/Jul/2019:03:49:14 +0000] "GET /api/vehicle/info/3?t=1562730554012 HTTP/1.1" 200 158 "http://localhost:8080/console/vehicle" "Mozilla/5.0 (Macintosh; Intel Mac OS X 10_14_5) AppleWebKit/537.36 (KHTML, like Gecko) Chrome/75.0.3770.100 Safari/537.36"
::1 - - [10/Jul/2019:03:49:15 +0000] "GET /api/vehicle/info/3?t=1562730555107 HTTP/1.1" 200 158 "http://localhost:8080/console/vehicle" "Mozilla/5.0 (Macintosh; Intel Mac OS X 10_14_5) AppleWebKit/537.36 (KHTML, like Gecko) Chrome/75.0.3770.100 Safari/537.36"
::1 - - [10/Jul/2019:03:49:16 +0000] "GET /api/vehicle/info/3?t=1562730556200 HTTP/1.1" 200 158 "http://localhost:8080/console/vehicle" "Mozilla/5.0 (Macintosh; Intel Mac OS X 10_14_5) AppleWebKit/537.36 (KHTML, like Gecko) Chrome/75.0.3770.100 Safari/537.36"
::1 - - [10/Jul/2019:03:49:17 +0000] "GET /api/vehicle/info/3?t=1562730557280 HTTP/1.1" 200 158 "http://localhost:8080/console/vehicle" "Mozilla/5.0 (Macintosh; Intel Mac OS X 10_14_5) AppleWebKit/537.36 (KHTML, like Gecko) Chrome/75.0.3770.100 Safari/537.36"
::1 - - [10/Jul/2019:03:49:18 +0000] "GET /api/vehicle/info/3?t=1562730558178 HTTP/1.1" 200 158 "http://localhost:8080/console/vehicle" "Mozilla/5.0 (Macintosh; Intel Mac OS X 10_14_5) AppleWebKit/537.36 (KHTML, like Gecko) Chrome/75.0.3770.100 Safari/537.36"
::1 - - [10/Jul/2019:03:49:26 +0000] "GET /api/vehicle/list?t=1562730566966&page=1&pageSize=10 HTTP/1.1" 200 440 "http://localhost:8080/console/vehicle" "Mozilla/5.0 (Macintosh; Intel Mac OS X 10_14_5) AppleWebKit/537.36 (KHTML, like Gecko) Chrome/75.0.3770.100 Safari/537.36"
::1 - - [10/Jul/2019:03:51:21 +0000] "GET /api/vehicle/list?t=1562730681025&page=1&pageSize=10 HTTP/1.1" 200 440 "http://localhost:8080/console/vehicle" "Mozilla/5.0 (Macintosh; Intel Mac OS X 10_14_5) AppleWebKit/537.36 (KHTML, like Gecko) Chrome/75.0.3770.100 Safari/537.36"
::1 - - [10/Jul/2019:03:51:26 +0000] "GET /api/vehicle/list?t=1562730686798&page=1&pageSize=10 HTTP/1.1" 200 440 "http://localhost:8080/console/vehicle" "Mozilla/5.0 (Macintosh; Intel Mac OS X 10_14_5) AppleWebKit/537.36 (KHTML, like Gecko) Chrome/75.0.3770.100 Safari/537.36"
::1 - - [10/Jul/2019:03:51:29 +0000] "GET /api/vehicle/list?t=1562730689367&page=1&pageSize=10 HTTP/1.1" 200 440 "http://localhost:8080/console/vehicle" "Mozilla/5.0 (Macintosh; Intel Mac OS X 10_14_5) AppleWebKit/537.36 (KHTML, like Gecko) Chrome/75.0.3770.100 Safari/537.36"
::1 - - [10/Jul/2019:03:51:36 +0000] "GET /api/vehicle/list?t=1562730696079&page=1&pageSize=10 HTTP/1.1" 200 440 "http://localhost:8080/console/vehicle" "Mozilla/5.0 (Macintosh; Intel Mac OS X 10_14_5) AppleWebKit/537.36 (KHTML, like Gecko) Chrome/75.0.3770.100 Safari/537.36"
::1 - - [10/Jul/2019:03:51:40 +0000] "GET /api/vehicle/list?t=1562730700430&page=1&pageSize=10 HTTP/1.1" 200 440 "http://localhost:8080/console/vehicle" "Mozilla/5.0 (Macintosh; Intel Mac OS X 10_14_5) AppleWebKit/537.36 (KHTML, like Gecko) Chrome/75.0.3770.100 Safari/537.36"
::1 - - [10/Jul/2019:03:51:50 +0000] "GET /api/vehicle/list?t=1562730710477&page=1&pageSize=10 HTTP/1.1" 200 440 "http://localhost:8080/console/vehicle" "Mozilla/5.0 (Macintosh; Intel Mac OS X 10_14_5) AppleWebKit/537.36 (KHTML, like Gecko) Chrome/75.0.3770.100 Safari/537.36"
::1 - - [10/Jul/2019:03:51:54 +0000] "GET /api/vehicle/list?t=1562730714703&page=1&pageSize=10 HTTP/1.1" 200 440 "http://localhost:8080/console/vehicle" "Mozilla/5.0 (Macintosh; Intel Mac OS X 10_14_5) AppleWebKit/537.36 (KHTML, like Gecko) Chrome/75.0.3770.100 Safari/537.36"
::1 - - [10/Jul/2019:03:52:07 +0000] "GET /api/vehicle/list?t=1562730727398&page=1&pageSize=10 HTTP/1.1" 200 440 "http://localhost:8080/console/vehicle" "Mozilla/5.0 (Macintosh; Intel Mac OS X 10_14_5) AppleWebKit/537.36 (KHTML, like Gecko) Chrome/75.0.3770.100 Safari/537.36"
::1 - - [10/Jul/2019:03:52:09 +0000] "GET /api/vehicle/list?t=1562730729883&page=1&pageSize=10 HTTP/1.1" 200 440 "http://localhost:8080/console/vehicle" "Mozilla/5.0 (Macintosh; Intel Mac OS X 10_14_5) AppleWebKit/537.36 (KHTML, like Gecko) Chrome/75.0.3770.100 Safari/537.36"
::1 - - [10/Jul/2019:03:52:19 +0000] "GET /api/vehicle/list?t=1562730739272&page=1&pageSize=10 HTTP/1.1" 200 440 "http://localhost:8080/console/vehicle" "Mozilla/5.0 (Macintosh; Intel Mac OS X 10_14_5) AppleWebKit/537.36 (KHTML, like Gecko) Chrome/75.0.3770.100 Safari/537.36"
::1 - - [10/Jul/2019:03:52:22 +0000] "GET /api/vehicle/list?t=1562730742194&page=1&pageSize=10 HTTP/1.1" 200 440 "http://localhost:8080/console/vehicle" "Mozilla/5.0 (Macintosh; Intel Mac OS X 10_14_5) AppleWebKit/537.36 (KHTML, like Gecko) Chrome/75.0.3770.100 Safari/537.36"
::1 - - [10/Jul/2019:03:52:24 +0000] "GET /api/vehicle/list?t=1562730744849&page=1&pageSize=10 HTTP/1.1" 200 440 "http://localhost:8080/console/vehicle" "Mozilla/5.0 (Macintosh; Intel Mac OS X 10_14_5) AppleWebKit/537.36 (KHTML, like Gecko) Chrome/75.0.3770.100 Safari/537.36"
::1 - - [10/Jul/2019:03:53:26 +0000] "GET /api/vehicle/list?t=1562730806722&page=1&pageSize=10 HTTP/1.1" 200 564 "http://localhost:8080/console/vehicle" "Mozilla/5.0 (Macintosh; Intel Mac OS X 10_14_5) AppleWebKit/537.36 (KHTML, like Gecko) Chrome/75.0.3770.100 Safari/537.36"
::1 - - [10/Jul/2019:03:53:28 +0000] "GET /api/vehicle/info/4?t=1562730808633 HTTP/1.1" 200 157 "http://localhost:8080/console/vehicle" "Mozilla/5.0 (Macintosh; Intel Mac OS X 10_14_5) AppleWebKit/537.36 (KHTML, like Gecko) Chrome/75.0.3770.100 Safari/537.36"
::1 - - [10/Jul/2019:03:53:52 +0000] "GET /api/vehicle/list?t=1562730832813&page=1&pageSize=10 HTTP/1.1" 200 564 "http://localhost:8080/console/vehicle" "Mozilla/5.0 (Macintosh; Intel Mac OS X 10_14_5) AppleWebKit/537.36 (KHTML, like Gecko) Chrome/75.0.3770.100 Safari/537.36"
::1 - - [10/Jul/2019:03:53:54 +0000] "GET /api/vehicle/list?t=1562730834426&page=1&pageSize=10 HTTP/1.1" 200 564 "http://localhost:8080/console/vehicle" "Mozilla/5.0 (Macintosh; Intel Mac OS X 10_14_5) AppleWebKit/537.36 (KHTML, like Gecko) Chrome/75.0.3770.100 Safari/537.36"
::1 - - [10/Jul/2019:03:54:01 +0000] "GET /api/vehicle/info/4?t=1562730841571 HTTP/1.1" 200 157 "http://localhost:8080/console/vehicle" "Mozilla/5.0 (Macintosh; Intel Mac OS X 10_14_5) AppleWebKit/537.36 (KHTML, like Gecko) Chrome/75.0.3770.100 Safari/537.36"
::1 - - [10/Jul/2019:03:56:27 +0000] "GET /api/vehicle/list?t=1562730987557&page=1&pageSize=10 HTTP/1.1" 200 564 "http://localhost:8080/console/vehicle" "Mozilla/5.0 (Macintosh; Intel Mac OS X 10_14_5) AppleWebKit/537.36 (KHTML, like Gecko) Chrome/75.0.3770.100 Safari/537.36"
::1 - - [10/Jul/2019:03:56:29 +0000] "GET /api/vehicle/list?t=1562730989371&page=1&pageSize=10 HTTP/1.1" 200 564 "http://localhost:8080/console/vehicle" "Mozilla/5.0 (Macintosh; Intel Mac OS X 10_14_5) AppleWebKit/537.36 (KHTML, like Gecko) Chrome/75.0.3770.100 Safari/537.36"
::1 - - [10/Jul/2019:03:56:38 +0000] "GET /api/vehicle/list?t=1562730998534&page=1&pageSize=10 HTTP/1.1" 200 564 "http://localhost:8080/console/vehicle" "Mozilla/5.0 (Macintosh; Intel Mac OS X 10_14_5) AppleWebKit/537.36 (KHTML, like Gecko) Chrome/75.0.3770.100 Safari/537.36"
::1 - - [10/Jul/2019:03:56:42 +0000] "GET /api/vehicle/list?t=1562731002003&page=1&pageSize=10 HTTP/1.1" 200 564 "http://localhost:8080/console/vehicle" "Mozilla/5.0 (Macintosh; Intel Mac OS X 10_14_5) AppleWebKit/537.36 (KHTML, like Gecko) Chrome/75.0.3770.100 Safari/537.36"
::1 - - [10/Jul/2019:03:56:49 +0000] "GET /api/vehicle/list?t=1562731009518&page=1&pageSize=10 HTTP/1.1" 200 564 "http://localhost:8080/console/vehicle" "Mozilla/5.0 (Macintosh; Intel Mac OS X 10_14_5) AppleWebKit/537.36 (KHTML, like Gecko) Chrome/75.0.3770.100 Safari/537.36"
::1 - - [10/Jul/2019:03:56:51 +0000] "GET /api/vehicle/list?t=1562731011827&page=1&pageSize=10 HTTP/1.1" 200 564 "http://localhost:8080/console/vehicle" "Mozilla/5.0 (Macintosh; Intel Mac OS X 10_14_5) AppleWebKit/537.36 (KHTML, like Gecko) Chrome/75.0.3770.100 Safari/537.36"
::1 - - [10/Jul/2019:03:57:00 +0000] "GET /api/vehicle/list?t=1562731020749&page=1&pageSize=10 HTTP/1.1" 200 564 "http://localhost:8080/console/vehicle" "Mozilla/5.0 (Macintosh; Intel Mac OS X 10_14_5) AppleWebKit/537.36 (KHTML, like Gecko) Chrome/75.0.3770.100 Safari/537.36"
::1 - - [10/Jul/2019:03:57:02 +0000] "GET /api/vehicle/list?t=1562731022875&page=1&pageSize=10 HTTP/1.1" 200 564 "http://localhost:8080/console/vehicle" "Mozilla/5.0 (Macintosh; Intel Mac OS X 10_14_5) AppleWebKit/537.36 (KHTML, like Gecko) Chrome/75.0.3770.100 Safari/537.36"
::1 - - [10/Jul/2019:03:57:10 +0000] "GET /api/vehicle/list?t=1562731030348&page=1&pageSize=10 HTTP/1.1" 200 564 "http://localhost:8080/console/vehicle" "Mozilla/5.0 (Macintosh; Intel Mac OS X 10_14_5) AppleWebKit/537.36 (KHTML, like Gecko) Chrome/75.0.3770.100 Safari/537.36"
::1 - - [10/Jul/2019:03:57:12 +0000] "GET /api/vehicle/list?t=1562731032266&page=1&pageSize=10 HTTP/1.1" 200 564 "http://localhost:8080/console/vehicle" "Mozilla/5.0 (Macintosh; Intel Mac OS X 10_14_5) AppleWebKit/537.36 (KHTML, like Gecko) Chrome/75.0.3770.100 Safari/537.36"
::1 - - [10/Jul/2019:03:57:20 +0000] "GET /api/vehicle/list?t=1562731040470&page=1&pageSize=10 HTTP/1.1" 200 564 "http://localhost:8080/console/vehicle" "Mozilla/5.0 (Macintosh; Intel Mac OS X 10_14_5) AppleWebKit/537.36 (KHTML, like Gecko) Chrome/75.0.3770.100 Safari/537.36"
::1 - - [10/Jul/2019:03:57:24 +0000] "GET /api/vehicle/list?t=1562731044473&page=1&pageSize=10 HTTP/1.1" 200 564 "http://localhost:8080/console/vehicle" "Mozilla/5.0 (Macintosh; Intel Mac OS X 10_14_5) AppleWebKit/537.36 (KHTML, like Gecko) Chrome/75.0.3770.100 Safari/537.36"
::1 - - [10/Jul/2019:03:57:33 +0000] "GET /api/vehicle/list?t=1562731053288&page=1&pageSize=10 HTTP/1.1" 200 564 "http://localhost:8080/console/vehicle" "Mozilla/5.0 (Macintosh; Intel Mac OS X 10_14_5) AppleWebKit/537.36 (KHTML, like Gecko) Chrome/75.0.3770.100 Safari/537.36"
::1 - - [10/Jul/2019:03:57:35 +0000] "GET /api/vehicle/info/4?t=1562731055071 HTTP/1.1" 200 157 "http://localhost:8080/console/vehicle" "Mozilla/5.0 (Macintosh; Intel Mac OS X 10_14_5) AppleWebKit/537.36 (KHTML, like Gecko) Chrome/75.0.3770.100 Safari/537.36"
::1 - - [10/Jul/2019:04:01:10 +0000] "GET /api/vehicle/list?t=1562731270496&page=1&pageSize=10 HTTP/1.1" 200 564 "http://localhost:8080/console/vehicle" "Mozilla/5.0 (Macintosh; Intel Mac OS X 10_14_5) AppleWebKit/537.36 (KHTML, like Gecko) Chrome/75.0.3770.100 Safari/537.36"
::1 - - [10/Jul/2019:04:01:12 +0000] "GET /api/vehicle/list?t=1562731272350&page=1&pageSize=10 HTTP/1.1" 200 564 "http://localhost:8080/console/vehicle" "Mozilla/5.0 (Macintosh; Intel Mac OS X 10_14_5) AppleWebKit/537.36 (KHTML, like Gecko) Chrome/75.0.3770.100 Safari/537.36"
::1 - - [10/Jul/2019:04:01:16 +0000] "GET /api/vehicle/info/4?t=1562731276986 HTTP/1.1" 200 157 "http://localhost:8080/console/vehicle" "Mozilla/5.0 (Macintosh; Intel Mac OS X 10_14_5) AppleWebKit/537.36 (KHTML, like Gecko) Chrome/75.0.3770.100 Safari/537.36"
::1 - - [10/Jul/2019:04:01:42 +0000] "GET /api/vehicle/list?t=1562731302980&page=1&pageSize=10 HTTP/1.1" 200 564 "http://localhost:8080/console/vehicle" "Mozilla/5.0 (Macintosh; Intel Mac OS X 10_14_5) AppleWebKit/537.36 (KHTML, like Gecko) Chrome/75.0.3770.100 Safari/537.36"
::1 - - [10/Jul/2019:04:01:46 +0000] "GET /api/vehicle/list?t=1562731306688&page=1&pageSize=10 HTTP/1.1" 200 564 "http://localhost:8080/console/vehicle" "Mozilla/5.0 (Macintosh; Intel Mac OS X 10_14_5) AppleWebKit/537.36 (KHTML, like Gecko) Chrome/75.0.3770.100 Safari/537.36"
::1 - - [10/Jul/2019:04:01:49 +0000] "GET /api/vehicle/list?t=1562731309974&page=1&pageSize=10 HTTP/1.1" 200 564 "http://localhost:8080/console/vehicle" "Mozilla/5.0 (Macintosh; Intel Mac OS X 10_14_5) AppleWebKit/537.36 (KHTML, like Gecko) Chrome/75.0.3770.100 Safari/537.36"
::1 - - [10/Jul/2019:04:01:51 +0000] "GET /api/vehicle/info/4?t=1562731311474 HTTP/1.1" 200 157 "http://localhost:8080/console/vehicle" "Mozilla/5.0 (Macintosh; Intel Mac OS X 10_14_5) AppleWebKit/537.36 (KHTML, like Gecko) Chrome/75.0.3770.100 Safari/537.36"
::1 - - [10/Jul/2019:04:28:55 +0000] "GET /api/vehicle/list?t=1562732935167&page=1&pageSize=10 HTTP/1.1" 200 564 "http://localhost:8080/console/vehicle" "Mozilla/5.0 (Macintosh; Intel Mac OS X 10_14_5) AppleWebKit/537.36 (KHTML, like Gecko) Chrome/75.0.3770.100 Safari/537.36"
::1 - - [10/Jul/2019:04:28:57 +0000] "GET /api/vehicle/list?t=1562732937463&page=1&pageSize=10 HTTP/1.1" 200 564 "http://localhost:8080/console/vehicle" "Mozilla/5.0 (Macintosh; Intel Mac OS X 10_14_5) AppleWebKit/537.36 (KHTML, like Gecko) Chrome/75.0.3770.100 Safari/537.36"
::1 - - [10/Jul/2019:04:29:02 +0000] "GET /api/vehicle/list?t=1562732942092&page=1&pageSize=10 HTTP/1.1" 200 564 "http://localhost:8080/console/vehicle" "Mozilla/5.0 (Macintosh; Intel Mac OS X 10_14_5) AppleWebKit/537.36 (KHTML, like Gecko) Chrome/75.0.3770.100 Safari/537.36"
::1 - - [10/Jul/2019:04:29:10 +0000] "GET /api/vehicle/list?t=1562732950921&page=1&pageSize=10 HTTP/1.1" 200 564 "http://localhost:8080/console/vehicle" "Mozilla/5.0 (Macintosh; Intel Mac OS X 10_14_5) AppleWebKit/537.36 (KHTML, like Gecko) Chrome/75.0.3770.100 Safari/537.36"
::1 - - [10/Jul/2019:04:29:12 +0000] "GET /api/vehicle/info/4?t=1562732952573 HTTP/1.1" 200 157 "http://localhost:8080/console/vehicle" "Mozilla/5.0 (Macintosh; Intel Mac OS X 10_14_5) AppleWebKit/537.36 (KHTML, like Gecko) Chrome/75.0.3770.100 Safari/537.36"
::1 - - [10/Jul/2019:04:29:39 +0000] "GET /api/vehicle/list?t=1562732979562&page=1&pageSize=10 HTTP/1.1" 200 564 "http://localhost:8080/console/vehicle" "Mozilla/5.0 (Macintosh; Intel Mac OS X 10_14_5) AppleWebKit/537.36 (KHTML, like Gecko) Chrome/75.0.3770.100 Safari/537.36"
::1 - - [10/Jul/2019:04:30:02 +0000] "GET /api/vehicle/info/4?t=1562733002735 HTTP/1.1" 200 157 "http://localhost:8080/console/vehicle" "Mozilla/5.0 (Macintosh; Intel Mac OS X 10_14_5) AppleWebKit/537.36 (KHTML, like Gecko) Chrome/75.0.3770.100 Safari/537.36"
::1 - - [10/Jul/2019:04:30:31 +0000] "GET /api/vehicle/list?t=1562733031577&page=1&pageSize=10 HTTP/1.1" 200 564 "http://localhost:8080/console/vehicle" "Mozilla/5.0 (Macintosh; Intel Mac OS X 10_14_5) AppleWebKit/537.36 (KHTML, like Gecko) Chrome/75.0.3770.100 Safari/537.36"
::1 - - [10/Jul/2019:04:30:33 +0000] "GET /api/vehicle/list?t=1562733033943&page=1&pageSize=10 HTTP/1.1" 200 564 "http://localhost:8080/console/vehicle" "Mozilla/5.0 (Macintosh; Intel Mac OS X 10_14_5) AppleWebKit/537.36 (KHTML, like Gecko) Chrome/75.0.3770.100 Safari/537.36"
::1 - - [10/Jul/2019:04:30:52 +0000] "GET /api/vehicle/list?t=1562733052397&page=1&pageSize=10 HTTP/1.1" 200 564 "http://localhost:8080/console/vehicle" "Mozilla/5.0 (Macintosh; Intel Mac OS X 10_14_5) AppleWebKit/537.36 (KHTML, like Gecko) Chrome/75.0.3770.100 Safari/537.36"
::1 - - [10/Jul/2019:04:30:56 +0000] "GET /api/vehicle/info/4?t=1562733056412 HTTP/1.1" 200 157 "http://localhost:8080/console/vehicle" "Mozilla/5.0 (Macintosh; Intel Mac OS X 10_14_5) AppleWebKit/537.36 (KHTML, like Gecko) Chrome/75.0.3770.100 Safari/537.36"
::1 - - [10/Jul/2019:04:31:07 +0000] "GET /api/vehicle/list?t=1562733067036&page=1&pageSize=10 HTTP/1.1" 200 564 "http://localhost:8080/console/vehicle" "Mozilla/5.0 (Macintosh; Intel Mac OS X 10_14_5) AppleWebKit/537.36 (KHTML, like Gecko) Chrome/75.0.3770.100 Safari/537.36"
::1 - - [10/Jul/2019:04:31:24 +0000] "GET /api/vehicle/list?t=1562733084008&page=1&pageSize=10 HTTP/1.1" 200 564 "http://localhost:8080/console/vehicle" "Mozilla/5.0 (Macintosh; Intel Mac OS X 10_14_5) AppleWebKit/537.36 (KHTML, like Gecko) Chrome/75.0.3770.100 Safari/537.36"
::1 - - [10/Jul/2019:04:31:25 +0000] "GET /api/vehicle/info/4?t=1562733085895 HTTP/1.1" 200 157 "http://localhost:8080/console/vehicle" "Mozilla/5.0 (Macintosh; Intel Mac OS X 10_14_5) AppleWebKit/537.36 (KHTML, like Gecko) Chrome/75.0.3770.100 Safari/537.36"
::1 - - [10/Jul/2019:04:31:35 +0000] "GET /api/vehicle/list?t=1562733095066&page=1&pageSize=10 HTTP/1.1" 200 564 "http://localhost:8080/console/vehicle" "Mozilla/5.0 (Macintosh; Intel Mac OS X 10_14_5) AppleWebKit/537.36 (KHTML, like Gecko) Chrome/75.0.3770.100 Safari/537.36"
::1 - - [10/Jul/2019:04:32:03 +0000] "GET /api/vehicle/list?t=1562733123886&page=1&pageSize=10 HTTP/1.1" 200 564 "http://localhost:8080/console/vehicle" "Mozilla/5.0 (Macintosh; Intel Mac OS X 10_14_5) AppleWebKit/537.36 (KHTML, like Gecko) Chrome/75.0.3770.100 Safari/537.36"
::1 - - [10/Jul/2019:04:32:11 +0000] "GET /api/vehicle/list?t=1562733131641&page=1&pageSize=10 HTTP/1.1" 200 564 "http://localhost:8080/console/vehicle" "Mozilla/5.0 (Macintosh; Intel Mac OS X 10_14_5) AppleWebKit/537.36 (KHTML, like Gecko) Chrome/75.0.3770.100 Safari/537.36"
::1 - - [10/Jul/2019:04:33:35 +0000] "GET /api/vehicle/list?t=1562733215364&page=1&pageSize=10 HTTP/1.1" 200 564 "http://localhost:8080/console/vehicle" "Mozilla/5.0 (Macintosh; Intel Mac OS X 10_14_5) AppleWebKit/537.36 (KHTML, like Gecko) Chrome/75.0.3770.100 Safari/537.36"
::1 - - [10/Jul/2019:04:33:41 +0000] "GET /api/vehicle/info/4?t=1562733221694 HTTP/1.1" 200 157 "http://localhost:8080/console/vehicle" "Mozilla/5.0 (Macintosh; Intel Mac OS X 10_14_5) AppleWebKit/537.36 (KHTML, like Gecko) Chrome/75.0.3770.100 Safari/537.36"
::1 - - [10/Jul/2019:04:38:16 +0000] "GET /api/vehicle/list?t=1562733496033&page=1&pageSize=10 HTTP/1.1" 200 564 "http://localhost:8080/console/vehicle" "Mozilla/5.0 (Macintosh; Intel Mac OS X 10_14_5) AppleWebKit/537.36 (KHTML, like Gecko) Chrome/75.0.3770.100 Safari/537.36"
::1 - - [10/Jul/2019:04:38:20 +0000] "GET /api/vehicle/list?t=1562733500943&page=1&pageSize=10 HTTP/1.1" 200 564 "http://localhost:8080/console/vehicle" "Mozilla/5.0 (Macintosh; Intel Mac OS X 10_14_5) AppleWebKit/537.36 (KHTML, like Gecko) Chrome/75.0.3770.100 Safari/537.36"
::1 - - [10/Jul/2019:04:38:26 +0000] "GET /api/vehicle/list?t=1562733506273&page=1&pageSize=10 HTTP/1.1" 200 564 "http://localhost:8080/console/vehicle" "Mozilla/5.0 (Macintosh; Intel Mac OS X 10_14_5) AppleWebKit/537.36 (KHTML, like Gecko) Chrome/75.0.3770.100 Safari/537.36"
::1 - - [10/Jul/2019:04:38:33 +0000] "GET /api/vehicle/list?t=1562733513707&page=1&pageSize=10 HTTP/1.1" 200 564 "http://localhost:8080/console/vehicle" "Mozilla/5.0 (Macintosh; Intel Mac OS X 10_14_5) AppleWebKit/537.36 (KHTML, like Gecko) Chrome/75.0.3770.100 Safari/537.36"
::1 - - [10/Jul/2019:04:38:54 +0000] "GET /api/vehicle/list?t=1562733534484&page=1&pageSize=10 HTTP/1.1" 200 564 "http://localhost:8080/console/vehicle" "Mozilla/5.0 (Macintosh; Intel Mac OS X 10_14_5) AppleWebKit/537.36 (KHTML, like Gecko) Chrome/75.0.3770.100 Safari/537.36"
::1 - - [10/Jul/2019:04:39:39 +0000] "GET /api/vehicle/info/4?t=1562733579488 HTTP/1.1" 200 157 "http://localhost:8080/console/vehicle" "Mozilla/5.0 (Macintosh; Intel Mac OS X 10_14_5) AppleWebKit/537.36 (KHTML, like Gecko) Chrome/75.0.3770.100 Safari/537.36"
::1 - - [10/Jul/2019:04:39:57 +0000] "GET /api/vehicle/list?t=1562733597919&page=1&pageSize=10 HTTP/1.1" 200 564 "http://localhost:8080/console/vehicle" "Mozilla/5.0 (Macintosh; Intel Mac OS X 10_14_5) AppleWebKit/537.36 (KHTML, like Gecko) Chrome/75.0.3770.100 Safari/537.36"
::1 - - [10/Jul/2019:04:40:11 +0000] "GET /api/vehicle/info/4?t=1562733611499 HTTP/1.1" 200 157 "http://localhost:8080/console/vehicle" "Mozilla/5.0 (Macintosh; Intel Mac OS X 10_14_5) AppleWebKit/537.36 (KHTML, like Gecko) Chrome/75.0.3770.100 Safari/537.36"
::1 - - [10/Jul/2019:04:41:27 +0000] "GET /api/vehicle/list?t=1562733687993&page=1&pageSize=10 HTTP/1.1" 200 564 "http://localhost:8080/console/vehicle" "Mozilla/5.0 (Macintosh; Intel Mac OS X 10_14_5) AppleWebKit/537.36 (KHTML, like Gecko) Chrome/75.0.3770.100 Safari/537.36"
::1 - - [10/Jul/2019:04:41:34 +0000] "GET /api/vehicle/list?t=1562733694429&page=1&pageSize=10 HTTP/1.1" 200 564 "http://localhost:8080/console/vehicle" "Mozilla/5.0 (Macintosh; Intel Mac OS X 10_14_5) AppleWebKit/537.36 (KHTML, like Gecko) Chrome/75.0.3770.100 Safari/537.36"
::1 - - [10/Jul/2019:04:41:56 +0000] "GET /api/vehicle/list?t=1562733716905&page=1&pageSize=10 HTTP/1.1" 200 564 "http://localhost:8080/console/vehicle" "Mozilla/5.0 (Macintosh; Intel Mac OS X 10_14_5) AppleWebKit/537.36 (KHTML, like Gecko) Chrome/75.0.3770.100 Safari/537.36"
::1 - - [10/Jul/2019:04:41:59 +0000] "GET /api/vehicle/list?t=1562733719124&page=1&pageSize=10 HTTP/1.1" 200 564 "http://localhost:8080/console/vehicle" "Mozilla/5.0 (Macintosh; Intel Mac OS X 10_14_5) AppleWebKit/537.36 (KHTML, like Gecko) Chrome/75.0.3770.100 Safari/537.36"
::1 - - [10/Jul/2019:04:43:09 +0000] "GET /api/vehicle/info/4?t=1562733789286 HTTP/1.1" 200 157 "http://localhost:8080/console/vehicle" "Mozilla/5.0 (Macintosh; Intel Mac OS X 10_14_5) AppleWebKit/537.36 (KHTML, like Gecko) Chrome/75.0.3770.100 Safari/537.36"
::1 - - [10/Jul/2019:04:43:14 +0000] "OPTIONS /api/vehicle/info?t=1562733794972 HTTP/1.1" 200 8 "http://localhost:8080/console/vehicle" "Mozilla/5.0 (Macintosh; Intel Mac OS X 10_14_5) AppleWebKit/537.36 (KHTML, like Gecko) Chrome/75.0.3770.100 Safari/537.36"
::1 - - [10/Jul/2019:04:45:23 +0000] "GET /api/vehicle/list?t=1562733923572&page=1&pageSize=10 HTTP/1.1" 200 564 "http://localhost:8080/console/vehicle" "Mozilla/5.0 (Macintosh; Intel Mac OS X 10_14_5) AppleWebKit/537.36 (KHTML, like Gecko) Chrome/75.0.3770.100 Safari/537.36"
::1 - - [10/Jul/2019:04:45:28 +0000] "GET /api/vehicle/list?t=1562733928906&page=1&pageSize=10 HTTP/1.1" 200 564 "http://localhost:8080/console/vehicle" "Mozilla/5.0 (Macintosh; Intel Mac OS X 10_14_5) AppleWebKit/537.36 (KHTML, like Gecko) Chrome/75.0.3770.100 Safari/537.36"
::1 - - [10/Jul/2019:04:45:40 +0000] "GET /api/vehicle/list?t=1562733940414&page=1&pageSize=10 HTTP/1.1" 200 564 "http://localhost:8080/console/vehicle" "Mozilla/5.0 (Macintosh; Intel Mac OS X 10_14_5) AppleWebKit/537.36 (KHTML, like Gecko) Chrome/75.0.3770.100 Safari/537.36"
::1 - - [10/Jul/2019:04:45:46 +0000] "GET /api/vehicle/list?t=1562733946170&page=1&pageSize=10 HTTP/1.1" 200 564 "http://localhost:8080/console/vehicle" "Mozilla/5.0 (Macintosh; Intel Mac OS X 10_14_5) AppleWebKit/537.36 (KHTML, like Gecko) Chrome/75.0.3770.100 Safari/537.36"
::1 - - [10/Jul/2019:04:45:47 +0000] "GET /api/vehicle/info/4?t=1562733947982 HTTP/1.1" 200 157 "http://localhost:8080/console/vehicle" "Mozilla/5.0 (Macintosh; Intel Mac OS X 10_14_5) AppleWebKit/537.36 (KHTML, like Gecko) Chrome/75.0.3770.100 Safari/537.36"
::1 - - [10/Jul/2019:04:50:58 +0000] "GET /api/vehicle/list?t=1562734258152&page=1&pageSize=10 HTTP/1.1" 200 564 "http://localhost:8080/console/vehicle" "Mozilla/5.0 (Macintosh; Intel Mac OS X 10_14_5) AppleWebKit/537.36 (KHTML, like Gecko) Chrome/75.0.3770.100 Safari/537.36"
::1 - - [10/Jul/2019:04:50:59 +0000] "GET /api/vehicle/list?t=1562734259846&page=1&pageSize=10 HTTP/1.1" 200 564 "http://localhost:8080/console/vehicle" "Mozilla/5.0 (Macintosh; Intel Mac OS X 10_14_5) AppleWebKit/537.36 (KHTML, like Gecko) Chrome/75.0.3770.100 Safari/537.36"
::1 - - [10/Jul/2019:04:53:21 +0000] "GET /api/vehicle/list?t=1562734401409&page=1&pageSize=10 HTTP/1.1" 200 564 "http://localhost:8080/console/vehicle" "Mozilla/5.0 (Macintosh; Intel Mac OS X 10_14_5) AppleWebKit/537.36 (KHTML, like Gecko) Chrome/75.0.3770.100 Safari/537.36"
::1 - - [10/Jul/2019:04:53:26 +0000] "GET /api/vehicle/list?t=1562734406208&page=1&pageSize=10 HTTP/1.1" 200 564 "http://localhost:8080/console/vehicle" "Mozilla/5.0 (Macintosh; Intel Mac OS X 10_14_5) AppleWebKit/537.36 (KHTML, like Gecko) Chrome/75.0.3770.100 Safari/537.36"
::1 - - [10/Jul/2019:04:54:38 +0000] "GET /api/vehicle/info/4?t=1562734478842 HTTP/1.1" 200 157 "http://localhost:8080/console/vehicle" "Mozilla/5.0 (Macintosh; Intel Mac OS X 10_14_5) AppleWebKit/537.36 (KHTML, like Gecko) Chrome/75.0.3770.100 Safari/537.36"
::1 - - [10/Jul/2019:04:55:07 +0000] "GET /api/vehicle/list?t=1562734507317&page=1&pageSize=10 HTTP/1.1" 200 564 "http://localhost:8080/console/vehicle" "Mozilla/5.0 (Macintosh; Intel Mac OS X 10_14_5) AppleWebKit/537.36 (KHTML, like Gecko) Chrome/75.0.3770.100 Safari/537.36"
::1 - - [10/Jul/2019:04:55:08 +0000] "GET /api/vehicle/info/4?t=1562734508843 HTTP/1.1" 200 157 "http://localhost:8080/console/vehicle" "Mozilla/5.0 (Macintosh; Intel Mac OS X 10_14_5) AppleWebKit/537.36 (KHTML, like Gecko) Chrome/75.0.3770.100 Safari/537.36"
::1 - - [10/Jul/2019:04:57:44 +0000] "GET /api/vehicle/list?t=1562734664970&page=1&pageSize=10 HTTP/1.1" 200 564 "http://localhost:8080/console/vehicle" "Mozilla/5.0 (Macintosh; Intel Mac OS X 10_14_5) AppleWebKit/537.36 (KHTML, like Gecko) Chrome/75.0.3770.100 Safari/537.36"
::1 - - [10/Jul/2019:04:57:47 +0000] "GET /api/vehicle/list?t=1562734667820&page=1&pageSize=10 HTTP/1.1" 200 564 "http://localhost:8080/console/vehicle" "Mozilla/5.0 (Macintosh; Intel Mac OS X 10_14_5) AppleWebKit/537.36 (KHTML, like Gecko) Chrome/75.0.3770.100 Safari/537.36"
::1 - - [10/Jul/2019:05:00:17 +0000] "GET /api/vehicle/list?t=1562734817840&page=1&pageSize=10 HTTP/1.1" 200 564 "http://localhost:8080/console/vehicle" "Mozilla/5.0 (Macintosh; Intel Mac OS X 10_14_5) AppleWebKit/537.36 (KHTML, like Gecko) Chrome/75.0.3770.100 Safari/537.36"
::1 - - [10/Jul/2019:05:00:20 +0000] "GET /api/vehicle/list?t=1562734820096&page=1&pageSize=10 HTTP/1.1" 200 564 "http://localhost:8080/console/vehicle" "Mozilla/5.0 (Macintosh; Intel Mac OS X 10_14_5) AppleWebKit/537.36 (KHTML, like Gecko) Chrome/75.0.3770.100 Safari/537.36"
::1 - - [10/Jul/2019:05:00:22 +0000] "GET /api/vehicle/info/4?t=1562734822884 HTTP/1.1" 200 157 "http://localhost:8080/console/vehicle" "Mozilla/5.0 (Macintosh; Intel Mac OS X 10_14_5) AppleWebKit/537.36 (KHTML, like Gecko) Chrome/75.0.3770.100 Safari/537.36"
::1 - - [10/Jul/2019:05:00:25 +0000] "OPTIONS /api/vehicle/info?t=1562734825221 HTTP/1.1" 200 8 "http://localhost:8080/console/vehicle" "Mozilla/5.0 (Macintosh; Intel Mac OS X 10_14_5) AppleWebKit/537.36 (KHTML, like Gecko) Chrome/75.0.3770.100 Safari/537.36"
::1 - - [10/Jul/2019:05:00:25 +0000] "PUT /api/vehicle/info?t=1562734825221 HTTP/1.1" 200 43 "http://localhost:8080/console/vehicle" "Mozilla/5.0 (Macintosh; Intel Mac OS X 10_14_5) AppleWebKit/537.36 (KHTML, like Gecko) Chrome/75.0.3770.100 Safari/537.36"
::1 - - [10/Jul/2019:05:00:25 +0000] "GET /api/vehicle/list?t=1562734825282&page=1&pageSize=10 HTTP/1.1" 200 564 "http://localhost:8080/console/vehicle" "Mozilla/5.0 (Macintosh; Intel Mac OS X 10_14_5) AppleWebKit/537.36 (KHTML, like Gecko) Chrome/75.0.3770.100 Safari/537.36"
::1 - - [10/Jul/2019:05:00:31 +0000] "GET /api/vehicle/info/4?t=1562734831799 HTTP/1.1" 200 157 "http://localhost:8080/console/vehicle" "Mozilla/5.0 (Macintosh; Intel Mac OS X 10_14_5) AppleWebKit/537.36 (KHTML, like Gecko) Chrome/75.0.3770.100 Safari/537.36"
::1 - - [10/Jul/2019:05:00:36 +0000] "OPTIONS /api/vehicle/info?t=1562734836489 HTTP/1.1" 200 8 "http://localhost:8080/console/vehicle" "Mozilla/5.0 (Macintosh; Intel Mac OS X 10_14_5) AppleWebKit/537.36 (KHTML, like Gecko) Chrome/75.0.3770.100 Safari/537.36"
::1 - - [10/Jul/2019:05:00:36 +0000] "PUT /api/vehicle/info?t=1562734836489 HTTP/1.1" 200 343 "http://localhost:8080/console/vehicle" "Mozilla/5.0 (Macintosh; Intel Mac OS X 10_14_5) AppleWebKit/537.36 (KHTML, like Gecko) Chrome/75.0.3770.100 Safari/537.36"
::1 - - [10/Jul/2019:05:02:57 +0000] "GET /api/vehicle/list?t=1562734977682&page=1&pageSize=10 HTTP/1.1" 200 564 "http://localhost:8080/console/vehicle" "Mozilla/5.0 (Macintosh; Intel Mac OS X 10_14_5) AppleWebKit/537.36 (KHTML, like Gecko) Chrome/75.0.3770.100 Safari/537.36"
::1 - - [10/Jul/2019:05:03:04 +0000] "GET /api/vehicle/info/4?t=1562734984049 HTTP/1.1" 200 157 "http://localhost:8080/console/vehicle" "Mozilla/5.0 (Macintosh; Intel Mac OS X 10_14_5) AppleWebKit/537.36 (KHTML, like Gecko) Chrome/75.0.3770.100 Safari/537.36"
::1 - - [10/Jul/2019:05:03:11 +0000] "OPTIONS /api/vehicle/info?t=1562734991633 HTTP/1.1" 200 8 "http://localhost:8080/console/vehicle" "Mozilla/5.0 (Macintosh; Intel Mac OS X 10_14_5) AppleWebKit/537.36 (KHTML, like Gecko) Chrome/75.0.3770.100 Safari/537.36"
::1 - - [10/Jul/2019:05:03:11 +0000] "PUT /api/vehicle/info?t=1562734991633 HTTP/1.1" 200 43 "http://localhost:8080/console/vehicle" "Mozilla/5.0 (Macintosh; Intel Mac OS X 10_14_5) AppleWebKit/537.36 (KHTML, like Gecko) Chrome/75.0.3770.100 Safari/537.36"
::1 - - [10/Jul/2019:05:03:11 +0000] "GET /api/vehicle/list?t=1562734991682&page=1&pageSize=10 HTTP/1.1" 200 559 "http://localhost:8080/console/vehicle" "Mozilla/5.0 (Macintosh; Intel Mac OS X 10_14_5) AppleWebKit/537.36 (KHTML, like Gecko) Chrome/75.0.3770.100 Safari/537.36"
::1 - - [10/Jul/2019:05:07:57 +0000] "GET /api/vehicle/list?t=1562735277912&page=1&pageSize=10 HTTP/1.1" 200 559 "http://localhost:8080/console/vehicle" "Mozilla/5.0 (Macintosh; Intel Mac OS X 10_14_5) AppleWebKit/537.36 (KHTML, like Gecko) Chrome/75.0.3770.100 Safari/537.36"
::1 - - [10/Jul/2019:05:08:05 +0000] "GET /api/vehicle/list?t=1562735285628&page=1&pageSize=10 HTTP/1.1" 200 559 "http://localhost:8080/console/vehicle" "Mozilla/5.0 (Macintosh; Intel Mac OS X 10_14_5) AppleWebKit/537.36 (KHTML, like Gecko) Chrome/75.0.3770.100 Safari/537.36"
::1 - - [10/Jul/2019:05:08:09 +0000] "GET /api/vehicle/list?t=1562735289882&page=1&pageSize=10 HTTP/1.1" 200 559 "http://localhost:8080/console/vehicle" "Mozilla/5.0 (Macintosh; Intel Mac OS X 10_14_5) AppleWebKit/537.36 (KHTML, like Gecko) Chrome/75.0.3770.100 Safari/537.36"
::1 - - [10/Jul/2019:05:08:16 +0000] "GET /api/vehicle/list?t=1562735296642&page=1&pageSize=10 HTTP/1.1" 200 559 "http://localhost:8080/console/vehicle" "Mozilla/5.0 (Macintosh; Intel Mac OS X 10_14_5) AppleWebKit/537.36 (KHTML, like Gecko) Chrome/75.0.3770.100 Safari/537.36"
::1 - - [10/Jul/2019:05:08:20 +0000] "GET /api/vehicle/info/4?t=1562735300445 HTTP/1.1" 200 152 "http://localhost:8080/console/vehicle" "Mozilla/5.0 (Macintosh; Intel Mac OS X 10_14_5) AppleWebKit/537.36 (KHTML, like Gecko) Chrome/75.0.3770.100 Safari/537.36"
::1 - - [10/Jul/2019:05:09:09 +0000] "GET /api/vehicle/info/4?t=1562735349294 HTTP/1.1" 200 152 "http://localhost:8080/console/vehicle" "Mozilla/5.0 (Macintosh; Intel Mac OS X 10_14_5) AppleWebKit/537.36 (KHTML, like Gecko) Chrome/75.0.3770.100 Safari/537.36"
::1 - - [10/Jul/2019:05:10:05 +0000] "GET /api/vehicle/list?t=1562735405445&page=1&pageSize=10 HTTP/1.1" 200 559 "http://localhost:8080/console/vehicle" "Mozilla/5.0 (Macintosh; Intel Mac OS X 10_14_5) AppleWebKit/537.36 (KHTML, like Gecko) Chrome/75.0.3770.100 Safari/537.36"
::1 - - [10/Jul/2019:05:10:09 +0000] "GET /api/vehicle/list?t=1562735409504&page=1&pageSize=10 HTTP/1.1" 200 559 "http://localhost:8080/console/vehicle" "Mozilla/5.0 (Macintosh; Intel Mac OS X 10_14_5) AppleWebKit/537.36 (KHTML, like Gecko) Chrome/75.0.3770.100 Safari/537.36"
::1 - - [10/Jul/2019:05:10:14 +0000] "GET /api/vehicle/list?t=1562735414633&page=1&pageSize=10 HTTP/1.1" 200 559 "http://localhost:8080/console/vehicle" "Mozilla/5.0 (Macintosh; Intel Mac OS X 10_14_5) AppleWebKit/537.36 (KHTML, like Gecko) Chrome/75.0.3770.100 Safari/537.36"
::1 - - [10/Jul/2019:05:10:16 +0000] "GET /api/vehicle/list?t=1562735416474&page=1&pageSize=10 HTTP/1.1" 200 559 "http://localhost:8080/console/vehicle" "Mozilla/5.0 (Macintosh; Intel Mac OS X 10_14_5) AppleWebKit/537.36 (KHTML, like Gecko) Chrome/75.0.3770.100 Safari/537.36"
::1 - - [10/Jul/2019:05:11:06 +0000] "GET /api/vehicle/list?t=1562735466213&page=1&pageSize=10 HTTP/1.1" 200 559 "http://localhost:8080/console/vehicle" "Mozilla/5.0 (Macintosh; Intel Mac OS X 10_14_5) AppleWebKit/537.36 (KHTML, like Gecko) Chrome/75.0.3770.100 Safari/537.36"
::1 - - [10/Jul/2019:05:11:26 +0000] "GET /api/vehicle/list?t=1562735486005&page=1&pageSize=10 HTTP/1.1" 200 559 "http://localhost:8080/console/vehicle" "Mozilla/5.0 (Macintosh; Intel Mac OS X 10_14_5) AppleWebKit/537.36 (KHTML, like Gecko) Chrome/75.0.3770.100 Safari/537.36"
::1 - - [10/Jul/2019:05:42:29 +0000] "GET /api/vehicle/list?t=1562737349544&page=1&pageSize=10 HTTP/1.1" 200 559 "http://localhost:8080/console/vehicle" "Mozilla/5.0 (Macintosh; Intel Mac OS X 10_14_5) AppleWebKit/537.36 (KHTML, like Gecko) Chrome/75.0.3770.100 Safari/537.36"
::1 - - [10/Jul/2019:05:42:33 +0000] "GET /api/vehicle/list?t=1562737353612&page=1&pageSize=10 HTTP/1.1" 200 559 "http://localhost:8080/console/vehicle" "Mozilla/5.0 (Macintosh; Intel Mac OS X 10_14_5) AppleWebKit/537.36 (KHTML, like Gecko) Chrome/75.0.3770.100 Safari/537.36"
::1 - - [10/Jul/2019:05:42:36 +0000] "GET /api/vehicle/list?t=1562737356204&page=1&pageSize=10 HTTP/1.1" 200 559 "http://localhost:8080/console/vehicle" "Mozilla/5.0 (Macintosh; Intel Mac OS X 10_14_5) AppleWebKit/537.36 (KHTML, like Gecko) Chrome/75.0.3770.100 Safari/537.36"
::1 - - [10/Jul/2019:05:42:40 +0000] "GET /api/vehicle/list?t=1562737360136&page=1&pageSize=10 HTTP/1.1" 200 559 "http://localhost:8080/console/vehicle" "Mozilla/5.0 (Macintosh; Intel Mac OS X 10_14_5) AppleWebKit/537.36 (KHTML, like Gecko) Chrome/75.0.3770.100 Safari/537.36"
::1 - - [10/Jul/2019:05:42:47 +0000] "GET /api/vehicle/list?t=1562737367346&page=1&pageSize=10 HTTP/1.1" 200 559 "http://localhost:8080/console/vehicle" "Mozilla/5.0 (Macintosh; Intel Mac OS X 10_14_5) AppleWebKit/537.36 (KHTML, like Gecko) Chrome/75.0.3770.100 Safari/537.36"
::1 - - [10/Jul/2019:05:42:49 +0000] "GET /api/vehicle/list?t=1562737369167&page=1&pageSize=10 HTTP/1.1" 200 559 "http://localhost:8080/console/vehicle" "Mozilla/5.0 (Macintosh; Intel Mac OS X 10_14_5) AppleWebKit/537.36 (KHTML, like Gecko) Chrome/75.0.3770.100 Safari/537.36"
::1 - - [10/Jul/2019:05:42:50 +0000] "GET /api/vehicle/list?t=1562737370867&page=1&pageSize=10 HTTP/1.1" 200 559 "http://localhost:8080/console/vehicle" "Mozilla/5.0 (Macintosh; Intel Mac OS X 10_14_5) AppleWebKit/537.36 (KHTML, like Gecko) Chrome/75.0.3770.100 Safari/537.36"
::1 - - [10/Jul/2019:05:42:56 +0000] "GET /api/vehicle/list?t=1562737376430&page=1&pageSize=10 HTTP/1.1" 200 559 "http://localhost:8080/console/vehicle" "Mozilla/5.0 (Macintosh; Intel Mac OS X 10_14_5) AppleWebKit/537.36 (KHTML, like Gecko) Chrome/75.0.3770.100 Safari/537.36"
::1 - - [10/Jul/2019:05:42:59 +0000] "GET /api/vehicle/list?t=1562737379351&page=1&pageSize=10 HTTP/1.1" 200 559 "http://localhost:8080/console/vehicle" "Mozilla/5.0 (Macintosh; Intel Mac OS X 10_14_5) AppleWebKit/537.36 (KHTML, like Gecko) Chrome/75.0.3770.100 Safari/537.36"
::1 - - [10/Jul/2019:05:43:05 +0000] "GET /api/vehicle/list?t=1562737385799&page=1&pageSize=10 HTTP/1.1" 200 559 "http://localhost:8080/console/vehicle" "Mozilla/5.0 (Macintosh; Intel Mac OS X 10_14_5) AppleWebKit/537.36 (KHTML, like Gecko) Chrome/75.0.3770.100 Safari/537.36"
::1 - - [10/Jul/2019:05:45:41 +0000] "GET /api/vehicle/list?t=1562737541598&page=1&pageSize=10 HTTP/1.1" 200 559 "http://localhost:8080/console/vehicle" "Mozilla/5.0 (Macintosh; Intel Mac OS X 10_14_5) AppleWebKit/537.36 (KHTML, like Gecko) Chrome/75.0.3770.100 Safari/537.36"
::1 - - [10/Jul/2019:05:45:55 +0000] "GET /api/vehicle/list?t=1562737555456&page=1&pageSize=10 HTTP/1.1" 200 559 "http://localhost:8080/console/vehicle" "Mozilla/5.0 (Macintosh; Intel Mac OS X 10_14_5) AppleWebKit/537.36 (KHTML, like Gecko) Chrome/75.0.3770.100 Safari/537.36"
::1 - - [10/Jul/2019:05:46:04 +0000] "GET /api/vehicle/list?t=1562737564545&page=1&pageSize=10 HTTP/1.1" 200 559 "http://localhost:8080/console/vehicle" "Mozilla/5.0 (Macintosh; Intel Mac OS X 10_14_5) AppleWebKit/537.36 (KHTML, like Gecko) Chrome/75.0.3770.100 Safari/537.36"
::1 - - [10/Jul/2019:05:46:10 +0000] "GET /api/vehicle/list?t=1562737570637&page=1&pageSize=10 HTTP/1.1" 200 559 "http://localhost:8080/console/vehicle" "Mozilla/5.0 (Macintosh; Intel Mac OS X 10_14_5) AppleWebKit/537.36 (KHTML, like Gecko) Chrome/75.0.3770.100 Safari/537.36"
::1 - - [10/Jul/2019:05:47:20 +0000] "GET /api/vehicle/list?t=1562737640388&page=1&pageSize=10 HTTP/1.1" 200 559 "http://localhost:8080/console/vehicle" "Mozilla/5.0 (Macintosh; Intel Mac OS X 10_14_5) AppleWebKit/537.36 (KHTML, like Gecko) Chrome/75.0.3770.100 Safari/537.36"
::1 - - [10/Jul/2019:05:48:29 +0000] "GET /api/vehicle/list?t=1562737709418&page=1&pageSize=10 HTTP/1.1" 200 559 "http://localhost:8080/console/vehicle" "Mozilla/5.0 (Macintosh; Intel Mac OS X 10_14_5) AppleWebKit/537.36 (KHTML, like Gecko) Chrome/75.0.3770.100 Safari/537.36"
::1 - - [10/Jul/2019:05:50:45 +0000] "GET /api/vehicle/list?t=1562737845788&page=1&pageSize=10 HTTP/1.1" 200 559 "http://localhost:8080/console/vehicle" "Mozilla/5.0 (Macintosh; Intel Mac OS X 10_14_5) AppleWebKit/537.36 (KHTML, like Gecko) Chrome/75.0.3770.100 Safari/537.36"
::1 - - [10/Jul/2019:05:50:47 +0000] "GET /api/vehicle/list?t=1562737847609&page=1&pageSize=10 HTTP/1.1" 200 559 "http://localhost:8080/console/vehicle" "Mozilla/5.0 (Macintosh; Intel Mac OS X 10_14_5) AppleWebKit/537.36 (KHTML, like Gecko) Chrome/75.0.3770.100 Safari/537.36"
::1 - - [10/Jul/2019:05:50:53 +0000] "GET /api/vehicle/list?t=1562737853173&page=1&pageSize=10 HTTP/1.1" 200 559 "http://localhost:8080/console/vehicle" "Mozilla/5.0 (Macintosh; Intel Mac OS X 10_14_5) AppleWebKit/537.36 (KHTML, like Gecko) Chrome/75.0.3770.100 Safari/537.36"
::1 - - [10/Jul/2019:05:52:13 +0000] "GET /api/vehicle/list?t=1562737933650&page=1&pageSize=10 HTTP/1.1" 200 559 "http://localhost:8080/console/vehicle" "Mozilla/5.0 (Macintosh; Intel Mac OS X 10_14_5) AppleWebKit/537.36 (KHTML, like Gecko) Chrome/75.0.3770.100 Safari/537.36"
::1 - - [10/Jul/2019:05:52:22 +0000] "GET /api/vehicle/list?t=1562737942803&page=1&pageSize=10 HTTP/1.1" 200 559 "http://localhost:8080/console/vehicle" "Mozilla/5.0 (Macintosh; Intel Mac OS X 10_14_5) AppleWebKit/537.36 (KHTML, like Gecko) Chrome/75.0.3770.100 Safari/537.36"
::1 - - [10/Jul/2019:05:52:30 +0000] "GET /api/vehicle/list?t=1562737950687&page=1&pageSize=10 HTTP/1.1" 200 559 "http://localhost:8080/console/vehicle" "Mozilla/5.0 (Macintosh; Intel Mac OS X 10_14_5) AppleWebKit/537.36 (KHTML, like Gecko) Chrome/75.0.3770.100 Safari/537.36"
::1 - - [10/Jul/2019:05:52:42 +0000] "GET /api/vehicle/list?t=1562737962993&page=1&pageSize=10 HTTP/1.1" 200 559 "http://localhost:8080/console/vehicle" "Mozilla/5.0 (Macintosh; Intel Mac OS X 10_14_5) AppleWebKit/537.36 (KHTML, like Gecko) Chrome/75.0.3770.100 Safari/537.36"
::1 - - [10/Jul/2019:05:52:44 +0000] "GET /api/vehicle/list?t=1562737964569&page=1&pageSize=10 HTTP/1.1" 200 559 "http://localhost:8080/console/vehicle" "Mozilla/5.0 (Macintosh; Intel Mac OS X 10_14_5) AppleWebKit/537.36 (KHTML, like Gecko) Chrome/75.0.3770.100 Safari/537.36"
::1 - - [10/Jul/2019:05:52:47 +0000] "GET /api/vehicle/list?t=1562737967490&page=1&pageSize=10 HTTP/1.1" 200 559 "http://localhost:8080/console/vehicle" "Mozilla/5.0 (Macintosh; Intel Mac OS X 10_14_5) AppleWebKit/537.36 (KHTML, like Gecko) Chrome/75.0.3770.100 Safari/537.36"
::1 - - [10/Jul/2019:05:52:49 +0000] "GET /api/vehicle/list?t=1562737969924&page=1&pageSize=10 HTTP/1.1" 200 559 "http://localhost:8080/console/vehicle" "Mozilla/5.0 (Macintosh; Intel Mac OS X 10_14_5) AppleWebKit/537.36 (KHTML, like Gecko) Chrome/75.0.3770.100 Safari/537.36"
::1 - - [10/Jul/2019:05:53:08 +0000] "GET /api/vehicle/list?t=1562737988367&page=1&pageSize=10 HTTP/1.1" 200 559 "http://localhost:8080/console/vehicle" "Mozilla/5.0 (Macintosh; Intel Mac OS X 10_14_5) AppleWebKit/537.36 (KHTML, like Gecko) Chrome/75.0.3770.100 Safari/537.36"
::1 - - [10/Jul/2019:05:53:25 +0000] "GET /api/vehicle/list?t=1562738005719&page=1&pageSize=10 HTTP/1.1" 200 559 "http://localhost:8080/console/vehicle" "Mozilla/5.0 (Macintosh; Intel Mac OS X 10_14_5) AppleWebKit/537.36 (KHTML, like Gecko) Chrome/75.0.3770.100 Safari/537.36"
::1 - - [10/Jul/2019:05:53:36 +0000] "GET /api/vehicle/list?t=1562738016708&page=1&pageSize=10 HTTP/1.1" 200 559 "http://localhost:8080/console/vehicle" "Mozilla/5.0 (Macintosh; Intel Mac OS X 10_14_5) AppleWebKit/537.36 (KHTML, like Gecko) Chrome/75.0.3770.100 Safari/537.36"
::1 - - [10/Jul/2019:05:53:44 +0000] "GET /api/vehicle/list?t=1562738024382&page=1&pageSize=10 HTTP/1.1" 200 559 "http://localhost:8080/console/vehicle" "Mozilla/5.0 (Macintosh; Intel Mac OS X 10_14_5) AppleWebKit/537.36 (KHTML, like Gecko) Chrome/75.0.3770.100 Safari/537.36"
::1 - - [10/Jul/2019:05:53:50 +0000] "GET /api/vehicle/list?t=1562738030220&page=1&pageSize=10 HTTP/1.1" 200 559 "http://localhost:8080/console/vehicle" "Mozilla/5.0 (Macintosh; Intel Mac OS X 10_14_5) AppleWebKit/537.36 (KHTML, like Gecko) Chrome/75.0.3770.100 Safari/537.36"
::1 - - [10/Jul/2019:05:53:59 +0000] "GET /api/vehicle/list?t=1562738039515&page=1&pageSize=10 HTTP/1.1" 200 559 "http://localhost:8080/console/vehicle" "Mozilla/5.0 (Macintosh; Intel Mac OS X 10_14_5) AppleWebKit/537.36 (KHTML, like Gecko) Chrome/75.0.3770.100 Safari/537.36"
::1 - - [10/Jul/2019:05:54:04 +0000] "GET /api/vehicle/list?t=1562738044622&page=1&pageSize=10 HTTP/1.1" 200 559 "http://localhost:8080/console/vehicle" "Mozilla/5.0 (Macintosh; Intel Mac OS X 10_14_5) AppleWebKit/537.36 (KHTML, like Gecko) Chrome/75.0.3770.100 Safari/537.36"
::1 - - [10/Jul/2019:05:54:08 +0000] "GET /api/vehicle/list?t=1562738048990&page=1&pageSize=10 HTTP/1.1" 200 559 "http://localhost:8080/console/vehicle" "Mozilla/5.0 (Macintosh; Intel Mac OS X 10_14_5) AppleWebKit/537.36 (KHTML, like Gecko) Chrome/75.0.3770.100 Safari/537.36"
::1 - - [10/Jul/2019:05:54:12 +0000] "GET /api/vehicle/list?t=1562738052718&page=1&pageSize=10 HTTP/1.1" 200 559 "http://localhost:8080/console/vehicle" "Mozilla/5.0 (Macintosh; Intel Mac OS X 10_14_5) AppleWebKit/537.36 (KHTML, like Gecko) Chrome/75.0.3770.100 Safari/537.36"
::1 - - [10/Jul/2019:05:54:32 +0000] "GET /api/vehicle/list?t=1562738072485&page=1&pageSize=10 HTTP/1.1" 200 559 "http://localhost:8080/console/vehicle" "Mozilla/5.0 (Macintosh; Intel Mac OS X 10_14_5) AppleWebKit/537.36 (KHTML, like Gecko) Chrome/75.0.3770.100 Safari/537.36"
::1 - - [10/Jul/2019:05:54:37 +0000] "GET /api/vehicle/list?t=1562738077487&page=1&pageSize=10 HTTP/1.1" 200 559 "http://localhost:8080/console/vehicle" "Mozilla/5.0 (Macintosh; Intel Mac OS X 10_14_5) AppleWebKit/537.36 (KHTML, like Gecko) Chrome/75.0.3770.100 Safari/537.36"
::1 - - [10/Jul/2019:05:55:19 +0000] "GET /api/vehicle/list?t=1562738119262&page=1&pageSize=10 HTTP/1.1" 200 559 "http://localhost:8080/console/vehicle" "Mozilla/5.0 (Macintosh; Intel Mac OS X 10_14_5) AppleWebKit/537.36 (KHTML, like Gecko) Chrome/75.0.3770.100 Safari/537.36"
::1 - - [10/Jul/2019:05:55:25 +0000] "GET /api/vehicle/list?t=1562738125735&page=1&pageSize=10 HTTP/1.1" 200 559 "http://localhost:8080/console/vehicle" "Mozilla/5.0 (Macintosh; Intel Mac OS X 10_14_5) AppleWebKit/537.36 (KHTML, like Gecko) Chrome/75.0.3770.100 Safari/537.36"
::1 - - [10/Jul/2019:05:55:31 +0000] "GET /api/vehicle/list?t=1562738131030&page=1&pageSize=10 HTTP/1.1" 200 559 "http://localhost:8080/console/vehicle" "Mozilla/5.0 (Macintosh; Intel Mac OS X 10_14_5) AppleWebKit/537.36 (KHTML, like Gecko) Chrome/75.0.3770.100 Safari/537.36"
::1 - - [10/Jul/2019:05:55:34 +0000] "GET /api/vehicle/list?t=1562738134298&page=1&pageSize=10 HTTP/1.1" 200 559 "http://localhost:8080/console/vehicle" "Mozilla/5.0 (Macintosh; Intel Mac OS X 10_14_5) AppleWebKit/537.36 (KHTML, like Gecko) Chrome/75.0.3770.100 Safari/537.36"
::1 - - [10/Jul/2019:05:55:38 +0000] "GET /api/vehicle/list?t=1562738138266&page=1&pageSize=10 HTTP/1.1" 200 559 "http://localhost:8080/console/vehicle" "Mozilla/5.0 (Macintosh; Intel Mac OS X 10_14_5) AppleWebKit/537.36 (KHTML, like Gecko) Chrome/75.0.3770.100 Safari/537.36"
::1 - - [10/Jul/2019:05:56:27 +0000] "GET /api/vehicle/list?t=1562738187395&page=1&pageSize=10 HTTP/1.1" 200 559 "http://localhost:8080/console/vehicle" "Mozilla/5.0 (Macintosh; Intel Mac OS X 10_14_5) AppleWebKit/537.36 (KHTML, like Gecko) Chrome/75.0.3770.100 Safari/537.36"
::1 - - [10/Jul/2019:05:56:47 +0000] "GET /api/vehicle/list?t=1562738207692&page=1&pageSize=10 HTTP/1.1" 200 559 "http://localhost:8080/console/vehicle" "Mozilla/5.0 (Macintosh; Intel Mac OS X 10_14_5) AppleWebKit/537.36 (KHTML, like Gecko) Chrome/75.0.3770.100 Safari/537.36"
::1 - - [10/Jul/2019:05:57:12 +0000] "GET /api/vehicle/list?t=1562738232275&page=1&pageSize=10 HTTP/1.1" 200 559 "http://localhost:8080/console/vehicle" "Mozilla/5.0 (Macintosh; Intel Mac OS X 10_14_5) AppleWebKit/537.36 (KHTML, like Gecko) Chrome/75.0.3770.100 Safari/537.36"
::1 - - [10/Jul/2019:05:57:18 +0000] "GET /api/vehicle/list?t=1562738238338&page=1&pageSize=10 HTTP/1.1" 200 559 "http://localhost:8080/console/vehicle" "Mozilla/5.0 (Macintosh; Intel Mac OS X 10_14_5) AppleWebKit/537.36 (KHTML, like Gecko) Chrome/75.0.3770.100 Safari/537.36"
::1 - - [10/Jul/2019:05:57:32 +0000] "GET /api/vehicle/list?t=1562738252716&page=1&pageSize=10 HTTP/1.1" 200 559 "http://localhost:8080/console/vehicle" "Mozilla/5.0 (Macintosh; Intel Mac OS X 10_14_5) AppleWebKit/537.36 (KHTML, like Gecko) Chrome/75.0.3770.100 Safari/537.36"
::1 - - [10/Jul/2019:05:57:44 +0000] "GET /api/vehicle/list?t=1562738264033&page=1&pageSize=10 HTTP/1.1" 200 559 "http://localhost:8080/console/vehicle" "Mozilla/5.0 (Macintosh; Intel Mac OS X 10_14_5) AppleWebKit/537.36 (KHTML, like Gecko) Chrome/75.0.3770.100 Safari/537.36"
::1 - - [10/Jul/2019:05:57:46 +0000] "GET /api/vehicle/list?t=1562738266903&page=1&pageSize=10 HTTP/1.1" 200 559 "http://localhost:8080/console/vehicle" "Mozilla/5.0 (Macintosh; Intel Mac OS X 10_14_5) AppleWebKit/537.36 (KHTML, like Gecko) Chrome/75.0.3770.100 Safari/537.36"
::1 - - [10/Jul/2019:05:57:52 +0000] "GET /api/vehicle/list?t=1562738272065&page=1&pageSize=10 HTTP/1.1" 200 559 "http://localhost:8080/console/vehicle" "Mozilla/5.0 (Macintosh; Intel Mac OS X 10_14_5) AppleWebKit/537.36 (KHTML, like Gecko) Chrome/75.0.3770.100 Safari/537.36"
::1 - - [10/Jul/2019:05:58:05 +0000] "GET /api/vehicle/list?t=1562738285220&page=1&pageSize=10 HTTP/1.1" 200 559 "http://localhost:8080/console/vehicle" "Mozilla/5.0 (Macintosh; Intel Mac OS X 10_14_5) AppleWebKit/537.36 (KHTML, like Gecko) Chrome/75.0.3770.100 Safari/537.36"
::1 - - [10/Jul/2019:05:58:06 +0000] "GET /api/vehicle/list?t=1562738286408&page=1&pageSize=10 HTTP/1.1" 200 559 "http://localhost:8080/console/vehicle" "Mozilla/5.0 (Macintosh; Intel Mac OS X 10_14_5) AppleWebKit/537.36 (KHTML, like Gecko) Chrome/75.0.3770.100 Safari/537.36"
::1 - - [10/Jul/2019:05:58:25 +0000] "GET /api/vehicle/list?t=1562738305359&page=1&pageSize=10 HTTP/1.1" 200 559 "http://localhost:8080/console/vehicle" "Mozilla/5.0 (Macintosh; Intel Mac OS X 10_14_5) AppleWebKit/537.36 (KHTML, like Gecko) Chrome/75.0.3770.100 Safari/537.36"
::1 - - [10/Jul/2019:05:58:28 +0000] "GET /api/vehicle/list?t=1562738308760&page=1&pageSize=10 HTTP/1.1" 200 559 "http://localhost:8080/console/vehicle" "Mozilla/5.0 (Macintosh; Intel Mac OS X 10_14_5) AppleWebKit/537.36 (KHTML, like Gecko) Chrome/75.0.3770.100 Safari/537.36"
::1 - - [10/Jul/2019:05:59:18 +0000] "GET /api/vehicle/list?t=1562738358668&page=1&pageSize=10 HTTP/1.1" 200 559 "http://localhost:8080/console/vehicle" "Mozilla/5.0 (Macintosh; Intel Mac OS X 10_14_5) AppleWebKit/537.36 (KHTML, like Gecko) Chrome/75.0.3770.100 Safari/537.36"
::1 - - [10/Jul/2019:05:59:40 +0000] "GET /api/vehicle/list?t=1562738380624&page=1&pageSize=10 HTTP/1.1" 200 559 "http://localhost:8080/console/vehicle" "Mozilla/5.0 (Macintosh; Intel Mac OS X 10_14_5) AppleWebKit/537.36 (KHTML, like Gecko) Chrome/75.0.3770.100 Safari/537.36"
::1 - - [10/Jul/2019:05:59:47 +0000] "GET /api/vehicle/list?t=1562738387294&page=1&pageSize=10 HTTP/1.1" 200 559 "http://localhost:8080/console/vehicle" "Mozilla/5.0 (Macintosh; Intel Mac OS X 10_14_5) AppleWebKit/537.36 (KHTML, like Gecko) Chrome/75.0.3770.100 Safari/537.36"
::1 - - [10/Jul/2019:05:59:49 +0000] "GET /api/vehicle/list?t=1562738389584&page=1&pageSize=10 HTTP/1.1" 200 559 "http://localhost:8080/console/vehicle" "Mozilla/5.0 (Macintosh; Intel Mac OS X 10_14_5) AppleWebKit/537.36 (KHTML, like Gecko) Chrome/75.0.3770.100 Safari/537.36"
::1 - - [10/Jul/2019:05:59:50 +0000] "GET /api/vehicle/list?t=1562738390705&page=1&pageSize=10 HTTP/1.1" 200 559 "http://localhost:8080/console/vehicle" "Mozilla/5.0 (Macintosh; Intel Mac OS X 10_14_5) AppleWebKit/537.36 (KHTML, like Gecko) Chrome/75.0.3770.100 Safari/537.36"
::1 - - [10/Jul/2019:06:14:27 +0000] "GET /api/vehicle/list?t=1562739267634&page=1&pageSize=10 HTTP/1.1" 200 559 "http://localhost:8080/console/vehicle" "Mozilla/5.0 (Macintosh; Intel Mac OS X 10_14_5) AppleWebKit/537.36 (KHTML, like Gecko) Chrome/75.0.3770.100 Safari/537.36"
::1 - - [10/Jul/2019:06:16:29 +0000] "GET /api/vehicle/list?t=1562739389123&page=1&pageSize=10 HTTP/1.1" 200 559 "http://localhost:8080/console/vehicle" "Mozilla/5.0 (Macintosh; Intel Mac OS X 10_14_5) AppleWebKit/537.36 (KHTML, like Gecko) Chrome/75.0.3770.100 Safari/537.36"
::1 - - [10/Jul/2019:06:16:30 +0000] "GET /api/vehicle/list?t=1562739390309&page=1&pageSize=10 HTTP/1.1" 200 559 "http://localhost:8080/console/vehicle" "Mozilla/5.0 (Macintosh; Intel Mac OS X 10_14_5) AppleWebKit/537.36 (KHTML, like Gecko) Chrome/75.0.3770.100 Safari/537.36"
::1 - - [10/Jul/2019:06:16:36 +0000] "GET /api/vehicle/list?t=1562739396526&page=1&pageSize=10 HTTP/1.1" 200 559 "http://localhost:8080/console/vehicle" "Mozilla/5.0 (Macintosh; Intel Mac OS X 10_14_5) AppleWebKit/537.36 (KHTML, like Gecko) Chrome/75.0.3770.100 Safari/537.36"
::1 - - [10/Jul/2019:06:18:05 +0000] "GET /api/vehicle/list?t=1562739485420&page=1&pageSize=10 HTTP/1.1" 200 559 "http://localhost:8080/console/vehicle" "Mozilla/5.0 (Macintosh; Intel Mac OS X 10_14_5) AppleWebKit/537.36 (KHTML, like Gecko) Chrome/75.0.3770.100 Safari/537.36"
::1 - - [10/Jul/2019:06:22:49 +0000] "GET /api/vehicle/list?t=1562739769735&page=1&pageSize=10 HTTP/1.1" 200 559 "http://localhost:8080/console/vehicle" "Mozilla/5.0 (Macintosh; Intel Mac OS X 10_14_5) AppleWebKit/537.36 (KHTML, like Gecko) Chrome/75.0.3770.100 Safari/537.36"
::1 - - [10/Jul/2019:06:23:07 +0000] "GET /api/vehicle/list?t=1562739787790&page=1&pageSize=10 HTTP/1.1" 200 559 "http://localhost:8080/console/vehicle" "Mozilla/5.0 (Macintosh; Intel Mac OS X 10_14_5) AppleWebKit/537.36 (KHTML, like Gecko) Chrome/75.0.3770.100 Safari/537.36"
::1 - - [10/Jul/2019:06:23:53 +0000] "GET /api/vehicle/list?t=1562739833909&page=1&pageSize=10 HTTP/1.1" 200 559 "http://localhost:8080/console/vehicle" "Mozilla/5.0 (Macintosh; Intel Mac OS X 10_14_5) AppleWebKit/537.36 (KHTML, like Gecko) Chrome/75.0.3770.100 Safari/537.36"
::1 - - [10/Jul/2019:06:24:06 +0000] "GET /api/vehicle/list?t=1562739846042&page=1&pageSize=10 HTTP/1.1" 200 559 "http://localhost:8080/console/vehicle" "Mozilla/5.0 (Macintosh; Intel Mac OS X 10_14_5) AppleWebKit/537.36 (KHTML, like Gecko) Chrome/75.0.3770.100 Safari/537.36"
::1 - - [10/Jul/2019:06:24:44 +0000] "GET /api/vehicle/list?t=1562739884858&page=1&pageSize=10 HTTP/1.1" 200 559 "http://localhost:8080/console/vehicle" "Mozilla/5.0 (Macintosh; Intel Mac OS X 10_14_5) AppleWebKit/537.36 (KHTML, like Gecko) Chrome/75.0.3770.100 Safari/537.36"
::1 - - [10/Jul/2019:06:24:46 +0000] "GET /api/vehicle/list?t=1562739886184&page=1&pageSize=10 HTTP/1.1" 200 559 "http://localhost:8080/console/vehicle" "Mozilla/5.0 (Macintosh; Intel Mac OS X 10_14_5) AppleWebKit/537.36 (KHTML, like Gecko) Chrome/75.0.3770.100 Safari/537.36"
::1 - - [10/Jul/2019:06:24:58 +0000] "GET /api/vehicle/list?t=1562739898104&page=1&pageSize=10 HTTP/1.1" 200 559 "http://localhost:8080/console/vehicle" "Mozilla/5.0 (Macintosh; Intel Mac OS X 10_14_5) AppleWebKit/537.36 (KHTML, like Gecko) Chrome/75.0.3770.100 Safari/537.36"
::1 - - [10/Jul/2019:06:25:00 +0000] "GET /api/vehicle/list?t=1562739900501&page=1&pageSize=10 HTTP/1.1" 200 559 "http://localhost:8080/console/vehicle" "Mozilla/5.0 (Macintosh; Intel Mac OS X 10_14_5) AppleWebKit/537.36 (KHTML, like Gecko) Chrome/75.0.3770.100 Safari/537.36"
::1 - - [10/Jul/2019:06:25:02 +0000] "GET /api/vehicle/list?t=1562739902207&page=1&pageSize=10 HTTP/1.1" 200 559 "http://localhost:8080/console/vehicle" "Mozilla/5.0 (Macintosh; Intel Mac OS X 10_14_5) AppleWebKit/537.36 (KHTML, like Gecko) Chrome/75.0.3770.100 Safari/537.36"
::1 - - [10/Jul/2019:06:25:04 +0000] "GET /api/vehicle/list?t=1562739904539&page=1&pageSize=10 HTTP/1.1" 200 559 "http://localhost:8080/console/vehicle" "Mozilla/5.0 (Macintosh; Intel Mac OS X 10_14_5) AppleWebKit/537.36 (KHTML, like Gecko) Chrome/75.0.3770.100 Safari/537.36"
::1 - - [10/Jul/2019:06:25:07 +0000] "GET /api/vehicle/list?t=1562739907336&page=1&pageSize=10 HTTP/1.1" 200 559 "http://localhost:8080/console/vehicle" "Mozilla/5.0 (Macintosh; Intel Mac OS X 10_14_5) AppleWebKit/537.36 (KHTML, like Gecko) Chrome/75.0.3770.100 Safari/537.36"
::1 - - [10/Jul/2019:06:25:09 +0000] "GET /api/vehicle/list?t=1562739909390&page=1&pageSize=10 HTTP/1.1" 200 559 "http://localhost:8080/console/vehicle" "Mozilla/5.0 (Macintosh; Intel Mac OS X 10_14_5) AppleWebKit/537.36 (KHTML, like Gecko) Chrome/75.0.3770.100 Safari/537.36"
::1 - - [10/Jul/2019:06:25:11 +0000] "GET /api/vehicle/list?t=1562739911651&page=1&pageSize=10 HTTP/1.1" 200 559 "http://localhost:8080/console/vehicle" "Mozilla/5.0 (Macintosh; Intel Mac OS X 10_14_5) AppleWebKit/537.36 (KHTML, like Gecko) Chrome/75.0.3770.100 Safari/537.36"
::1 - - [10/Jul/2019:06:25:25 +0000] "GET /api/vehicle/list?t=1562739925385&page=1&pageSize=10 HTTP/1.1" 200 559 "http://localhost:8080/console/vehicle" "Mozilla/5.0 (Macintosh; Intel Mac OS X 10_14_5) AppleWebKit/537.36 (KHTML, like Gecko) Chrome/75.0.3770.100 Safari/537.36"
::1 - - [10/Jul/2019:06:25:28 +0000] "GET /api/vehicle/list?t=1562739928631&page=1&pageSize=10 HTTP/1.1" 200 559 "http://localhost:8080/console/vehicle" "Mozilla/5.0 (Macintosh; Intel Mac OS X 10_14_5) AppleWebKit/537.36 (KHTML, like Gecko) Chrome/75.0.3770.100 Safari/537.36"
::1 - - [10/Jul/2019:06:25:32 +0000] "GET /api/vehicle/list?t=1562739932436&page=1&pageSize=10 HTTP/1.1" 200 559 "http://localhost:8080/console/vehicle" "Mozilla/5.0 (Macintosh; Intel Mac OS X 10_14_5) AppleWebKit/537.36 (KHTML, like Gecko) Chrome/75.0.3770.100 Safari/537.36"
::1 - - [10/Jul/2019:06:25:53 +0000] "GET /api/vehicle/list?t=1562739953862&page=1&pageSize=10 HTTP/1.1" 200 559 "http://localhost:8080/console/vehicle" "Mozilla/5.0 (Macintosh; Intel Mac OS X 10_14_5) AppleWebKit/537.36 (KHTML, like Gecko) Chrome/75.0.3770.100 Safari/537.36"
::1 - - [10/Jul/2019:06:26:11 +0000] "GET /api/vehicle/list?t=1562739971566&page=1&pageSize=10 HTTP/1.1" 200 559 "http://localhost:8080/console/vehicle" "Mozilla/5.0 (Macintosh; Intel Mac OS X 10_14_5) AppleWebKit/537.36 (KHTML, like Gecko) Chrome/75.0.3770.100 Safari/537.36"
::1 - - [10/Jul/2019:06:26:30 +0000] "GET /api/vehicle/list?t=1562739990527&page=1&pageSize=10 HTTP/1.1" 200 559 "http://localhost:8080/console/vehicle" "Mozilla/5.0 (Macintosh; Intel Mac OS X 10_14_5) AppleWebKit/537.36 (KHTML, like Gecko) Chrome/75.0.3770.100 Safari/537.36"
::1 - - [10/Jul/2019:06:26:36 +0000] "GET /api/vehicle/list?t=1562739996519&page=1&pageSize=10 HTTP/1.1" 200 559 "http://localhost:8080/console/vehicle" "Mozilla/5.0 (Macintosh; Intel Mac OS X 10_14_5) AppleWebKit/537.36 (KHTML, like Gecko) Chrome/75.0.3770.100 Safari/537.36"
::1 - - [10/Jul/2019:06:28:27 +0000] "GET /api/vehicle/list?t=1562740107606&page=1&pageSize=10 HTTP/1.1" 200 559 "http://localhost:8080/console/vehicle" "Mozilla/5.0 (Macintosh; Intel Mac OS X 10_14_5) AppleWebKit/537.36 (KHTML, like Gecko) Chrome/75.0.3770.100 Safari/537.36"
::1 - - [10/Jul/2019:06:28:39 +0000] "GET /api/vehicle/list?t=1562740119976&page=1&pageSize=10 HTTP/1.1" 200 559 "http://localhost:8080/console/vehicle" "Mozilla/5.0 (Macintosh; Intel Mac OS X 10_14_5) AppleWebKit/537.36 (KHTML, like Gecko) Chrome/75.0.3770.100 Safari/537.36"
::1 - - [10/Jul/2019:06:28:43 +0000] "GET /api/vehicle/list?t=1562740123462&page=1&pageSize=10 HTTP/1.1" 200 559 "http://localhost:8080/console/vehicle" "Mozilla/5.0 (Macintosh; Intel Mac OS X 10_14_5) AppleWebKit/537.36 (KHTML, like Gecko) Chrome/75.0.3770.100 Safari/537.36"
::1 - - [10/Jul/2019:06:28:51 +0000] "GET /api/vehicle/list?t=1562740131989&page=1&pageSize=10 HTTP/1.1" 200 559 "http://localhost:8080/console/vehicle" "Mozilla/5.0 (Macintosh; Intel Mac OS X 10_14_5) AppleWebKit/537.36 (KHTML, like Gecko) Chrome/75.0.3770.100 Safari/537.36"
::1 - - [10/Jul/2019:06:28:58 +0000] "GET /api/vehicle/list?t=1562740138451&page=1&pageSize=10 HTTP/1.1" 200 559 "http://localhost:8080/console/vehicle" "Mozilla/5.0 (Macintosh; Intel Mac OS X 10_14_5) AppleWebKit/537.36 (KHTML, like Gecko) Chrome/75.0.3770.100 Safari/537.36"
::1 - - [10/Jul/2019:06:30:23 +0000] "GET /api/vehicle/list?t=1562740223062&page=1&pageSize=10 HTTP/1.1" 200 559 "http://localhost:8080/console/vehicle" "Mozilla/5.0 (Macintosh; Intel Mac OS X 10_14_5) AppleWebKit/537.36 (KHTML, like Gecko) Chrome/75.0.3770.100 Safari/537.36"
::1 - - [10/Jul/2019:06:30:26 +0000] "GET /api/vehicle/list?t=1562740226481&page=1&pageSize=10 HTTP/1.1" 200 559 "http://localhost:8080/console/vehicle" "Mozilla/5.0 (Macintosh; Intel Mac OS X 10_14_5) AppleWebKit/537.36 (KHTML, like Gecko) Chrome/75.0.3770.100 Safari/537.36"
