::1 - - [15/Aug/2019:00:36:14 +0000] "GET /api/vehicle/list?t=1565829374112&page=1&pageSize=10 HTTP/1.1" 200 1600 "http://localhost:8080/console/schedule/manual" "Mozilla/5.0 (Macintosh; Intel Mac OS X 10_14_6) AppleWebKit/537.36 (KHTML, like Gecko) Chrome/76.0.3809.100 Safari/537.36"
::1 - - [15/Aug/2019:00:36:26 +0000] "GET /api/schedule/current?t=1565829386214 HTTP/1.1" 200 295 "http://localhost:8080/console/schedule/center" "Mozilla/5.0 (Macintosh; Intel Mac OS X 10_14_6) AppleWebKit/537.36 (KHTML, like Gecko) Chrome/76.0.3809.100 Safari/537.36"
::1 - - [15/Aug/2019:00:36:26 +0000] "GET /api/schedule/detail?t=1565829386214 HTTP/1.1" 200 172 "http://localhost:8080/console/schedule/center" "Mozilla/5.0 (Macintosh; Intel Mac OS X 10_14_6) AppleWebKit/537.36 (KHTML, like Gecko) Chrome/76.0.3809.100 Safari/537.36"
::1 - - [15/Aug/2019:00:47:45 +0000] "GET /api/log/list?page=1&pageSize=10&log_type=vehicle HTTP/1.1" 404 151 "-" "PostmanRuntime/7.15.2"
::1 - - [15/Aug/2019:00:48:46 +0000] "GET /api/log/list?page=1&pageSize=10&log_type=vehicle HTTP/1.1" 404 151 "-" "PostmanRuntime/7.15.2"
::1 - - [15/Aug/2019:00:49:14 +0000] "GET /api/log/list?page=1&pageSize=10&log_type=vehicle HTTP/1.1" 200 465 "-" "PostmanRuntime/7.15.2"
::1 - - [15/Aug/2019:00:49:39 +0000] "GET /api/log/list?page=1&pageSize=10&log_type=vehicle HTTP/1.1" 200 213 "-" "PostmanRuntime/7.15.2"
::1 - - [15/Aug/2019:00:49:54 +0000] "GET /api/log/list?page=1&pageSize=10&log_type=order HTTP/1.1" 200 213 "-" "PostmanRuntime/7.15.2"
::1 - - [15/Aug/2019:00:50:17 +0000] "GET /api/log/list?page=1&pageSize=10&log_type=order HTTP/1.1" 200 213 "-" "PostmanRuntime/7.15.2"
::1 - - [15/Aug/2019:00:50:35 +0000] "GET /api/log/list?page=1&pageSize=10&logType=order HTTP/1.1" 200 213 "-" "PostmanRuntime/7.15.2"
::1 - - [15/Aug/2019:00:51:17 +0000] "GET /api/log/list?page=1&pageSize=10&filterData.logType=order HTTP/1.1" 200 213 "-" "PostmanRuntime/7.15.2"
::1 - - [15/Aug/2019:00:51:54 +0000] "GET /api/log/list?page=1&pageSize=10&filterData.logType=order HTTP/1.1" 200 213 "-" "PostmanRuntime/7.15.2"
::1 - - [15/Aug/2019:00:52:23 +0000] "GET /api/log/list?page=1&pageSize=10&filterData.logType=order HTTP/1.1" 200 213 "-" "PostmanRuntime/7.15.2"
::1 - - [15/Aug/2019:00:53:14 +0000] "GET /api/log/list?page=1&pageSize=10&filterData.logType=order HTTP/1.1" 200 213 "-" "PostmanRuntime/7.15.2"
::1 - - [15/Aug/2019:00:58:45 +0000] "GET /api/log/info?logType=order&logContent=test HTTP/1.1" 404 151 "-" "PostmanRuntime/7.15.2"
::1 - - [15/Aug/2019:00:59:25 +0000] "POST /api/log/info HTTP/1.1" 200 49 "-" "PostmanRuntime/7.15.2"
::1 - - [15/Aug/2019:00:59:56 +0000] "POST /api/log/info HTTP/1.1" 200 49 "-" "PostmanRuntime/7.15.2"
::1 - - [15/Aug/2019:01:00:13 +0000] "POST /api/log/info HTTP/1.1" 200 49 "-" "PostmanRuntime/7.15.2"
::1 - - [15/Aug/2019:01:00:54 +0000] "POST /api/log/info HTTP/1.1" 200 457 "-" "PostmanRuntime/7.15.2"
::1 - - [15/Aug/2019:01:18:19 +0000] "POST /api/log/info HTTP/1.1" 200 453 "-" "PostmanRuntime/7.15.2"
::1 - - [15/Aug/2019:01:20:55 +0000] "POST /api/log/info HTTP/1.1" 500 1644 "-" "PostmanRuntime/7.15.2"
::1 - - [15/Aug/2019:01:21:33 +0000] "POST /api/log/info HTTP/1.1" 200 35 "-" "PostmanRuntime/7.15.2"
::1 - - [15/Aug/2019:01:50:44 +0000] "GET /api/log/list?t=1565833844077&page=1&pageSize=10 HTTP/1.1" 200 300 "http://localhost:8080/console/systemLog" "Mozilla/5.0 (Macintosh; Intel Mac OS X 10_14_6) AppleWebKit/537.36 (KHTML, like Gecko) Chrome/76.0.3809.100 Safari/537.36"
::1 - - [15/Aug/2019:01:50:46 +0000] "GET /api/log/list?t=1565833846110&page=1&pageSize=10 HTTP/1.1" 200 300 "http://localhost:8080/console/systemLog" "Mozilla/5.0 (Macintosh; Intel Mac OS X 10_14_6) AppleWebKit/537.36 (KHTML, like Gecko) Chrome/76.0.3809.100 Safari/537.36"
::1 - - [15/Aug/2019:01:50:50 +0000] "GET /api/log/list?t=1565833850056&page=1&pageSize=10 HTTP/1.1" 200 300 "http://localhost:8080/console/systemLog" "Mozilla/5.0 (Macintosh; Intel Mac OS X 10_14_6) AppleWebKit/537.36 (KHTML, like Gecko) Chrome/76.0.3809.100 Safari/537.36"
::1 - - [15/Aug/2019:01:50:56 +0000] "GET /api/log/list?t=1565833856812&page=1&pageSize=10 HTTP/1.1" 200 300 "http://localhost:8080/console/systemLog" "Mozilla/5.0 (Macintosh; Intel Mac OS X 10_14_6) AppleWebKit/537.36 (KHTML, like Gecko) Chrome/76.0.3809.100 Safari/537.36"
::1 - - [15/Aug/2019:01:51:28 +0000] "GET /api/log/list?t=1565833888107&page=1&pageSize=10 HTTP/1.1" 200 300 "http://localhost:8080/console/systemLog" "Mozilla/5.0 (Macintosh; Intel Mac OS X 10_14_6) AppleWebKit/537.36 (KHTML, like Gecko) Chrome/76.0.3809.100 Safari/537.36"
::1 - - [15/Aug/2019:01:51:29 +0000] "GET /api/log/list?t=1565833889962&page=1&pageSize=10 HTTP/1.1" 200 300 "http://localhost:8080/console/systemLog" "Mozilla/5.0 (Macintosh; Intel Mac OS X 10_14_6) AppleWebKit/537.36 (KHTML, like Gecko) Chrome/76.0.3809.100 Safari/537.36"
::1 - - [15/Aug/2019:01:57:55 +0000] "GET /api/log/list?page=1&pageSize=10 HTTP/1.1" 200 38 "-" "PostmanRuntime/7.15.2"
::1 - - [15/Aug/2019:01:58:17 +0000] "GET /api/log/list?page=1&pageSize=10 HTTP/1.1" 200 325 "-" "PostmanRuntime/7.15.2"
::1 - - [15/Aug/2019:01:59:09 +0000] "GET /api/log/list?t=1565834349219&page=1&pageSize=10 HTTP/1.1" 200 325 "http://localhost:8080/console/systemLog" "Mozilla/5.0 (Macintosh; Intel Mac OS X 10_14_6) AppleWebKit/537.36 (KHTML, like Gecko) Chrome/76.0.3809.100 Safari/537.36"
::1 - - [15/Aug/2019:02:02:32 +0000] "GET /api/log/list?t=1565834552827&page=1&pageSize=10 HTTP/1.1" 200 325 "http://localhost:8080/console/systemLog" "Mozilla/5.0 (Macintosh; Intel Mac OS X 10_14_6) AppleWebKit/537.36 (KHTML, like Gecko) Chrome/76.0.3809.100 Safari/537.36"
::1 - - [15/Aug/2019:02:02:39 +0000] "GET /api/log/list?t=1565834559379&page=1&pageSize=10 HTTP/1.1" 200 325 "http://localhost:8080/console/systemLog" "Mozilla/5.0 (Macintosh; Intel Mac OS X 10_14_6) AppleWebKit/537.36 (KHTML, like Gecko) Chrome/76.0.3809.100 Safari/537.36"
::1 - - [15/Aug/2019:02:02:42 +0000] "GET /api/log/list?t=1565834562913&page=1&pageSize=10 HTTP/1.1" 200 325 "http://localhost:8080/console/systemLog" "Mozilla/5.0 (Macintosh; Intel Mac OS X 10_14_6) AppleWebKit/537.36 (KHTML, like Gecko) Chrome/76.0.3809.100 Safari/537.36"
::1 - - [15/Aug/2019:02:02:47 +0000] "GET /api/log/list?t=1565834567388&page=1&pageSize=10 HTTP/1.1" 200 325 "http://localhost:8080/console/systemLog" "Mozilla/5.0 (Macintosh; Intel Mac OS X 10_14_6) AppleWebKit/537.36 (KHTML, like Gecko) Chrome/76.0.3809.100 Safari/537.36"
::1 - - [15/Aug/2019:02:02:50 +0000] "GET /api/log/list?t=1565834570934&page=1&pageSize=10 HTTP/1.1" 200 325 "http://localhost:8080/console/systemLog" "Mozilla/5.0 (Macintosh; Intel Mac OS X 10_14_6) AppleWebKit/537.36 (KHTML, like Gecko) Chrome/76.0.3809.100 Safari/537.36"
::1 - - [15/Aug/2019:02:03:13 +0000] "GET /api/log/list?t=1565834593306&page=1&pageSize=10 HTTP/1.1" 200 325 "http://localhost:8080/console/systemLog" "Mozilla/5.0 (Macintosh; Intel Mac OS X 10_14_6) AppleWebKit/537.36 (KHTML, like Gecko) Chrome/76.0.3809.100 Safari/537.36"
::1 - - [15/Aug/2019:02:03:28 +0000] "GET /api/log/list?t=1565834608713&page=1&pageSize=10 HTTP/1.1" 200 325 "http://localhost:8080/console/systemLog" "Mozilla/5.0 (Macintosh; Intel Mac OS X 10_14_6) AppleWebKit/537.36 (KHTML, like Gecko) Chrome/76.0.3809.100 Safari/537.36"
::1 - - [15/Aug/2019:02:04:02 +0000] "GET /api/log/list?t=1565834642457&page=1&pageSize=10 HTTP/1.1" 200 325 "http://localhost:8080/console/systemLog" "Mozilla/5.0 (Macintosh; Intel Mac OS X 10_14_6) AppleWebKit/537.36 (KHTML, like Gecko) Chrome/76.0.3809.100 Safari/537.36"
::1 - - [15/Aug/2019:02:04:10 +0000] "GET /api/log/list?t=1565834650606&page=1&pageSize=10 HTTP/1.1" 200 325 "http://localhost:8080/console/systemLog" "Mozilla/5.0 (Macintosh; Intel Mac OS X 10_14_6) AppleWebKit/537.36 (KHTML, like Gecko) Chrome/76.0.3809.100 Safari/537.36"
::1 - - [15/Aug/2019:02:04:21 +0000] "GET /api/log/list?t=1565834661161&page=1&pageSize=10 HTTP/1.1" 200 325 "http://localhost:8080/console/systemLog" "Mozilla/5.0 (Macintosh; Intel Mac OS X 10_14_6) AppleWebKit/537.36 (KHTML, like Gecko) Chrome/76.0.3809.100 Safari/537.36"
::1 - - [15/Aug/2019:02:04:23 +0000] "GET /api/log/list?t=1565834663608&page=1&pageSize=10 HTTP/1.1" 200 325 "http://localhost:8080/console/systemLog" "Mozilla/5.0 (Macintosh; Intel Mac OS X 10_14_6) AppleWebKit/537.36 (KHTML, like Gecko) Chrome/76.0.3809.100 Safari/537.36"
::1 - - [15/Aug/2019:02:04:27 +0000] "GET /api/log/list?t=1565834667975&page=1&pageSize=10 HTTP/1.1" 200 325 "http://localhost:8080/console/systemLog" "Mozilla/5.0 (Macintosh; Intel Mac OS X 10_14_6) AppleWebKit/537.36 (KHTML, like Gecko) Chrome/76.0.3809.100 Safari/537.36"
::1 - - [15/Aug/2019:02:04:49 +0000] "GET /api/log/list?t=1565834689803&page=1&pageSize=10 HTTP/1.1" 200 325 "http://localhost:8080/console/systemLog" "Mozilla/5.0 (Macintosh; Intel Mac OS X 10_14_6) AppleWebKit/537.36 (KHTML, like Gecko) Chrome/76.0.3809.100 Safari/537.36"
::1 - - [15/Aug/2019:02:04:58 +0000] "GET /api/log/list?t=1565834698008&page=1&pageSize=10 HTTP/1.1" 200 325 "http://localhost:8080/console/systemLog" "Mozilla/5.0 (Macintosh; Intel Mac OS X 10_14_6) AppleWebKit/537.36 (KHTML, like Gecko) Chrome/76.0.3809.100 Safari/537.36"
::1 - - [15/Aug/2019:02:05:25 +0000] "GET /api/log/list?t=1565834725288&page=1&pageSize=10 HTTP/1.1" 200 325 "http://localhost:8080/console/systemLog" "Mozilla/5.0 (Macintosh; Intel Mac OS X 10_14_6) AppleWebKit/537.36 (KHTML, like Gecko) Chrome/76.0.3809.100 Safari/537.36"
::1 - - [15/Aug/2019:02:05:27 +0000] "GET /api/log/list?t=1565834727922&page=1&pageSize=10 HTTP/1.1" 200 325 "http://localhost:8080/console/systemLog" "Mozilla/5.0 (Macintosh; Intel Mac OS X 10_14_6) AppleWebKit/537.36 (KHTML, like Gecko) Chrome/76.0.3809.100 Safari/537.36"
::1 - - [15/Aug/2019:02:05:35 +0000] "GET /api/log/list?t=1565834735605&page=1&pageSize=10 HTTP/1.1" 200 325 "http://localhost:8080/console/systemLog" "Mozilla/5.0 (Macintosh; Intel Mac OS X 10_14_6) AppleWebKit/537.36 (KHTML, like Gecko) Chrome/76.0.3809.100 Safari/537.36"
::1 - - [15/Aug/2019:02:06:10 +0000] "GET /api/log/list?t=1565834770287&page=1&pageSize=10 HTTP/1.1" 200 325 "http://localhost:8080/console/systemLog" "Mozilla/5.0 (Macintosh; Intel Mac OS X 10_14_6) AppleWebKit/537.36 (KHTML, like Gecko) Chrome/76.0.3809.100 Safari/537.36"
::1 - - [15/Aug/2019:02:06:14 +0000] "GET /api/log/list?t=1565834774510&page=1&pageSize=10 HTTP/1.1" 200 325 "http://localhost:8080/console/systemLog" "Mozilla/5.0 (Macintosh; Intel Mac OS X 10_14_6) AppleWebKit/537.36 (KHTML, like Gecko) Chrome/76.0.3809.100 Safari/537.36"
::1 - - [15/Aug/2019:02:06:29 +0000] "GET /api/log/list?t=1565834789472&page=1&pageSize=10 HTTP/1.1" 200 325 "http://localhost:8080/console/systemLog" "Mozilla/5.0 (Macintosh; Intel Mac OS X 10_14_6) AppleWebKit/537.36 (KHTML, like Gecko) Chrome/76.0.3809.100 Safari/537.36"
::1 - - [15/Aug/2019:02:06:34 +0000] "GET /api/log/list?t=1565834794452&page=1&pageSize=10 HTTP/1.1" 200 325 "http://localhost:8080/console/systemLog" "Mozilla/5.0 (Macintosh; Intel Mac OS X 10_14_6) AppleWebKit/537.36 (KHTML, like Gecko) Chrome/76.0.3809.100 Safari/537.36"
::1 - - [15/Aug/2019:02:06:38 +0000] "GET /api/log/list?t=1565834798225&page=1&pageSize=10 HTTP/1.1" 200 325 "http://localhost:8080/console/systemLog" "Mozilla/5.0 (Macintosh; Intel Mac OS X 10_14_6) AppleWebKit/537.36 (KHTML, like Gecko) Chrome/76.0.3809.100 Safari/537.36"
::1 - - [15/Aug/2019:02:07:33 +0000] "GET /api/log/list?t=1565834853022&page=1&pageSize=10 HTTP/1.1" 200 325 "http://localhost:8080/console/systemLog" "Mozilla/5.0 (Macintosh; Intel Mac OS X 10_14_6) AppleWebKit/537.36 (KHTML, like Gecko) Chrome/76.0.3809.100 Safari/537.36"
::1 - - [15/Aug/2019:02:07:42 +0000] "GET /api/log/list?t=1565834862147&page=1&pageSize=10 HTTP/1.1" 200 325 "http://localhost:8080/console/systemLog" "Mozilla/5.0 (Macintosh; Intel Mac OS X 10_14_6) AppleWebKit/537.36 (KHTML, like Gecko) Chrome/76.0.3809.100 Safari/537.36"
::1 - - [15/Aug/2019:02:07:52 +0000] "GET /api/log/list?t=1565834872757&page=1&pageSize=10 HTTP/1.1" 200 325 "http://localhost:8080/console/systemLog" "Mozilla/5.0 (Macintosh; Intel Mac OS X 10_14_6) AppleWebKit/537.36 (KHTML, like Gecko) Chrome/76.0.3809.100 Safari/537.36"
::1 - - [15/Aug/2019:02:08:09 +0000] "GET /api/log/list?t=1565834889682&page=1&pageSize=10 HTTP/1.1" 200 325 "http://localhost:8080/console/systemLog" "Mozilla/5.0 (Macintosh; Intel Mac OS X 10_14_6) AppleWebKit/537.36 (KHTML, like Gecko) Chrome/76.0.3809.100 Safari/537.36"
::1 - - [15/Aug/2019:02:08:17 +0000] "GET /api/log/list?t=1565834897010&page=1&pageSize=10 HTTP/1.1" 200 325 "http://localhost:8080/console/systemLog" "Mozilla/5.0 (Macintosh; Intel Mac OS X 10_14_6) AppleWebKit/537.36 (KHTML, like Gecko) Chrome/76.0.3809.100 Safari/537.36"
::1 - - [15/Aug/2019:02:08:20 +0000] "GET /api/log/list?t=1565834900752&page=1&pageSize=10 HTTP/1.1" 200 325 "http://localhost:8080/console/systemLog" "Mozilla/5.0 (Macintosh; Intel Mac OS X 10_14_6) AppleWebKit/537.36 (KHTML, like Gecko) Chrome/76.0.3809.100 Safari/537.36"
::1 - - [15/Aug/2019:02:09:00 +0000] "GET /api/log/list?t=1565834940599&page=1&pageSize=10 HTTP/1.1" 200 325 "http://localhost:8080/console/systemLog" "Mozilla/5.0 (Macintosh; Intel Mac OS X 10_14_6) AppleWebKit/537.36 (KHTML, like Gecko) Chrome/76.0.3809.100 Safari/537.36"
::1 - - [15/Aug/2019:02:09:05 +0000] "GET /api/log/list?t=1565834945221&page=1&pageSize=10 HTTP/1.1" 200 325 "http://localhost:8080/console/systemLog" "Mozilla/5.0 (Macintosh; Intel Mac OS X 10_14_6) AppleWebKit/537.36 (KHTML, like Gecko) Chrome/76.0.3809.100 Safari/537.36"
::1 - - [15/Aug/2019:02:09:36 +0000] "GET /api/log/list?t=1565834976994&page=1&pageSize=10 HTTP/1.1" 200 325 "http://localhost:8080/console/systemLog" "Mozilla/5.0 (Macintosh; Intel Mac OS X 10_14_6) AppleWebKit/537.36 (KHTML, like Gecko) Chrome/76.0.3809.100 Safari/537.36"
::1 - - [15/Aug/2019:02:09:42 +0000] "GET /api/log/list?t=1565834982029&page=1&pageSize=10 HTTP/1.1" 200 325 "http://localhost:8080/console/systemLog" "Mozilla/5.0 (Macintosh; Intel Mac OS X 10_14_6) AppleWebKit/537.36 (KHTML, like Gecko) Chrome/76.0.3809.100 Safari/537.36"
::1 - - [15/Aug/2019:02:09:45 +0000] "GET /api/log/list?t=1565834985035&page=1&pageSize=10 HTTP/1.1" 200 325 "http://localhost:8080/console/systemLog" "Mozilla/5.0 (Macintosh; Intel Mac OS X 10_14_6) AppleWebKit/537.36 (KHTML, like Gecko) Chrome/76.0.3809.100 Safari/537.36"
::1 - - [15/Aug/2019:02:09:54 +0000] "GET /api/log/list?t=1565834994245&page=1&pageSize=10 HTTP/1.1" 200 325 "http://localhost:8080/console/systemLog" "Mozilla/5.0 (Macintosh; Intel Mac OS X 10_14_6) AppleWebKit/537.36 (KHTML, like Gecko) Chrome/76.0.3809.100 Safari/537.36"
::1 - - [15/Aug/2019:02:10:03 +0000] "GET /api/log/list?t=1565835003067&page=1&pageSize=10 HTTP/1.1" 200 325 "http://localhost:8080/console/systemLog" "Mozilla/5.0 (Macintosh; Intel Mac OS X 10_14_6) AppleWebKit/537.36 (KHTML, like Gecko) Chrome/76.0.3809.100 Safari/537.36"
::1 - - [15/Aug/2019:02:10:06 +0000] "GET /api/log/list?t=1565835006180&page=1&pageSize=10 HTTP/1.1" 200 325 "http://localhost:8080/console/systemLog" "Mozilla/5.0 (Macintosh; Intel Mac OS X 10_14_6) AppleWebKit/537.36 (KHTML, like Gecko) Chrome/76.0.3809.100 Safari/537.36"
::1 - - [15/Aug/2019:02:10:10 +0000] "GET /api/log/list?t=1565835010494&page=1&pageSize=10 HTTP/1.1" 200 325 "http://localhost:8080/console/systemLog" "Mozilla/5.0 (Macintosh; Intel Mac OS X 10_14_6) AppleWebKit/537.36 (KHTML, like Gecko) Chrome/76.0.3809.100 Safari/537.36"
::1 - - [15/Aug/2019:02:10:20 +0000] "GET /api/log/list?t=1565835020735&page=1&pageSize=10 HTTP/1.1" 200 325 "http://localhost:8080/console/systemLog" "Mozilla/5.0 (Macintosh; Intel Mac OS X 10_14_6) AppleWebKit/537.36 (KHTML, like Gecko) Chrome/76.0.3809.100 Safari/537.36"
::1 - - [15/Aug/2019:02:10:23 +0000] "GET /api/log/list?t=1565835023819&page=1&pageSize=10 HTTP/1.1" 200 325 "http://localhost:8080/console/systemLog" "Mozilla/5.0 (Macintosh; Intel Mac OS X 10_14_6) AppleWebKit/537.36 (KHTML, like Gecko) Chrome/76.0.3809.100 Safari/537.36"
::1 - - [15/Aug/2019:02:10:55 +0000] "GET /api/log/list?t=1565835055282&page=1&pageSize=10 HTTP/1.1" 200 325 "http://localhost:8080/console/systemLog" "Mozilla/5.0 (Macintosh; Intel Mac OS X 10_14_6) AppleWebKit/537.36 (KHTML, like Gecko) Chrome/76.0.3809.100 Safari/537.36"
::1 - - [15/Aug/2019:02:11:10 +0000] "GET /api/log/list?t=1565835070134&page=1&pageSize=10 HTTP/1.1" 200 325 "http://localhost:8080/console/systemLog" "Mozilla/5.0 (Macintosh; Intel Mac OS X 10_14_6) AppleWebKit/537.36 (KHTML, like Gecko) Chrome/76.0.3809.100 Safari/537.36"
::1 - - [15/Aug/2019:02:11:12 +0000] "GET /api/log/list?t=1565835072587&page=1&pageSize=10 HTTP/1.1" 200 325 "http://localhost:8080/console/systemLog" "Mozilla/5.0 (Macintosh; Intel Mac OS X 10_14_6) AppleWebKit/537.36 (KHTML, like Gecko) Chrome/76.0.3809.100 Safari/537.36"
::1 - - [15/Aug/2019:02:11:18 +0000] "GET /api/log/list?t=1565835078002&page=1&pageSize=10 HTTP/1.1" 200 325 "http://localhost:8080/console/systemLog" "Mozilla/5.0 (Macintosh; Intel Mac OS X 10_14_6) AppleWebKit/537.36 (KHTML, like Gecko) Chrome/76.0.3809.100 Safari/537.36"
::1 - - [15/Aug/2019:02:11:21 +0000] "GET /api/log/list?t=1565835081638&page=1&pageSize=10 HTTP/1.1" 200 325 "http://localhost:8080/console/systemLog" "Mozilla/5.0 (Macintosh; Intel Mac OS X 10_14_6) AppleWebKit/537.36 (KHTML, like Gecko) Chrome/76.0.3809.100 Safari/537.36"
::1 - - [15/Aug/2019:02:11:26 +0000] "GET /api/log/list?t=1565835086094&page=1&pageSize=10 HTTP/1.1" 200 325 "http://localhost:8080/console/systemLog" "Mozilla/5.0 (Macintosh; Intel Mac OS X 10_14_6) AppleWebKit/537.36 (KHTML, like Gecko) Chrome/76.0.3809.100 Safari/537.36"
::1 - - [15/Aug/2019:02:11:36 +0000] "GET /api/log/list?t=1565835096969&page=1&pageSize=10 HTTP/1.1" 200 325 "http://localhost:8080/console/systemLog" "Mozilla/5.0 (Macintosh; Intel Mac OS X 10_14_6) AppleWebKit/537.36 (KHTML, like Gecko) Chrome/76.0.3809.100 Safari/537.36"
::1 - - [15/Aug/2019:02:11:39 +0000] "GET /api/log/list?t=1565835099760&page=1&pageSize=10 HTTP/1.1" 200 325 "http://localhost:8080/console/systemLog" "Mozilla/5.0 (Macintosh; Intel Mac OS X 10_14_6) AppleWebKit/537.36 (KHTML, like Gecko) Chrome/76.0.3809.100 Safari/537.36"
::1 - - [15/Aug/2019:02:11:58 +0000] "GET /api/log/list?t=1565835118711&page=1&pageSize=10 HTTP/1.1" 200 325 "http://localhost:8080/console/systemLog" "Mozilla/5.0 (Macintosh; Intel Mac OS X 10_14_6) AppleWebKit/537.36 (KHTML, like Gecko) Chrome/76.0.3809.100 Safari/537.36"
::1 - - [15/Aug/2019:02:12:00 +0000] "GET /api/log/list?t=1565835120682&page=1&pageSize=10 HTTP/1.1" 200 325 "http://localhost:8080/console/systemLog" "Mozilla/5.0 (Macintosh; Intel Mac OS X 10_14_6) AppleWebKit/537.36 (KHTML, like Gecko) Chrome/76.0.3809.100 Safari/537.36"
::1 - - [15/Aug/2019:02:12:08 +0000] "GET /api/log/list?t=1565835128806&page=1&pageSize=10 HTTP/1.1" 200 325 "http://localhost:8080/console/systemLog" "Mozilla/5.0 (Macintosh; Intel Mac OS X 10_14_6) AppleWebKit/537.36 (KHTML, like Gecko) Chrome/76.0.3809.100 Safari/537.36"
::1 - - [15/Aug/2019:02:12:11 +0000] "GET /api/log/list?t=1565835131325&page=1&pageSize=10 HTTP/1.1" 200 325 "http://localhost:8080/console/systemLog" "Mozilla/5.0 (Macintosh; Intel Mac OS X 10_14_6) AppleWebKit/537.36 (KHTML, like Gecko) Chrome/76.0.3809.100 Safari/537.36"
::1 - - [15/Aug/2019:02:12:16 +0000] "GET /api/log/list?t=1565835136087&page=1&pageSize=10 HTTP/1.1" 200 325 "http://localhost:8080/console/systemLog" "Mozilla/5.0 (Macintosh; Intel Mac OS X 10_14_6) AppleWebKit/537.36 (KHTML, like Gecko) Chrome/76.0.3809.100 Safari/537.36"
::1 - - [15/Aug/2019:02:12:19 +0000] "GET /api/log/list?t=1565835139049&page=1&pageSize=10 HTTP/1.1" 200 325 "http://localhost:8080/console/systemLog" "Mozilla/5.0 (Macintosh; Intel Mac OS X 10_14_6) AppleWebKit/537.36 (KHTML, like Gecko) Chrome/76.0.3809.100 Safari/537.36"
::1 - - [15/Aug/2019:02:12:21 +0000] "GET /api/log/list?t=1565835141032&page=1&pageSize=10 HTTP/1.1" 200 325 "http://localhost:8080/console/systemLog" "Mozilla/5.0 (Macintosh; Intel Mac OS X 10_14_6) AppleWebKit/537.36 (KHTML, like Gecko) Chrome/76.0.3809.100 Safari/537.36"
::1 - - [15/Aug/2019:02:12:23 +0000] "GET /api/log/list?t=1565835143511&page=1&pageSize=10 HTTP/1.1" 200 325 "http://localhost:8080/console/systemLog" "Mozilla/5.0 (Macintosh; Intel Mac OS X 10_14_6) AppleWebKit/537.36 (KHTML, like Gecko) Chrome/76.0.3809.100 Safari/537.36"
::1 - - [15/Aug/2019:02:12:30 +0000] "GET /api/log/list?t=1565835150929&page=1&pageSize=10 HTTP/1.1" 200 325 "http://localhost:8080/console/systemLog" "Mozilla/5.0 (Macintosh; Intel Mac OS X 10_14_6) AppleWebKit/537.36 (KHTML, like Gecko) Chrome/76.0.3809.100 Safari/537.36"
::1 - - [15/Aug/2019:02:12:35 +0000] "GET /api/log/list?t=1565835155009&page=1&pageSize=10 HTTP/1.1" 200 325 "http://localhost:8080/console/systemLog" "Mozilla/5.0 (Macintosh; Intel Mac OS X 10_14_6) AppleWebKit/537.36 (KHTML, like Gecko) Chrome/76.0.3809.100 Safari/537.36"
::1 - - [15/Aug/2019:02:12:38 +0000] "GET /api/log/list?t=1565835158625&page=1&pageSize=10 HTTP/1.1" 200 325 "http://localhost:8080/console/systemLog" "Mozilla/5.0 (Macintosh; Intel Mac OS X 10_14_6) AppleWebKit/537.36 (KHTML, like Gecko) Chrome/76.0.3809.100 Safari/537.36"
::1 - - [15/Aug/2019:02:12:40 +0000] "GET /api/log/list?t=1565835160972&page=1&pageSize=10 HTTP/1.1" 200 325 "http://localhost:8080/console/systemLog" "Mozilla/5.0 (Macintosh; Intel Mac OS X 10_14_6) AppleWebKit/537.36 (KHTML, like Gecko) Chrome/76.0.3809.100 Safari/537.36"
::1 - - [15/Aug/2019:02:12:48 +0000] "GET /api/log/list?t=1565835168852&page=1&pageSize=10 HTTP/1.1" 200 325 "http://localhost:8080/console/systemLog" "Mozilla/5.0 (Macintosh; Intel Mac OS X 10_14_6) AppleWebKit/537.36 (KHTML, like Gecko) Chrome/76.0.3809.100 Safari/537.36"
::1 - - [15/Aug/2019:02:12:59 +0000] "GET /api/log/list?t=1565835178999&page=1&pageSize=10 HTTP/1.1" 200 325 "http://localhost:8080/console/systemLog" "Mozilla/5.0 (Macintosh; Intel Mac OS X 10_14_6) AppleWebKit/537.36 (KHTML, like Gecko) Chrome/76.0.3809.100 Safari/537.36"
::1 - - [15/Aug/2019:02:13:06 +0000] "GET /api/log/list?t=1565835186551&page=1&pageSize=10 HTTP/1.1" 200 325 "http://localhost:8080/console/systemLog" "Mozilla/5.0 (Macintosh; Intel Mac OS X 10_14_6) AppleWebKit/537.36 (KHTML, like Gecko) Chrome/76.0.3809.100 Safari/537.36"
::1 - - [15/Aug/2019:02:13:10 +0000] "GET /api/log/list?t=1565835190823&page=1&pageSize=10 HTTP/1.1" 200 325 "http://localhost:8080/console/systemLog" "Mozilla/5.0 (Macintosh; Intel Mac OS X 10_14_6) AppleWebKit/537.36 (KHTML, like Gecko) Chrome/76.0.3809.100 Safari/537.36"
::1 - - [15/Aug/2019:02:13:14 +0000] "GET /api/log/list?t=1565835194768&page=1&pageSize=10 HTTP/1.1" 200 325 "http://localhost:8080/console/systemLog" "Mozilla/5.0 (Macintosh; Intel Mac OS X 10_14_6) AppleWebKit/537.36 (KHTML, like Gecko) Chrome/76.0.3809.100 Safari/537.36"
::1 - - [15/Aug/2019:02:13:31 +0000] "GET /api/log/list?t=1565835211633&page=1&pageSize=10 HTTP/1.1" 200 325 "http://localhost:8080/console/systemLog" "Mozilla/5.0 (Macintosh; Intel Mac OS X 10_14_6) AppleWebKit/537.36 (KHTML, like Gecko) Chrome/76.0.3809.100 Safari/537.36"
::1 - - [15/Aug/2019:02:13:37 +0000] "GET /api/log/list?t=1565835217202&page=1&pageSize=10 HTTP/1.1" 200 325 "http://localhost:8080/console/systemLog" "Mozilla/5.0 (Macintosh; Intel Mac OS X 10_14_6) AppleWebKit/537.36 (KHTML, like Gecko) Chrome/76.0.3809.100 Safari/537.36"
::1 - - [15/Aug/2019:02:14:21 +0000] "GET /api/log/list?t=1565835261783&page=1&pageSize=10 HTTP/1.1" 200 325 "http://localhost:8080/console/systemLog" "Mozilla/5.0 (Macintosh; Intel Mac OS X 10_14_6) AppleWebKit/537.36 (KHTML, like Gecko) Chrome/76.0.3809.100 Safari/537.36"
::1 - - [15/Aug/2019:02:14:35 +0000] "GET /api/log/list?t=1565835275384&page=1&pageSize=10 HTTP/1.1" 200 325 "http://localhost:8080/console/systemLog" "Mozilla/5.0 (Macintosh; Intel Mac OS X 10_14_6) AppleWebKit/537.36 (KHTML, like Gecko) Chrome/76.0.3809.100 Safari/537.36"
::1 - - [15/Aug/2019:02:14:39 +0000] "GET /api/log/list?t=1565835279142&page=1&pageSize=10 HTTP/1.1" 200 325 "http://localhost:8080/console/systemLog" "Mozilla/5.0 (Macintosh; Intel Mac OS X 10_14_6) AppleWebKit/537.36 (KHTML, like Gecko) Chrome/76.0.3809.100 Safari/537.36"
::1 - - [15/Aug/2019:02:14:41 +0000] "GET /api/log/list?t=1565835281227&page=1&pageSize=10 HTTP/1.1" 200 325 "http://localhost:8080/console/systemLog" "Mozilla/5.0 (Macintosh; Intel Mac OS X 10_14_6) AppleWebKit/537.36 (KHTML, like Gecko) Chrome/76.0.3809.100 Safari/537.36"
::1 - - [15/Aug/2019:02:14:43 +0000] "GET /api/log/list?t=1565835283230&page=1&pageSize=10 HTTP/1.1" 200 325 "http://localhost:8080/console/systemLog" "Mozilla/5.0 (Macintosh; Intel Mac OS X 10_14_6) AppleWebKit/537.36 (KHTML, like Gecko) Chrome/76.0.3809.100 Safari/537.36"
::1 - - [15/Aug/2019:02:14:46 +0000] "GET /api/log/list?t=1565835286315&page=1&pageSize=10 HTTP/1.1" 200 325 "http://localhost:8080/console/systemLog" "Mozilla/5.0 (Macintosh; Intel Mac OS X 10_14_6) AppleWebKit/537.36 (KHTML, like Gecko) Chrome/76.0.3809.100 Safari/537.36"
::1 - - [15/Aug/2019:02:14:51 +0000] "GET /api/log/list?t=1565835291609&page=1&pageSize=10 HTTP/1.1" 200 325 "http://localhost:8080/console/systemLog" "Mozilla/5.0 (Macintosh; Intel Mac OS X 10_14_6) AppleWebKit/537.36 (KHTML, like Gecko) Chrome/76.0.3809.100 Safari/537.36"
::1 - - [15/Aug/2019:02:14:53 +0000] "GET /api/log/list?t=1565835293803&page=1&pageSize=10 HTTP/1.1" 200 325 "http://localhost:8080/console/systemLog" "Mozilla/5.0 (Macintosh; Intel Mac OS X 10_14_6) AppleWebKit/537.36 (KHTML, like Gecko) Chrome/76.0.3809.100 Safari/537.36"
::1 - - [15/Aug/2019:02:15:02 +0000] "GET /api/log/list?t=1565835302510&page=1&pageSize=10 HTTP/1.1" 200 325 "http://localhost:8080/console/systemLog" "Mozilla/5.0 (Macintosh; Intel Mac OS X 10_14_6) AppleWebKit/537.36 (KHTML, like Gecko) Chrome/76.0.3809.100 Safari/537.36"
::1 - - [15/Aug/2019:02:15:06 +0000] "GET /api/log/list?t=1565835306410&page=1&pageSize=10 HTTP/1.1" 200 325 "http://localhost:8080/console/systemLog" "Mozilla/5.0 (Macintosh; Intel Mac OS X 10_14_6) AppleWebKit/537.36 (KHTML, like Gecko) Chrome/76.0.3809.100 Safari/537.36"
::1 - - [15/Aug/2019:02:15:11 +0000] "GET /api/log/list?t=1565835311292&page=1&pageSize=10 HTTP/1.1" 200 325 "http://localhost:8080/console/systemLog" "Mozilla/5.0 (Macintosh; Intel Mac OS X 10_14_6) AppleWebKit/537.36 (KHTML, like Gecko) Chrome/76.0.3809.100 Safari/537.36"
::1 - - [15/Aug/2019:02:15:17 +0000] "GET /api/log/list?t=1565835317605&page=1&pageSize=10 HTTP/1.1" 200 325 "http://localhost:8080/console/systemLog" "Mozilla/5.0 (Macintosh; Intel Mac OS X 10_14_6) AppleWebKit/537.36 (KHTML, like Gecko) Chrome/76.0.3809.100 Safari/537.36"
::1 - - [15/Aug/2019:02:15:43 +0000] "GET /api/log/list?t=1565835343855&page=1&pageSize=10 HTTP/1.1" 200 325 "http://localhost:8080/console/systemLog" "Mozilla/5.0 (Macintosh; Intel Mac OS X 10_14_6) AppleWebKit/537.36 (KHTML, like Gecko) Chrome/76.0.3809.100 Safari/537.36"
::1 - - [15/Aug/2019:02:21:09 +0000] "GET /api/log/list?t=1565835669700&page=1&pageSize=10 HTTP/1.1" 200 325 "http://localhost:8080/console/systemLog" "Mozilla/5.0 (Macintosh; Intel Mac OS X 10_14_6) AppleWebKit/537.36 (KHTML, like Gecko) Chrome/76.0.3809.100 Safari/537.36"
::1 - - [15/Aug/2019:02:21:14 +0000] "GET /api/log/list?t=1565835674367&page=1&pageSize=10 HTTP/1.1" 200 325 "http://localhost:8080/console/systemLog" "Mozilla/5.0 (Macintosh; Intel Mac OS X 10_14_6) AppleWebKit/537.36 (KHTML, like Gecko) Chrome/76.0.3809.100 Safari/537.36"
::1 - - [15/Aug/2019:02:21:55 +0000] "GET /api/log/list?t=1565835715228&page=1&pageSize=10 HTTP/1.1" 200 325 "http://localhost:8080/console/systemLog" "Mozilla/5.0 (Macintosh; Intel Mac OS X 10_14_6) AppleWebKit/537.36 (KHTML, like Gecko) Chrome/76.0.3809.100 Safari/537.36"
::1 - - [15/Aug/2019:02:21:57 +0000] "GET /api/log/list?t=1565835717896&page=1&pageSize=10 HTTP/1.1" 200 325 "http://localhost:8080/console/systemLog" "Mozilla/5.0 (Macintosh; Intel Mac OS X 10_14_6) AppleWebKit/537.36 (KHTML, like Gecko) Chrome/76.0.3809.100 Safari/537.36"
::1 - - [15/Aug/2019:02:22:15 +0000] "GET /api/log/list?t=1565835735854&page=1&pageSize=10 HTTP/1.1" 200 325 "http://localhost:8080/console/systemLog" "Mozilla/5.0 (Macintosh; Intel Mac OS X 10_14_6) AppleWebKit/537.36 (KHTML, like Gecko) Chrome/76.0.3809.100 Safari/537.36"
::1 - - [15/Aug/2019:02:22:28 +0000] "GET /api/log/list?t=1565835748194&page=1&pageSize=10 HTTP/1.1" 200 325 "http://localhost:8080/console/systemLog" "Mozilla/5.0 (Macintosh; Intel Mac OS X 10_14_6) AppleWebKit/537.36 (KHTML, like Gecko) Chrome/76.0.3809.100 Safari/537.36"
::1 - - [15/Aug/2019:02:22:36 +0000] "GET /api/log/list?t=1565835756688&page=1&pageSize=10 HTTP/1.1" 200 325 "http://localhost:8080/console/systemLog" "Mozilla/5.0 (Macintosh; Intel Mac OS X 10_14_6) AppleWebKit/537.36 (KHTML, like Gecko) Chrome/76.0.3809.100 Safari/537.36"
::1 - - [15/Aug/2019:02:22:45 +0000] "GET /api/log/list?t=1565835765115&page=1&pageSize=10 HTTP/1.1" 200 325 "http://localhost:8080/console/systemLog" "Mozilla/5.0 (Macintosh; Intel Mac OS X 10_14_6) AppleWebKit/537.36 (KHTML, like Gecko) Chrome/76.0.3809.100 Safari/537.36"
::1 - - [15/Aug/2019:02:22:51 +0000] "GET /api/log/list?t=1565835771324&page=1&pageSize=10 HTTP/1.1" 200 325 "http://localhost:8080/console/systemLog" "Mozilla/5.0 (Macintosh; Intel Mac OS X 10_14_6) AppleWebKit/537.36 (KHTML, like Gecko) Chrome/76.0.3809.100 Safari/537.36"
::1 - - [15/Aug/2019:02:22:53 +0000] "GET /api/log/list?t=1565835773319&page=1&pageSize=10 HTTP/1.1" 200 325 "http://localhost:8080/console/systemLog" "Mozilla/5.0 (Macintosh; Intel Mac OS X 10_14_6) AppleWebKit/537.36 (KHTML, like Gecko) Chrome/76.0.3809.100 Safari/537.36"
::1 - - [15/Aug/2019:02:23:42 +0000] "GET /api/log/list?t=1565835822591&page=1&pageSize=10 HTTP/1.1" 200 325 "http://localhost:8080/console/systemLog" "Mozilla/5.0 (Macintosh; Intel Mac OS X 10_14_6) AppleWebKit/537.36 (KHTML, like Gecko) Chrome/76.0.3809.100 Safari/537.36"
::1 - - [15/Aug/2019:02:24:01 +0000] "GET /api/log/list?t=1565835841715&page=1&pageSize=10 HTTP/1.1" 200 325 "http://localhost:8080/console/systemLog" "Mozilla/5.0 (Macintosh; Intel Mac OS X 10_14_6) AppleWebKit/537.36 (KHTML, like Gecko) Chrome/76.0.3809.100 Safari/537.36"
::1 - - [15/Aug/2019:02:24:53 +0000] "GET /api/log/list?t=1565835893512&page=1&pageSize=10 HTTP/1.1" 200 325 "http://localhost:8080/console/systemLog" "Mozilla/5.0 (Macintosh; Intel Mac OS X 10_14_6) AppleWebKit/537.36 (KHTML, like Gecko) Chrome/76.0.3809.100 Safari/537.36"
::1 - - [15/Aug/2019:02:24:58 +0000] "GET /api/log/list?t=1565835898419&page=1&pageSize=10 HTTP/1.1" 200 325 "http://localhost:8080/console/systemLog" "Mozilla/5.0 (Macintosh; Intel Mac OS X 10_14_6) AppleWebKit/537.36 (KHTML, like Gecko) Chrome/76.0.3809.100 Safari/537.36"
::1 - - [15/Aug/2019:02:25:04 +0000] "GET /api/log/list?t=1565835904865&page=1&pageSize=10 HTTP/1.1" 200 325 "http://localhost:8080/console/systemLog" "Mozilla/5.0 (Macintosh; Intel Mac OS X 10_14_6) AppleWebKit/537.36 (KHTML, like Gecko) Chrome/76.0.3809.100 Safari/537.36"
::1 - - [15/Aug/2019:02:27:12 +0000] "GET /api/log/list?t=1565836032015&page=1&pageSize=10 HTTP/1.1" 200 325 "http://localhost:8080/console/systemLog" "Mozilla/5.0 (Macintosh; Intel Mac OS X 10_14_6) AppleWebKit/537.36 (KHTML, like Gecko) Chrome/76.0.3809.100 Safari/537.36"
::1 - - [15/Aug/2019:02:27:14 +0000] "GET /api/log/list?t=1565836034711&page=1&pageSize=10 HTTP/1.1" 200 325 "http://localhost:8080/console/systemLog" "Mozilla/5.0 (Macintosh; Intel Mac OS X 10_14_6) AppleWebKit/537.36 (KHTML, like Gecko) Chrome/76.0.3809.100 Safari/537.36"
::1 - - [15/Aug/2019:02:27:15 +0000] "GET /api/log/list?t=1565836035566&page=1&pageSize=10 HTTP/1.1" 200 325 "http://localhost:8080/console/systemLog" "Mozilla/5.0 (Macintosh; Intel Mac OS X 10_14_6) AppleWebKit/537.36 (KHTML, like Gecko) Chrome/76.0.3809.100 Safari/537.36"
::1 - - [15/Aug/2019:02:27:16 +0000] "GET /api/vehicle/list?t=1565836036579&page=1&pageSize=10 HTTP/1.1" 200 1600 "http://localhost:8080/console/vehicle" "Mozilla/5.0 (Macintosh; Intel Mac OS X 10_14_6) AppleWebKit/537.36 (KHTML, like Gecko) Chrome/76.0.3809.100 Safari/537.36"
::1 - - [15/Aug/2019:02:28:50 +0000] "GET /api/vehicle/list?t=1565836130722&page=1&pageSize=10 HTTP/1.1" 200 1600 "http://localhost:8080/console/vehicle" "Mozilla/5.0 (Macintosh; Intel Mac OS X 10_14_6) AppleWebKit/537.36 (KHTML, like Gecko) Chrome/76.0.3809.100 Safari/537.36"
::1 - - [15/Aug/2019:02:28:55 +0000] "GET /api/log/list?t=1565836135739&page=1&pageSize=10 HTTP/1.1" 200 325 "http://localhost:8080/console/systemLog" "Mozilla/5.0 (Macintosh; Intel Mac OS X 10_14_6) AppleWebKit/537.36 (KHTML, like Gecko) Chrome/76.0.3809.100 Safari/537.36"
::1 - - [15/Aug/2019:02:28:58 +0000] "GET /api/vehicle/list?t=1565836138114&page=1&pageSize=10 HTTP/1.1" 200 1600 "http://localhost:8080/console/vehicle" "Mozilla/5.0 (Macintosh; Intel Mac OS X 10_14_6) AppleWebKit/537.36 (KHTML, like Gecko) Chrome/76.0.3809.100 Safari/537.36"
::1 - - [15/Aug/2019:02:30:00 +0000] "GET /api/vehicle/list?t=1565836200225&page=1&pageSize=10 HTTP/1.1" 200 1600 "http://localhost:8080/console/vehicle" "Mozilla/5.0 (Macintosh; Intel Mac OS X 10_14_6) AppleWebKit/537.36 (KHTML, like Gecko) Chrome/76.0.3809.100 Safari/537.36"
::1 - - [15/Aug/2019:02:30:02 +0000] "GET /api/log/list?t=1565836202194&page=1&pageSize=10 HTTP/1.1" 200 325 "http://localhost:8080/console/systemLog" "Mozilla/5.0 (Macintosh; Intel Mac OS X 10_14_6) AppleWebKit/537.36 (KHTML, like Gecko) Chrome/76.0.3809.100 Safari/537.36"
::1 - - [15/Aug/2019:02:30:03 +0000] "GET /api/vehicle/list?t=1565836203951&page=1&pageSize=10 HTTP/1.1" 200 1600 "http://localhost:8080/console/vehicle" "Mozilla/5.0 (Macintosh; Intel Mac OS X 10_14_6) AppleWebKit/537.36 (KHTML, like Gecko) Chrome/76.0.3809.100 Safari/537.36"
::1 - - [15/Aug/2019:02:30:11 +0000] "GET /api/city/all?t=1565836211005 HTTP/1.1" 200 6279 "http://localhost:8080/console/vehicle" "Mozilla/5.0 (Macintosh; Intel Mac OS X 10_14_6) AppleWebKit/537.36 (KHTML, like Gecko) Chrome/76.0.3809.100 Safari/537.36"
::1 - - [15/Aug/2019:02:30:11 +0000] "GET /api/vehicle/info/4?t=1565836211005 HTTP/1.1" 200 181 "http://localhost:8080/console/vehicle" "Mozilla/5.0 (Macintosh; Intel Mac OS X 10_14_6) AppleWebKit/537.36 (KHTML, like Gecko) Chrome/76.0.3809.100 Safari/537.36"
::1 - - [15/Aug/2019:02:30:15 +0000] "OPTIONS /api/vehicle/info?t=1565836215248 HTTP/1.1" 200 8 "http://localhost:8080/console/vehicle" "Mozilla/5.0 (Macintosh; Intel Mac OS X 10_14_6) AppleWebKit/537.36 (KHTML, like Gecko) Chrome/76.0.3809.100 Safari/537.36"
::1 - - [15/Aug/2019:02:30:15 +0000] "PUT /api/vehicle/info?t=1565836215248 HTTP/1.1" 200 43 "http://localhost:8080/console/vehicle" "Mozilla/5.0 (Macintosh; Intel Mac OS X 10_14_6) AppleWebKit/537.36 (KHTML, like Gecko) Chrome/76.0.3809.100 Safari/537.36"
::1 - - [15/Aug/2019:02:30:15 +0000] "POST /api/log/info?t=1565836215297 HTTP/1.1" 200 69 "http://localhost:8080/console/vehicle" "Mozilla/5.0 (Macintosh; Intel Mac OS X 10_14_6) AppleWebKit/537.36 (KHTML, like Gecko) Chrome/76.0.3809.100 Safari/537.36"
::1 - - [15/Aug/2019:02:30:15 +0000] "GET /api/vehicle/list?t=1565836215297&page=1&pageSize=10 HTTP/1.1" 200 1600 "http://localhost:8080/console/vehicle" "Mozilla/5.0 (Macintosh; Intel Mac OS X 10_14_6) AppleWebKit/537.36 (KHTML, like Gecko) Chrome/76.0.3809.100 Safari/537.36"
::1 - - [15/Aug/2019:02:30:35 +0000] "GET /api/vehicle/list?t=1565836235383&page=1&pageSize=10 HTTP/1.1" 200 1600 "http://localhost:8080/console/vehicle" "Mozilla/5.0 (Macintosh; Intel Mac OS X 10_14_6) AppleWebKit/537.36 (KHTML, like Gecko) Chrome/76.0.3809.100 Safari/537.36"
::1 - - [15/Aug/2019:02:30:52 +0000] "GET /api/vehicle/list?t=1565836252007&page=1&pageSize=10 HTTP/1.1" 200 1600 "http://localhost:8080/console/vehicle" "Mozilla/5.0 (Macintosh; Intel Mac OS X 10_14_6) AppleWebKit/537.36 (KHTML, like Gecko) Chrome/76.0.3809.100 Safari/537.36"
::1 - - [15/Aug/2019:02:31:00 +0000] "GET /api/vehicle/list?t=1565836260513&page=1&pageSize=10 HTTP/1.1" 200 1600 "http://localhost:8080/console/vehicle" "Mozilla/5.0 (Macintosh; Intel Mac OS X 10_14_6) AppleWebKit/537.36 (KHTML, like Gecko) Chrome/76.0.3809.100 Safari/537.36"
::1 - - [15/Aug/2019:02:31:08 +0000] "GET /api/vehicle/list?t=1565836268709&page=1&pageSize=10 HTTP/1.1" 200 1600 "http://localhost:8080/console/vehicle" "Mozilla/5.0 (Macintosh; Intel Mac OS X 10_14_6) AppleWebKit/537.36 (KHTML, like Gecko) Chrome/76.0.3809.100 Safari/537.36"
::1 - - [15/Aug/2019:02:31:12 +0000] "GET /api/vehicle/list?t=1565836272506&page=1&pageSize=10 HTTP/1.1" 200 1600 "http://localhost:8080/console/vehicle" "Mozilla/5.0 (Macintosh; Intel Mac OS X 10_14_6) AppleWebKit/537.36 (KHTML, like Gecko) Chrome/76.0.3809.100 Safari/537.36"
::1 - - [15/Aug/2019:02:31:15 +0000] "GET /api/city/all?t=1565836275325 HTTP/1.1" 200 6279 "http://localhost:8080/console/vehicle" "Mozilla/5.0 (Macintosh; Intel Mac OS X 10_14_6) AppleWebKit/537.36 (KHTML, like Gecko) Chrome/76.0.3809.100 Safari/537.36"
::1 - - [15/Aug/2019:02:31:15 +0000] "GET /api/vehicle/info/4?t=1565836275325 HTTP/1.1" 200 181 "http://localhost:8080/console/vehicle" "Mozilla/5.0 (Macintosh; Intel Mac OS X 10_14_6) AppleWebKit/537.36 (KHTML, like Gecko) Chrome/76.0.3809.100 Safari/537.36"
::1 - - [15/Aug/2019:02:31:18 +0000] "OPTIONS /api/vehicle/info?t=1565836278525 HTTP/1.1" 200 8 "http://localhost:8080/console/vehicle" "Mozilla/5.0 (Macintosh; Intel Mac OS X 10_14_6) AppleWebKit/537.36 (KHTML, like Gecko) Chrome/76.0.3809.100 Safari/537.36"
::1 - - [15/Aug/2019:02:31:18 +0000] "PUT /api/vehicle/info?t=1565836278525 HTTP/1.1" 200 43 "http://localhost:8080/console/vehicle" "Mozilla/5.0 (Macintosh; Intel Mac OS X 10_14_6) AppleWebKit/537.36 (KHTML, like Gecko) Chrome/76.0.3809.100 Safari/537.36"
::1 - - [15/Aug/2019:02:31:18 +0000] "POST /api/log/info?t=1565836278555 HTTP/1.1" 200 35 "http://localhost:8080/console/vehicle" "Mozilla/5.0 (Macintosh; Intel Mac OS X 10_14_6) AppleWebKit/537.36 (KHTML, like Gecko) Chrome/76.0.3809.100 Safari/537.36"
::1 - - [15/Aug/2019:02:31:18 +0000] "GET /api/vehicle/list?t=1565836278555&page=1&pageSize=10 HTTP/1.1" 200 1600 "http://localhost:8080/console/vehicle" "Mozilla/5.0 (Macintosh; Intel Mac OS X 10_14_6) AppleWebKit/537.36 (KHTML, like Gecko) Chrome/76.0.3809.100 Safari/537.36"
::1 - - [15/Aug/2019:02:31:21 +0000] "GET /api/log/list?t=1565836281336&page=1&pageSize=10 HTTP/1.1" 200 431 "http://localhost:8080/console/systemLog" "Mozilla/5.0 (Macintosh; Intel Mac OS X 10_14_6) AppleWebKit/537.36 (KHTML, like Gecko) Chrome/76.0.3809.100 Safari/537.36"
::1 - - [15/Aug/2019:06:47:50 +0000] "GET /api/schedule/autoSchedule HTTP/1.1" - - "-" "PostmanRuntime/7.15.2"
::1 - - [15/Aug/2019:06:50:22 +0000] "GET /api/schedule/autoSchedule HTTP/1.1" 200 4 "-" "PostmanRuntime/7.15.2"
::1 - - [15/Aug/2019:06:55:59 +0000] "GET /api/schedule/autoSchedule HTTP/1.1" 500 2614 "-" "PostmanRuntime/7.15.2"
::1 - - [15/Aug/2019:06:59:38 +0000] "GET /api/schedule/autoSchedule HTTP/1.1" 200 0 "-" "PostmanRuntime/7.15.2"
::1 - - [15/Aug/2019:06:59:49 +0000] "GET /api/schedule/autoSchedule HTTP/1.1" 200 0 "-" "PostmanRuntime/7.15.2"
::1 - - [15/Aug/2019:07:00:07 +0000] "GET /api/schedule/autoSchedule HTTP/1.1" 200 0 "-" "PostmanRuntime/7.15.2"
::1 - - [15/Aug/2019:07:00:40 +0000] "GET /api/schedule/autoSchedule HTTP/1.1" 200 0 "-" "PostmanRuntime/7.15.2"
::1 - - [15/Aug/2019:07:12:57 +0000] "GET /api/schedule/autoSchedule HTTP/1.1" - - "-" "PostmanRuntime/7.15.2"
::1 - - [15/Aug/2019:07:31:40 +0000] "GET /api/schedule/autoSchedule HTTP/1.1" 200 852 "-" "PostmanRuntime/7.15.2"
::1 - - [15/Aug/2019:07:32:06 +0000] "GET /api/schedule/autoSchedule HTTP/1.1" 200 843 "-" "PostmanRuntime/7.15.2"
::1 - - [15/Aug/2019:07:33:01 +0000] "GET /api/schedule/autoSchedule HTTP/1.1" 200 843 "-" "PostmanRuntime/7.15.2"
::1 - - [15/Aug/2019:07:33:42 +0000] "GET /api/schedule/autoSchedule HTTP/1.1" 200 852 "-" "PostmanRuntime/7.15.2"
::1 - - [15/Aug/2019:08:26:35 +0000] "GET /api/schedule/autoSchedule HTTP/1.1" 200 51365756 "-" "PostmanRuntime/7.15.2"
::1 - - [15/Aug/2019:10:20:03 +0000] "GET /api/schedule/autoSchedule HTTP/1.1" 200 5145888 "-" "PostmanRuntime/7.15.2"
::1 - - [15/Aug/2019:10:21:07 +0000] "GET /api/schedule/autoSchedule HTTP/1.1" 200 851 "-" "PostmanRuntime/7.15.2"
::1 - - [15/Aug/2019:10:22:49 +0000] "GET /api/schedule/test HTTP/1.1" 200 186690 "-" "PostmanRuntime/7.15.2"
::1 - - [15/Aug/2019:10:23:13 +0000] "GET /api/schedule/test HTTP/1.1" 200 186690 "-" "PostmanRuntime/7.15.2"
::1 - - [15/Aug/2019:10:28:05 +0000] "GET /api/schedule/test HTTP/1.1" 200 186690 "-" "PostmanRuntime/7.15.2"
::1 - - [15/Aug/2019:10:28:16 +0000] "GET /api/schedule/test HTTP/1.1" 200 186690 "-" "PostmanRuntime/7.15.2"
::1 - - [15/Aug/2019:10:28:27 +0000] "GET /api/schedule/test HTTP/1.1" 200 186690 "-" "PostmanRuntime/7.15.2"
::1 - - [15/Aug/2019:10:31:18 +0000] "GET /api/schedule/test HTTP/1.1" 200 186690 "-" "PostmanRuntime/7.15.2"
::1 - - [15/Aug/2019:10:39:30 +0000] "GET /api/schedule/test HTTP/1.1" 200 186690 "-" "PostmanRuntime/7.15.2"
::1 - - [15/Aug/2019:10:39:47 +0000] "GET /api/schedule/test HTTP/1.1" 200 186690 "-" "PostmanRuntime/7.15.2"
::1 - - [15/Aug/2019:10:51:46 +0000] "GET /api/schedule/test HTTP/1.1" 200 186690 "-" "PostmanRuntime/7.15.2"
::1 - - [15/Aug/2019:10:52:56 +0000] "GET /api/schedule/test HTTP/1.1" 200 186690 "-" "PostmanRuntime/7.15.2"
::1 - - [15/Aug/2019:10:57:42 +0000] "GET /api/schedule/test HTTP/1.1" 200 186690 "-" "PostmanRuntime/7.15.2"
::1 - - [15/Aug/2019:10:58:43 +0000] "GET /api/schedule/test HTTP/1.1" 200 186690 "-" "PostmanRuntime/7.15.2"
::1 - - [15/Aug/2019:10:59:14 +0000] "GET /api/schedule/test HTTP/1.1" 200 186690 "-" "PostmanRuntime/7.15.2"
::1 - - [15/Aug/2019:10:59:44 +0000] "GET /api/schedule/test HTTP/1.1" - - "-" "PostmanRuntime/7.15.2"
::1 - - [15/Aug/2019:11:02:11 +0000] "GET /api/schedule/test HTTP/1.1" - - "-" "PostmanRuntime/7.15.2"
::1 - - [15/Aug/2019:11:02:33 +0000] "GET /api/schedule/test HTTP/1.1" - - "-" "PostmanRuntime/7.15.2"
::1 - - [15/Aug/2019:11:06:43 +0000] "GET /api/schedule/test HTTP/1.1" - - "-" "PostmanRuntime/7.15.2"
::1 - - [15/Aug/2019:11:07:32 +0000] "GET /api/schedule/test HTTP/1.1" - - "-" "PostmanRuntime/7.15.2"
::1 - - [15/Aug/2019:11:11:07 +0000] "GET /api/schedule/test HTTP/1.1" - - "-" "PostmanRuntime/7.15.2"
::1 - - [15/Aug/2019:11:19:39 +0000] "GET /api/schedule/test HTTP/1.1" - - "-" "PostmanRuntime/7.15.2"
::1 - - [15/Aug/2019:11:44:06 +0000] "GET /api/schedule/test HTTP/1.1" - - "-" "PostmanRuntime/7.15.2"
::1 - - [15/Aug/2019:11:57:03 +0000] "GET /api/schedule/test HTTP/1.1" - - "-" "PostmanRuntime/7.15.2"
::1 - - [15/Aug/2019:12:09:17 +0000] "GET /api/schedule/test HTTP/1.1" 200 860 "-" "PostmanRuntime/7.15.2"
::1 - - [15/Aug/2019:12:09:34 +0000] "GET /api/schedule/autoSchedule HTTP/1.1" 200 860 "-" "PostmanRuntime/7.15.2"
::1 - - [15/Aug/2019:12:10:56 +0000] "GET /api/schedule/autoSchedule HTTP/1.1" 200 860 "-" "PostmanRuntime/7.15.2"
::1 - - [15/Aug/2019:12:11:59 +0000] "GET /api/schedule/autoSchedule HTTP/1.1" 200 860 "-" "PostmanRuntime/7.15.2"
::1 - - [15/Aug/2019:12:12:34 +0000] "GET /api/schedule/test HTTP/1.1" 200 860 "-" "PostmanRuntime/7.15.2"
::1 - - [15/Aug/2019:12:13:13 +0000] "GET /api/schedule/test HTTP/1.1" 200 851 "-" "PostmanRuntime/7.15.2"
::1 - - [15/Aug/2019:12:13:55 +0000] "GET /api/schedule/test HTTP/1.1" 200 860 "-" "PostmanRuntime/7.15.2"
::1 - - [15/Aug/2019:12:14:31 +0000] "GET /api/log/list?t=1565871271787&page=1&pageSize=10 HTTP/1.1" 200 431 "http://localhost:8080/console/systemLog" "Mozilla/5.0 (Macintosh; Intel Mac OS X 10_14_6) AppleWebKit/537.36 (KHTML, like Gecko) Chrome/76.0.3809.100 Safari/537.36"
::1 - - [15/Aug/2019:12:14:32 +0000] "GET /api/vehicle/list?t=1565871272772&page=1&pageSize=10 HTTP/1.1" 200 2652 "http://localhost:8080/console/vehicle" "Mozilla/5.0 (Macintosh; Intel Mac OS X 10_14_6) AppleWebKit/537.36 (KHTML, like Gecko) Chrome/76.0.3809.100 Safari/537.36"
::1 - - [15/Aug/2019:12:14:53 +0000] "POST /api/vehicle/info?t=1565871293001 HTTP/1.1" 200 43 "http://localhost:8080/console/vehicle" "Mozilla/5.0 (Macintosh; Intel Mac OS X 10_14_6) AppleWebKit/537.36 (KHTML, like Gecko) Chrome/76.0.3809.100 Safari/537.36"
::1 - - [15/Aug/2019:12:14:53 +0000] "POST /api/log/info?t=1565871293051 HTTP/1.1" 200 35 "http://localhost:8080/console/vehicle" "Mozilla/5.0 (Macintosh; Intel Mac OS X 10_14_6) AppleWebKit/537.36 (KHTML, like Gecko) Chrome/76.0.3809.100 Safari/537.36"
::1 - - [15/Aug/2019:12:14:53 +0000] "GET /api/vehicle/list?t=1565871293051&page=1&pageSize=10 HTTP/1.1" 200 2940 "http://localhost:8080/console/vehicle" "Mozilla/5.0 (Macintosh; Intel Mac OS X 10_14_6) AppleWebKit/537.36 (KHTML, like Gecko) Chrome/76.0.3809.100 Safari/537.36"
::1 - - [15/Aug/2019:12:15:07 +0000] "POST /api/vehicle/info?t=1565871307462 HTTP/1.1" 200 43 "http://localhost:8080/console/vehicle" "Mozilla/5.0 (Macintosh; Intel Mac OS X 10_14_6) AppleWebKit/537.36 (KHTML, like Gecko) Chrome/76.0.3809.100 Safari/537.36"
::1 - - [15/Aug/2019:12:15:07 +0000] "POST /api/log/info?t=1565871307492 HTTP/1.1" 200 35 "http://localhost:8080/console/vehicle" "Mozilla/5.0 (Macintosh; Intel Mac OS X 10_14_6) AppleWebKit/537.36 (KHTML, like Gecko) Chrome/76.0.3809.100 Safari/537.36"
::1 - - [15/Aug/2019:12:15:07 +0000] "GET /api/vehicle/list?t=1565871307492&page=1&pageSize=10 HTTP/1.1" 200 2945 "http://localhost:8080/console/vehicle" "Mozilla/5.0 (Macintosh; Intel Mac OS X 10_14_6) AppleWebKit/537.36 (KHTML, like Gecko) Chrome/76.0.3809.100 Safari/537.36"
::1 - - [15/Aug/2019:12:15:21 +0000] "POST /api/vehicle/info?t=1565871321924 HTTP/1.1" 200 43 "http://localhost:8080/console/vehicle" "Mozilla/5.0 (Macintosh; Intel Mac OS X 10_14_6) AppleWebKit/537.36 (KHTML, like Gecko) Chrome/76.0.3809.100 Safari/537.36"
::1 - - [15/Aug/2019:12:15:21 +0000] "POST /api/log/info?t=1565871321953 HTTP/1.1" 200 35 "http://localhost:8080/console/vehicle" "Mozilla/5.0 (Macintosh; Intel Mac OS X 10_14_6) AppleWebKit/537.36 (KHTML, like Gecko) Chrome/76.0.3809.100 Safari/537.36"
::1 - - [15/Aug/2019:12:15:21 +0000] "GET /api/vehicle/list?t=1565871321953&page=1&pageSize=10 HTTP/1.1" 200 2955 "http://localhost:8080/console/vehicle" "Mozilla/5.0 (Macintosh; Intel Mac OS X 10_14_6) AppleWebKit/537.36 (KHTML, like Gecko) Chrome/76.0.3809.100 Safari/537.36"
::1 - - [15/Aug/2019:12:17:55 +0000] "GET /api/vehicle/list?t=1565871475687&page=1&pageSize=10 HTTP/1.1" 200 2955 "http://localhost:8080/console/vehicle" "Mozilla/5.0 (Macintosh; Intel Mac OS X 10_14_6) AppleWebKit/537.36 (KHTML, like Gecko) Chrome/76.0.3809.100 Safari/537.36"
::1 - - [15/Aug/2019:12:17:57 +0000] "OPTIONS /api/vehicle/delete/12?t=1565871477986 HTTP/1.1" 200 6 "http://localhost:8080/console/vehicle" "Mozilla/5.0 (Macintosh; Intel Mac OS X 10_14_6) AppleWebKit/537.36 (KHTML, like Gecko) Chrome/76.0.3809.100 Safari/537.36"
::1 - - [15/Aug/2019:12:17:58 +0000] "DELETE /api/vehicle/delete/12?t=1565871477986 HTTP/1.1" 200 43 "http://localhost:8080/console/vehicle" "Mozilla/5.0 (Macintosh; Intel Mac OS X 10_14_6) AppleWebKit/537.36 (KHTML, like Gecko) Chrome/76.0.3809.100 Safari/537.36"
::1 - - [15/Aug/2019:12:17:58 +0000] "GET /api/vehicle/list?t=1565871478018&page=1&pageSize=10 HTTP/1.1" 200 2945 "http://localhost:8080/console/vehicle" "Mozilla/5.0 (Macintosh; Intel Mac OS X 10_14_6) AppleWebKit/537.36 (KHTML, like Gecko) Chrome/76.0.3809.100 Safari/537.36"
::1 - - [15/Aug/2019:12:17:58 +0000] "POST /api/log/info?t=1565871478018 HTTP/1.1" 200 35 "http://localhost:8080/console/vehicle" "Mozilla/5.0 (Macintosh; Intel Mac OS X 10_14_6) AppleWebKit/537.36 (KHTML, like Gecko) Chrome/76.0.3809.100 Safari/537.36"
::1 - - [15/Aug/2019:12:17:59 +0000] "OPTIONS /api/vehicle/delete/11?t=1565871479803 HTTP/1.1" 200 6 "http://localhost:8080/console/vehicle" "Mozilla/5.0 (Macintosh; Intel Mac OS X 10_14_6) AppleWebKit/537.36 (KHTML, like Gecko) Chrome/76.0.3809.100 Safari/537.36"
::1 - - [15/Aug/2019:12:17:59 +0000] "DELETE /api/vehicle/delete/11?t=1565871479803 HTTP/1.1" 200 43 "http://localhost:8080/console/vehicle" "Mozilla/5.0 (Macintosh; Intel Mac OS X 10_14_6) AppleWebKit/537.36 (KHTML, like Gecko) Chrome/76.0.3809.100 Safari/537.36"
::1 - - [15/Aug/2019:12:17:59 +0000] "POST /api/log/info?t=1565871479822 HTTP/1.1" 200 35 "http://localhost:8080/console/vehicle" "Mozilla/5.0 (Macintosh; Intel Mac OS X 10_14_6) AppleWebKit/537.36 (KHTML, like Gecko) Chrome/76.0.3809.100 Safari/537.36"
::1 - - [15/Aug/2019:12:17:59 +0000] "GET /api/vehicle/list?t=1565871479822&page=1&pageSize=10 HTTP/1.1" 200 2940 "http://localhost:8080/console/vehicle" "Mozilla/5.0 (Macintosh; Intel Mac OS X 10_14_6) AppleWebKit/537.36 (KHTML, like Gecko) Chrome/76.0.3809.100 Safari/537.36"
::1 - - [15/Aug/2019:12:18:01 +0000] "OPTIONS /api/vehicle/delete/10?t=1565871481141 HTTP/1.1" 200 6 "http://localhost:8080/console/vehicle" "Mozilla/5.0 (Macintosh; Intel Mac OS X 10_14_6) AppleWebKit/537.36 (KHTML, like Gecko) Chrome/76.0.3809.100 Safari/537.36"
::1 - - [15/Aug/2019:12:18:01 +0000] "DELETE /api/vehicle/delete/10?t=1565871481141 HTTP/1.1" 200 43 "http://localhost:8080/console/vehicle" "Mozilla/5.0 (Macintosh; Intel Mac OS X 10_14_6) AppleWebKit/537.36 (KHTML, like Gecko) Chrome/76.0.3809.100 Safari/537.36"
::1 - - [15/Aug/2019:12:18:01 +0000] "POST /api/log/info?t=1565871481166 HTTP/1.1" 200 36 "http://localhost:8080/console/vehicle" "Mozilla/5.0 (Macintosh; Intel Mac OS X 10_14_6) AppleWebKit/537.36 (KHTML, like Gecko) Chrome/76.0.3809.100 Safari/537.36"
::1 - - [15/Aug/2019:12:18:01 +0000] "GET /api/vehicle/list?t=1565871481166&page=1&pageSize=10 HTTP/1.1" 200 2652 "http://localhost:8080/console/vehicle" "Mozilla/5.0 (Macintosh; Intel Mac OS X 10_14_6) AppleWebKit/537.36 (KHTML, like Gecko) Chrome/76.0.3809.100 Safari/537.36"
::1 - - [15/Aug/2019:12:18:03 +0000] "OPTIONS /api/vehicle/delete/9?t=1565871483012 HTTP/1.1" 200 6 "http://localhost:8080/console/vehicle" "Mozilla/5.0 (Macintosh; Intel Mac OS X 10_14_6) AppleWebKit/537.36 (KHTML, like Gecko) Chrome/76.0.3809.100 Safari/537.36"
::1 - - [15/Aug/2019:12:18:03 +0000] "DELETE /api/vehicle/delete/9?t=1565871483012 HTTP/1.1" 200 43 "http://localhost:8080/console/vehicle" "Mozilla/5.0 (Macintosh; Intel Mac OS X 10_14_6) AppleWebKit/537.36 (KHTML, like Gecko) Chrome/76.0.3809.100 Safari/537.36"
::1 - - [15/Aug/2019:12:18:03 +0000] "POST /api/log/info?t=1565871483028 HTTP/1.1" 200 36 "http://localhost:8080/console/vehicle" "Mozilla/5.0 (Macintosh; Intel Mac OS X 10_14_6) AppleWebKit/537.36 (KHTML, like Gecko) Chrome/76.0.3809.100 Safari/537.36"
::1 - - [15/Aug/2019:12:18:03 +0000] "GET /api/vehicle/list?t=1565871483028&page=1&pageSize=10 HTTP/1.1" 200 2361 "http://localhost:8080/console/vehicle" "Mozilla/5.0 (Macintosh; Intel Mac OS X 10_14_6) AppleWebKit/537.36 (KHTML, like Gecko) Chrome/76.0.3809.100 Safari/537.36"
::1 - - [15/Aug/2019:12:18:04 +0000] "OPTIONS /api/vehicle/delete/8?t=1565871484591 HTTP/1.1" 200 6 "http://localhost:8080/console/vehicle" "Mozilla/5.0 (Macintosh; Intel Mac OS X 10_14_6) AppleWebKit/537.36 (KHTML, like Gecko) Chrome/76.0.3809.100 Safari/537.36"
::1 - - [15/Aug/2019:12:18:04 +0000] "DELETE /api/vehicle/delete/8?t=1565871484591 HTTP/1.1" 200 43 "http://localhost:8080/console/vehicle" "Mozilla/5.0 (Macintosh; Intel Mac OS X 10_14_6) AppleWebKit/537.36 (KHTML, like Gecko) Chrome/76.0.3809.100 Safari/537.36"
::1 - - [15/Aug/2019:12:18:04 +0000] "POST /api/log/info?t=1565871484608 HTTP/1.1" 200 36 "http://localhost:8080/console/vehicle" "Mozilla/5.0 (Macintosh; Intel Mac OS X 10_14_6) AppleWebKit/537.36 (KHTML, like Gecko) Chrome/76.0.3809.100 Safari/537.36"
::1 - - [15/Aug/2019:12:18:04 +0000] "GET /api/vehicle/list?t=1565871484608&page=1&pageSize=10 HTTP/1.1" 200 2070 "http://localhost:8080/console/vehicle" "Mozilla/5.0 (Macintosh; Intel Mac OS X 10_14_6) AppleWebKit/537.36 (KHTML, like Gecko) Chrome/76.0.3809.100 Safari/537.36"
::1 - - [15/Aug/2019:12:18:06 +0000] "OPTIONS /api/vehicle/delete/7?t=1565871486123 HTTP/1.1" 200 6 "http://localhost:8080/console/vehicle" "Mozilla/5.0 (Macintosh; Intel Mac OS X 10_14_6) AppleWebKit/537.36 (KHTML, like Gecko) Chrome/76.0.3809.100 Safari/537.36"
::1 - - [15/Aug/2019:12:18:06 +0000] "DELETE /api/vehicle/delete/7?t=1565871486123 HTTP/1.1" 200 43 "http://localhost:8080/console/vehicle" "Mozilla/5.0 (Macintosh; Intel Mac OS X 10_14_6) AppleWebKit/537.36 (KHTML, like Gecko) Chrome/76.0.3809.100 Safari/537.36"
::1 - - [15/Aug/2019:12:18:06 +0000] "POST /api/log/info?t=1565871486137 HTTP/1.1" 200 36 "http://localhost:8080/console/vehicle" "Mozilla/5.0 (Macintosh; Intel Mac OS X 10_14_6) AppleWebKit/537.36 (KHTML, like Gecko) Chrome/76.0.3809.100 Safari/537.36"
::1 - - [15/Aug/2019:12:18:06 +0000] "GET /api/vehicle/list?t=1565871486137&page=1&pageSize=10 HTTP/1.1" 200 1779 "http://localhost:8080/console/vehicle" "Mozilla/5.0 (Macintosh; Intel Mac OS X 10_14_6) AppleWebKit/537.36 (KHTML, like Gecko) Chrome/76.0.3809.100 Safari/537.36"
::1 - - [15/Aug/2019:12:19:02 +0000] "GET /api/schedule/test HTTP/1.1" 200 851 "-" "PostmanRuntime/7.15.2"
