::1 - - [04/Aug/2019:11:31:11 +0000] "GET /api/vehicle/list?t=1564918271033&page=1&pageSize=10 HTTP/1.1" 200 1458 "http://localhost:8080/console/vehicle" "Mozilla/5.0 (Macintosh; Intel Mac OS X 10_14_5) AppleWebKit/537.36 (KHTML, like Gecko) Chrome/75.0.3770.100 Safari/537.36"
::1 - - [04/Aug/2019:11:32:04 +0000] "GET /api/order/list?t=1564918324565&page=1&pageSize=10 HTTP/1.1" 200 1120 "http://localhost:8080/console/order" "Mozilla/5.0 (Macintosh; Intel Mac OS X 10_14_5) AppleWebKit/537.36 (KHTML, like Gecko) Chrome/75.0.3770.100 Safari/537.36"
::1 - - [04/Aug/2019:11:32:04 +0000] "GET /api/city/distance?t=1564918324565 HTTP/1.1" 200 954 "http://localhost:8080/console/order" "Mozilla/5.0 (Macintosh; Intel Mac OS X 10_14_5) AppleWebKit/537.36 (KHTML, like Gecko) Chrome/75.0.3770.100 Safari/537.36"
::1 - - [04/Aug/2019:11:32:05 +0000] "GET /api/city/list?t=1564918325852&page=1&pageSize=10 HTTP/1.1" 200 365 "http://localhost:8080/console/city/list" "Mozilla/5.0 (Macintosh; Intel Mac OS X 10_14_5) AppleWebKit/537.36 (KHTML, like Gecko) Chrome/75.0.3770.100 Safari/537.36"
::1 - - [04/Aug/2019:11:32:11 +0000] "GET /api/city/distance?t=1564918331122 HTTP/1.1" 200 954 "http://localhost:8080/console/city/distance" "Mozilla/5.0 (Macintosh; Intel Mac OS X 10_14_5) AppleWebKit/537.36 (KHTML, like Gecko) Chrome/75.0.3770.100 Safari/537.36"
::1 - - [04/Aug/2019:11:32:21 +0000] "GET /api/city/list?t=1564918341633&page=1&pageSize=10 HTTP/1.1" 200 365 "http://localhost:8080/console/city/list" "Mozilla/5.0 (Macintosh; Intel Mac OS X 10_14_5) AppleWebKit/537.36 (KHTML, like Gecko) Chrome/75.0.3770.100 Safari/537.36"
::1 - - [04/Aug/2019:11:32:25 +0000] "GET /api/driver/list?t=1564918345327&page=1&pageSize=10 HTTP/1.1" 200 805 "http://localhost:8080/console/driver" "Mozilla/5.0 (Macintosh; Intel Mac OS X 10_14_5) AppleWebKit/537.36 (KHTML, like Gecko) Chrome/75.0.3770.100 Safari/537.36"
::1 - - [04/Aug/2019:11:40:57 +0000] "GET /api/driver/list?t=1564918857880&page=1&pageSize=10 HTTP/1.1" 200 805 "http://localhost:8080/console/schedule/center" "Mozilla/5.0 (Macintosh; Intel Mac OS X 10_14_5) AppleWebKit/537.36 (KHTML, like Gecko) Chrome/75.0.3770.100 Safari/537.36"
::1 - - [06/Aug/2019:03:39:23 +0000] "GET /api/vehicle/list?t=1565062763950&page=1&pageSize=10 HTTP/1.1" 200 1458 "http://localhost:8080/console/vehicle" "Mozilla/5.0 (Macintosh; Intel Mac OS X 10_14_5) AppleWebKit/537.36 (KHTML, like Gecko) Chrome/75.0.3770.100 Safari/537.36"
::1 - - [06/Aug/2019:06:24:36 +0000] "GET /api/vehicle/list?t=1565072676575&page=1&pageSize=10 HTTP/1.1" 200 1458 "http://localhost:8080/console/vehicle" "Mozilla/5.0 (Macintosh; Intel Mac OS X 10_14_5) AppleWebKit/537.36 (KHTML, like Gecko) Chrome/75.0.3770.100 Safari/537.36"
::1 - - [06/Aug/2019:06:25:32 +0000] "GET /api/vehicle/list?t=1565072732554&page=1&pageSize=10 HTTP/1.1" 200 1458 "http://localhost:8080/console/vehicle" "Mozilla/5.0 (Macintosh; Intel Mac OS X 10_14_5) AppleWebKit/537.36 (KHTML, like Gecko) Chrome/75.0.3770.100 Safari/537.36"
::1 - - [06/Aug/2019:06:25:42 +0000] "GET /api/vehicle/list?t=1565072742400&page=1&pageSize=10 HTTP/1.1" 200 1458 "http://localhost:8080/console/vehicle" "Mozilla/5.0 (Macintosh; Intel Mac OS X 10_14_5) AppleWebKit/537.36 (KHTML, like Gecko) Chrome/75.0.3770.100 Safari/537.36"
::1 - - [06/Aug/2019:06:25:47 +0000] "GET /api/vehicle/list?t=1565072747632&page=1&pageSize=10 HTTP/1.1" 200 1458 "http://localhost:8080/console/vehicle" "Mozilla/5.0 (Macintosh; Intel Mac OS X 10_14_5) AppleWebKit/537.36 (KHTML, like Gecko) Chrome/75.0.3770.100 Safari/537.36"
::1 - - [06/Aug/2019:06:27:05 +0000] "GET /api/vehicle/list?t=1565072825651&page=1&pageSize=10 HTTP/1.1" 200 1458 "http://localhost:8080/console/vehicle" "Mozilla/5.0 (Macintosh; Intel Mac OS X 10_14_5) AppleWebKit/537.36 (KHTML, like Gecko) Chrome/75.0.3770.100 Safari/537.36"
::1 - - [06/Aug/2019:06:27:53 +0000] "GET /api/vehicle/list?t=1565072873372&page=1&pageSize=10 HTTP/1.1" 200 1458 "http://localhost:8080/console/vehicle" "Mozilla/5.0 (Macintosh; Intel Mac OS X 10_14_5) AppleWebKit/537.36 (KHTML, like Gecko) Chrome/75.0.3770.100 Safari/537.36"
::1 - - [06/Aug/2019:06:27:53 +0000] "GET /api/vehicle/list?t=1565072873372&page=1&pageSize=10 HTTP/1.1" 304 - "http://localhost:8080/console/vehicle" "Mozilla/5.0 (Macintosh; Intel Mac OS X 10_14_5) AppleWebKit/537.36 (KHTML, like Gecko) Chrome/75.0.3770.100 Safari/537.36"
::1 - - [06/Aug/2019:06:28:02 +0000] "GET /api/vehicle/list?t=1565072882413&page=1&pageSize=10 HTTP/1.1" 200 1458 "http://localhost:8080/console/vehicle" "Mozilla/5.0 (Macintosh; Intel Mac OS X 10_14_5) AppleWebKit/537.36 (KHTML, like Gecko) Chrome/75.0.3770.100 Safari/537.36"
::1 - - [06/Aug/2019:06:28:06 +0000] "GET /api/vehicle/list?t=1565072886495&page=1&pageSize=10 HTTP/1.1" 200 1458 "http://localhost:8080/console/vehicle" "Mozilla/5.0 (Macintosh; Intel Mac OS X 10_14_5) AppleWebKit/537.36 (KHTML, like Gecko) Chrome/75.0.3770.100 Safari/537.36"
::1 - - [06/Aug/2019:06:28:26 +0000] "GET /api/vehicle/list?t=1565072906882&page=1&pageSize=10 HTTP/1.1" 200 1458 "http://localhost:8080/console/vehicle" "Mozilla/5.0 (Macintosh; Intel Mac OS X 10_14_5) AppleWebKit/537.36 (KHTML, like Gecko) Chrome/75.0.3770.100 Safari/537.36"
::1 - - [06/Aug/2019:06:30:12 +0000] "GET /api/vehicle/list?t=1565073012829&page=1&pageSize=10 HTTP/1.1" 200 1458 "http://localhost:8080/console/vehicle" "Mozilla/5.0 (Macintosh; Intel Mac OS X 10_14_5) AppleWebKit/537.36 (KHTML, like Gecko) Chrome/75.0.3770.100 Safari/537.36"
::1 - - [06/Aug/2019:06:30:22 +0000] "GET /api/vehicle/list?t=1565073022120&page=1&pageSize=10 HTTP/1.1" 200 1458 "http://localhost:8080/console/vehicle" "Mozilla/5.0 (Macintosh; Intel Mac OS X 10_14_5) AppleWebKit/537.36 (KHTML, like Gecko) Chrome/75.0.3770.100 Safari/537.36"
::1 - - [06/Aug/2019:06:30:53 +0000] "GET /api/vehicle/list?t=1565073053113&page=1&pageSize=10 HTTP/1.1" 200 1458 "http://localhost:8080/console/vehicle" "Mozilla/5.0 (Macintosh; Intel Mac OS X 10_14_5) AppleWebKit/537.36 (KHTML, like Gecko) Chrome/75.0.3770.100 Safari/537.36"
::1 - - [06/Aug/2019:06:31:01 +0000] "GET /api/vehicle/list?t=1565073061227&page=1&pageSize=10 HTTP/1.1" 200 1458 "http://localhost:8080/console/vehicle" "Mozilla/5.0 (Macintosh; Intel Mac OS X 10_14_5) AppleWebKit/537.36 (KHTML, like Gecko) Chrome/75.0.3770.100 Safari/537.36"
::1 - - [06/Aug/2019:06:31:16 +0000] "GET /api/vehicle/list?t=1565073076733&page=1&pageSize=10 HTTP/1.1" 200 1458 "http://localhost:8080/console/vehicle" "Mozilla/5.0 (Macintosh; Intel Mac OS X 10_14_5) AppleWebKit/537.36 (KHTML, like Gecko) Chrome/75.0.3770.100 Safari/537.36"
::1 - - [06/Aug/2019:06:31:25 +0000] "GET /api/vehicle/list?t=1565073085867&page=1&pageSize=10 HTTP/1.1" 200 1458 "http://localhost:8080/console/vehicle" "Mozilla/5.0 (Macintosh; Intel Mac OS X 10_14_5) AppleWebKit/537.36 (KHTML, like Gecko) Chrome/75.0.3770.100 Safari/537.36"
::1 - - [06/Aug/2019:06:31:58 +0000] "GET /api/vehicle/list?t=1565073118177&page=1&pageSize=10 HTTP/1.1" 200 1458 "http://localhost:8080/console/vehicle" "Mozilla/5.0 (Macintosh; Intel Mac OS X 10_14_5) AppleWebKit/537.36 (KHTML, like Gecko) Chrome/75.0.3770.100 Safari/537.36"
::1 - - [06/Aug/2019:06:32:34 +0000] "GET /api/vehicle/list?t=1565073154335&page=1&pageSize=10 HTTP/1.1" 200 1458 "http://localhost:8080/console/vehicle" "Mozilla/5.0 (Macintosh; Intel Mac OS X 10_14_5) AppleWebKit/537.36 (KHTML, like Gecko) Chrome/75.0.3770.100 Safari/537.36"
::1 - - [06/Aug/2019:06:33:20 +0000] "GET /api/vehicle/list?t=1565073200969&page=1&pageSize=10 HTTP/1.1" 200 1458 "http://localhost:8080/console/vehicle" "Mozilla/5.0 (Macintosh; Intel Mac OS X 10_14_5) AppleWebKit/537.36 (KHTML, like Gecko) Chrome/75.0.3770.100 Safari/537.36"
::1 - - [06/Aug/2019:06:33:32 +0000] "GET /api/vehicle/list?t=1565073212269&page=1&pageSize=10 HTTP/1.1" 200 1458 "http://localhost:8080/console/vehicle" "Mozilla/5.0 (Macintosh; Intel Mac OS X 10_14_5) AppleWebKit/537.36 (KHTML, like Gecko) Chrome/75.0.3770.100 Safari/537.36"
::1 - - [06/Aug/2019:06:34:16 +0000] "GET /api/vehicle/list?t=1565073256577&page=1&pageSize=10 HTTP/1.1" 200 1458 "http://localhost:8080/console/vehicle" "Mozilla/5.0 (Macintosh; Intel Mac OS X 10_14_5) AppleWebKit/537.36 (KHTML, like Gecko) Chrome/75.0.3770.100 Safari/537.36"
::1 - - [06/Aug/2019:06:34:31 +0000] "GET /api/vehicle/list?t=1565073271694&page=1&pageSize=10 HTTP/1.1" 200 1458 "http://localhost:8080/console/vehicle" "Mozilla/5.0 (Macintosh; Intel Mac OS X 10_14_5) AppleWebKit/537.36 (KHTML, like Gecko) Chrome/75.0.3770.100 Safari/537.36"
::1 - - [06/Aug/2019:06:34:48 +0000] "GET /api/vehicle/list?t=1565073288675&page=1&pageSize=10 HTTP/1.1" 200 1458 "http://localhost:8080/console/vehicle" "Mozilla/5.0 (Macintosh; Intel Mac OS X 10_14_5) AppleWebKit/537.36 (KHTML, like Gecko) Chrome/75.0.3770.100 Safari/537.36"
::1 - - [06/Aug/2019:06:34:52 +0000] "GET /api/vehicle/list?t=1565073292763&page=1&pageSize=10 HTTP/1.1" 200 1458 "http://localhost:8080/console/vehicle" "Mozilla/5.0 (Macintosh; Intel Mac OS X 10_14_5) AppleWebKit/537.36 (KHTML, like Gecko) Chrome/75.0.3770.100 Safari/537.36"
::1 - - [06/Aug/2019:06:35:20 +0000] "GET /api/vehicle/list?t=1565073320656&page=1&pageSize=10 HTTP/1.1" 200 1458 "http://localhost:8080/console/vehicle" "Mozilla/5.0 (Macintosh; Intel Mac OS X 10_14_5) AppleWebKit/537.36 (KHTML, like Gecko) Chrome/75.0.3770.100 Safari/537.36"
::1 - - [06/Aug/2019:06:36:01 +0000] "GET /api/vehicle/list?t=1565073361595&page=1&pageSize=10 HTTP/1.1" 200 1458 "http://localhost:8080/console/vehicle" "Mozilla/5.0 (Macintosh; Intel Mac OS X 10_14_5) AppleWebKit/537.36 (KHTML, like Gecko) Chrome/75.0.3770.100 Safari/537.36"
::1 - - [06/Aug/2019:06:36:15 +0000] "GET /api/vehicle/list?t=1565073375270&page=1&pageSize=10 HTTP/1.1" 200 1458 "http://localhost:8080/console/vehicle" "Mozilla/5.0 (Macintosh; Intel Mac OS X 10_14_5) AppleWebKit/537.36 (KHTML, like Gecko) Chrome/75.0.3770.100 Safari/537.36"
::1 - - [06/Aug/2019:06:36:27 +0000] "GET /api/order/list?t=1565073387571&page=1&pageSize=10 HTTP/1.1" 200 1120 "http://localhost:8080/console/order" "Mozilla/5.0 (Macintosh; Intel Mac OS X 10_14_5) AppleWebKit/537.36 (KHTML, like Gecko) Chrome/75.0.3770.100 Safari/537.36"
::1 - - [06/Aug/2019:06:36:27 +0000] "GET /api/city/distance?t=1565073387571 HTTP/1.1" 200 954 "http://localhost:8080/console/order" "Mozilla/5.0 (Macintosh; Intel Mac OS X 10_14_5) AppleWebKit/537.36 (KHTML, like Gecko) Chrome/75.0.3770.100 Safari/537.36"
::1 - - [06/Aug/2019:06:37:06 +0000] "GET /api/order/list?t=1565073426752&page=1&pageSize=10 HTTP/1.1" 200 1120 "http://localhost:8080/console/order" "Mozilla/5.0 (Macintosh; Intel Mac OS X 10_14_5) AppleWebKit/537.36 (KHTML, like Gecko) Chrome/75.0.3770.100 Safari/537.36"
::1 - - [06/Aug/2019:06:37:06 +0000] "GET /api/city/distance?t=1565073426752 HTTP/1.1" 200 954 "http://localhost:8080/console/order" "Mozilla/5.0 (Macintosh; Intel Mac OS X 10_14_5) AppleWebKit/537.36 (KHTML, like Gecko) Chrome/75.0.3770.100 Safari/537.36"
::1 - - [06/Aug/2019:06:38:01 +0000] "GET /api/city/distance?t=1565073481128 HTTP/1.1" 200 954 "http://localhost:8080/console/order" "Mozilla/5.0 (Macintosh; Intel Mac OS X 10_14_5) AppleWebKit/537.36 (KHTML, like Gecko) Chrome/75.0.3770.100 Safari/537.36"
::1 - - [06/Aug/2019:06:38:01 +0000] "GET /api/order/list?t=1565073481128&page=1&pageSize=10 HTTP/1.1" 200 1120 "http://localhost:8080/console/order" "Mozilla/5.0 (Macintosh; Intel Mac OS X 10_14_5) AppleWebKit/537.36 (KHTML, like Gecko) Chrome/75.0.3770.100 Safari/537.36"
::1 - - [06/Aug/2019:06:38:18 +0000] "GET /api/order/list?t=1565073498774&page=1&pageSize=10 HTTP/1.1" 200 1120 "http://localhost:8080/console/order" "Mozilla/5.0 (Macintosh; Intel Mac OS X 10_14_5) AppleWebKit/537.36 (KHTML, like Gecko) Chrome/75.0.3770.100 Safari/537.36"
::1 - - [06/Aug/2019:06:38:18 +0000] "GET /api/city/distance?t=1565073498774 HTTP/1.1" 200 954 "http://localhost:8080/console/order" "Mozilla/5.0 (Macintosh; Intel Mac OS X 10_14_5) AppleWebKit/537.36 (KHTML, like Gecko) Chrome/75.0.3770.100 Safari/537.36"
::1 - - [06/Aug/2019:06:38:58 +0000] "GET /api/city/distance?t=1565073538702 HTTP/1.1" 200 954 "http://localhost:8080/console/order" "Mozilla/5.0 (Macintosh; Intel Mac OS X 10_14_5) AppleWebKit/537.36 (KHTML, like Gecko) Chrome/75.0.3770.100 Safari/537.36"
::1 - - [06/Aug/2019:06:38:58 +0000] "GET /api/order/list?t=1565073538702&page=1&pageSize=10 HTTP/1.1" 200 1120 "http://localhost:8080/console/order" "Mozilla/5.0 (Macintosh; Intel Mac OS X 10_14_5) AppleWebKit/537.36 (KHTML, like Gecko) Chrome/75.0.3770.100 Safari/537.36"
::1 - - [06/Aug/2019:06:39:18 +0000] "GET /api/city/distance?t=1565073558417 HTTP/1.1" 200 954 "http://localhost:8080/console/order" "Mozilla/5.0 (Macintosh; Intel Mac OS X 10_14_5) AppleWebKit/537.36 (KHTML, like Gecko) Chrome/75.0.3770.100 Safari/537.36"
::1 - - [06/Aug/2019:06:39:18 +0000] "GET /api/order/list?t=1565073558417&page=1&pageSize=10 HTTP/1.1" 200 1120 "http://localhost:8080/console/order" "Mozilla/5.0 (Macintosh; Intel Mac OS X 10_14_5) AppleWebKit/537.36 (KHTML, like Gecko) Chrome/75.0.3770.100 Safari/537.36"
::1 - - [06/Aug/2019:06:39:34 +0000] "GET /api/order/list?t=1565073574947&page=1&pageSize=10 HTTP/1.1" 200 1120 "http://localhost:8080/console/order" "Mozilla/5.0 (Macintosh; Intel Mac OS X 10_14_5) AppleWebKit/537.36 (KHTML, like Gecko) Chrome/75.0.3770.100 Safari/537.36"
::1 - - [06/Aug/2019:06:39:34 +0000] "GET /api/city/distance?t=1565073574947 HTTP/1.1" 200 954 "http://localhost:8080/console/order" "Mozilla/5.0 (Macintosh; Intel Mac OS X 10_14_5) AppleWebKit/537.36 (KHTML, like Gecko) Chrome/75.0.3770.100 Safari/537.36"
::1 - - [06/Aug/2019:06:39:48 +0000] "GET /api/city/distance?t=1565073588503 HTTP/1.1" 200 954 "http://localhost:8080/console/order" "Mozilla/5.0 (Macintosh; Intel Mac OS X 10_14_5) AppleWebKit/537.36 (KHTML, like Gecko) Chrome/75.0.3770.100 Safari/537.36"
::1 - - [06/Aug/2019:06:39:48 +0000] "GET /api/order/list?t=1565073588502&page=1&pageSize=10 HTTP/1.1" 200 1120 "http://localhost:8080/console/order" "Mozilla/5.0 (Macintosh; Intel Mac OS X 10_14_5) AppleWebKit/537.36 (KHTML, like Gecko) Chrome/75.0.3770.100 Safari/537.36"
::1 - - [06/Aug/2019:06:39:49 +0000] "GET /api/city/list?t=1565073589226&page=1&pageSize=10 HTTP/1.1" 200 365 "http://localhost:8080/console/city/list" "Mozilla/5.0 (Macintosh; Intel Mac OS X 10_14_5) AppleWebKit/537.36 (KHTML, like Gecko) Chrome/75.0.3770.100 Safari/537.36"
::1 - - [06/Aug/2019:06:39:51 +0000] "GET /api/city/distance?t=1565073591954 HTTP/1.1" 200 954 "http://localhost:8080/console/city/distance" "Mozilla/5.0 (Macintosh; Intel Mac OS X 10_14_5) AppleWebKit/537.36 (KHTML, like Gecko) Chrome/75.0.3770.100 Safari/537.36"
::1 - - [06/Aug/2019:06:40:00 +0000] "GET /api/city/list?t=1565073600355&page=1&pageSize=10 HTTP/1.1" 200 365 "http://localhost:8080/console/city/list" "Mozilla/5.0 (Macintosh; Intel Mac OS X 10_14_5) AppleWebKit/537.36 (KHTML, like Gecko) Chrome/75.0.3770.100 Safari/537.36"
::1 - - [06/Aug/2019:06:40:30 +0000] "GET /api/city/list?t=1565073630666&page=1&pageSize=10 HTTP/1.1" 200 365 "http://localhost:8080/console/city/list" "Mozilla/5.0 (Macintosh; Intel Mac OS X 10_14_5) AppleWebKit/537.36 (KHTML, like Gecko) Chrome/75.0.3770.100 Safari/537.36"
::1 - - [06/Aug/2019:06:41:15 +0000] "GET /api/city/list?t=1565073675204&page=1&pageSize=10 HTTP/1.1" 200 365 "http://localhost:8080/console/city/list" "Mozilla/5.0 (Macintosh; Intel Mac OS X 10_14_5) AppleWebKit/537.36 (KHTML, like Gecko) Chrome/75.0.3770.100 Safari/537.36"
::1 - - [06/Aug/2019:06:41:24 +0000] "GET /api/city/list?t=1565073684182&page=1&pageSize=10 HTTP/1.1" 200 365 "http://localhost:8080/console/city/list" "Mozilla/5.0 (Macintosh; Intel Mac OS X 10_14_5) AppleWebKit/537.36 (KHTML, like Gecko) Chrome/75.0.3770.100 Safari/537.36"
::1 - - [06/Aug/2019:06:41:35 +0000] "GET /api/city/list?t=1565073695351&page=1&pageSize=10 HTTP/1.1" 200 365 "http://localhost:8080/console/city/list" "Mozilla/5.0 (Macintosh; Intel Mac OS X 10_14_5) AppleWebKit/537.36 (KHTML, like Gecko) Chrome/75.0.3770.100 Safari/537.36"
::1 - - [06/Aug/2019:06:41:38 +0000] "GET /api/driver/list?t=1565073698464&page=1&pageSize=10 HTTP/1.1" 200 805 "http://localhost:8080/console/driver" "Mozilla/5.0 (Macintosh; Intel Mac OS X 10_14_5) AppleWebKit/537.36 (KHTML, like Gecko) Chrome/75.0.3770.100 Safari/537.36"
::1 - - [07/Aug/2019:01:19:17 +0000] "GET /api/vehicle/list?t=1565140757885&page=1&pageSize=10 HTTP/1.1" 200 1458 "http://localhost:8080/console/vehicle" "Mozilla/5.0 (Macintosh; Intel Mac OS X 10_14_5) AppleWebKit/537.36 (KHTML, like Gecko) Chrome/75.0.3770.100 Safari/537.36"
::1 - - [07/Aug/2019:01:31:52 +0000] "GET /api/vehicle/list?t=1565141512217&page=1&pageSize=10 HTTP/1.1" 200 1458 "http://localhost:8080/console/vehicle" "Mozilla/5.0 (Macintosh; Intel Mac OS X 10_14_5) AppleWebKit/537.36 (KHTML, like Gecko) Chrome/75.0.3770.100 Safari/537.36"
::1 - - [07/Aug/2019:01:32:21 +0000] "GET /api/vehicle/list?t=1565141541504&page=1&pageSize=10 HTTP/1.1" 200 1458 "http://localhost:8080/console/vehicle" "Mozilla/5.0 (Macintosh; Intel Mac OS X 10_14_5) AppleWebKit/537.36 (KHTML, like Gecko) Chrome/75.0.3770.100 Safari/537.36"
::1 - - [07/Aug/2019:01:32:51 +0000] "GET /api/vehicle/list?t=1565141571894&page=1&pageSize=10 HTTP/1.1" 200 1458 "http://localhost:8080/console/vehicle" "Mozilla/5.0 (Macintosh; Intel Mac OS X 10_14_5) AppleWebKit/537.36 (KHTML, like Gecko) Chrome/75.0.3770.100 Safari/537.36"
::1 - - [07/Aug/2019:01:33:02 +0000] "GET /api/vehicle/list?t=1565141582188&page=1&pageSize=10 HTTP/1.1" 200 1458 "http://localhost:8080/console/vehicle" "Mozilla/5.0 (Macintosh; Intel Mac OS X 10_14_5) AppleWebKit/537.36 (KHTML, like Gecko) Chrome/75.0.3770.100 Safari/537.36"
